Log file open, 02/09/18 11:39:24
LogInit:Display: Running engine for game: Proyecto2
LogPlatformFile: Not using cached read wrapper
LogInit:Display: RandInit(515944353) SRandInit(515944353).
LogTaskGraph: Started task graph with 5 named threads and 8 total threads with 1 sets of task threads.
LogStats: Stats thread started at 0.794988
LogInit: Using libcurl 7.47.1
LogInit:  - built for x86_64-pc-win32
LogInit:  - supports SSL with OpenSSL/1.0.2g
LogInit:  - supports HTTP deflate (compression) using libz 1.2.8
LogInit:  - other features:
LogInit:      CURL_VERSION_SSL
LogInit:      CURL_VERSION_LIBZ
LogInit:      CURL_VERSION_IPV6
LogInit:      CURL_VERSION_ASYNCHDNS
LogInit:      CURL_VERSION_LARGEFILE
LogInit:      CURL_VERSION_IDN
LogInit:  CurlRequestOptions (configurable via config and command line):
LogInit:  - bVerifyPeer = false  - Libcurl will NOT verify peer certificate
LogInit:  - bUseHttpProxy = false  - Libcurl will NOT use HTTP proxy
LogInit:  - bDontReuseConnections = false  - Libcurl will reuse connections
LogInit:  - CertBundlePath = nullptr  - Libcurl will use whatever was configured at build time.
LogHMD: Can't find Oculus library dev build: is proper Runtime installed? Version: 1.12.0
LogHMD: GearVR: Emulating GearVR using Oculus Rift!
LogInit: Build: ++UE4+Release-4.16-CL-3561208
LogInit: Engine Version: 4.16.3-3561208+++UE4+Release-4.16
LogInit: Compatible Engine Version: 4.16.0-3452394+++UE4+Release-4.16
LogInit: Net CL: 3452394
LogDevObjectVersion: Number of dev versions registered: 16
LogDevObjectVersion:   Dev-Blueprints (B0D832E4-1F89-4F0D-ACCF-7EB736FD4AA2): 9
LogDevObjectVersion:   Dev-Build (E1C64328-A22C-4D53-A36C-8E866417BD8C): 0
LogDevObjectVersion:   Dev-Core (375EC13C-06E4-48FB-B500-84F0262A717E): 2
LogDevObjectVersion:   Dev-Editor (E4B068ED-F494-42E9-A231-DA0B2E46BB41): 17
LogDevObjectVersion:   Dev-Framework (CFFC743F-43B0-4480-9391-14DF171D2073): 23
LogDevObjectVersion:   Dev-Mobile (B02B49B5-BB20-44E9-A304-32B752E40360): 0
LogDevObjectVersion:   Dev-Networking (A4E4105C-59A1-49B5-A7C5-40C4547EDFEE): 0
LogDevObjectVersion:   Dev-Online (39C831C9-5AE6-47DC-9A44-9C173E1C8E7C): 0
LogDevObjectVersion:   Dev-Physics (78F01B33-EBEA-4F98-B9B4-84EACCB95AA2): 0
LogDevObjectVersion:   Dev-Platform (6631380F-2D4D-43E0-8009-CF276956A95A): 0
LogDevObjectVersion:   Dev-Rendering (12F88B9F-8875-4AFC-A67C-D90C383ABD29): 15
LogDevObjectVersion:   Dev-Sequencer (7B5AE74C-D270-4C10-A958-57980B212A5A): 4
LogDevObjectVersion:   Dev-VR (D7296918-1DD6-4BDD-9DE2-64A83CC13884): 0
LogDevObjectVersion:   Dev-LoadTimes (C2A15278-BFE7-4AFE-6C17-90FF531DF755): 1
LogDevObjectVersion:   Private-Geometry (6EACA3D4-40EC-4CC1-B786-8BED09428FC5): 1
LogDevObjectVersion:   Dev-AnimPhys (29E575DD-E0A3-4627-9D10-D276232CDCEA): 3
LogInit: Compiled (64-bit): Jul 28 2017 11:49:47
LogInit: Compiled with Visual C++: 19.00.24215.01
LogInit: Build Configuration: Development
LogInit: Branch Name: ++UE4+Release-4.16
LogInit: Command line:  
LogInit: Base directory: C:/Program Files/Epic Games/UE_4.16/Engine/Binaries/Win64/
LogInit: Installed Engine Build: 1
LogInit: Presizing for max 8388607 objects, including 0 objects not considered by GC, pre-allocating 0 bytes for permanent pool.
LogInit: Object subsystem initialized
[2018.02.09-10.39.26:077][  0]LogInit: Selected Device Profile: [Windows]
[2018.02.09-10.39.26:077][  0]LogInit: Applying CVar settings loaded from the selected device profile: [Windows]
[2018.02.09-10.39.26:213][  0]LogInit: Computer: g4-009
[2018.02.09-10.39.26:213][  0]LogInit: User: javiergarciagomez
[2018.02.09-10.39.26:213][  0]LogInit: CPU Page size=4096, Cores=4
[2018.02.09-10.39.26:213][  0]LogInit: High frequency timer resolution =3.117191 MHz
[2018.02.09-10.39.26:213][  0]LogMemory: Memory total: Physical=16.0GB (16GB approx)
[2018.02.09-10.39.26:213][  0]LogMemory: Platform Memory Stats for Windows
[2018.02.09-10.39.26:213][  0]LogMemory: Process Physical Memory: 274.16 MB used, 274.16 MB peak
[2018.02.09-10.39.26:213][  0]LogMemory: Process Virtual Memory: 274.79 MB used, 274.79 MB peak
[2018.02.09-10.39.26:213][  0]LogMemory: Physical Memory: 3078.43 MB used,  13268.45 MB free, 16346.88 MB total
[2018.02.09-10.39.26:213][  0]LogMemory: Virtual Memory: 684.59 MB used,  13268.45 MB free, 134217728.00 MB total
[2018.02.09-10.39.26:864][  0]LogInit: Using OS detected language (en-US).
[2018.02.09-10.39.26:864][  0]LogInit: Using OS detected locale (en-US).
[2018.02.09-10.39.26:923][  0]LogTextLocalizationManager: No specific localization for 'en-US' exists, so the 'en' localization will be used.
[2018.02.09-10.39.30:146][  0]LogD3D11RHI: D3D11 adapters:
[2018.02.09-10.39.30:198][  0]LogD3D11RHI:    0. 'NVIDIA GeForce GTX 960' (Feature Level 11_0)
[2018.02.09-10.39.30:198][  0]LogD3D11RHI:       4062/0/8173 MB DedicatedVideo/DedicatedSystem/SharedSystem, Outputs:1, VendorId:0x10de
[2018.02.09-10.39.30:203][  0]LogD3D11RHI:    1. 'Microsoft Basic Render Driver' (Feature Level 11_0)
[2018.02.09-10.39.30:203][  0]LogD3D11RHI:       0/0/8173 MB DedicatedVideo/DedicatedSystem/SharedSystem, Outputs:0, VendorId:0x1414
[2018.02.09-10.39.30:203][  0]LogD3D11RHI: Chosen D3D11 Adapter: 0
[2018.02.09-10.39.30:208][  0]LogD3D11RHI: Creating new Direct3DDevice
[2018.02.09-10.39.30:208][  0]LogD3D11RHI:     GPU DeviceId: 0x1401 (for the marketing name, search the web for "GPU Device Id")
[2018.02.09-10.39.30:208][  0]LogWindows: EnumDisplayDevices:
[2018.02.09-10.39.30:208][  0]LogWindows:    0. 'NVIDIA GeForce GTX 960' (P:1 D:1)
[2018.02.09-10.39.30:208][  0]LogWindows:    1. 'NVIDIA GeForce GTX 960' (P:0 D:0)
[2018.02.09-10.39.30:208][  0]LogWindows:    2. 'NVIDIA GeForce GTX 960' (P:0 D:0)
[2018.02.09-10.39.30:208][  0]LogWindows:    3. 'NVIDIA GeForce GTX 960' (P:0 D:0)
[2018.02.09-10.39.30:208][  0]LogWindows: DebugString: GetVideoDriverDetailsInvalid PrimaryIsNotTheChoosenAdapter GetVideoDriverDetailsInvalid PrimaryIsNotTheChoosenAdapter GetVideoDriverDetailsInvalid PrimaryIsNotTheChoosenAdapter GetVideoDriverDetailsInvalid PrimaryIsNotTheChoosenAdapter FoundDriverCount:0 
[2018.02.09-10.39.30:208][  0]LogD3D11RHI:     Adapter Name: NVIDIA GeForce GTX 960
[2018.02.09-10.39.30:208][  0]LogD3D11RHI:   Driver Version: Unknown (internal:Unknown, unified:Unknown)
[2018.02.09-10.39.30:208][  0]LogD3D11RHI:      Driver Date: Unknown
[2018.02.09-10.39.30:209][  0]LogRHI: Texture pool is 1361 MB (70% of 1945 MB)
[2018.02.09-10.39.30:239][  0]LogD3D11RHI: Async texture creation enabled
[2018.02.09-10.39.30:268][  0]LogD3D11RHI: GPU Timing Frequency: 1000.000000 (Debug: 2 1)
[2018.02.09-10.39.30:323][  0]LogShaderCompilers: Guid format shader working directory is 37 characters bigger than the processId version (U:/Anarquia/Proyecto2/Intermediate/Shaders/WorkingDirectory/8452/).
[2018.02.09-10.39.30:323][  0]LogShaderCompilers: Cleaned the shader compiler working directory 'C:/Users/javiergarciagomez/AppData/Local/Temp/UnrealShaderWorkingDir/1A58A34243DF6BA748DDE295E628CE87/'.
[2018.02.09-10.39.30:324][  0]LogShaderCompilers:Display: Using Local Shader Compiler.
[2018.02.09-10.39.33:459][  0]LogTemp:Display: Loaded TP AllDesktopTargetPlatform
[2018.02.09-10.39.33:717][  0]LogTemp:Display: Loaded TP MacClientTargetPlatform
[2018.02.09-10.39.33:951][  0]LogTemp:Display: Loaded TP MacNoEditorTargetPlatform
[2018.02.09-10.39.34:187][  0]LogTemp:Display: Loaded TP MacServerTargetPlatform
[2018.02.09-10.39.34:434][  0]LogTemp:Display: Loaded TP MacTargetPlatform
[2018.02.09-10.39.34:695][  0]LogTemp:Display: Loaded TP WindowsClientTargetPlatform
[2018.02.09-10.39.34:945][  0]LogTemp:Display: Loaded TP WindowsNoEditorTargetPlatform
[2018.02.09-10.39.35:188][  0]LogTemp:Display: Loaded TP WindowsServerTargetPlatform
[2018.02.09-10.39.35:409][  0]LogTemp:Display: Loaded TP WindowsTargetPlatform
[2018.02.09-10.39.35:650][  0]LogTemp:Display: Loaded TP AndroidTargetPlatform
[2018.02.09-10.39.35:913][  0]LogTemp:Display: Loaded TP Android_ASTCTargetPlatform
[2018.02.09-10.39.36:168][  0]LogTemp:Display: Loaded TP Android_ATCTargetPlatform
[2018.02.09-10.39.36:425][  0]LogTemp:Display: Loaded TP Android_DXTTargetPlatform
[2018.02.09-10.39.36:701][  0]LogTemp:Display: Loaded TP Android_ETC1TargetPlatform
[2018.02.09-10.39.36:969][  0]LogTemp:Display: Loaded TP Android_ETC2TargetPlatform
[2018.02.09-10.39.37:529][  0]LogTemp:Display: Loaded TP Android_MultiTargetPlatform
[2018.02.09-10.39.37:529][  0]LogTemp:Display: Loaded TP Android_PVRTCTargetPlatform
[2018.02.09-10.39.37:767][  0]LogTemp:Display: Loaded TP HTML5TargetPlatform
[2018.02.09-10.39.38:188][  0]LogTemp:Display: Loaded TP IOSTargetPlatform
[2018.02.09-10.39.38:341][  0]LogTemp:Display: Loaded TP TVOSTargetPlatform
[2018.02.09-10.39.38:617][  0]LogTemp:Display: Loaded TP LinuxClientTargetPlatform
[2018.02.09-10.39.38:872][  0]LogTemp:Display: Loaded TP LinuxNoEditorTargetPlatform
[2018.02.09-10.39.39:174][  0]LogTemp:Display: Loaded TP LinuxServerTargetPlatform
[2018.02.09-10.39.39:445][  0]LogTemp:Display: Loaded TP LinuxTargetPlatform
[2018.02.09-10.39.39:445][  0]LogTargetPlatformManager:Display: Building Assets For Windows
[2018.02.09-10.39.42:295][  0]LogDerivedDataCache:Display: Max Cache Size: 512 MB
[2018.02.09-10.39.42:295][  0]LogDerivedDataCache:Display: Starting with empty Boot cache
[2018.02.09-10.39.42:296][  0]LogDerivedDataCache: FDerivedDataBackendGraph:  Pak pak cache file U:/Anarquia/Proyecto2/DerivedDataCache/DDC.ddp not found, will not use a pak cache.
[2018.02.09-10.39.42:296][  0]LogDerivedDataCache: Unable to find inner node Pak for hierarchical cache Hierarchy.
[2018.02.09-10.39.42:296][  0]LogDerivedDataCache: FDerivedDataBackendGraph:  CompressedPak pak cache file U:/Anarquia/Proyecto2/DerivedDataCache/Compressed.ddp not found, will not use a pak cache.
[2018.02.09-10.39.42:296][  0]LogDerivedDataCache: Unable to find inner node CompressedPak for hierarchical cache Hierarchy.
[2018.02.09-10.39.42:319][  0]LogDerivedDataCache:Display: Pak cache opened for reading ../../../Engine/DerivedDataCache/Compressed.ddp.
[2018.02.09-10.39.42:333][  0]LogDerivedDataCache: Using Local data cache path C:/Users/javiergarciagomez/AppData/Local/UnrealEngine/Common/DerivedDataCache: Writable
[2018.02.09-10.39.42:362][  0]LogMaterial: Verifying Global Shaders for PCD3D_SM5
[2018.02.09-10.39.42:369][  0]LogSlate: Using Freetype 2.6.0
[2018.02.09-10.39.42:388][  0]LogSlate: SlateFontCache - WITH_FREETYPE: 1, WITH_HARFBUZZ: 1
[2018.02.09-10.39.42:389][  0]LogSlate: SlateFontCache - WITH_FREETYPE: 1, WITH_HARFBUZZ: 1
[2018.02.09-10.39.43:657][  0]LogInit: Selected Device Profile: [Windows]
[2018.02.09-10.39.43:976][  0]LogContentStreaming: Texture pool size is 0.00 MB
[2018.02.09-10.39.44:693][  0]LogMeshUtilities: Using QuadricMeshReduction for automatic static mesh reduction
[2018.02.09-10.39.44:976][  0]LogSimplygon: Simplygon DLL not present - disabling.
[2018.02.09-10.39.45:247][  0]LogMeshUtilities: Using SimplygonSwarm for distributed automatic mesh merging
[2018.02.09-10.39.45:247][  0]LogMeshUtilities: No automatic skeletal mesh reduction module available
[2018.02.09-10.39.45:247][  0]LogMeshUtilities: No automatic mesh merging module available
[2018.02.09-10.39.47:852][  0]LogNetVersion: Proyecto2 , NetCL: 3452394, EngineNetVer: 2, GameNetVer: 0 (Checksum: 2528454084)
[2018.02.09-10.39.48:096][  0]LogAssetRegistry: FAssetRegistry took 0.0343 seconds to start up
[2018.02.09-10.39.48:578][  0]LogPackageLocalizationCache: Processed 4 localized package path(s) for 2 prioritized culture(s) in 0.321242 seconds
[2018.02.09-10.39.48:583][  0]LogUObjectArray: 34194 objects as part of root set at end of initial load.
[2018.02.09-10.39.48:583][  0]LogUObjectAllocator: 7260424 out of 0 bytes used by permanent object pool.
[2018.02.09-10.39.48:583][  0]LogUObjectArray: CloseDisregardForGC: 0/0 objects in disregard for GC pool
[2018.02.09-10.39.49:016][  0]LogInit: WinSock: version 1.1 (2.2), MaxSocks=32767, MaxUdp=65467
[2018.02.09-10.40.00:549][  0]LogTcpMessaging: Initializing TcpMessaging bridge
[2018.02.09-10.40.00:735][  0]LogUdpMessaging: Initializing bridge on interface 0.0.0.0:0 to multicast group 230.0.0.1:6666.
[2018.02.09-10.40.00:736][  0]LogDirectoryWatcher: A directory notification failed for 'U:/Anarquia/Proyecto2/Content/' because it was empty or there was a buffer overflow. Attemping another request...
[2018.02.09-10.40.03:239][  0]LogMaterial: Uniform references updated for custom material expression Custom.
[2018.02.09-10.40.05:131][  0]SourceControl: Info Source control is disabled
[2018.02.09-10.40.05:214][  0]SourceControl: Info Source control is disabled
[2018.02.09-10.40.05:470][  0]SourceControl: Info Source control is disabled
[2018.02.09-10.40.05:745][  0]SourceControl: Info Source control is disabled
[2018.02.09-10.40.09:373][  0]LogAndroidPermission: UAndroidPermissionCallbackProxy::GetInstance
[2018.02.09-10.40.12:209][  0]LogEngine: Initializing Engine...
[2018.02.09-10.40.12:212][  0]LogHMD: Failed to initialize OpenVR with code 110
[2018.02.09-10.40.12:213][  0]LogHMD: GearVR starting with CPU: 2 GPU: 3 MinimumVsyncs: 1
[2018.02.09-10.40.14:046][  0]LogWindowsTextInputMethodSystem:Display: IME system now deactivated.
[2018.02.09-10.40.14:047][  0]LogWindowsTextInputMethodSystem:Display: IME system now deactivated.
[2018.02.09-10.40.14:407][  0]LogStats: UGameplayTagsManager::ConstructGameplayTagTree: Construct from data asset -  0.000 s
[2018.02.09-10.40.14:407][  0]LogStats: UGameplayTagsManager::ConstructGameplayTagTree: GameplayTagTreeChangedEvent.Broadcast -  0.000 s
[2018.02.09-10.40.15:138][  0]LogAIModule: Creating AISystem for world Untitled
[2018.02.09-10.40.15:161][  0]LogInit: XAudio2 using 'Speakers (High Definition Audio Device)' : 2 channels at 48 kHz using 16 bits per sample (channel mask 0x3)
[2018.02.09-10.40.15:274][  0]LogInit: FAudioDevice initialized.
[2018.02.09-10.40.15:314][  0]LogDerivedDataCache: Saved boot cache 0.04s 90MB C:/Users/javiergarciagomez/AppData/Local/UnrealEngine/4.16/DerivedDataCache/Boot.ddc.
[2018.02.09-10.40.15:334][  0]LogInit: Texture streaming: Enabled
[2018.02.09-10.40.15:934][  0]LogEngineSessionManager: EngineSessionManager initialized
[2018.02.09-10.40.17:685][  0]LogInit: Transaction tracking system initialized
[2018.02.09-10.40.19:552][  0]BlueprintLog: New page: Editor Load
[2018.02.09-10.40.25:862][  0]LocalizationService: Info Localization service is disabled
[2018.02.09-10.40.30:441][  0]LogConsoleResponse:Display: 
[2018.02.09-10.40.30:944][  0]LogCook:Display: Max memory allowance for cook 16384mb min free memory 0mb
[2018.02.09-10.40.30:944][  0]LogCook:Display: Mobile HDR setting 1
[2018.02.09-10.40.31:838][  0]LogFileCache: Scanning file cache for directory 'U:/Anarquia/Proyecto2/Content/' took 0.03s
[2018.02.09-10.40.37:077][  0]SourceControl: Info Source control is disabled
[2018.02.09-10.40.37:079][  0]Cmd: MAP LOAD FILE="U:/Anarquia/Proyecto2/Content/ThirdPersonBP/Maps/Distrito1.umap" TEMPLATE=0 SHOWPROGRESS=1 FEATURELEVEL=3
[2018.02.09-10.40.37:094][  0]LightingResults: New page: Lighting Build
[2018.02.09-10.40.37:322][  0]MapCheck: New page: Map Check
[2018.02.09-10.40.37:322][  0]LightingResults: New page: Lighting Build
[2018.02.09-10.40.42:416][  0]LogMaterial: Missing cached shader map for material null, compiling. 
[2018.02.09-10.40.42:479][  0]LogMaterial: Missing cached shader map for material Material__27, compiling. 
[2018.02.09-10.40.42:532][  0]LogAnimationCompression: Building Anim DDC data for AnimSequence /Game/ThirdPersonBP/Blueprints/enemies/agent/anims/Idle.Idle
[2018.02.09-10.40.42:550][  0]LogTexture:Display: Building textures: radialGradient (AutoDXT, 512X512)
[2018.02.09-10.40.42:581][  0]LogMaterial: Missing cached shader map for material donut_MatUI, compiling. 
[2018.02.09-10.40.42:599][  0]LogTexture:Display: Building textures: color-blanco (AutoDXT, 400X400)
[2018.02.09-10.40.42:706][  0]LogStaticMesh: Building static mesh formaDetección...
[2018.02.09-10.40.42:711][  0]LogStaticMesh: Built static mesh [0.01s] /Game/ThirdPersonBP/Blueprints/character/formaDetección.formaDetección
[2018.02.09-10.40.42:714][  0]LogStaticMesh: Building static mesh SWORD-RYTHM_Box001...
[2018.02.09-10.40.42:843][  0]LogStaticMesh: Built static mesh [0.13s] /Game/ThirdPersonBP/Blueprints/character/meshes/sword/SWORD-RYTHM_Box001.SWORD-RYTHM_Box001
[2018.02.09-10.40.42:848][  0]LogAnimationCompression: Building Anim DDC data for AnimSequence /Game/ThirdPersonBP/Blueprints/character/anims/beat_Dash.beat_Dash
[2018.02.09-10.40.42:906][  0]LogAnimationCompression: Building Anim DDC data for AnimSequence /Game/ThirdPersonBP/Blueprints/enemies/agent/anims/Walking.Walking
[2018.02.09-10.40.42:907][  0]LogAnimationCompression: Building Anim DDC data for AnimSequence /Game/ThirdPersonBP/Blueprints/enemies/agent/anims/Running.Running
[2018.02.09-10.40.42:908][  0]LogAnimationCompression: Building Anim DDC data for AnimSequence /Game/ThirdPersonBP/Blueprints/character/anims/beat_idle.beat_idle
[2018.02.09-10.40.42:917][  0]LogAnimationCompression: Building Anim DDC data for AnimSequence /Game/ThirdPersonBP/Blueprints/character/anims/beat_fightIdle.beat_fightIdle
[2018.02.09-10.40.42:922][  0]LogMaterial: Missing cached shader map for material dash_MAT, compiling. 
[2018.02.09-10.40.42:938][  0]LogMaterial: Missing cached shader map for material minimapRenderTarget_Mat, compiling. 
[2018.02.09-10.40.42:965][  0]LogTexture:Display: Building textures: donut (AutoDXT, 512X512)
[2018.02.09-10.40.43:042][  0]LogTexture:Display: Building textures: Beat-eye (AutoDXT, 1024X1024)
[2018.02.09-10.40.43:174][  0]LogTexture:Display: Building textures: down-shoe (AutoDXT, 1920X1080)
[2018.02.09-10.40.43:447][  0]LogMaterial: Missing cached shader map for material downshoe, compiling. 
[2018.02.09-10.40.43:489][  0]LogAnimationCompression: Building Anim DDC data for AnimSequence /Game/ThirdPersonBP/Blueprints/enemies/agent/anims/Head_Hit.Head_Hit
[2018.02.09-10.40.43:491][  0]LogAnimationCompression: Building Anim DDC data for AnimSequence /Game/ThirdPersonBP/Blueprints/character/anims/proAnims/standing_melee_attack_360_low.standing_melee_attack_360_low
[2018.02.09-10.40.43:494][  0]LogAnimationCompression: Building Anim DDC data for AnimSequence /Game/ThirdPersonBP/Blueprints/character/anims/montajes/combo1/beat_combo_1_3.beat_combo_1_3
[2018.02.09-10.40.43:497][  0]LogAnimationCompression: Building Anim DDC data for AnimSequence /Game/ThirdPersonBP/Blueprints/character/anims/proAnims/standing_melee_attack_backhand.standing_melee_attack_backhand
[2018.02.09-10.40.43:502][  0]LogAnimationCompression: Building Anim DDC data for AnimSequence /Game/ThirdPersonBP/Blueprints/character/anims/proAnims/standing_melee_attack_360_high.standing_melee_attack_360_high
[2018.02.09-10.40.43:513][  0]LogMaterial: Missing cached shader map for material lambert2, compiling. 
[2018.02.09-10.40.43:572][  0]LogTexture:Display: Building textures: shoes1 (AutoDXT, 1920X1080)
[2018.02.09-10.40.43:668][  0]LogMaterial: Missing cached shader map for material Beat-eye_Mat, compiling. 
[2018.02.09-10.40.43:703][  0]LogTexture:Display: Building textures: Handle1Tex (AutoDXT, 256X256)
[2018.02.09-10.40.43:750][  0]LogMaterial: Missing cached shader map for material Aqua_Dream_Hair_Handle1Mtl, compiling. 
[2018.02.09-10.40.43:783][  0]LogMaterial: Missing cached shader map for material shoes, compiling. 
[2018.02.09-10.40.43:827][  0]LogTexture:Display: Building textures: pants (AutoDXT, 1920X1080)
[2018.02.09-10.40.43:976][  0]LogMaterial: Missing cached shader map for material Material__169, compiling. 
[2018.02.09-10.40.44:007][  0]LogAnimationCompression: Building Anim DDC data for AnimSequence /Game/ThirdPersonBP/Blueprints/enemies/agent/anims/Mutant_Swiping.Mutant_Swiping
[2018.02.09-10.40.44:032][  0]LogTexture:Display: Building textures: Agentuv2 (AutoDXT, 1024X1024)
[2018.02.09-10.40.44:177][  0]LogMaterial: Missing cached shader map for material Agentuv2_Mat, compiling. 
[2018.02.09-10.40.44:215][  0]LogAnimationCompression: Building Anim DDC data for AnimSequence /Game/ThirdPersonBP/Blueprints/character/anims/montajes/combo1/beat_combo_1_1.beat_combo_1_1
[2018.02.09-10.40.44:217][  0]LogAnimationCompression: Building Anim DDC data for AnimSequence /Game/ThirdPersonBP/Blueprints/character/anims/proAnims/standing_react_large_gut.standing_react_large_gut
[2018.02.09-10.40.44:219][  0]LogAnimationCompression: Building Anim DDC data for AnimSequence /Game/ThirdPersonBP/Blueprints/character/anims/montajes/combo1/beat_combo_1_2.beat_combo_1_2
[2018.02.09-10.40.44:221][  0]LogStaticMesh: Building static mesh gate_Box005...
[2018.02.09-10.40.44:227][  0]LogStaticMesh: Built static mesh [0.01s] /Game/ThirdPersonBP/Blueprints/PropsWorld/gate_Box005.gate_Box005
[2018.02.09-10.40.44:230][  0]LogTexture:Display: Building textures: key (AutoDXT, 512X512)
[2018.02.09-10.40.44:284][  0]LogAnimationCompression: Building Anim DDC data for AnimSequence /Game/ThirdPersonBP/Blueprints/enemies/agent/anims/agent__1__Flying_Back_Death.agent__1__Flying_Back_Death
[2018.02.09-10.40.44:306][  0]LogStaticMesh: Building static mesh gate_Box003...
[2018.02.09-10.40.44:309][  0]LogStaticMesh: Built static mesh [0.00s] /Game/ThirdPersonBP/Blueprints/PropsWorld/gate_Box003.gate_Box003
[2018.02.09-10.40.44:310][  0]LogStaticMesh: Building static mesh gate_Box002...
[2018.02.09-10.40.44:312][  0]LogStaticMesh: Built static mesh [0.00s] /Game/ThirdPersonBP/Blueprints/PropsWorld/gate_Box002.gate_Box002
[2018.02.09-10.40.44:315][  0]LogMaterial: Missing cached shader map for material brightness_MAT, compiling. 
[2018.02.09-10.40.44:342][  0]LogStaticMesh: Building static mesh window...
[2018.02.09-10.40.44:352][  0]LogStaticMesh: Built static mesh [0.01s] /Game/ThirdPersonBP/Blueprints/PropsWorld/window.window
[2018.02.09-10.40.44:353][  0]LogStaticMesh: Building static mesh door...
[2018.02.09-10.40.44:376][  0]LogStaticMesh: Built static mesh [0.02s] /Game/ThirdPersonBP/Blueprints/PropsWorld/door.door
[2018.02.09-10.40.44:381][  0]LogTexture:Display: Building textures: shaders (BGRA8, 1X128)
[2018.02.09-10.40.44:383][  0]LogMaterial: Missing cached shader map for material cell_shade_M, compiling. 
[2018.02.09-10.40.44:475][  0]LogMaterial: Missing cached shader map for material CubeMaterial, compiling. 
[2018.02.09-10.40.44:531][  0]LogTexture:Display: Building textures: Texture2D_0 (BGRA8, 256X256)
[2018.02.09-10.40.44:585][  0]LogMaterial: Missing cached shader map for material Material__30, compiling. 
[2018.02.09-10.40.44:618][  0]LogTexture:Display: Building textures: Beat-skin (AutoDXT, 1920X1080)
[2018.02.09-10.40.45:010][  0]LogMaterial: Missing cached shader map for material Material__32, compiling. 
[2018.02.09-10.40.45:044][  0]LogMaterial: Missing cached shader map for material blanco, compiling. 
[2018.02.09-10.40.45:094][  0]LogMaterial: Missing cached shader map for material Material__31, compiling. 
[2018.02.09-10.40.45:149][  0]LogTexture:Display: Building textures: Weapon_boss_claws (BGRA8, 778X302)
[2018.02.09-10.40.45:161][  0]LogTexture:Display: Building textures: lifeBarFull (AutoDXT, 512X64)
[2018.02.09-10.40.45:178][  0]LogTexture:Display: Building textures: lifeBarEmpty (AutoDXT, 512X64)
[2018.02.09-10.40.45:188][  0]LogTexture:Display: Building textures: frogf (BGRA8, 107X103)
[2018.02.09-10.40.45:224][  0]LogTexture:Display: Building textures: Regular_triangle_svg (AutoDXT, 1024X1024)
[2018.02.09-10.40.45:352][  0]LogMaterial: Missing cached shader map for material donut_Mat, compiling. 
[2018.02.09-10.40.45:439][  0]LogTexture:Display: Building textures: reticula (AutoDXT, 512X512)
[2018.02.09-10.40.45:479][  0]LogMaterial: Missing cached shader map for material reticula_Mat, compiling. 
[2018.02.09-10.40.45:497][  0]LogAnimationCompression: Building Anim DDC data for AnimSequence /Game/ThirdPersonBP/Blueprints/character/anims/beat_walk.beat_walk
[2018.02.09-10.40.45:499][  0]LogAnimationCompression: Building Anim DDC data for AnimSequence /Game/ThirdPersonBP/Blueprints/character/anims/beat_run.beat_run
[2018.02.09-10.40.45:502][  0]LogAIModule: Creating AISystem for world Distrito1
[2018.02.09-10.40.45:985][  0]LogEditorServer: Finished looking for orphan Actors (0.000 secs)
[2018.02.09-10.40.46:062][  0]Cmd: MAP CHECKDEP NOCLEARLOG
[2018.02.09-10.40.47:324][  0]MapCheck: Info Map check complete: 0 Error(s), 0 Warning(s), took 1,262.124ms to complete.
[2018.02.09-10.40.47:325][  0]LogFileHelpers: Loading map 'Distrito1' took 10.246
[2018.02.09-10.40.49:565][  0]LogCollectionManager: Loaded 0 collections in 0.003814 seconds
[2018.02.09-10.40.49:912][  0]LogFileCache: Scanning file cache for directory 'U:/Anarquia/Proyecto2/Saved/Collections/' took 0.01s
[2018.02.09-10.40.49:912][  0]LogFileCache: Scanning file cache for directory 'U:/Anarquia/Proyecto2/Content/Developers/javiergarciagomez/Collections/' took 0.01s
[2018.02.09-10.40.49:912][  0]LogFileCache: Scanning file cache for directory 'U:/Anarquia/Proyecto2/Content/Collections/' took 0.01s
[2018.02.09-10.40.49:912][  0]LogCollectionManager: Rebuilt the GUID cache for 0 collections in 0.000002 seconds
[2018.02.09-10.40.49:923][  0]LogContentBrowser: Native class hierarchy populated in 0.0096 seconds. Added 2329 classes and 491 folders.
[2018.02.09-10.40.50:351][  0]LogContentBrowser: Native class hierarchy updated for 'WidgetCarousel' in 0.0012 seconds. Added 0 classes and 0 folders.
[2018.02.09-10.40.50:751][  0]LogContentBrowser: Native class hierarchy updated for 'AddContentDialog' in 0.0012 seconds. Added 0 classes and 0 folders.
[2018.02.09-10.40.51:024][  0]LogContentBrowser: Native class hierarchy updated for 'SceneOutliner' in 0.0012 seconds. Added 1 classes and 2 folders.
[2018.02.09-10.40.51:249][  0]LogCrashTracker: Crashtracker disabled due to settings.
[2018.02.09-10.40.51:263][  0]LogSlate: Took 0.005104 seconds to synchronously load lazily loaded font '../../../Engine/Content/Slate/Fonts/Roboto-Regular.ttf' (155K)
[2018.02.09-10.40.51:270][  0]LogSlate: Took 0.005128 seconds to synchronously load lazily loaded font '../../../Engine/Content/Slate/Fonts/Roboto-Bold.ttf' (160K)
[2018.02.09-10.40.51:281][  0]LogSlate: Took 0.005536 seconds to synchronously load lazily loaded font '../../../Engine/Content/Editor/Slate/Fonts/FontAwesome.ttf' (139K)
[2018.02.09-10.40.51:435][  0]LogRenderer: Reallocating scene render targets to support 256x256 NumSamples 1 (Frame:1).
[2018.02.09-10.40.51:493][  0]LogRenderer: Reallocating scene render targets to support 1208x576 NumSamples 1 (Frame:1).
[2018.02.09-10.40.52:216][  0]LogContentBrowser: Native class hierarchy updated for 'HierarchicalLODOutliner' in 0.0012 seconds. Added 1 classes and 2 folders.
[2018.02.09-10.40.52:216][  0]LogLoad: (Engine Initialization) Total time: 94.70 seconds
[2018.02.09-10.40.52:216][  0]LogLoad: (Engine Initialization) Total Blueprint compile time: 0.95 seconds
[2018.02.09-10.40.52:216][  0]LogExternalProfiler: No external profilers were discovered.  External profiling features will not be available.
[2018.02.09-10.40.52:226][  0]LogOcInput: OculusInput pre-init called
[2018.02.09-10.40.52:230][  0]LogOcInput: Can't find Oculus library dev build: is proper Runtime installed? Version: 1.12.0
[2018.02.09-10.40.52:230][  0]LogHMD: Starting GearVRController plugin
[2018.02.09-10.40.52:253][  0]LogDirectoryWatcher: A directory notification failed for 'U:/Anarquia/Proyecto2/Content/' because it was empty or there was a buffer overflow. Attemping another request...
[2018.02.09-10.40.52:254][  0]LogDirectoryWatcher: A directory notification failed for 'U:/Anarquia/Proyecto2/Content/', and we were unable to create a new request.
[2018.02.09-10.40.52:254][  0]LogDirectoryWatcher: A directory notification failed for 'U:/Anarquia/Proyecto2/Saved/Collections/' because it was empty or there was a buffer overflow. Attemping another request...
[2018.02.09-10.40.52:254][  0]LogDirectoryWatcher: A directory notification failed for 'U:/Anarquia/Proyecto2/Content/Developers/javiergarciagomez/Collections/' because it was empty or there was a buffer overflow. Attemping another request...
[2018.02.09-10.40.52:254][  0]LogDirectoryWatcher: A directory notification failed for 'U:/Anarquia/Proyecto2/Content/Collections/' because it was empty or there was a buffer overflow. Attemping another request...
[2018.02.09-10.40.52:260][  0]LogContentStreaming: Texture pool size now 1000 MB
[2018.02.09-10.40.52:419][  0]LogSlate: Took 0.004775 seconds to synchronously load lazily loaded font '../../../Engine/Content/Slate/Fonts/Roboto-Light.ttf' (159K)
[2018.02.09-10.40.52:542][  1]LogAssetRegistry: Asset discovery search completed in 64.7668 seconds
[2018.02.09-10.40.52:544][  1]LogCollectionManager: Rebuilt the object cache for 0 collections in 0.000000 seconds (found 0 objects)
[2018.02.09-10.40.52:544][  1]LogCollectionManager: Fixed up redirectors for 0 collections in 0.000028 seconds (updated 0 objects)
[2018.02.09-10.40.52:544][  1]LogDirectoryWatcher: A directory notification failed for 'U:/Anarquia/Proyecto2/Saved/Collections/' because it was empty or there was a buffer overflow. Attemping another request...
[2018.02.09-10.40.52:545][  1]LogDirectoryWatcher: A directory notification failed for 'U:/Anarquia/Proyecto2/Saved/Collections/', and we were unable to create a new request.
[2018.02.09-10.40.52:545][  1]LogDirectoryWatcher: A directory notification failed for 'U:/Anarquia/Proyecto2/Content/Collections/' because it was empty or there was a buffer overflow. Attemping another request...
[2018.02.09-10.40.52:545][  1]LogDirectoryWatcher: A directory notification failed for 'U:/Anarquia/Proyecto2/Content/Collections/', and we were unable to create a new request.
[2018.02.09-10.40.52:545][  1]LogDirectoryWatcher: A directory notification failed for 'U:/Anarquia/Proyecto2/Content/Developers/javiergarciagomez/Collections/' because it was empty or there was a buffer overflow. Attemping another request...
[2018.02.09-10.40.52:546][  1]LogDirectoryWatcher: A directory notification failed for 'U:/Anarquia/Proyecto2/Content/Developers/javiergarciagomez/Collections/', and we were unable to create a new request.
[2018.02.09-10.41.06:471][737]LogSlate: Took 0.000212 seconds to synchronously load lazily loaded font '../../../Engine/Content/Slate/Fonts/Roboto-Light.ttf' (159K)
[2018.02.09-10.41.06:948][737]LogMaterial: Missing cached shader map for material Maceta_MAT, compiling. 
[2018.02.09-10.41.06:961][737]LogMaterial: Missing cached shader map for material Bottle_MAT, compiling. 
[2018.02.09-10.41.06:975][737]LogStaticMesh: Building static mesh fuente_Cylinder001...
[2018.02.09-10.41.06:980][737]LogStaticMesh: Built static mesh [0.00s] /Game/ThirdPersonBP/Blueprints/PropsWorld/propsDistritos/fuente_Cylinder001.fuente_Cylinder001
[2018.02.09-10.41.06:982][737]LogStaticMesh: Building static mesh fuente_Box001...
[2018.02.09-10.41.07:020][737]LogStaticMesh: Built static mesh [0.04s] /Game/ThirdPersonBP/Blueprints/PropsWorld/propsDistritos/fuente_Box001.fuente_Box001
[2018.02.09-10.41.07:026][737]LogStaticMesh: Building static mesh Basura...
[2018.02.09-10.41.07:029][737]LogStaticMesh: Built static mesh [0.00s] /Game/ThirdPersonBP/Blueprints/PropsWorld/propsDistritos/Distrito_Rico/Basura.Basura
[2018.02.09-10.41.07:030][737]LogStaticMesh: Building static mesh Banco...
[2018.02.09-10.41.07:033][737]LogStaticMesh: Built static mesh [0.00s] /Game/ThirdPersonBP/Blueprints/PropsWorld/propsDistritos/Distrito_Rico/Banco.Banco
[2018.02.09-10.41.07:033][737]LogStaticMesh: Building static mesh Botella...
[2018.02.09-10.41.07:036][737]LogStaticMesh: Built static mesh [0.00s] /Game/ThirdPersonBP/Blueprints/PropsWorld/propsDistritos/Distrito_Rico/Botella.Botella
[2018.02.09-10.41.07:039][737]LogStaticMesh: Building static mesh Lata...
[2018.02.09-10.41.07:041][737]LogStaticMesh: Built static mesh [0.00s] /Game/ThirdPersonBP/Blueprints/PropsWorld/propsDistritos/Distrito_Rico/Lata.Lata
[2018.02.09-10.41.07:066][737]LogTexture:Display: Building textures: Texture2D_63 (BGRA8, 256X256)
[2018.02.09-10.41.07:081][737]LogMaterial: Missing cached shader map for material ChorroAgua_MAT, compiling. 
[2018.02.09-10.41.07:138][737]LogStaticMesh: Building static mesh Arbol...
[2018.02.09-10.41.07:145][737]LogStaticMesh: Built static mesh [0.01s] /Game/ThirdPersonBP/Blueprints/PropsWorld/propsDistritos/Distrito_Rico/Arbol.Arbol
[2018.02.09-10.41.07:146][737]LogStaticMesh: Building static mesh Edificio5...
[2018.02.09-10.41.07:149][737]LogStaticMesh: Built static mesh [0.00s] /Game/ThirdPersonBP/Blueprints/PropsWorld/Edificios/distritoRico/Edificio5/Edificio5.Edificio5
[2018.02.09-10.41.07:149][737]LogStaticMesh: Building static mesh Edificio4...
[2018.02.09-10.41.07:152][737]LogStaticMesh: Built static mesh [0.00s] /Game/ThirdPersonBP/Blueprints/PropsWorld/Edificios/distritoRico/Edificio4/Edificio4.Edificio4
[2018.02.09-10.41.07:153][737]LogStaticMesh: Building static mesh edificio_rico_alto_estantería_doble...
[2018.02.09-10.41.07:159][737]LogStaticMesh: Built static mesh [0.01s] /Game/ThirdPersonBP/Blueprints/PropsWorld/Edificios/distritoRico/Edificio1/edificio_rico_alto_estantería_doble.edificio_rico_alto_estantería_doble
[2018.02.09-10.41.07:161][737]LogStaticMesh: Building static mesh edificio_rico_alto_estantería_rara...
[2018.02.09-10.41.07:164][737]LogStaticMesh: Built static mesh [0.00s] /Game/ThirdPersonBP/Blueprints/PropsWorld/Edificios/distritoRico/Edificio2/edificio_rico_alto_estantería_rara.edificio_rico_alto_estantería_rara
[2018.02.09-10.41.07:165][737]LogStaticMesh: Building static mesh edificio_rico_con_pantallas...
[2018.02.09-10.41.07:169][737]LogStaticMesh: Built static mesh [0.00s] /Game/ThirdPersonBP/Blueprints/PropsWorld/Edificios/distritoRico/Edificio3/edificio_rico_con_pantallas.edificio_rico_con_pantallas
[2018.02.09-10.41.07:170][737]LogStaticMesh: Building static mesh MAceta...
[2018.02.09-10.41.07:175][737]LogStaticMesh: Built static mesh [0.01s] /Game/ThirdPersonBP/Blueprints/PropsWorld/propsDistritos/Distrito_Rico/MAceta.MAceta
[2018.02.09-10.41.07:179][737]LogMaterial: Missing cached shader map for material transparent_MAT, compiling. 
[2018.02.09-10.41.07:189][737]LogAIModule: Creating AISystem for world newDistrito1
[2018.02.09-10.41.07:300][737]Cmd: MAP LOAD FILE="U:/Anarquia/Proyecto2/Content/ThirdPersonBP/Maps/NewDistrito1.umap" TEMPLATE=0 SHOWPROGRESS=1 FEATURELEVEL=3
[2018.02.09-10.41.07:300][737]LightingResults: New page: Lighting Build
[2018.02.09-10.41.07:301][737]LoadErrors: New page: Loading map: NewDistrito1.umap
[2018.02.09-10.41.07:312][737]MapCheck: New page: Map Check
[2018.02.09-10.41.07:312][737]LightingResults: New page: Lighting Build
[2018.02.09-10.41.07:467][737]LogEditorServer: Finished looking for orphan Actors (0.000 secs)
[2018.02.09-10.41.07:555][737]Cmd: MAP CHECKDEP NOCLEARLOG
[2018.02.09-10.41.07:983][737]MapCheck: Info Map check complete: 0 Error(s), 0 Warning(s), took 428.497ms to complete.
[2018.02.09-10.41.07:984][737]LogFileHelpers: Loading map 'NewDistrito1' took 0.685
[2018.02.09-10.41.07:986][737]LogSlate: Took 0.000221 seconds to synchronously load lazily loaded font '../../../Engine/Content/Slate/Fonts/Roboto-Regular.ttf' (155K)
[2018.02.09-10.41.20:124][ 55]LogTemp: Repeting last play command: Selected Viewport
[2018.02.09-10.41.23:528][ 55]LogBlueprintUserMessages: Early PlayInEditor Detection: Level '/Game/ThirdPersonBP/Maps/NewDistrito1.newDistrito1:PersistentLevel' has LevelScriptBlueprint '/Game/ThirdPersonBP/Maps/NewDistrito1.newDistrito1:PersistentLevel.newDistrito1' with GeneratedClass '/Game/ThirdPersonBP/Maps/NewDistrito1.newDistrito1_C' with ClassGeneratedBy '/Game/ThirdPersonBP/Maps/NewDistrito1.newDistrito1:PersistentLevel.newDistrito1'
[2018.02.09-10.41.23:528][ 55]LogPlayLevel: PlayLevel: No blueprints needed recompiling
[2018.02.09-10.41.23:530][ 55]PIE: New page: PIE session: NewDistrito1 (Feb 9, 2018, 12:41:23 PM)
[2018.02.09-10.41.23:530][ 55]LogPlayLevel: Creating play world package: /Game/ThirdPersonBP/Maps/UEDPIE_0_NewDistrito1
[2018.02.09-10.41.23:568][ 55]LogPlayLevel: PIE: StaticDuplicateObject took: (0.037959s)
[2018.02.09-10.41.23:569][ 55]LogAIModule: Creating AISystem for world newDistrito1
[2018.02.09-10.41.23:569][ 55]LogPlayLevel: PIE: World Init took: (0.000705s)
[2018.02.09-10.41.23:569][ 55]LogPlayLevel: PIE: Created PIE world by copying editor world from /Game/ThirdPersonBP/Maps/NewDistrito1.newDistrito1 to /Game/ThirdPersonBP/Maps/UEDPIE_0_NewDistrito1.newDistrito1 (0.038950s)
[2018.02.09-10.41.23:584][ 55]LogInit: XAudio2 using 'Speakers (High Definition Audio Device)' : 2 channels at 48 kHz using 16 bits per sample (channel mask 0x3)
[2018.02.09-10.41.23:592][ 55]LogInit: FAudioDevice initialized.
[2018.02.09-10.41.23:647][ 55]LogLoad: Game class is 'ThirdPersonGameMode_C'
[2018.02.09-10.41.23:657][ 55]LogWorld: Bringing World /Game/ThirdPersonBP/Maps/UEDPIE_0_NewDistrito1.newDistrito1 up for play (max tick rate 0) at 2018.02.09-11.41.23
[2018.02.09-10.41.23:661][ 55]LogWorld: Bringing up level for play took: 0.011190
[2018.02.09-10.41.23:991][ 55]LogContentBrowser: Native class hierarchy updated for 'MovieSceneCapture' in 0.0012 seconds. Added 11 classes and 0 folders.
[2018.02.09-10.41.24:002][ 55]PIE: Info Play in editor start time for /Game/ThirdPersonBP/Maps/UEDPIE_0_NewDistrito1 0.09
[2018.02.09-10.41.24:002][ 55]LogBlueprintUserMessages: Late PlayInEditor Detection: Level '/Game/ThirdPersonBP/Maps/NewDistrito1.newDistrito1:PersistentLevel' has LevelScriptBlueprint '/Game/ThirdPersonBP/Maps/NewDistrito1.newDistrito1:PersistentLevel.newDistrito1' with GeneratedClass '/Game/ThirdPersonBP/Maps/NewDistrito1.newDistrito1_C' with ClassGeneratedBy '/Game/ThirdPersonBP/Maps/NewDistrito1.newDistrito1:PersistentLevel.newDistrito1'
[2018.02.09-10.41.33:033][366]LogBlueprintUserMessages: Early EndPlayMap Detection: Level '/Game/ThirdPersonBP/Maps/NewDistrito1.newDistrito1:PersistentLevel' has LevelScriptBlueprint '/Game/ThirdPersonBP/Maps/NewDistrito1.newDistrito1:PersistentLevel.newDistrito1' with GeneratedClass '/Game/ThirdPersonBP/Maps/NewDistrito1.newDistrito1_C' with ClassGeneratedBy '/Game/ThirdPersonBP/Maps/NewDistrito1.newDistrito1:PersistentLevel.newDistrito1'
[2018.02.09-10.41.33:071][366]LogBlueprintUserMessages: Late EndPlayMap Detection: Level '/Game/ThirdPersonBP/Maps/NewDistrito1.newDistrito1:PersistentLevel' has LevelScriptBlueprint '/Game/ThirdPersonBP/Maps/NewDistrito1.newDistrito1:PersistentLevel.newDistrito1' with GeneratedClass '/Game/ThirdPersonBP/Maps/NewDistrito1.newDistrito1_C' with ClassGeneratedBy '/Game/ThirdPersonBP/Maps/NewDistrito1.newDistrito1:PersistentLevel.newDistrito1'
[2018.02.09-10.43.15:960][ 36]LogRenderer: Reallocating scene render targets to support 1208x584 NumSamples 1 (Frame:12064).
[2018.02.09-10.43.16:000][ 37]LogRenderer: Reallocating scene render targets to support 1208x600 NumSamples 1 (Frame:12066).
[2018.02.09-10.43.16:093][ 41]LogRenderer: Reallocating scene render targets to support 1208x604 NumSamples 1 (Frame:12072).
[2018.02.09-10.43.16:131][ 42]LogRenderer: Reallocating scene render targets to support 1208x616 NumSamples 1 (Frame:12074).
[2018.02.09-10.43.16:170][ 43]LogRenderer: Reallocating scene render targets to support 1208x624 NumSamples 1 (Frame:12076).
[2018.02.09-10.43.16:215][ 44]LogRenderer: Reallocating scene render targets to support 1208x628 NumSamples 1 (Frame:12078).
[2018.02.09-10.43.16:254][ 45]LogRenderer: Reallocating scene render targets to support 1208x632 NumSamples 1 (Frame:12080).
[2018.02.09-10.43.16:301][ 46]LogRenderer: Reallocating scene render targets to support 1208x636 NumSamples 1 (Frame:12082).
[2018.02.09-10.43.16:345][ 47]LogRenderer: Reallocating scene render targets to support 1208x644 NumSamples 1 (Frame:12084).
[2018.02.09-10.43.16:426][ 49]LogRenderer: Reallocating scene render targets to support 1208x652 NumSamples 1 (Frame:12088).
[2018.02.09-10.43.16:507][ 51]LogRenderer: Reallocating scene render targets to support 1208x656 NumSamples 1 (Frame:12092).
[2018.02.09-10.43.16:550][ 52]LogRenderer: Reallocating scene render targets to support 1208x664 NumSamples 1 (Frame:12094).
[2018.02.09-10.43.16:591][ 53]LogRenderer: Reallocating scene render targets to support 1208x668 NumSamples 1 (Frame:12096).
[2018.02.09-10.43.16:633][ 54]LogRenderer: Reallocating scene render targets to support 1208x672 NumSamples 1 (Frame:12098).
[2018.02.09-10.43.16:673][ 55]LogRenderer: Reallocating scene render targets to support 1208x676 NumSamples 1 (Frame:12100).
[2018.02.09-10.43.20:790][357]LogContentBrowser: Native class hierarchy updated for 'Cascade' in 0.0017 seconds. Added 2 classes and 2 folders.
[2018.02.09-10.43.30:938][486]LogParticles:Warning: MaxCount = 150961 for Emitter ParticleSpriteEmitter_0 (/Game/ThirdPersonBP/Blueprints/Materials/ChorroAgua_PART.ChorroAgua_PART)
[2018.02.09-10.43.31:296][529]LogParticles:Warning: MaxCount = 150961 for Emitter ParticleSpriteEmitter_0 (/Game/ThirdPersonBP/Blueprints/Materials/ChorroAgua_PART.ChorroAgua_PART)
[2018.02.09-10.43.31:750][581]Cmd: OBJ SAVEPACKAGE PACKAGE="/Game/ThirdPersonBP/Blueprints/Materials/ChorroAgua_PART" FILE="U:/Anarquia/Proyecto2/Content/ThirdPersonBP/Blueprints/Materials/ChorroAgua_PART.uasset" SILENT=true
[2018.02.09-10.43.32:536][581]LogSavePackage: Save=574.67ms
[2018.02.09-10.43.32:537][581]LogSavePackage: Moving 'U:/Anarquia/Proyecto2/Saved/ChorroAgua_PARTBFBE34EC4196A3078E7AEA8D6543EFB1.tmp' to 'U:/Anarquia/Proyecto2/Content/ThirdPersonBP/Blueprints/Materials/ChorroAgua_PART.uasset'
[2018.02.09-10.43.32:571][581]LogSavePackage:Display: Finished SavePackage U:/Anarquia/Proyecto2/Content/ThirdPersonBP/Blueprints/Materials/ChorroAgua_PART.uasset
[2018.02.09-10.43.57:672][565]LogParticles:Warning: MaxCount = 150961 for Emitter ParticleSpriteEmitter_0 (/Game/ThirdPersonBP/Blueprints/Materials/ChorroAgua_PART.ChorroAgua_PART)
[2018.02.09-10.43.58:056][611]LogParticles:Warning: MaxCount = 150961 for Emitter ParticleSpriteEmitter_0 (/Game/ThirdPersonBP/Blueprints/Materials/ChorroAgua_PART.ChorroAgua_PART)
[2018.02.09-10.43.58:530][666]Cmd: OBJ SAVEPACKAGE PACKAGE="/Game/ThirdPersonBP/Blueprints/Materials/ChorroAgua_PART" FILE="U:/Anarquia/Proyecto2/Content/ThirdPersonBP/Blueprints/Materials/ChorroAgua_PART.uasset" SILENT=true
[2018.02.09-10.43.58:955][666]LogSavePackage: Save=210.51ms
[2018.02.09-10.43.58:955][666]LogSavePackage: Moving 'U:/Anarquia/Proyecto2/Saved/ChorroAgua_PARTF5D18B99471D97697CB2F38C2BA654B6.tmp' to 'U:/Anarquia/Proyecto2/Content/ThirdPersonBP/Blueprints/Materials/ChorroAgua_PART.uasset'
[2018.02.09-10.43.58:983][666]LogSavePackage:Display: Finished SavePackage U:/Anarquia/Proyecto2/Content/ThirdPersonBP/Blueprints/Materials/ChorroAgua_PART.uasset
[2018.02.09-10.44.08:722][815]LogEditorViewport: Clicking on Actor (LMB): Emitter (ChorroAgua_PART2)
[2018.02.09-10.44.14:448][462]LogEditorViewport: Clicking on Actor (LMB): StaticMeshActor (edificio_rico_alto_estantería_doble)
[2018.02.09-10.44.24:923][675]LogParticles:Warning: MaxCount = 150961 for Emitter ParticleSpriteEmitter_0 (/Game/ThirdPersonBP/Blueprints/Materials/ChorroAgua_PART.ChorroAgua_PART)
[2018.02.09-10.44.35:911][807]LogSlate: Only BGRA pngs, bmps or icos are supported in by External Image Picker
[2018.02.09-10.44.35:974][809]LogTemp: Executing iPhonePackager certificates Engine -bundlename com.YourCompany.Proyecto2
[2018.02.09-10.44.35:974][809]LogTemp: CWD: C:\Program Files\Epic Games\UE_4.16\Engine\Binaries\DotNET\IOS
[2018.02.09-10.44.35:974][809]LogTemp: Initial Dir: C:\Program Files\Epic Games\UE_4.16
[2018.02.09-10.44.35:974][809]LogTemp: Env CWD: C:\Program Files\Epic Games\UE_4.16\Engine\Binaries\DotNET\IOS
[2018.02.09-10.44.35:974][809]LogTemp: BranchPath = g4-009/C/Program Files/Epic Games/UE_4.16/Engine/Binaries --- GameBranchPath = g4-009/C/Program Files/Epic Games/UE_4.16/Engine/Binaries
[2018.02.09-10.44.35:979][809]LogTemp: IPP ERROR: Could not find provision directory 'C:\Users\javiergarciagomez\AppData\Local/Apple Computer/MobileDevice/Provisioning Profiles/'.
[2018.02.09-10.45.25:144][409]LogInit:Warning: CVar named 'r.GenerateMeshDistanceFields' marked up in RendererSettings was not found or is set to read-only
[2018.02.09-10.45.25:246][409]LogSlate: Took 0.000362 seconds to synchronously load lazily loaded font '../../../Engine/Content/Slate/Fonts/Roboto-Light.ttf' (159K)
[2018.02.09-10.45.28:688][720]Cmd: CLOSE_SLATE_MAINFRAME
[2018.02.09-10.45.30:230][720]Cmd: OBJ SAVEPACKAGE PACKAGE="/Game/ThirdPersonBP/Blueprints/Materials/ChorroAgua_PART" FILE="U:/Anarquia/Proyecto2/Content/ThirdPersonBP/Blueprints/Materials/ChorroAgua_PART.uasset" SILENT=true
[2018.02.09-10.45.30:740][720]LogSavePackage: Save=254.66ms
[2018.02.09-10.45.30:741][720]LogSavePackage: Moving 'U:/Anarquia/Proyecto2/Saved/ChorroAgua_PART132C729D49218EA9CF7937AF5D097A5B.tmp' to 'U:/Anarquia/Proyecto2/Content/ThirdPersonBP/Blueprints/Materials/ChorroAgua_PART.uasset'
[2018.02.09-10.45.30:772][720]LogSavePackage:Display: Finished SavePackage U:/Anarquia/Proyecto2/Content/ThirdPersonBP/Blueprints/Materials/ChorroAgua_PART.uasset
[2018.02.09-10.45.31:261][720]LogCascade: Quitting Cascade. FXSystem=0x000001DD848453A0
[2018.02.09-10.45.31:414][720]LogWindowsTextInputMethodSystem:Display: IME system now deactivated.
[2018.02.09-10.45.31:668][721]Cmd: QUIT_EDITOR
[2018.02.09-10.45.32:483][721]LogExit: Preparing to exit.
[2018.02.09-10.45.32:870][721]LogExit: Editor shut down
[2018.02.09-10.45.32:874][721]LogExit: Transaction tracking system shut down
[2018.02.09-10.45.32:941][721]LogObj: Freed 0b from 0 cluster array pools.
[2018.02.09-10.45.32:941][721]LogExit: Object subsystem successfully closed.
[2018.02.09-10.45.32:968][721]LogD3D11RHI: Shutdown
[2018.02.09-10.45.32:968][721]LogD3D11RHI: CleanupD3DDevice
[2018.02.09-10.45.33:057][721]LogD3D11RHI: ~FD3D11DynamicRHI
[2018.02.09-10.45.33:119][721]LogModuleManager: Shutting down and abandoning module ExternalImagePicker (532)
[2018.02.09-10.45.33:119][721]LogModuleManager: Shutting down and abandoning module DistCurveEditor (530)
[2018.02.09-10.45.33:119][721]LogModuleManager: Shutting down and abandoning module Cascade (528)
[2018.02.09-10.45.33:119][721]LogModuleManager: Shutting down and abandoning module MovieSceneCapture (526)
[2018.02.09-10.45.33:119][721]LogModuleManager: Shutting down and abandoning module HierarchicalLODOutliner (524)
[2018.02.09-10.45.33:119][721]LogModuleManager: Shutting down and abandoning module CrashTracker (522)
[2018.02.09-10.45.33:119][721]LogModuleManager: Shutting down and abandoning module SceneOutliner (520)
[2018.02.09-10.45.33:119][721]LogModuleManager: Shutting down and abandoning module AddContentDialog (518)
[2018.02.09-10.45.33:119][721]LogDirectoryWatcher: A directory notification for 'C:/Program Files/Epic Games/UE_4.16/FeaturePacks/' was aborted.
[2018.02.09-10.45.33:120][721]LogModuleManager: Shutting down and abandoning module WidgetCarousel (517)
[2018.02.09-10.45.33:120][721]LogModuleManager: Shutting down and abandoning module EditorWidgets (514)
[2018.02.09-10.45.33:120][721]LogModuleManager: Shutting down and abandoning module CollectionManager (512)
[2018.02.09-10.45.33:120][721]LogModuleManager: Shutting down and abandoning module StatsViewer (510)
[2018.02.09-10.45.33:120][721]LogModuleManager: Shutting down and abandoning module FoliageEdit (508)
[2018.02.09-10.45.33:120][721]LogModuleManager: Shutting down and abandoning module LandscapeEditor (506)
[2018.02.09-10.45.33:120][721]LogModuleManager: Shutting down and abandoning module MeshPaintMode (504)
[2018.02.09-10.45.33:120][721]LogModuleManager: Shutting down and abandoning module SceneDepthPickerMode (502)
[2018.02.09-10.45.33:120][721]LogModuleManager: Shutting down and abandoning module ActorPickerMode (500)
[2018.02.09-10.45.33:120][721]LogModuleManager: Shutting down and abandoning module GeometryMode (498)
[2018.02.09-10.45.33:120][721]LogModuleManager: Shutting down and abandoning module TextureAlignMode (496)
[2018.02.09-10.45.33:120][721]LogModuleManager: Shutting down and abandoning module BspMode (494)
[2018.02.09-10.45.33:120][721]LogModuleManager: Shutting down and abandoning module HardwareSurvey (492)
[2018.02.09-10.45.33:120][721]LogModuleManager: Shutting down and abandoning module SequenceRecorderSections (490)
[2018.02.09-10.45.33:120][721]LogModuleManager: Shutting down and abandoning module AutomationWorker (488)
[2018.02.09-10.45.33:120][721]LogModuleManager: Shutting down and abandoning module MatineeToLevelSequence (486)
[2018.02.09-10.45.33:120][721]LogModuleManager: Shutting down and abandoning module LevelSequenceEditor (484)
[2018.02.09-10.45.33:121][721]LogModuleManager: Shutting down and abandoning module PlacementMode (483)
[2018.02.09-10.45.33:121][721]LogModuleManager: Shutting down and abandoning module WmfMediaFactory (480)
[2018.02.09-10.45.33:121][721]LogModuleManager: Shutting down and abandoning module WmfMediaEditor (478)
[2018.02.09-10.45.33:121][721]LogModuleManager: Shutting down and abandoning module AvfMediaFactory (476)
[2018.02.09-10.45.33:121][721]LogModuleManager: Shutting down and abandoning module AvfMediaEditor (474)
[2018.02.09-10.45.33:121][721]LogModuleManager: Shutting down and abandoning module AndroidMediaFactory (472)
[2018.02.09-10.45.33:121][721]LogModuleManager: Shutting down and abandoning module Media (471)
[2018.02.09-10.45.33:121][721]LogModuleManager: Shutting down and abandoning module AndroidMediaEditor (468)
[2018.02.09-10.45.33:121][721]LogModuleManager: Shutting down and abandoning module CharacterAI (466)
[2018.02.09-10.45.33:121][721]LogModuleManager: Shutting down and abandoning module AudioCapture (464)
[2018.02.09-10.45.33:121][721]LogModuleManager: Shutting down and abandoning module SequenceRecorder (463)
[2018.02.09-10.45.33:121][721]LogModuleManager: Shutting down and abandoning module SmartSnapping (460)
[2018.02.09-10.45.33:121][721]LogModuleManager: Shutting down and abandoning module SessionServices (458)
[2018.02.09-10.45.33:121][721]LogModuleManager: Shutting down and abandoning module ViewportSnapping (456)
[2018.02.09-10.45.33:121][721]LogModuleManager: Shutting down and abandoning module ViewportInteraction (454)
[2018.02.09-10.45.33:121][721]LogModuleManager: Shutting down and abandoning module ClothPainter (452)
[2018.02.09-10.45.33:122][721]LogModuleManager: Shutting down and abandoning module LogVisualizer (450)
[2018.02.09-10.45.33:122][721]LogModuleManager: Shutting down and abandoning module IntroTutorials (448)
[2018.02.09-10.45.33:122][721]LogModuleManager: Shutting down and abandoning module GameProjectGeneration (447)
[2018.02.09-10.45.33:123][721]LogModuleManager: Shutting down and abandoning module EditorLiveStreaming (444)
[2018.02.09-10.45.33:123][721]LogModuleManager: Shutting down and abandoning module IOSPlatformEditor (442)
[2018.02.09-10.45.33:124][721]LogModuleManager: Shutting down and abandoning module HTML5PlatformEditor (440)
[2018.02.09-10.45.33:124][721]LogModuleManager: Shutting down and abandoning module AndroidPlatformEditor (438)
[2018.02.09-10.45.33:124][721]LogModuleManager: Shutting down and abandoning module AndroidDeviceDetection (437)
[2018.02.09-10.45.33:187][721]LogModuleManager: Shutting down and abandoning module IOSRuntimeSettings (434)
[2018.02.09-10.45.33:187][721]LogModuleManager: Shutting down and abandoning module AndroidRuntimeSettings (432)
[2018.02.09-10.45.33:187][721]LogModuleManager: Shutting down and abandoning module InputBindingEditor (430)
[2018.02.09-10.45.33:188][721]LogModuleManager: Shutting down and abandoning module MergeActors (428)
[2018.02.09-10.45.33:188][721]LogModuleManager: Shutting down and abandoning module SizeMap (426)
[2018.02.09-10.45.33:188][721]LogModuleManager: Shutting down and abandoning module TreeMap (424)
[2018.02.09-10.45.33:189][721]LogModuleManager: Shutting down and abandoning module ReferenceViewer (422)
[2018.02.09-10.45.33:189][721]LogModuleManager: Shutting down and abandoning module LocalizationDashboard (420)
[2018.02.09-10.45.33:190][721]LogModuleManager: Shutting down and abandoning module LocalizationService (419)
[2018.02.09-10.45.33:190][721]LogModuleManager: Shutting down and abandoning module HardwareTargeting (416)
[2018.02.09-10.45.33:190][721]LogModuleManager: Shutting down and abandoning module DeviceProfileEditor (414)
[2018.02.09-10.45.33:190][721]LogModuleManager: Shutting down and abandoning module UndoHistory (412)
[2018.02.09-10.45.33:190][721]LogModuleManager: Shutting down and abandoning module UserFeedback (410)
[2018.02.09-10.45.33:190][721]LogModuleManager: Shutting down and abandoning module XmlParser (408)
[2018.02.09-10.45.33:190][721]LogModuleManager: Shutting down and abandoning module Blutility (406)
[2018.02.09-10.45.33:190][721]LogModuleManager: Shutting down and abandoning module ProjectSettingsViewer (404)
[2018.02.09-10.45.33:190][721]LogModuleManager: Shutting down and abandoning module ProjectTargetPlatformEditor (403)
[2018.02.09-10.45.33:190][721]LogModuleManager: Shutting down and abandoning module EditorSettingsViewer (400)
[2018.02.09-10.45.33:190][721]LogModuleManager: Shutting down and abandoning module SettingsEditor (398)
[2018.02.09-10.45.33:190][721]LogModuleManager: Shutting down and abandoning module ProjectLauncher (396)
[2018.02.09-10.45.33:191][721]LogModuleManager: Shutting down and abandoning module SessionFrontend (394)
[2018.02.09-10.45.33:191][721]LogModuleManager: Shutting down and abandoning module ProfilerClient (392)
[2018.02.09-10.45.33:192][721]LogModuleManager: Shutting down and abandoning module DeviceManager (390)
[2018.02.09-10.45.33:193][721]LogModuleManager: Shutting down and abandoning module TargetDeviceServices (389)
[2018.02.09-10.45.33:260][721]LogModuleManager: Shutting down and abandoning module AutomationController (386)
[2018.02.09-10.45.33:260][721]LogModuleManager: Shutting down and abandoning module AutomationWindow (384)
[2018.02.09-10.45.33:261][721]LogModuleManager: Shutting down and abandoning module Layers (382)
[2018.02.09-10.45.33:262][721]LogModuleManager: Shutting down and abandoning module ComponentVisualizers (380)
[2018.02.09-10.45.33:262][721]LogModuleManager: Shutting down and abandoning module DetailCustomizations (378)
[2018.02.09-10.45.33:262][721]LogModuleManager: Shutting down and abandoning module PackagesDialog (376)
[2018.02.09-10.45.33:263][721]LogModuleManager: Shutting down and abandoning module Persona (374)
[2018.02.09-10.45.33:263][721]LogModuleManager: Shutting down and abandoning module AdvancedPreviewScene (373)
[2018.02.09-10.45.33:263][721]LogModuleManager: Shutting down and abandoning module AnimGraph (371)
[2018.02.09-10.45.33:263][721]LogModuleManager: Shutting down and abandoning module Kismet (368)
[2018.02.09-10.45.33:265][721]LogModuleManager: Shutting down and abandoning module ClassViewer (366)
[2018.02.09-10.45.33:265][721]LogModuleManager: Shutting down and abandoning module Toolbox (364)
[2018.02.09-10.45.33:265][721]LogModuleManager: Shutting down and abandoning module ModuleUI (362)
[2018.02.09-10.45.33:266][721]LogModuleManager: Shutting down and abandoning module MovieSceneTools (360)
[2018.02.09-10.45.33:266][721]LogModuleManager: Shutting down and abandoning module OutputLog (358)
[2018.02.09-10.45.33:266][721]LogModuleManager: Shutting down and abandoning module GammaUI (356)
[2018.02.09-10.45.33:266][721]LogModuleManager: Shutting down and abandoning module Documentation (354)
[2018.02.09-10.45.33:266][721]LogModuleManager: Shutting down and abandoning module MovieSceneTracks (352)
[2018.02.09-10.45.33:266][721]LogModuleManager: Shutting down and abandoning module MovieScene (350)
[2018.02.09-10.45.33:266][721]LogModuleManager: Shutting down and abandoning module Niagara (348)
[2018.02.09-10.45.33:266][721]LogModuleManager: Shutting down and abandoning module NiagaraEditor (347)
[2018.02.09-10.45.33:267][721]LogModuleManager: Shutting down and abandoning module StreamingPauseRendering (344)
[2018.02.09-10.45.33:267][721]LogModuleManager: Shutting down and abandoning module AnalyticsET (342)
[2018.02.09-10.45.33:267][721]LogModuleManager: Shutting down and abandoning module PortalServices (340)
[2018.02.09-10.45.33:267][721]LogModuleManager: Shutting down and abandoning module PortalRpc (338)
[2018.02.09-10.45.33:267][721]LogModuleManager: Shutting down and abandoning module MessagingRpc (336)
[2018.02.09-10.45.33:267][721]LogModuleManager: Shutting down and abandoning module AIModule (334)
[2018.02.09-10.45.33:267][721]LogModuleManager: Shutting down and abandoning module GameplayDebugger (333)
[2018.02.09-10.45.33:267][721]LogModuleManager: Shutting down and abandoning module AITestSuite (331)
[2018.02.09-10.45.33:267][721]LogModuleManager: Shutting down and abandoning module ProfilerService (328)
[2018.02.09-10.45.33:374][721]LogModuleManager: Shutting down and abandoning module TaskGraph (326)
[2018.02.09-10.45.33:375][721]LogModuleManager: Shutting down and abandoning module SteamVRController (324)
[2018.02.09-10.45.33:375][721]LogModuleManager: Shutting down and abandoning module SteamVR (322)
[2018.02.09-10.45.33:375][721]LogModuleManager: Shutting down and abandoning module ProceduralMeshComponentEditor (320)
[2018.02.09-10.45.33:375][721]LogModuleManager: Shutting down and abandoning module ProceduralMeshComponent (318)
[2018.02.09-10.45.33:375][721]LogModuleManager: Shutting down and abandoning module OculusLibrary (316)
[2018.02.09-10.45.33:375][721]LogModuleManager: Shutting down and abandoning module OculusInput (314)
[2018.02.09-10.45.33:375][721]LogModuleManager: Shutting down and abandoning module MobilePatchingUtils (312)
[2018.02.09-10.45.33:375][721]LogModuleManager: Shutting down and abandoning module CustomMeshComponent (310)
[2018.02.09-10.45.33:375][721]LogModuleManager: Shutting down and abandoning module CableComponent (308)
[2018.02.09-10.45.33:375][721]LogModuleManager: Shutting down and abandoning module ArchVisCharacter (306)
[2018.02.09-10.45.33:375][721]LogModuleManager: Shutting down and abandoning module AndroidPermission (304)
[2018.02.09-10.45.33:375][721]LogModuleManager: Shutting down and abandoning module MediaPlayerEditor (300)
[2018.02.09-10.45.33:376][721]LogModuleManager: Shutting down and abandoning module HTML5Networking (298)
[2018.02.09-10.45.33:376][721]LogModuleManager: Shutting down and abandoning module AlembicImporter (296)
[2018.02.09-10.45.33:376][721]LogModuleManager: Shutting down and abandoning module AlembicLibrary (295)
[2018.02.09-10.45.33:376][721]LogModuleManager: Shutting down and abandoning module GeometryCache (294)
[2018.02.09-10.45.33:376][721]LogModuleManager: Shutting down and abandoning module GeometryCacheEd (293)
[2018.02.09-10.45.33:376][721]LogModuleManager: Shutting down and abandoning module SuperSearchEditor (288)
[2018.02.09-10.45.33:376][721]LogModuleManager: Shutting down and abandoning module SuperSearch (287)
[2018.02.09-10.45.33:376][721]LogModuleManager: Shutting down and abandoning module SpeedTreeImporter (284)
[2018.02.09-10.45.33:376][721]LogModuleManager: Shutting down and abandoning module PluginBrowser (282)
[2018.02.09-10.45.33:376][721]LogModuleManager: Shutting down and abandoning module MobileLauncherProfileWizard (280)
[2018.02.09-10.45.33:376][721]LogModuleManager: Shutting down and abandoning module VisualStudioSourceCodeAccess (278)
[2018.02.09-10.45.33:376][721]LogModuleManager: Shutting down and abandoning module DesktopPlatform (277)
[2018.02.09-10.45.33:376][721]LogModuleManager: Shutting down and abandoning module UObjectPlugin (274)
[2018.02.09-10.45.33:376][721]LogModuleManager: Shutting down and abandoning module SubversionSourceControl (272)
[2018.02.09-10.45.33:376][721]LogModuleManager: Shutting down and abandoning module PerforceSourceControl (270)
[2018.02.09-10.45.33:376][721]LogModuleManager: Shutting down and abandoning module GitSourceControl (268)
[2018.02.09-10.45.33:376][721]LogModuleManager: Shutting down and abandoning module SourceControl (267)
[2018.02.09-10.45.33:376][721]LogModuleManager: Shutting down and abandoning module LightPropagationVolumeEditor (264)
[2018.02.09-10.45.33:376][721]LogModuleManager: Shutting down and abandoning module PaperTiledImporter (262)
[2018.02.09-10.45.33:376][721]LogModuleManager: Shutting down and abandoning module PaperSpriteSheetImporter (260)
[2018.02.09-10.45.33:376][721]LogModuleManager: Shutting down and abandoning module Paper2DEditor (258)
[2018.02.09-10.45.33:376][721]LogModuleManager: Shutting down and abandoning module MeshPaint (257)
[2018.02.09-10.45.33:376][721]LogModuleManager: Shutting down and abandoning module LevelEditor (255)
[2018.02.09-10.45.33:377][721]LogModuleManager: Shutting down and abandoning module PixelInspectorModule (254)
[2018.02.09-10.45.33:377][721]LogModuleManager: Shutting down and abandoning module MainFrame (252)
[2018.02.09-10.45.33:377][721]LogModuleManager: Shutting down and abandoning module HotReload (251)
[2018.02.09-10.45.33:378][721]LogModuleManager: Shutting down and abandoning module PhysXVehiclesEditor (246)
[2018.02.09-10.45.33:378][721]LogModuleManager: Shutting down and abandoning module PhysXVehicles (244)
[2018.02.09-10.45.33:378][721]LogModuleManager: Shutting down and abandoning module LocationServicesBPLibrary (242)
[2018.02.09-10.45.33:378][721]LogModuleManager: Shutting down and abandoning module ImmediatePhysicsEditor (240)
[2018.02.09-10.45.33:378][721]LogModuleManager: Shutting down and abandoning module ImmediatePhysics (238)
[2018.02.09-10.45.33:378][721]LogModuleManager: Shutting down and abandoning module UdpMessaging (236)
[2018.02.09-10.45.33:479][721]LogModuleManager: Shutting down and abandoning module TcpMessaging (234)
[2018.02.09-10.45.33:580][721]LogModuleManager: Shutting down and abandoning module GameplayTagsEditor (232)
[2018.02.09-10.45.33:580][721]LogModuleManager: Shutting down and abandoning module FacialAnimationEditor (230)
[2018.02.09-10.45.33:580][721]LogModuleManager: Shutting down and abandoning module FacialAnimation (228)
[2018.02.09-10.45.33:580][721]LogModuleManager: Shutting down and abandoning module AssetManagerEditor (226)
[2018.02.09-10.45.33:581][721]LogModuleManager: Shutting down and abandoning module GraphEditor (225)
[2018.02.09-10.45.33:583][721]LogModuleManager: Shutting down and abandoning module ContentBrowser (223)
[2018.02.09-10.45.33:584][721]LogModuleManager: Shutting down and abandoning module LightPropagationVolumeRuntime (220)
[2018.02.09-10.45.33:584][721]LogModuleManager: Shutting down and abandoning module Paper2D (218)
[2018.02.09-10.45.33:584][721]LogModuleManager: Shutting down and abandoning module WindowsMoviePlayer (216)
[2018.02.09-10.45.33:584][721]LogModuleManager: Shutting down and abandoning module WmfMedia (214)
[2018.02.09-10.45.33:586][721]LogModuleManager: Shutting down and abandoning module ClothingSystemEditor (212)
[2018.02.09-10.45.33:586][721]LogModuleManager: Shutting down and abandoning module ClothingSystemRuntime (210)
[2018.02.09-10.45.33:587][721]LogModuleManager: Shutting down and abandoning module MediaAssets (208)
[2018.02.09-10.45.33:587][721]LogModuleManager: Shutting down and abandoning module GameLiveStreaming (206)
[2018.02.09-10.45.33:587][721]LogModuleManager: Shutting down and abandoning module VREditor (204)
[2018.02.09-10.45.33:587][721]LogModuleManager: Shutting down and abandoning module StringTableEditor (202)
[2018.02.09-10.45.33:587][721]LogModuleManager: Shutting down and abandoning module GameplayTasksEditor (200)
[2018.02.09-10.45.33:587][721]LogModuleManager: Shutting down and abandoning module BehaviorTreeEditor (198)
[2018.02.09-10.45.33:588][721]LogModuleManager: Shutting down and abandoning module FunctionalTesting (196)
[2018.02.09-10.45.33:588][721]LogModuleManager: Shutting down and abandoning module CollisionAnalyzer (194)
[2018.02.09-10.45.33:588][721]LogModuleManager: Shutting down and abandoning module UMG (192)
[2018.02.09-10.45.33:588][721]LogModuleManager: Shutting down and abandoning module UMGEditor (191)
[2018.02.09-10.45.33:588][721]LogModuleManager: Shutting down and abandoning module Sequencer (190)
[2018.02.09-10.45.33:589][721]LogModuleManager: Shutting down and abandoning module AssetTools (188)
[2018.02.09-10.45.33:590][721]LogModuleManager: Shutting down and abandoning module MessageLog (187)
[2018.02.09-10.45.33:590][721]LogModuleManager: Shutting down and abandoning module WorkspaceMenuStructure (186)
[2018.02.09-10.45.33:590][721]LogModuleManager: Shutting down and abandoning module SlateReflector (180)
[2018.02.09-10.45.33:591][721]LogModuleManager: Shutting down and abandoning module Slate (178)
[2018.02.09-10.45.33:591][721]LogModuleManager: Shutting down and abandoning module EditorStyle (176)
[2018.02.09-10.45.33:595][721]LogModuleManager: Shutting down and abandoning module SourceCodeAccess (174)
[2018.02.09-10.45.33:595][721]LogModuleManager: Shutting down and abandoning module HeadMountedDisplay (172)
[2018.02.09-10.45.33:595][721]LogModuleManager: Shutting down and abandoning module XAudio2 (170)
[2018.02.09-10.45.33:595][721]LogModuleManager: Shutting down and abandoning module Networking (168)
[2018.02.09-10.45.33:595][721]LogModuleManager: Shutting down and abandoning module Core (164)
[2018.02.09-10.45.33:595][721]LogModuleManager: Shutting down and abandoning module AssetRegistry (162)
[2018.02.09-10.45.34:808][721]LogDirectoryWatcher: A directory notification for '../../../Engine/Content/' was aborted.
[2018.02.09-10.45.34:808][721]LogDirectoryWatcher: A directory notification for '../../../Engine/Plugins/2D/Paper2D/Content/' was aborted.
[2018.02.09-10.45.34:808][721]LogDirectoryWatcher: A directory notification for '../../../Engine/Plugins/Runtime/GearVR/Content/' was aborted.
[2018.02.09-10.45.34:811][721]LogModuleManager: Shutting down and abandoning module DirectoryWatcher (161)
[2018.02.09-10.45.34:811][721]LogModuleManager: Shutting down and abandoning module KismetCompiler (158)
[2018.02.09-10.45.34:811][721]LogModuleManager: Shutting down and abandoning module LevelSequence (156)
[2018.02.09-10.45.34:811][721]LogModuleManager: Shutting down and abandoning module PhysXFormats (154)
[2018.02.09-10.45.34:811][721]LogModuleManager: Shutting down and abandoning module MeshUtilities (152)
[2018.02.09-10.45.34:811][721]LogModuleManager: Shutting down and abandoning module SimplygonSwarm (151)
[2018.02.09-10.45.34:811][721]LogModuleManager: Shutting down and abandoning module SimplygonMeshReduction (149)
[2018.02.09-10.45.34:811][721]LogModuleManager: Shutting down and abandoning module QuadricMeshReduction (147)
[2018.02.09-10.45.34:811][721]LogModuleManager: Shutting down and abandoning module DerivedDataCache (144)
[2018.02.09-10.45.34:820][721]LogDerivedDataCache: Shutdown
[2018.02.09-10.45.34:820][721]LogModuleManager: Shutting down and abandoning module TargetPlatform (142)
[2018.02.09-10.45.34:820][721]LogModuleManager: Shutting down and abandoning module VulkanShaderFormat (141)
[2018.02.09-10.45.34:820][721]LogModuleManager: Shutting down and abandoning module ShaderFormatVectorVM (139)
[2018.02.09-10.45.34:821][721]LogModuleManager: Shutting down and abandoning module ShaderFormatOpenGL (137)
[2018.02.09-10.45.34:821][721]LogModuleManager: Shutting down and abandoning module ShaderFormatD3D (135)
[2018.02.09-10.45.34:821][721]LogModuleManager: Shutting down and abandoning module MetalShaderFormat (133)
[2018.02.09-10.45.34:822][721]LogModuleManager: Shutting down and abandoning module TextureFormatUncompressed (131)
[2018.02.09-10.45.34:822][721]LogModuleManager: Shutting down and abandoning module TextureFormatPVR (129)
[2018.02.09-10.45.34:822][721]LogModuleManager: Shutting down and abandoning module TextureFormatDXT (127)
[2018.02.09-10.45.34:822][721]LogModuleManager: Shutting down and abandoning module TextureFormatIntelISPCTexComp (125)
[2018.02.09-10.45.34:822][721]LogModuleManager: Shutting down and abandoning module TextureFormatASTC (123)
[2018.02.09-10.45.34:822][721]LogModuleManager: Shutting down and abandoning module ImageWrapper (122)
[2018.02.09-10.45.34:822][721]LogModuleManager: Shutting down and abandoning module TextureFormatAndroid (119)
[2018.02.09-10.45.34:822][721]LogModuleManager: Shutting down and abandoning module AudioFormatOpus (117)
[2018.02.09-10.45.34:822][721]LogModuleManager: Shutting down and abandoning module AudioFormatOgg (115)
[2018.02.09-10.45.34:822][721]LogModuleManager: Shutting down and abandoning module AudioFormatADPCM (113)
[2018.02.09-10.45.34:822][721]LogModuleManager: Shutting down and abandoning module LinuxTargetPlatform (111)
[2018.02.09-10.45.34:822][721]LogModuleManager: Shutting down and abandoning module LinuxServerTargetPlatform (109)
[2018.02.09-10.45.34:822][721]LogModuleManager: Shutting down and abandoning module LinuxNoEditorTargetPlatform (107)
[2018.02.09-10.45.34:822][721]LogModuleManager: Shutting down and abandoning module LinuxClientTargetPlatform (105)
[2018.02.09-10.45.34:822][721]LogModuleManager: Shutting down and abandoning module TVOSTargetPlatform (103)
[2018.02.09-10.45.34:822][721]LogModuleManager: Shutting down and abandoning module Messaging (101)
[2018.02.09-10.45.34:822][721]LogModuleManager: Shutting down and abandoning module IOSTargetPlatform (99)
[2018.02.09-10.45.34:822][721]LogModuleManager: Shutting down and abandoning module HTML5TargetPlatform (97)
[2018.02.09-10.45.34:822][721]LogModuleManager: Shutting down and abandoning module Android_PVRTCTargetPlatform (95)
[2018.02.09-10.45.34:822][721]LogModuleManager: Shutting down and abandoning module Android_MultiTargetPlatform (93)
[2018.02.09-10.45.34:822][721]LogModuleManager: Shutting down and abandoning module Android_ETC2TargetPlatform (91)
[2018.02.09-10.45.34:822][721]LogModuleManager: Shutting down and abandoning module Android_ETC1TargetPlatform (89)
[2018.02.09-10.45.34:822][721]LogModuleManager: Shutting down and abandoning module Android_DXTTargetPlatform (87)
[2018.02.09-10.45.34:822][721]LogModuleManager: Shutting down and abandoning module Android_ATCTargetPlatform (85)
[2018.02.09-10.45.34:822][721]LogModuleManager: Shutting down and abandoning module Android_ASTCTargetPlatform (83)
[2018.02.09-10.45.34:822][721]LogModuleManager: Shutting down and abandoning module AndroidTargetPlatform (81)
[2018.02.09-10.45.34:822][721]LogModuleManager: Shutting down and abandoning module WindowsTargetPlatform (79)
[2018.02.09-10.45.34:822][721]LogModuleManager: Shutting down and abandoning module WindowsServerTargetPlatform (77)
[2018.02.09-10.45.34:822][721]LogModuleManager: Shutting down and abandoning module WindowsNoEditorTargetPlatform (75)
[2018.02.09-10.45.34:822][721]LogModuleManager: Shutting down and abandoning module WindowsClientTargetPlatform (73)
[2018.02.09-10.45.34:822][721]LogModuleManager: Shutting down and abandoning module MacTargetPlatform (71)
[2018.02.09-10.45.34:822][721]LogModuleManager: Shutting down and abandoning module MacServerTargetPlatform (69)
[2018.02.09-10.45.34:822][721]LogModuleManager: Shutting down and abandoning module MacNoEditorTargetPlatform (67)
[2018.02.09-10.45.34:822][721]LogModuleManager: Shutting down and abandoning module MacClientTargetPlatform (65)
[2018.02.09-10.45.34:822][721]LogModuleManager: Shutting down and abandoning module AllDesktopTargetPlatform (63)
[2018.02.09-10.45.34:822][721]LogModuleManager: Shutting down and abandoning module InputCore (60)
[2018.02.09-10.45.34:822][721]LogModuleManager: Shutting down and abandoning module Settings (58)
[2018.02.09-10.45.34:822][721]LogModuleManager: Shutting down and abandoning module OculusRift (56)
[2018.02.09-10.45.34:822][721]LogModuleManager: Shutting down and abandoning module GearVRController (54)
[2018.02.09-10.45.34:822][721]LogModuleManager: Shutting down and abandoning module GearVR (52)
[2018.02.09-10.45.34:822][721]LogModuleManager: Shutting down and abandoning module ExampleDeviceProfileSelector (50)
[2018.02.09-10.45.34:822][721]LogModuleManager: Shutting down and abandoning module OnlineBlueprintSupport (48)
[2018.02.09-10.45.34:822][721]LogModuleManager: Shutting down and abandoning module OnlineSubsystem (44)
[2018.02.09-10.45.34:823][721]LogOnline:Display: Unloading online subsystem: NULL
[2018.02.09-10.45.34:823][721]LogModuleManager: Shutting down and abandoning module XMPP (43)
[2018.02.09-10.45.34:824][721]LogModuleManager: Shutting down and abandoning module HTTP (41)
[2018.02.09-10.45.34:824][721]LogHttp:Display: Http module shutting down, but needs to wait on 1 outstanding Http requests:
[2018.02.09-10.45.34:824][721]LogHttp:Display: 	verb=[POST] url=[https://datarouter.ol.epicgames.com/datarouter/api/v1/public/data?SessionID=%7BF28D47B6-41A3-8C7D-03CE-349C27ACB8C8%7D&AppID=UEEditor.Rocket.Release&AppVersion=4.16.3-3561208%2B%2B%2BUE4%2BRelease-4.16&UserID=0e69d85741d696303a8d9dafd7e741bd%7C%7C4de4ee59-3de1-47a6-9e8c-38cda48c02c7&AppEnvironment=datacollector-binary&UploadType=eteventstream] status=Processing
[2018.02.09-10.45.34:854][721]LogModuleManager: Shutting down and abandoning module SSL (40)
[2018.02.09-10.45.34:855][721]LogModuleManager: Shutting down and abandoning module HTTPChunkInstaller (36)
[2018.02.09-10.45.34:855][721]LogModuleManager: Shutting down and abandoning module AnimationModifiers (34)
[2018.02.09-10.45.34:855][721]LogModuleManager: Shutting down and abandoning module PropertyEditor (33)
[2018.02.09-10.45.34:855][721]LogModuleManager: Shutting down and abandoning module AudioEditor (30)
[2018.02.09-10.45.34:856][721]LogModuleManager: Shutting down and abandoning module TextureCompressor (28)
[2018.02.09-10.45.34:856][721]LogModuleManager: Shutting down and abandoning module ShaderCore (26)
[2018.02.09-10.45.34:856][721]LogModuleManager: Shutting down and abandoning module Landscape (24)
[2018.02.09-10.45.34:856][721]LogModuleManager: Shutting down and abandoning module SlateRHIRenderer (22)
[2018.02.09-10.45.34:857][721]LogModuleManager: Shutting down and abandoning module OpenGLDrv (20)
[2018.02.09-10.45.34:858][721]LogModuleManager: Shutting down and abandoning module D3D11RHI (18)
[2018.02.09-10.45.34:858][721]LogModuleManager: Shutting down and abandoning module AnimGraphRuntime (16)
[2018.02.09-10.45.34:858][721]LogModuleManager: Shutting down and abandoning module Renderer (14)
[2018.02.09-10.45.34:858][721]LogModuleManager: Shutting down and abandoning module Engine (12)
[2018.02.09-10.45.34:858][721]LogModuleManager: Shutting down and abandoning module CoreUObject (10)
[2018.02.09-10.45.34:858][721]LogModuleManager: Shutting down and abandoning module NetworkFile (8)
[2018.02.09-10.45.34:858][721]LogModuleManager: Shutting down and abandoning module StreamingFile (6)
[2018.02.09-10.45.34:858][721]LogModuleManager: Shutting down and abandoning module SandboxFile (4)
[2018.02.09-10.45.34:858][721]LogModuleManager: Shutting down and abandoning module PakFile (2)
[2018.02.09-10.45.34:859][721]LogExit: Exiting.
[2018.02.09-10.45.34:904][721]Log file closed, 02/09/18 11:45:34
