Log file open, 03/04/18 12:48:55
LogInit:Display: Running engine for game: Proyecto2
LogPlatformFile: Not using cached read wrapper
LogInit:Display: RandInit(-512405212) SRandInit(-512405212).
LogTaskGraph: Started task graph with 5 named threads and 8 total threads with 1 sets of task threads.
LogStats: Stats thread started at 0.951348
LogInit: Using libcurl 7.47.1
LogInit:  - built for x86_64-pc-win32
LogInit:  - supports SSL with OpenSSL/1.0.2g
LogInit:  - supports HTTP deflate (compression) using libz 1.2.8
LogInit:  - other features:
LogInit:      CURL_VERSION_SSL
LogInit:      CURL_VERSION_LIBZ
LogInit:      CURL_VERSION_IPV6
LogInit:      CURL_VERSION_ASYNCHDNS
LogInit:      CURL_VERSION_LARGEFILE
LogInit:      CURL_VERSION_IDN
LogInit:  CurlRequestOptions (configurable via config and command line):
LogInit:  - bVerifyPeer = false  - Libcurl will NOT verify peer certificate
LogInit:  - bUseHttpProxy = false  - Libcurl will NOT use HTTP proxy
LogInit:  - bDontReuseConnections = false  - Libcurl will reuse connections
LogInit:  - CertBundlePath = nullptr  - Libcurl will use whatever was configured at build time.
LogInit: Build: ++UE4+Release-4.16-CL-3561208
LogInit: Engine Version: 4.16.3-3561208+++UE4+Release-4.16
LogInit: Compatible Engine Version: 4.16.0-3452394+++UE4+Release-4.16
LogInit: Net CL: 3452394
LogDevObjectVersion: Number of dev versions registered: 16
LogDevObjectVersion:   Dev-Blueprints (B0D832E4-1F89-4F0D-ACCF-7EB736FD4AA2): 9
LogDevObjectVersion:   Dev-Build (E1C64328-A22C-4D53-A36C-8E866417BD8C): 0
LogDevObjectVersion:   Dev-Core (375EC13C-06E4-48FB-B500-84F0262A717E): 2
LogDevObjectVersion:   Dev-Editor (E4B068ED-F494-42E9-A231-DA0B2E46BB41): 17
LogDevObjectVersion:   Dev-Framework (CFFC743F-43B0-4480-9391-14DF171D2073): 23
LogDevObjectVersion:   Dev-Mobile (B02B49B5-BB20-44E9-A304-32B752E40360): 0
LogDevObjectVersion:   Dev-Networking (A4E4105C-59A1-49B5-A7C5-40C4547EDFEE): 0
LogDevObjectVersion:   Dev-Online (39C831C9-5AE6-47DC-9A44-9C173E1C8E7C): 0
LogDevObjectVersion:   Dev-Physics (78F01B33-EBEA-4F98-B9B4-84EACCB95AA2): 0
LogDevObjectVersion:   Dev-Platform (6631380F-2D4D-43E0-8009-CF276956A95A): 0
LogDevObjectVersion:   Dev-Rendering (12F88B9F-8875-4AFC-A67C-D90C383ABD29): 15
LogDevObjectVersion:   Dev-Sequencer (7B5AE74C-D270-4C10-A958-57980B212A5A): 4
LogDevObjectVersion:   Dev-VR (D7296918-1DD6-4BDD-9DE2-64A83CC13884): 0
LogDevObjectVersion:   Dev-LoadTimes (C2A15278-BFE7-4AFE-6C17-90FF531DF755): 1
LogDevObjectVersion:   Private-Geometry (6EACA3D4-40EC-4CC1-B786-8BED09428FC5): 1
LogDevObjectVersion:   Dev-AnimPhys (29E575DD-E0A3-4627-9D10-D276232CDCEA): 3
LogInit: Compiled (64-bit): Jul 28 2017 11:49:47
LogInit: Compiled with Visual C++: 19.00.24215.01
LogInit: Build Configuration: Development
LogInit: Branch Name: ++UE4+Release-4.16
LogInit: Command line:  
LogInit: Base directory: C:/Program Files/Epic Games/UE_4.16/Engine/Binaries/Win64/
LogInit: Installed Engine Build: 1
LogInit: Presizing for max 8388607 objects, including 0 objects not considered by GC, pre-allocating 0 bytes for permanent pool.
LogInit: Object subsystem initialized
[2018.03.04-11.48.55:956][  0]LogInit: Selected Device Profile: [Windows]
[2018.03.04-11.48.55:956][  0]LogInit: Applying CVar settings loaded from the selected device profile: [Windows]
[2018.03.04-11.48.56:035][  0]LogInit: Computer: PC-JAVITO
[2018.03.04-11.48.56:035][  0]LogInit: User: JAVITO
[2018.03.04-11.48.56:035][  0]LogInit: CPU Page size=4096, Cores=4
[2018.03.04-11.48.56:035][  0]LogInit: High frequency timer resolution =3.320311 MHz
[2018.03.04-11.48.56:035][  0]LogMemory: Memory total: Physical=31.9GB (32GB approx)
[2018.03.04-11.48.56:035][  0]LogMemory: Platform Memory Stats for Windows
[2018.03.04-11.48.56:035][  0]LogMemory: Process Physical Memory: 276.63 MB used, 276.63 MB peak
[2018.03.04-11.48.56:035][  0]LogMemory: Process Virtual Memory: 261.13 MB used, 261.13 MB peak
[2018.03.04-11.48.56:035][  0]LogMemory: Physical Memory: 8239.68 MB used,  24475.89 MB free, 32715.57 MB total
[2018.03.04-11.48.56:035][  0]LogMemory: Virtual Memory: 672.47 MB used,  24475.89 MB free, 134217728.00 MB total
[2018.03.04-11.48.56:653][  0]LogInit: Overriding language with editor language configuration option (en).
[2018.03.04-11.48.56:653][  0]LogInit: Overriding locale with editor locale configuration option (en).
[2018.03.04-11.49.02:487][  0]LogD3D11RHI: D3D11 adapters:
[2018.03.04-11.49.02:559][  0]LogD3D11RHI:    0. 'NVIDIA GeForce GTX 1060 6GB' (Feature Level 11_0)
[2018.03.04-11.49.02:559][  0]LogD3D11RHI:       6052/0/16357 MB DedicatedVideo/DedicatedSystem/SharedSystem, Outputs:2, VendorId:0x10de
[2018.03.04-11.49.02:561][  0]LogD3D11RHI:    1. 'Microsoft Basic Render Driver' (Feature Level 11_0)
[2018.03.04-11.49.02:561][  0]LogD3D11RHI:       0/0/16357 MB DedicatedVideo/DedicatedSystem/SharedSystem, Outputs:0, VendorId:0x1414
[2018.03.04-11.49.02:561][  0]LogD3D11RHI: Chosen D3D11 Adapter: 0
[2018.03.04-11.49.02:567][  0]LogD3D11RHI: Creating new Direct3DDevice
[2018.03.04-11.49.02:568][  0]LogD3D11RHI:     GPU DeviceId: 0x1c03 (for the marketing name, search the web for "GPU Device Id")
[2018.03.04-11.49.02:568][  0]LogWindows: EnumDisplayDevices:
[2018.03.04-11.49.02:568][  0]LogWindows:    0. 'NVIDIA GeForce GTX 1060 6GB' (P:0 D:1)
[2018.03.04-11.49.02:568][  0]LogWindows:    1. 'NVIDIA GeForce GTX 1060 6GB' (P:1 D:1)
[2018.03.04-11.49.02:568][  0]LogWindows:    2. 'NVIDIA GeForce GTX 1060 6GB' (P:0 D:0)
[2018.03.04-11.49.02:568][  0]LogWindows:    3. 'NVIDIA GeForce GTX 1060 6GB' (P:0 D:0)
[2018.03.04-11.49.02:568][  0]LogWindows: DebugString: GetVideoDriverDetailsInvalid PrimaryIsNotTheChoosenAdapter GetVideoDriverDetailsInvalid PrimaryIsNotTheChoosenAdapter GetVideoDriverDetailsInvalid PrimaryIsNotTheChoosenAdapter GetVideoDriverDetailsInvalid PrimaryIsNotTheChoosenAdapter FoundDriverCount:0 
[2018.03.04-11.49.02:568][  0]LogD3D11RHI:     Adapter Name: NVIDIA GeForce GTX 1060 6GB
[2018.03.04-11.49.02:568][  0]LogD3D11RHI:   Driver Version: Unknown (internal:Unknown, unified:Unknown)
[2018.03.04-11.49.02:568][  0]LogD3D11RHI:      Driver Date: Unknown
[2018.03.04-11.49.02:568][  0]LogRHI: Texture pool is 1361 MB (70% of 1945 MB)
[2018.03.04-11.49.02:598][  0]LogD3D11RHI: Async texture creation enabled
[2018.03.04-11.49.02:616][  0]LogD3D11RHI: GPU Timing Frequency: 1000.000000 (Debug: 2 2)
[2018.03.04-11.49.02:715][  0]LogShaderCompilers: Guid format shader working directory is -11 characters bigger than the processId version (../../../../../../Users/JAVITO/Desktop/Anarquia/Proyecto2/Intermediate/Shaders/WorkingDirectory/17856/).
[2018.03.04-11.49.02:716][  0]LogShaderCompilers: Cleaned the shader compiler working directory 'C:/Users/JAVITO/AppData/Local/Temp/UnrealShaderWorkingDir/E59763F64604E76CCAFF3C9A2F2350CF/'.
[2018.03.04-11.49.02:716][  0]LogShaderCompilers:Display: Using Local Shader Compiler.
[2018.03.04-11.49.07:900][  0]LogTemp:Display: Loaded TP AllDesktopTargetPlatform
[2018.03.04-11.49.07:977][  0]LogTemp:Display: Loaded TP MacClientTargetPlatform
[2018.03.04-11.49.08:049][  0]LogTemp:Display: Loaded TP MacNoEditorTargetPlatform
[2018.03.04-11.49.08:119][  0]LogTemp:Display: Loaded TP MacServerTargetPlatform
[2018.03.04-11.49.08:210][  0]LogTemp:Display: Loaded TP MacTargetPlatform
[2018.03.04-11.49.08:294][  0]LogTemp:Display: Loaded TP WindowsClientTargetPlatform
[2018.03.04-11.49.08:365][  0]LogTemp:Display: Loaded TP WindowsNoEditorTargetPlatform
[2018.03.04-11.49.08:435][  0]LogTemp:Display: Loaded TP WindowsServerTargetPlatform
[2018.03.04-11.49.08:534][  0]LogTemp:Display: Loaded TP WindowsTargetPlatform
[2018.03.04-11.49.08:629][  0]LogTemp:Display: Loaded TP AndroidTargetPlatform
[2018.03.04-11.49.08:747][  0]LogTemp:Display: Loaded TP Android_ASTCTargetPlatform
[2018.03.04-11.49.08:844][  0]LogTemp:Display: Loaded TP Android_ATCTargetPlatform
[2018.03.04-11.49.08:914][  0]LogTemp:Display: Loaded TP Android_DXTTargetPlatform
[2018.03.04-11.49.08:988][  0]LogTemp:Display: Loaded TP Android_ETC1TargetPlatform
[2018.03.04-11.49.09:105][  0]LogTemp:Display: Loaded TP Android_ETC2TargetPlatform
[2018.03.04-11.49.09:246][  0]LogTemp:Display: Loaded TP Android_MultiTargetPlatform
[2018.03.04-11.49.09:246][  0]LogTemp:Display: Loaded TP Android_PVRTCTargetPlatform
[2018.03.04-11.49.09:361][  0]LogTemp:Display: Loaded TP HTML5TargetPlatform
[2018.03.04-11.49.09:550][  0]LogTemp:Display: Loaded TP IOSTargetPlatform
[2018.03.04-11.49.09:592][  0]LogTemp:Display: Loaded TP TVOSTargetPlatform
[2018.03.04-11.49.09:671][  0]LogTemp:Display: Loaded TP LinuxClientTargetPlatform
[2018.03.04-11.49.09:746][  0]LogTemp:Display: Loaded TP LinuxNoEditorTargetPlatform
[2018.03.04-11.49.09:860][  0]LogTemp:Display: Loaded TP LinuxServerTargetPlatform
[2018.03.04-11.49.09:989][  0]LogTemp:Display: Loaded TP LinuxTargetPlatform
[2018.03.04-11.49.09:989][  0]LogTargetPlatformManager:Display: Building Assets For Windows
[2018.03.04-11.49.11:301][  0]LogDerivedDataCache:Display: Max Cache Size: 512 MB
[2018.03.04-11.49.12:182][  0]LogDerivedDataCache: Loaded boot cache 0.88s 90MB C:/Users/JAVITO/AppData/Local/UnrealEngine/4.16/DerivedDataCache/Boot.ddc.
[2018.03.04-11.49.12:182][  0]LogDerivedDataCache:Display: Loaded Boot cache: C:/Users/JAVITO/AppData/Local/UnrealEngine/4.16/DerivedDataCache/Boot.ddc
[2018.03.04-11.49.12:182][  0]LogDerivedDataCache: FDerivedDataBackendGraph:  Pak pak cache file ../../../../../../Users/JAVITO/Desktop/Anarquia/Proyecto2/DerivedDataCache/DDC.ddp not found, will not use a pak cache.
[2018.03.04-11.49.12:182][  0]LogDerivedDataCache: Unable to find inner node Pak for hierarchical cache Hierarchy.
[2018.03.04-11.49.12:182][  0]LogDerivedDataCache: FDerivedDataBackendGraph:  CompressedPak pak cache file ../../../../../../Users/JAVITO/Desktop/Anarquia/Proyecto2/DerivedDataCache/Compressed.ddp not found, will not use a pak cache.
[2018.03.04-11.49.12:182][  0]LogDerivedDataCache: Unable to find inner node CompressedPak for hierarchical cache Hierarchy.
[2018.03.04-11.49.12:252][  0]LogDerivedDataCache:Display: Pak cache opened for reading ../../../Engine/DerivedDataCache/Compressed.ddp.
[2018.03.04-11.49.12:264][  0]LogDerivedDataCache: Using Local data cache path C:/Users/JAVITO/AppData/Local/UnrealEngine/Common/DerivedDataCache: Writable
[2018.03.04-11.49.12:274][  0]LogMaterial: Verifying Global Shaders for PCD3D_SM5
[2018.03.04-11.49.12:275][  0]LogSlate: Using Freetype 2.6.0
[2018.03.04-11.49.12:335][  0]LogSlate: SlateFontCache - WITH_FREETYPE: 1, WITH_HARFBUZZ: 1
[2018.03.04-11.49.12:335][  0]LogSlate: SlateFontCache - WITH_FREETYPE: 1, WITH_HARFBUZZ: 1
[2018.03.04-11.49.16:826][  0]LogInit: Selected Device Profile: [Windows]
[2018.03.04-11.49.17:156][  0]LogContentStreaming: Texture pool size is 0.00 MB
[2018.03.04-11.49.17:543][  0]LogMeshUtilities: Using QuadricMeshReduction for automatic static mesh reduction
[2018.03.04-11.49.17:685][  0]LogSimplygon: Simplygon DLL not present - disabling.
[2018.03.04-11.49.17:809][  0]LogMeshUtilities: Using SimplygonSwarm for distributed automatic mesh merging
[2018.03.04-11.49.17:809][  0]LogMeshUtilities: No automatic skeletal mesh reduction module available
[2018.03.04-11.49.17:809][  0]LogMeshUtilities: No automatic mesh merging module available
[2018.03.04-11.49.21:321][  0]LogNetVersion: Proyecto2 , NetCL: 3452394, EngineNetVer: 2, GameNetVer: 0 (Checksum: 2528454084)
[2018.03.04-11.49.21:506][  0]LogAssetRegistry: FAssetRegistry took 0.0316 seconds to start up
[2018.03.04-11.49.21:594][  0]LogPackageLocalizationCache: Processed 4 localized package path(s) for 1 prioritized culture(s) in 0.035669 seconds
[2018.03.04-11.49.21:601][  0]LogUObjectArray: 34194 objects as part of root set at end of initial load.
[2018.03.04-11.49.21:601][  0]LogUObjectAllocator: 7260424 out of 0 bytes used by permanent object pool.
[2018.03.04-11.49.21:601][  0]LogUObjectArray: CloseDisregardForGC: 0/0 objects in disregard for GC pool
[2018.03.04-11.49.21:700][  0]LogInit: WinSock: version 1.1 (2.2), MaxSocks=32767, MaxUdp=65467
[2018.03.04-11.50.02:378][  0]LogTcpMessaging: Initializing TcpMessaging bridge
[2018.03.04-11.50.02:514][  0]LogUdpMessaging: Initializing bridge on interface 0.0.0.0:0 to multicast group 230.0.0.1:6666.
[2018.03.04-11.50.04:045][  0]LogMaterial: Uniform references updated for custom material expression Custom.
[2018.03.04-11.50.04:760][  0]SourceControl: Info Source control is disabled
[2018.03.04-11.50.05:944][  0]SourceControl: Info Source control is disabled
[2018.03.04-11.50.06:024][  0]SourceControl: Info Source control is disabled
[2018.03.04-11.50.06:120][  0]SourceControl: Info Source control is disabled
[2018.03.04-11.50.08:002][  0]LogAndroidPermission: UAndroidPermissionCallbackProxy::GetInstance
[2018.03.04-11.50.09:317][  0]LogEngine: Initializing Engine...
[2018.03.04-11.50.09:318][  0]LogHMD: Failed to initialize OpenVR with code 110
[2018.03.04-11.50.09:567][  0]LogStats: UGameplayTagsManager::ConstructGameplayTagTree: Construct from data asset -  0.000 s
[2018.03.04-11.50.09:568][  0]LogStats: UGameplayTagsManager::ConstructGameplayTagTree: GameplayTagTreeChangedEvent.Broadcast -  0.000 s
[2018.03.04-11.50.09:801][  0]LogAIModule: Creating AISystem for world Untitled
[2018.03.04-11.50.09:817][  0]LogInit: XAudio2 using 'Altavoces (Realtek High Definition Audio)' : 2 channels at 48 kHz using 32 bits per sample (channel mask 0x3)
[2018.03.04-11.50.09:849][  0]LogInit: FAudioDevice initialized.
[2018.03.04-11.50.09:898][  0]LogDerivedDataCache: Saved boot cache 0.05s 90MB C:/Users/JAVITO/AppData/Local/UnrealEngine/4.16/DerivedDataCache/Boot.ddc.
[2018.03.04-11.50.09:910][  0]LogInit: Texture streaming: Enabled
[2018.03.04-11.50.10:919][  0]LogEngineSessionManager: EngineSessionManager initialized
[2018.03.04-11.50.13:353][  0]LogInit: Transaction tracking system initialized
[2018.03.04-11.50.14:449][  0]BlueprintLog: New page: Editor Load
[2018.03.04-11.50.16:362][  0]LocalizationService: Info Localization service is disabled
[2018.03.04-11.50.18:416][  0]LogConsoleResponse:Display: 
[2018.03.04-11.50.19:784][  0]LogCook:Display: Max memory allowance for cook 16384mb min free memory 0mb
[2018.03.04-11.50.19:784][  0]LogCook:Display: Mobile HDR setting 1
[2018.03.04-11.50.20:147][  0]LogFileCache: Scanning file cache for directory 'C:/Users/JAVITO/Desktop/Anarquia/Proyecto2/Content/' took 0.04s
[2018.03.04-11.50.24:490][  0]SourceControl: Info Source control is disabled
[2018.03.04-11.50.24:490][  0]Cmd: MAP LOAD FILE="../../../../../../Users/JAVITO/Desktop/Anarquia/Proyecto2/Content/ThirdPersonBP/Maps/Distrito1.umap" TEMPLATE=0 SHOWPROGRESS=1 FEATURELEVEL=3
[2018.03.04-11.50.24:491][  0]LightingResults: New page: Lighting Build
[2018.03.04-11.50.24:579][  0]MapCheck: New page: Map Check
[2018.03.04-11.50.24:579][  0]LightingResults: New page: Lighting Build
[2018.03.04-11.50.45:826][  0]LogAIModule: Creating AISystem for world Distrito1
[2018.03.04-11.50.48:169][  0]LogEditorServer: Finished looking for orphan Actors (0.000 secs)
[2018.03.04-11.50.48:242][  0]Cmd: MAP CHECKDEP NOCLEARLOG
[2018.03.04-11.50.48:350][  0]MapCheck: Info Map check complete: 0 Error(s), 0 Warning(s), took 107.43ms to complete.
[2018.03.04-11.50.48:350][  0]LogFileHelpers: Loading map 'Distrito1' took 23.860
[2018.03.04-11.50.48:534][  0]LogCollectionManager: Loaded 0 collections in 0.002026 seconds
[2018.03.04-11.50.48:637][  0]LogFileCache: Scanning file cache for directory 'C:/Users/JAVITO/Desktop/Anarquia/Proyecto2/Saved/Collections/' took 0.01s
[2018.03.04-11.50.48:637][  0]LogFileCache: Scanning file cache for directory 'C:/Users/JAVITO/Desktop/Anarquia/Proyecto2/Content/Developers/JAVITO/Collections/' took 0.01s
[2018.03.04-11.50.48:637][  0]LogFileCache: Scanning file cache for directory 'C:/Users/JAVITO/Desktop/Anarquia/Proyecto2/Content/Collections/' took 0.01s
[2018.03.04-11.50.48:637][  0]LogCollectionManager: Rebuilt the GUID cache for 0 collections in 0.000002 seconds
[2018.03.04-11.50.48:647][  0]LogContentBrowser: Native class hierarchy populated in 0.0100 seconds. Added 2329 classes and 491 folders.
[2018.03.04-11.50.48:745][  0]LogContentBrowser: Native class hierarchy updated for 'WidgetCarousel' in 0.0006 seconds. Added 0 classes and 0 folders.
[2018.03.04-11.50.52:277][  0]LogContentBrowser: Native class hierarchy updated for 'AddContentDialog' in 0.0012 seconds. Added 0 classes and 0 folders.
[2018.03.04-11.50.52:577][  0]LogContentBrowser: Native class hierarchy updated for 'SceneOutliner' in 0.0008 seconds. Added 1 classes and 2 folders.
[2018.03.04-11.50.52:761][  0]LogCrashTracker: Crashtracker disabled due to settings.
[2018.03.04-11.50.52:784][  0]LogSlate: Took 0.018046 seconds to synchronously load lazily loaded font '../../../Engine/Content/Slate/Fonts/Roboto-Regular.ttf' (155K)
[2018.03.04-11.50.52:795][  0]LogSlate: Took 0.009943 seconds to synchronously load lazily loaded font '../../../Engine/Content/Slate/Fonts/Roboto-Bold.ttf' (160K)
[2018.03.04-11.50.52:816][  0]LogSlate: Took 0.019540 seconds to synchronously load lazily loaded font '../../../Engine/Content/Editor/Slate/Fonts/FontAwesome.ttf' (139K)
[2018.03.04-11.50.52:991][  0]LogRenderer: Reallocating scene render targets to support 256x256 NumSamples 1 (Frame:1).
[2018.03.04-11.50.53:031][  0]LogRenderer: Reallocating scene render targets to support 1104x924 NumSamples 1 (Frame:1).
[2018.03.04-11.50.53:244][  0]LogUObjectGlobals:Warning: Failed to find object 'Class None.'
[2018.03.04-11.50.53:341][  0]LogContentBrowser: Native class hierarchy updated for 'HierarchicalLODOutliner' in 0.0006 seconds. Added 1 classes and 2 folders.
[2018.03.04-11.50.53:342][  0]LogLoad: (Engine Initialization) Total time: 125.50 seconds
[2018.03.04-11.50.53:342][  0]LogLoad: (Engine Initialization) Total Blueprint compile time: 1.58 seconds
[2018.03.04-11.50.53:342][  0]LogExternalProfiler: Found external profiler: VSPerf
[2018.03.04-11.50.53:342][  0]LogExternalProfiler: Using external profiler: VSPerf
[2018.03.04-11.50.53:682][  0]LogOcInput: OculusInput pre-init called
[2018.03.04-11.50.53:682][  0]LogHMD: Starting GearVRController plugin
[2018.03.04-11.50.53:729][  0]LogContentStreaming: Texture pool size now 600 MB
[2018.03.04-11.50.53:841][  0]LogSlate: Took 0.022567 seconds to synchronously load lazily loaded font '../../../Engine/Content/Slate/Fonts/Roboto-Light.ttf' (159K)
[2018.03.04-11.50.54:691][  3]LogAssetRegistry: Asset discovery search completed in 93.2068 seconds
[2018.03.04-11.50.54:694][  3]LogCollectionManager: Rebuilt the object cache for 0 collections in 0.000001 seconds (found 0 objects)
[2018.03.04-11.50.54:694][  3]LogCollectionManager: Fixed up redirectors for 0 collections in 0.000029 seconds (updated 0 objects)
[2018.03.04-11.53.04:849][174]LogSlate: Took 0.000190 seconds to synchronously load lazily loaded font '../../../Engine/Content/Slate/Fonts/Roboto-Light.ttf' (159K)
[2018.03.04-11.53.05:474][174]LogMaterial: Missing cached shader map for material transparente, compiling. 
[2018.03.04-11.53.05:529][174]LogAIModule: Creating AISystem for world NewTutorial
[2018.03.04-11.53.05:563][174]Cmd: MAP LOAD FILE="../../../../../../Users/JAVITO/Desktop/Anarquia/Proyecto2/Content/ThirdPersonBP/Maps/NewTutorial.umap" TEMPLATE=0 SHOWPROGRESS=1 FEATURELEVEL=3
[2018.03.04-11.53.05:563][174]LightingResults: New page: Lighting Build
[2018.03.04-11.53.05:564][174]LoadErrors: New page: Loading map: NewTutorial.umap
[2018.03.04-11.53.05:589][174]MapCheck: New page: Map Check
[2018.03.04-11.53.05:589][174]LightingResults: New page: Lighting Build
[2018.03.04-11.53.05:730][174]LogEditorServer: Finished looking for orphan Actors (0.000 secs)
[2018.03.04-11.53.05:794][174]Cmd: MAP CHECKDEP NOCLEARLOG
[2018.03.04-11.53.05:912][174]MapCheck: Info Map check complete: 0 Error(s), 0 Warning(s), took 117.585ms to complete.
[2018.03.04-11.53.05:912][174]LogFileHelpers: Loading map 'NewTutorial' took 0.349
[2018.03.04-13.18.44:654][574]LogTemp: Repeting last play command: Selected Viewport
[2018.03.04-13.18.45:067][574]LogBlueprintUserMessages: Early PlayInEditor Detection: Level '/Game/ThirdPersonBP/Maps/NewTutorial.NewTutorial:PersistentLevel' has LevelScriptBlueprint '/Game/ThirdPersonBP/Maps/NewTutorial.NewTutorial:PersistentLevel.NewTutorial' with GeneratedClass '/Game/ThirdPersonBP/Maps/NewTutorial.NewTutorial_C' with ClassGeneratedBy '/Game/ThirdPersonBP/Maps/NewTutorial.NewTutorial:PersistentLevel.NewTutorial'
[2018.03.04-13.18.45:067][574]LogPlayLevel: PlayLevel: No blueprints needed recompiling
[2018.03.04-13.18.45:067][574]PIE: New page: PIE session: NewTutorial (Mar 4, 2018, 3:18:45 PM)
[2018.03.04-13.18.45:068][574]LogPlayLevel: Creating play world package: /Game/ThirdPersonBP/Maps/UEDPIE_0_NewTutorial
[2018.03.04-13.18.45:094][574]LogPlayLevel: PIE: StaticDuplicateObject took: (0.026025s)
[2018.03.04-13.18.45:095][574]LogAIModule: Creating AISystem for world NewTutorial
[2018.03.04-13.18.45:095][574]LogPlayLevel: PIE: World Init took: (0.000898s)
[2018.03.04-13.18.45:095][574]LogPlayLevel: PIE: Created PIE world by copying editor world from /Game/ThirdPersonBP/Maps/NewTutorial.NewTutorial to /Game/ThirdPersonBP/Maps/UEDPIE_0_NewTutorial.NewTutorial (0.027172s)
[2018.03.04-13.18.45:117][574]LogInit: XAudio2 using 'Altavoces (Realtek High Definition Audio)' : 2 channels at 48 kHz using 32 bits per sample (channel mask 0x3)
[2018.03.04-13.18.45:126][574]LogInit: FAudioDevice initialized.
[2018.03.04-13.18.45:181][574]LogLoad: Game class is 'ThirdPersonGameMode_C'
[2018.03.04-13.18.45:185][574]LogWorld: Bringing World /Game/ThirdPersonBP/Maps/UEDPIE_0_NewTutorial.NewTutorial up for play (max tick rate 0) at 2018.03.04-14.18.45
[2018.03.04-13.18.45:185][574]LogWorld: Bringing up level for play took: 0.002601
[2018.03.04-13.18.45:253][574]LogContentBrowser: Native class hierarchy updated for 'MovieSceneCapture' in 0.0006 seconds. Added 11 classes and 0 folders.
[2018.03.04-13.18.45:265][574]PIE: Info Play in editor start time for /Game/ThirdPersonBP/Maps/UEDPIE_0_NewTutorial 0.235
[2018.03.04-13.18.45:265][574]LogBlueprintUserMessages: Late PlayInEditor Detection: Level '/Game/ThirdPersonBP/Maps/NewTutorial.NewTutorial:PersistentLevel' has LevelScriptBlueprint '/Game/ThirdPersonBP/Maps/NewTutorial.NewTutorial:PersistentLevel.NewTutorial' with GeneratedClass '/Game/ThirdPersonBP/Maps/NewTutorial.NewTutorial_C' with ClassGeneratedBy '/Game/ThirdPersonBP/Maps/NewTutorial.NewTutorial:PersistentLevel.NewTutorial'
[2018.03.04-13.18.56:529][883]LogBlueprintUserMessages: Early EndPlayMap Detection: Level '/Game/ThirdPersonBP/Maps/NewTutorial.NewTutorial:PersistentLevel' has LevelScriptBlueprint '/Game/ThirdPersonBP/Maps/NewTutorial.NewTutorial:PersistentLevel.NewTutorial' with GeneratedClass '/Game/ThirdPersonBP/Maps/NewTutorial.NewTutorial_C' with ClassGeneratedBy '/Game/ThirdPersonBP/Maps/NewTutorial.NewTutorial:PersistentLevel.NewTutorial'
[2018.03.04-13.18.56:565][883]LogBlueprintUserMessages: Late EndPlayMap Detection: Level '/Game/ThirdPersonBP/Maps/NewTutorial.NewTutorial:PersistentLevel' has LevelScriptBlueprint '/Game/ThirdPersonBP/Maps/NewTutorial.NewTutorial:PersistentLevel.NewTutorial' with GeneratedClass '/Game/ThirdPersonBP/Maps/NewTutorial.NewTutorial_C' with ClassGeneratedBy '/Game/ThirdPersonBP/Maps/NewTutorial.NewTutorial:PersistentLevel.NewTutorial'
[2018.03.04-13.31.37:587][329]LogContentBrowser: Native class hierarchy updated for 'BlueprintGraph' in 0.0010 seconds. Added 112 classes and 0 folders.
[2018.03.04-13.31.38:554][329]LogSlate: Took 0.000431 seconds to synchronously load lazily loaded font '../../../Engine/Content/Slate/Fonts/Roboto-Light.ttf' (159K)
[2018.03.04-13.31.38:574][329]LogSlate: Took 0.019099 seconds to synchronously load lazily loaded font '../../../Engine/Content/Editor/Slate/Fonts/Roboto-BoldCondensed.ttf' (158K)
[2018.03.04-13.32.51:446][542]LogSlate: Took 0.062214 seconds to synchronously load lazily loaded font '../../../Engine/Content/Slate/Fonts/DroidSansFallback.ttf' (3848K)
[2018.03.04-13.33.28:272][436]BlueprintLog: New page: Compile DialogosUI
[2018.03.04-13.33.28:425][436]BlueprintEditorCompileResults: Info Fast Template Successfully Created.
[2018.03.04-13.33.52:768][495]LogSlate: Took 0.020448 seconds to synchronously load lazily loaded font '../../../Engine/Content/Editor/Slate/Fonts/Roboto-Italic.ttf' (157K)
[2018.03.04-13.34.34:357][990]LogEditorViewport: Clicking on Actor (LMB): TriggerBox (TriggerBox2)
[2018.03.04-13.34.50:094][790]LogBlueprint:Warning: [Compiler ] Warning Pasted node  CustomEvent   conflicted with  OnActorBeginOverlap (TriggerBox2)  and was replaced as a Custom Event!
[2018.03.04-13.34.50:142][790]BlueprintEditorCompileResults:Warning: Warning Pasted node  CustomEvent   conflicted with  OnActorBeginOverlap (TriggerBox2)  and was replaced as a Custom Event!
[2018.03.04-13.35.32:810][595]BlueprintLog: New page: Compile NewTutorial
[2018.03.04-13.35.32:835][595]LogBlueprint:Warning: [Compiler PersistentLevel.NewTutorial] Warning 'Dialogos UI' does not inherit from 'Beat' ( Cast To DialogosUI  would always fail).
[2018.03.04-13.35.32:837][595]LogBlueprint:Error: [Compiler PersistentLevel.NewTutorial] Error The type of  Object  is undetermined.  Connect something to  Cast To beat  to imply a specific type.
[2018.03.04-13.35.32:837][595]LogBlueprint:Error: [Compiler PersistentLevel.NewTutorial] Error The current value of the ' Object ' pin is invalid: Unsupported type Object Wildcard on pin Object
[2018.03.04-13.35.33:187][595]BlueprintEditorCompileResults:Warning: Warning 'Dialogos UI' does not inherit from 'Beat' ( Cast To DialogosUI  would always fail).
[2018.03.04-13.35.33:187][595]BlueprintEditorCompileResults:Error: Error The type of  Object  is undetermined.  Connect something to  Cast To beat  to imply a specific type.
[2018.03.04-13.35.33:188][595]BlueprintEditorCompileResults:Error: Error The current value of the ' Object ' pin is invalid: Unsupported type Object Wildcard on pin Object
[2018.03.04-13.35.33:188][595]LogBlueprint:Warning: [Compiler PersistentLevel.NewTutorial] Warning [6405.34] Compile of PersistentLevel.NewTutorial failed. 2 Fatal Issue(s) 1 Warning(s) [in 377 ms] (/Game/ThirdPersonBP/Maps/NewTutorial.NewTutorial:PersistentLevel.NewTutorial)
[2018.03.04-13.35.38:677][142]BlueprintLog: New page: Compile NewTutorial
[2018.03.04-13.35.38:701][142]LogBlueprint:Warning: [Compiler PersistentLevel.NewTutorial] Warning 'Dialogos UI' does not inherit from 'Beat' ( Cast To DialogosUI  would always fail).
[2018.03.04-13.35.38:862][142]BlueprintEditorCompileResults:Warning: Warning 'Dialogos UI' does not inherit from 'Beat' ( Cast To DialogosUI  would always fail).
[2018.03.04-13.35.38:862][142]LogBlueprint:Warning: [Compiler PersistentLevel.NewTutorial] Warning [6411.02] Compile of PersistentLevel.NewTutorial successful, but with 1 Warning(s) [in 185 ms] (/Game/ThirdPersonBP/Maps/NewTutorial.NewTutorial:PersistentLevel.NewTutorial)
[2018.03.04-13.35.42:549][578]BlueprintLog: New page: Compile NewTutorial
[2018.03.04-13.35.42:575][578]LogBlueprint:Error: [Compiler PersistentLevel.NewTutorial] Error The type of  Object  is undetermined.  Connect something to  Cast To DialogosUI  to imply a specific type.
[2018.03.04-13.35.42:576][578]LogBlueprint:Error: [Compiler PersistentLevel.NewTutorial] Error The current value of the ' Object ' pin is invalid: Unsupported type Wildcard on pin Object
[2018.03.04-13.35.42:863][578]BlueprintEditorCompileResults:Error: Error The type of  Object  is undetermined.  Connect something to  Cast To DialogosUI  to imply a specific type.
[2018.03.04-13.35.42:863][578]BlueprintEditorCompileResults:Error: Error The current value of the ' Object ' pin is invalid: Unsupported type Wildcard on pin Object
[2018.03.04-13.35.42:863][578]LogBlueprint:Warning: [Compiler PersistentLevel.NewTutorial] Warning [6415.02] Compile of PersistentLevel.NewTutorial failed. 2 Fatal Issue(s) 0 Warning(s) [in 314 ms] (/Game/ThirdPersonBP/Maps/NewTutorial.NewTutorial:PersistentLevel.NewTutorial)
[2018.03.04-13.35.54:941][995]BlueprintLog: New page: Compile NewTutorial
[2018.03.04-13.35.54:965][995]LogBlueprint:Warning: [Compiler PersistentLevel.NewTutorial] Warning 'Dialogos UI' does not inherit from 'Actor' ( Cast To DialogosUI  would always fail).
[2018.03.04-13.35.55:102][995]BlueprintEditorCompileResults:Warning: Warning 'Dialogos UI' does not inherit from 'Actor' ( Cast To DialogosUI  would always fail).
[2018.03.04-13.35.55:103][995]LogBlueprint:Warning: [Compiler PersistentLevel.NewTutorial] Warning [6427.26] Compile of PersistentLevel.NewTutorial successful, but with 1 Warning(s) [in 161 ms] (/Game/ThirdPersonBP/Maps/NewTutorial.NewTutorial:PersistentLevel.NewTutorial)
[2018.03.04-13.36.20:487][979]BlueprintLog: New page: Compile DialogosUI
[2018.03.04-13.36.20:670][979]BlueprintEditorCompileResults: Info Fast Template Successfully Created.
[2018.03.04-13.36.40:879][130]BlueprintLog: New page: Compile NewTutorial
[2018.03.04-13.36.40:904][130]LogBlueprint:Warning: [Compiler PersistentLevel.NewTutorial] Warning 'Dialogos UI' does not inherit from 'Actor' ( Cast To DialogosUI  would always fail).
[2018.03.04-13.36.41:048][130]BlueprintEditorCompileResults:Warning: Warning 'Dialogos UI' does not inherit from 'Actor' ( Cast To DialogosUI  would always fail).
[2018.03.04-13.36.41:048][130]LogBlueprint:Warning: [Compiler PersistentLevel.NewTutorial] Warning [6473.20] Compile of PersistentLevel.NewTutorial successful, but with 1 Warning(s) [in 168 ms] (/Game/ThirdPersonBP/Maps/NewTutorial.NewTutorial:PersistentLevel.NewTutorial)
[2018.03.04-13.36.43:722][439]BlueprintLog: New page: Compile NewTutorial
[2018.03.04-13.36.43:746][439]LogBlueprint:Warning: [Compiler PersistentLevel.NewTutorial] Warning 'Dialogos UI' does not inherit from 'Actor' ( Cast To DialogosUI  would always fail).
[2018.03.04-13.36.43:887][439]BlueprintEditorCompileResults:Warning: Warning 'Dialogos UI' does not inherit from 'Actor' ( Cast To DialogosUI  would always fail).
[2018.03.04-13.36.43:888][439]LogBlueprint:Warning: [Compiler PersistentLevel.NewTutorial] Warning [6476.04] Compile of PersistentLevel.NewTutorial successful, but with 1 Warning(s) [in 165 ms] (/Game/ThirdPersonBP/Maps/NewTutorial.NewTutorial:PersistentLevel.NewTutorial)
[2018.03.04-13.37.33:955][756]BlueprintLog: New page: Compile NewTutorial
[2018.03.04-13.37.33:980][756]LogBlueprint:Warning: [Compiler PersistentLevel.NewTutorial] Warning 'Dialogos UI' does not inherit from 'Actor' ( Cast To DialogosUI  would always fail).
[2018.03.04-13.37.33:983][756]LogBlueprint:Error: [Compiler PersistentLevel.NewTutorial] Error The current value of the ' In Tool Tip Text ' pin is invalid: 'In Tool Tip Text' must have an input wired into it ("by ref" params expect a valid input to operate on).
[2018.03.04-13.37.34:244][756]BlueprintEditorCompileResults:Warning: Warning 'Dialogos UI' does not inherit from 'Actor' ( Cast To DialogosUI  would always fail).
[2018.03.04-13.37.34:244][756]BlueprintEditorCompileResults:Error: Error The current value of the ' In Tool Tip Text ' pin is invalid: 'In Tool Tip Text' must have an input wired into it ("by ref" params expect a valid input to operate on).
[2018.03.04-13.37.34:244][756]LogBlueprint:Warning: [Compiler PersistentLevel.NewTutorial] Warning [6526.40] Compile of PersistentLevel.NewTutorial failed. 1 Fatal Issue(s) 1 Warning(s) [in 289 ms] (/Game/ThirdPersonBP/Maps/NewTutorial.NewTutorial:PersistentLevel.NewTutorial)
[2018.03.04-13.48.18:365][891]LogSavePackage: Save=393.83ms
[2018.03.04-13.48.18:365][891]LogSavePackage: Moving '../../../../../../Users/JAVITO/Desktop/Anarquia/Proyecto2/Saved/NewTutorial_Auto1D3BB2EDC4AC27F69A36BD7AA5B838A49.tmp' to '../../../../../../Users/JAVITO/Desktop/Anarquia/Proyecto2/Saved/Autosaves/Game/ThirdPersonBP/Maps/NewTutorial_Auto1.umap'
[2018.03.04-13.48.18:370][891]LogSavePackage:Display: Finished SavePackage ../../../../../../Users/JAVITO/Desktop/Anarquia/Proyecto2/Saved/Autosaves/Game/ThirdPersonBP/Maps/NewTutorial_Auto1.umap
[2018.03.04-13.48.18:374][891]LogFileHelpers: Editor autosave (incl. sublevels) for '/Game/ThirdPersonBP/Maps/NewTutorial' took 0.465
[2018.03.04-13.48.18:374][891]LogFileHelpers: Editor autosave (incl. sublevels) for all levels took 0.465
[2018.03.04-13.48.18:378][891]OBJ SavePackage: Generating thumbnails for [0] asset(s) in package [/Game/ThirdPersonBP/Blueprints/PropsWorld/tutorial/Dialogos/DialogosUI] ([1] browsable assets)...
[2018.03.04-13.48.18:379][891]OBJ SavePackage: Finished generating thumbnails for package [/Game/ThirdPersonBP/Blueprints/PropsWorld/tutorial/Dialogos/DialogosUI]
[2018.03.04-13.48.18:423][891]LogSavePackage: Save=13.40ms
[2018.03.04-13.48.18:423][891]LogSavePackage: Moving '../../../../../../Users/JAVITO/Desktop/Anarquia/Proyecto2/Saved/DialogosUI_Auto1D4EB79ED4FE9B361A29F978017687670.tmp' to '../../../../../../Users/JAVITO/Desktop/Anarquia/Proyecto2/Saved/Autosaves/Game/ThirdPersonBP/Blueprints/PropsWorld/tutorial/Dialogos/DialogosUI_Auto1.uasset'
[2018.03.04-13.48.18:426][891]LogSavePackage:Display: Finished SavePackage ../../../../../../Users/JAVITO/Desktop/Anarquia/Proyecto2/Saved/Autosaves/Game/ThirdPersonBP/Blueprints/PropsWorld/tutorial/Dialogos/DialogosUI_Auto1.uasset
[2018.03.04-13.48.18:426][891]LogFileHelpers: Auto-saving content packages took 0.049
[2018.03.04-14.35.43:882][634]LogSavePackage: Save=378.72ms
[2018.03.04-14.35.43:882][634]LogSavePackage: Moving '../../../../../../Users/JAVITO/Desktop/Anarquia/Proyecto2/Saved/NewTutorial_Auto20A90F45744940D44A051D69161795E35.tmp' to '../../../../../../Users/JAVITO/Desktop/Anarquia/Proyecto2/Saved/Autosaves/Game/ThirdPersonBP/Maps/NewTutorial_Auto2.umap'
[2018.03.04-14.35.43:887][634]LogSavePackage:Display: Finished SavePackage ../../../../../../Users/JAVITO/Desktop/Anarquia/Proyecto2/Saved/Autosaves/Game/ThirdPersonBP/Maps/NewTutorial_Auto2.umap
[2018.03.04-14.35.43:890][634]LogFileHelpers: Editor autosave (incl. sublevels) for '/Game/ThirdPersonBP/Maps/NewTutorial' took 0.441
[2018.03.04-14.35.43:890][634]LogFileHelpers: Editor autosave (incl. sublevels) for all levels took 0.441
[2018.03.04-14.36.23:436][187]BlueprintLog: New page: Compile NewTutorial
[2018.03.04-14.36.27:390][616]LogTemp: Repeting last play command: Selected Viewport
[2018.03.04-14.36.27:421][616]LogBlueprintUserMessages: Early PlayInEditor Detection: Level '/Game/ThirdPersonBP/Maps/NewTutorial.NewTutorial:PersistentLevel' has LevelScriptBlueprint '/Game/ThirdPersonBP/Maps/NewTutorial.NewTutorial:PersistentLevel.NewTutorial' with GeneratedClass '/Game/ThirdPersonBP/Maps/NewTutorial.NewTutorial_C' with ClassGeneratedBy '/Game/ThirdPersonBP/Maps/NewTutorial.NewTutorial:PersistentLevel.NewTutorial'
[2018.03.04-14.36.27:421][616]LogPlayLevel: PlayLevel: No blueprints needed recompiling
[2018.03.04-14.36.27:421][616]PIE: New page: PIE session: NewTutorial (Mar 4, 2018, 4:36:27 PM)
[2018.03.04-14.36.27:422][616]LogPlayLevel: Creating play world package: /Game/ThirdPersonBP/Maps/UEDPIE_0_NewTutorial
[2018.03.04-14.36.27:430][616]LogPlayLevel: PIE: StaticDuplicateObject took: (0.007672s)
[2018.03.04-14.36.27:430][616]LogAIModule: Creating AISystem for world NewTutorial
[2018.03.04-14.36.27:431][616]LogPlayLevel: PIE: World Init took: (0.000861s)
[2018.03.04-14.36.27:431][616]LogPlayLevel: PIE: Created PIE world by copying editor world from /Game/ThirdPersonBP/Maps/NewTutorial.NewTutorial to /Game/ThirdPersonBP/Maps/UEDPIE_0_NewTutorial.NewTutorial (0.008781s)
[2018.03.04-14.36.27:461][616]LogInit: XAudio2 using 'Altavoces (Realtek High Definition Audio)' : 2 channels at 48 kHz using 32 bits per sample (channel mask 0x3)
[2018.03.04-14.36.27:470][616]LogInit: FAudioDevice initialized.
[2018.03.04-14.36.27:508][616]LogLoad: Game class is 'ThirdPersonGameMode_C'
[2018.03.04-14.36.27:512][616]LogWorld: Bringing World /Game/ThirdPersonBP/Maps/UEDPIE_0_NewTutorial.NewTutorial up for play (max tick rate 0) at 2018.03.04-15.36.27
[2018.03.04-14.36.27:513][616]LogWorld: Bringing up level for play took: 0.002888
[2018.03.04-14.36.27:517][616]PIE: Info Play in editor start time for /Game/ThirdPersonBP/Maps/UEDPIE_0_NewTutorial 0.487
[2018.03.04-14.36.27:517][616]LogBlueprintUserMessages: Late PlayInEditor Detection: Level '/Game/ThirdPersonBP/Maps/NewTutorial.NewTutorial:PersistentLevel' has LevelScriptBlueprint '/Game/ThirdPersonBP/Maps/NewTutorial.NewTutorial:PersistentLevel.NewTutorial' with GeneratedClass '/Game/ThirdPersonBP/Maps/NewTutorial.NewTutorial_C' with ClassGeneratedBy '/Game/ThirdPersonBP/Maps/NewTutorial.NewTutorial:PersistentLevel.NewTutorial'
[2018.03.04-14.36.30:442][961]LogBlueprintUserMessages: Early EndPlayMap Detection: Level '/Game/ThirdPersonBP/Maps/NewTutorial.NewTutorial:PersistentLevel' has LevelScriptBlueprint '/Game/ThirdPersonBP/Maps/NewTutorial.NewTutorial:PersistentLevel.NewTutorial' with GeneratedClass '/Game/ThirdPersonBP/Maps/NewTutorial.NewTutorial_C' with ClassGeneratedBy '/Game/ThirdPersonBP/Maps/NewTutorial.NewTutorial:PersistentLevel.NewTutorial'
[2018.03.04-14.36.30:502][961]LogBlueprintUserMessages: Late EndPlayMap Detection: Level '/Game/ThirdPersonBP/Maps/NewTutorial.NewTutorial:PersistentLevel' has LevelScriptBlueprint '/Game/ThirdPersonBP/Maps/NewTutorial.NewTutorial:PersistentLevel.NewTutorial' with GeneratedClass '/Game/ThirdPersonBP/Maps/NewTutorial.NewTutorial_C' with ClassGeneratedBy '/Game/ThirdPersonBP/Maps/NewTutorial.NewTutorial:PersistentLevel.NewTutorial'
[2018.03.04-14.36.52:407][520]BlueprintLog: New page: Compile NewTutorial
[2018.03.04-14.36.52:433][520]LogBlueprint:Error: [Compiler PersistentLevel.NewTutorial] Error This blueprint (self) is not a Widget, therefore ' Target ' must have a connection.
[2018.03.04-14.36.52:705][520]BlueprintEditorCompileResults:Error: Error This blueprint (self) is not a Widget, therefore ' Target ' must have a connection.
[2018.03.04-14.36.52:705][520]LogBlueprint:Warning: [Compiler PersistentLevel.NewTutorial] Warning [0084.86] Compile of PersistentLevel.NewTutorial failed. 1 Fatal Issue(s) 0 Warning(s) [in 297 ms] (/Game/ThirdPersonBP/Maps/NewTutorial.NewTutorial:PersistentLevel.NewTutorial)
[2018.03.04-14.36.58:356][174]BlueprintLog: New page: Compile NewTutorial
[2018.03.04-14.36.59:685][293]LogTemp: Repeting last play command: Selected Viewport
[2018.03.04-14.36.59:715][293]LogBlueprintUserMessages: Early PlayInEditor Detection: Level '/Game/ThirdPersonBP/Maps/NewTutorial.NewTutorial:PersistentLevel' has LevelScriptBlueprint '/Game/ThirdPersonBP/Maps/NewTutorial.NewTutorial:PersistentLevel.NewTutorial' with GeneratedClass '/Game/ThirdPersonBP/Maps/NewTutorial.NewTutorial_C' with ClassGeneratedBy '/Game/ThirdPersonBP/Maps/NewTutorial.NewTutorial:PersistentLevel.NewTutorial'
[2018.03.04-14.36.59:715][293]LogPlayLevel: PlayLevel: No blueprints needed recompiling
[2018.03.04-14.36.59:715][293]PIE: New page: PIE session: NewTutorial (Mar 4, 2018, 4:36:59 PM)
[2018.03.04-14.36.59:716][293]LogPlayLevel: Creating play world package: /Game/ThirdPersonBP/Maps/UEDPIE_0_NewTutorial
[2018.03.04-14.36.59:723][293]LogPlayLevel: PIE: StaticDuplicateObject took: (0.007510s)
[2018.03.04-14.36.59:724][293]LogAIModule: Creating AISystem for world NewTutorial
[2018.03.04-14.36.59:724][293]LogPlayLevel: PIE: World Init took: (0.000692s)
[2018.03.04-14.36.59:724][293]LogPlayLevel: PIE: Created PIE world by copying editor world from /Game/ThirdPersonBP/Maps/NewTutorial.NewTutorial to /Game/ThirdPersonBP/Maps/UEDPIE_0_NewTutorial.NewTutorial (0.008437s)
[2018.03.04-14.36.59:754][293]LogInit: XAudio2 using 'Altavoces (Realtek High Definition Audio)' : 2 channels at 48 kHz using 32 bits per sample (channel mask 0x3)
[2018.03.04-14.36.59:763][293]LogInit: FAudioDevice initialized.
[2018.03.04-14.36.59:796][293]LogLoad: Game class is 'ThirdPersonGameMode_C'
[2018.03.04-14.36.59:799][293]LogWorld: Bringing World /Game/ThirdPersonBP/Maps/UEDPIE_0_NewTutorial.NewTutorial up for play (max tick rate 0) at 2018.03.04-15.36.59
[2018.03.04-14.36.59:799][293]LogWorld: Bringing up level for play took: 0.002255
[2018.03.04-14.36.59:803][293]PIE: Info Play in editor start time for /Game/ThirdPersonBP/Maps/UEDPIE_0_NewTutorial 0.773
[2018.03.04-14.36.59:804][293]LogBlueprintUserMessages: Late PlayInEditor Detection: Level '/Game/ThirdPersonBP/Maps/NewTutorial.NewTutorial:PersistentLevel' has LevelScriptBlueprint '/Game/ThirdPersonBP/Maps/NewTutorial.NewTutorial:PersistentLevel.NewTutorial' with GeneratedClass '/Game/ThirdPersonBP/Maps/NewTutorial.NewTutorial_C' with ClassGeneratedBy '/Game/ThirdPersonBP/Maps/NewTutorial.NewTutorial:PersistentLevel.NewTutorial'
[2018.03.04-14.37.01:644][506]LogBlueprintUserMessages: Early EndPlayMap Detection: Level '/Game/ThirdPersonBP/Maps/NewTutorial.NewTutorial:PersistentLevel' has LevelScriptBlueprint '/Game/ThirdPersonBP/Maps/NewTutorial.NewTutorial:PersistentLevel.NewTutorial' with GeneratedClass '/Game/ThirdPersonBP/Maps/NewTutorial.NewTutorial_C' with ClassGeneratedBy '/Game/ThirdPersonBP/Maps/NewTutorial.NewTutorial:PersistentLevel.NewTutorial'
[2018.03.04-14.37.01:721][506]LogBlueprintUserMessages: Late EndPlayMap Detection: Level '/Game/ThirdPersonBP/Maps/NewTutorial.NewTutorial:PersistentLevel' has LevelScriptBlueprint '/Game/ThirdPersonBP/Maps/NewTutorial.NewTutorial:PersistentLevel.NewTutorial' with GeneratedClass '/Game/ThirdPersonBP/Maps/NewTutorial.NewTutorial_C' with ClassGeneratedBy '/Game/ThirdPersonBP/Maps/NewTutorial.NewTutorial:PersistentLevel.NewTutorial'
[2018.03.04-14.37.24:704][163]BlueprintLog: New page: Compile NewTutorial
[2018.03.04-14.37.24:731][163]LogBlueprint:Error: [Compiler PersistentLevel.NewTutorial] Error The type of  Object  is undetermined.  Connect something to  Cast To beat  to imply a specific type.
[2018.03.04-14.37.24:732][163]LogBlueprint:Error: [Compiler PersistentLevel.NewTutorial] Error The current value of the ' Object ' pin is invalid: Unsupported type Object Wildcard on pin Object
[2018.03.04-14.37.24:994][163]BlueprintEditorCompileResults:Error: Error The type of  Object  is undetermined.  Connect something to  Cast To beat  to imply a specific type.
[2018.03.04-14.37.24:994][163]BlueprintEditorCompileResults:Error: Error The current value of the ' Object ' pin is invalid: Unsupported type Object Wildcard on pin Object
[2018.03.04-14.37.24:994][163]LogBlueprint:Warning: [Compiler PersistentLevel.NewTutorial] Warning [0117.15] Compile of PersistentLevel.NewTutorial failed. 2 Fatal Issue(s) 0 Warning(s) [in 289 ms] (/Game/ThirdPersonBP/Maps/NewTutorial.NewTutorial:PersistentLevel.NewTutorial)
[2018.03.04-14.39.10:412][ 59]BlueprintLog: New page: Compile DialogosUI
[2018.03.04-14.39.10:562][ 59]BlueprintEditorCompileResults: Info Fast Template Successfully Created.
[2018.03.04-14.41.20:645][323]BlueprintLog: New page: Compile DialogosUI
[2018.03.04-14.41.20:788][323]BlueprintEditorCompileResults: Info Fast Template Successfully Created.
[2018.03.04-14.42.10:544][629]BlueprintLog: New page: Compile DialogosUI
[2018.03.04-14.42.10:684][629]BlueprintEditorCompileResults: Info Fast Template Successfully Created.
[2018.03.04-14.42.27:152][559]BlueprintLog: New page: Compile NewTutorial
[2018.03.04-14.42.27:175][559]LogBlueprint:Warning: [Compiler PersistentLevel.NewTutorial] Warning 'Dialogos UI' does not inherit from 'Actor' ( Cast To DialogosUI  would always fail).
[2018.03.04-14.42.27:313][559]BlueprintEditorCompileResults:Warning: Warning 'Dialogos UI' does not inherit from 'Actor' ( Cast To DialogosUI  would always fail).
[2018.03.04-14.42.27:313][559]LogBlueprint:Warning: [Compiler PersistentLevel.NewTutorial] Warning [0419.47] Compile of PersistentLevel.NewTutorial successful, but with 1 Warning(s) [in 160 ms] (/Game/ThirdPersonBP/Maps/NewTutorial.NewTutorial:PersistentLevel.NewTutorial)
[2018.03.04-14.42.32:915][219]BlueprintLog: New page: Compile NewTutorial
[2018.03.04-14.42.32:941][219]LogBlueprint:Error: [Compiler PersistentLevel.NewTutorial] Error The type of  Object  is undetermined.  Connect something to  Cast To DialogosUI  to imply a specific type.
[2018.03.04-14.42.32:941][219]LogBlueprint:Error: [Compiler PersistentLevel.NewTutorial] Error The current value of the ' Object ' pin is invalid: Unsupported type Wildcard on pin Object
[2018.03.04-14.42.33:208][219]BlueprintEditorCompileResults:Error: Error The type of  Object  is undetermined.  Connect something to  Cast To DialogosUI  to imply a specific type.
[2018.03.04-14.42.33:208][219]BlueprintEditorCompileResults:Error: Error The current value of the ' Object ' pin is invalid: Unsupported type Wildcard on pin Object
[2018.03.04-14.42.33:208][219]LogBlueprint:Warning: [Compiler PersistentLevel.NewTutorial] Warning [0425.36] Compile of PersistentLevel.NewTutorial failed. 2 Fatal Issue(s) 0 Warning(s) [in 292 ms] (/Game/ThirdPersonBP/Maps/NewTutorial.NewTutorial:PersistentLevel.NewTutorial)
[2018.03.04-14.42.38:911][884]BlueprintLog: New page: Compile NewTutorial
[2018.03.04-14.42.42:131][232]LogTemp: Repeting last play command: Selected Viewport
[2018.03.04-14.42.42:177][232]LogBlueprintUserMessages: Early PlayInEditor Detection: Level '/Game/ThirdPersonBP/Maps/NewTutorial.NewTutorial:PersistentLevel' has LevelScriptBlueprint '/Game/ThirdPersonBP/Maps/NewTutorial.NewTutorial:PersistentLevel.NewTutorial' with GeneratedClass '/Game/ThirdPersonBP/Maps/NewTutorial.NewTutorial_C' with ClassGeneratedBy '/Game/ThirdPersonBP/Maps/NewTutorial.NewTutorial:PersistentLevel.NewTutorial'
[2018.03.04-14.42.42:177][232]LogPlayLevel: PlayLevel: No blueprints needed recompiling
[2018.03.04-14.42.42:177][232]PIE: New page: PIE session: NewTutorial (Mar 4, 2018, 4:42:42 PM)
[2018.03.04-14.42.42:178][232]LogPlayLevel: Creating play world package: /Game/ThirdPersonBP/Maps/UEDPIE_0_NewTutorial
[2018.03.04-14.42.42:185][232]LogPlayLevel: PIE: StaticDuplicateObject took: (0.007544s)
[2018.03.04-14.42.42:186][232]LogAIModule: Creating AISystem for world NewTutorial
[2018.03.04-14.42.42:186][232]LogPlayLevel: PIE: World Init took: (0.000764s)
[2018.03.04-14.42.42:186][232]LogPlayLevel: PIE: Created PIE world by copying editor world from /Game/ThirdPersonBP/Maps/NewTutorial.NewTutorial to /Game/ThirdPersonBP/Maps/UEDPIE_0_NewTutorial.NewTutorial (0.008550s)
[2018.03.04-14.42.42:229][232]LogInit: XAudio2 using 'Altavoces (Realtek High Definition Audio)' : 2 channels at 48 kHz using 32 bits per sample (channel mask 0x3)
[2018.03.04-14.42.42:239][232]LogInit: FAudioDevice initialized.
[2018.03.04-14.42.42:275][232]LogLoad: Game class is 'ThirdPersonGameMode_C'
[2018.03.04-14.42.42:279][232]LogWorld: Bringing World /Game/ThirdPersonBP/Maps/UEDPIE_0_NewTutorial.NewTutorial up for play (max tick rate 0) at 2018.03.04-15.42.42
[2018.03.04-14.42.42:280][232]LogWorld: Bringing up level for play took: 0.002535
[2018.03.04-14.42.42:284][232]PIE: Info Play in editor start time for /Game/ThirdPersonBP/Maps/UEDPIE_0_NewTutorial -0.746
[2018.03.04-14.42.42:285][232]LogBlueprintUserMessages: Late PlayInEditor Detection: Level '/Game/ThirdPersonBP/Maps/NewTutorial.NewTutorial:PersistentLevel' has LevelScriptBlueprint '/Game/ThirdPersonBP/Maps/NewTutorial.NewTutorial:PersistentLevel.NewTutorial' with GeneratedClass '/Game/ThirdPersonBP/Maps/NewTutorial.NewTutorial_C' with ClassGeneratedBy '/Game/ThirdPersonBP/Maps/NewTutorial.NewTutorial:PersistentLevel.NewTutorial'
[2018.03.04-14.42.43:216][341]LogBlueprintUserMessages: Early EndPlayMap Detection: Level '/Game/ThirdPersonBP/Maps/NewTutorial.NewTutorial:PersistentLevel' has LevelScriptBlueprint '/Game/ThirdPersonBP/Maps/NewTutorial.NewTutorial:PersistentLevel.NewTutorial' with GeneratedClass '/Game/ThirdPersonBP/Maps/NewTutorial.NewTutorial_C' with ClassGeneratedBy '/Game/ThirdPersonBP/Maps/NewTutorial.NewTutorial:PersistentLevel.NewTutorial'
[2018.03.04-14.42.43:275][341]LogBlueprintUserMessages: Late EndPlayMap Detection: Level '/Game/ThirdPersonBP/Maps/NewTutorial.NewTutorial:PersistentLevel' has LevelScriptBlueprint '/Game/ThirdPersonBP/Maps/NewTutorial.NewTutorial:PersistentLevel.NewTutorial' with GeneratedClass '/Game/ThirdPersonBP/Maps/NewTutorial.NewTutorial_C' with ClassGeneratedBy '/Game/ThirdPersonBP/Maps/NewTutorial.NewTutorial:PersistentLevel.NewTutorial'
[2018.03.04-14.42.48:238][909]BlueprintLog: New page: Compile DialogosUI
[2018.03.04-14.42.48:391][909]BlueprintEditorCompileResults: Info Fast Template Successfully Created.
[2018.03.04-14.42.49:877][ 64]LogTemp: Repeting last play command: Selected Viewport
[2018.03.04-14.42.49:907][ 64]LogBlueprintUserMessages: Early PlayInEditor Detection: Level '/Game/ThirdPersonBP/Maps/NewTutorial.NewTutorial:PersistentLevel' has LevelScriptBlueprint '/Game/ThirdPersonBP/Maps/NewTutorial.NewTutorial:PersistentLevel.NewTutorial' with GeneratedClass '/Game/ThirdPersonBP/Maps/NewTutorial.NewTutorial_C' with ClassGeneratedBy '/Game/ThirdPersonBP/Maps/NewTutorial.NewTutorial:PersistentLevel.NewTutorial'
[2018.03.04-14.42.49:907][ 64]LogPlayLevel: PlayLevel: No blueprints needed recompiling
[2018.03.04-14.42.49:907][ 64]PIE: New page: PIE session: NewTutorial (Mar 4, 2018, 4:42:49 PM)
[2018.03.04-14.42.49:908][ 64]LogPlayLevel: Creating play world package: /Game/ThirdPersonBP/Maps/UEDPIE_0_NewTutorial
[2018.03.04-14.42.49:915][ 64]LogPlayLevel: PIE: StaticDuplicateObject took: (0.007240s)
[2018.03.04-14.42.49:916][ 64]LogAIModule: Creating AISystem for world NewTutorial
[2018.03.04-14.42.49:916][ 64]LogPlayLevel: PIE: World Init took: (0.000925s)
[2018.03.04-14.42.49:916][ 64]LogPlayLevel: PIE: Created PIE world by copying editor world from /Game/ThirdPersonBP/Maps/NewTutorial.NewTutorial to /Game/ThirdPersonBP/Maps/UEDPIE_0_NewTutorial.NewTutorial (0.008455s)
[2018.03.04-14.42.49:943][ 64]LogInit: XAudio2 using 'Altavoces (Realtek High Definition Audio)' : 2 channels at 48 kHz using 32 bits per sample (channel mask 0x3)
[2018.03.04-14.42.49:951][ 64]LogInit: FAudioDevice initialized.
[2018.03.04-14.42.49:988][ 64]LogLoad: Game class is 'ThirdPersonGameMode_C'
[2018.03.04-14.42.49:991][ 64]LogWorld: Bringing World /Game/ThirdPersonBP/Maps/UEDPIE_0_NewTutorial.NewTutorial up for play (max tick rate 0) at 2018.03.04-15.42.49
[2018.03.04-14.42.49:991][ 64]LogWorld: Bringing up level for play took: 0.002246
[2018.03.04-14.42.49:996][ 64]PIE: Info Play in editor start time for /Game/ThirdPersonBP/Maps/UEDPIE_0_NewTutorial 0.966
[2018.03.04-14.42.49:996][ 64]LogBlueprintUserMessages: Late PlayInEditor Detection: Level '/Game/ThirdPersonBP/Maps/NewTutorial.NewTutorial:PersistentLevel' has LevelScriptBlueprint '/Game/ThirdPersonBP/Maps/NewTutorial.NewTutorial:PersistentLevel.NewTutorial' with GeneratedClass '/Game/ThirdPersonBP/Maps/NewTutorial.NewTutorial_C' with ClassGeneratedBy '/Game/ThirdPersonBP/Maps/NewTutorial.NewTutorial:PersistentLevel.NewTutorial'
[2018.03.04-14.42.53:201][444]LogBlueprintUserMessages: Early EndPlayMap Detection: Level '/Game/ThirdPersonBP/Maps/NewTutorial.NewTutorial:PersistentLevel' has LevelScriptBlueprint '/Game/ThirdPersonBP/Maps/NewTutorial.NewTutorial:PersistentLevel.NewTutorial' with GeneratedClass '/Game/ThirdPersonBP/Maps/NewTutorial.NewTutorial_C' with ClassGeneratedBy '/Game/ThirdPersonBP/Maps/NewTutorial.NewTutorial:PersistentLevel.NewTutorial'
[2018.03.04-14.42.53:261][444]LogBlueprintUserMessages: Late EndPlayMap Detection: Level '/Game/ThirdPersonBP/Maps/NewTutorial.NewTutorial:PersistentLevel' has LevelScriptBlueprint '/Game/ThirdPersonBP/Maps/NewTutorial.NewTutorial:PersistentLevel.NewTutorial' with GeneratedClass '/Game/ThirdPersonBP/Maps/NewTutorial.NewTutorial_C' with ClassGeneratedBy '/Game/ThirdPersonBP/Maps/NewTutorial.NewTutorial:PersistentLevel.NewTutorial'
[2018.03.04-14.44.12:498][875]BlueprintLog: New page: Compile NewTutorial
[2018.03.04-14.44.12:665][875]LogBlueprint:Error: [Compiler PersistentLevel.NewTutorial] Error Spawn node  Create Widget  must have a class specified.
[2018.03.04-14.44.12:957][875]BlueprintEditorCompileResults:Error: Error Spawn node  Create Widget  must have a class specified.
[2018.03.04-14.44.12:957][875]LogBlueprint:Warning: [Compiler PersistentLevel.NewTutorial] Warning [0525.11] Compile of PersistentLevel.NewTutorial failed. 1 Fatal Issue(s) 0 Warning(s) [in 459 ms] (/Game/ThirdPersonBP/Maps/NewTutorial.NewTutorial:PersistentLevel.NewTutorial)
[2018.03.04-14.44.15:426][156]LogSlate:Warning: Prevented a slow task dialog from being summoned while a context menu was open
[2018.03.04-14.44.21:318][844]BlueprintLog: New page: Compile NewTutorial
[2018.03.04-14.44.23:347][ 44]LogTemp: Repeting last play command: Selected Viewport
[2018.03.04-14.44.23:378][ 44]LogBlueprintUserMessages: Early PlayInEditor Detection: Level '/Game/ThirdPersonBP/Maps/NewTutorial.NewTutorial:PersistentLevel' has LevelScriptBlueprint '/Game/ThirdPersonBP/Maps/NewTutorial.NewTutorial:PersistentLevel.NewTutorial' with GeneratedClass '/Game/ThirdPersonBP/Maps/NewTutorial.NewTutorial_C' with ClassGeneratedBy '/Game/ThirdPersonBP/Maps/NewTutorial.NewTutorial:PersistentLevel.NewTutorial'
[2018.03.04-14.44.23:378][ 44]LogPlayLevel: PlayLevel: No blueprints needed recompiling
[2018.03.04-14.44.23:379][ 44]PIE: New page: PIE session: NewTutorial (Mar 4, 2018, 4:44:23 PM)
[2018.03.04-14.44.23:379][ 44]LogPlayLevel: Creating play world package: /Game/ThirdPersonBP/Maps/UEDPIE_0_NewTutorial
[2018.03.04-14.44.23:387][ 44]LogPlayLevel: PIE: StaticDuplicateObject took: (0.007640s)
[2018.03.04-14.44.23:388][ 44]LogAIModule: Creating AISystem for world NewTutorial
[2018.03.04-14.44.23:388][ 44]LogPlayLevel: PIE: World Init took: (0.000962s)
[2018.03.04-14.44.23:388][ 44]LogPlayLevel: PIE: Created PIE world by copying editor world from /Game/ThirdPersonBP/Maps/NewTutorial.NewTutorial to /Game/ThirdPersonBP/Maps/UEDPIE_0_NewTutorial.NewTutorial (0.008906s)
[2018.03.04-14.44.23:421][ 44]LogInit: XAudio2 using 'Altavoces (Realtek High Definition Audio)' : 2 channels at 48 kHz using 32 bits per sample (channel mask 0x3)
[2018.03.04-14.44.23:430][ 44]LogInit: FAudioDevice initialized.
[2018.03.04-14.44.23:460][ 44]LogLoad: Game class is 'ThirdPersonGameMode_C'
[2018.03.04-14.44.23:464][ 44]LogWorld: Bringing World /Game/ThirdPersonBP/Maps/UEDPIE_0_NewTutorial.NewTutorial up for play (max tick rate 0) at 2018.03.04-15.44.23
[2018.03.04-14.44.23:464][ 44]LogWorld: Bringing up level for play took: 0.002348
[2018.03.04-14.44.23:469][ 44]PIE: Info Play in editor start time for /Game/ThirdPersonBP/Maps/UEDPIE_0_NewTutorial 0.439
[2018.03.04-14.44.23:469][ 44]LogBlueprintUserMessages: Late PlayInEditor Detection: Level '/Game/ThirdPersonBP/Maps/NewTutorial.NewTutorial:PersistentLevel' has LevelScriptBlueprint '/Game/ThirdPersonBP/Maps/NewTutorial.NewTutorial:PersistentLevel.NewTutorial' with GeneratedClass '/Game/ThirdPersonBP/Maps/NewTutorial.NewTutorial_C' with ClassGeneratedBy '/Game/ThirdPersonBP/Maps/NewTutorial.NewTutorial:PersistentLevel.NewTutorial'
[2018.03.04-14.44.32:729][151]LogBlueprintUserMessages: Early EndPlayMap Detection: Level '/Game/ThirdPersonBP/Maps/NewTutorial.NewTutorial:PersistentLevel' has LevelScriptBlueprint '/Game/ThirdPersonBP/Maps/NewTutorial.NewTutorial:PersistentLevel.NewTutorial' with GeneratedClass '/Game/ThirdPersonBP/Maps/NewTutorial.NewTutorial_C' with ClassGeneratedBy '/Game/ThirdPersonBP/Maps/NewTutorial.NewTutorial:PersistentLevel.NewTutorial'
[2018.03.04-14.44.32:793][151]LogBlueprintUserMessages: Late EndPlayMap Detection: Level '/Game/ThirdPersonBP/Maps/NewTutorial.NewTutorial:PersistentLevel' has LevelScriptBlueprint '/Game/ThirdPersonBP/Maps/NewTutorial.NewTutorial:PersistentLevel.NewTutorial' with GeneratedClass '/Game/ThirdPersonBP/Maps/NewTutorial.NewTutorial_C' with ClassGeneratedBy '/Game/ThirdPersonBP/Maps/NewTutorial.NewTutorial:PersistentLevel.NewTutorial'
[2018.03.04-14.45.02:094][609]BlueprintLog: New page: Compile DialogosUI
[2018.03.04-14.45.02:298][609]BlueprintEditorCompileResults: Info Fast Template Successfully Created.
[2018.03.04-14.45.04:241][830]LogTemp: Repeting last play command: Selected Viewport
[2018.03.04-14.45.04:283][830]LogBlueprintUserMessages: Early PlayInEditor Detection: Level '/Game/ThirdPersonBP/Maps/NewTutorial.NewTutorial:PersistentLevel' has LevelScriptBlueprint '/Game/ThirdPersonBP/Maps/NewTutorial.NewTutorial:PersistentLevel.NewTutorial' with GeneratedClass '/Game/ThirdPersonBP/Maps/NewTutorial.NewTutorial_C' with ClassGeneratedBy '/Game/ThirdPersonBP/Maps/NewTutorial.NewTutorial:PersistentLevel.NewTutorial'
[2018.03.04-14.45.04:284][830]LogPlayLevel: PlayLevel: No blueprints needed recompiling
[2018.03.04-14.45.04:284][830]PIE: New page: PIE session: NewTutorial (Mar 4, 2018, 4:45:04 PM)
[2018.03.04-14.45.04:284][830]LogPlayLevel: Creating play world package: /Game/ThirdPersonBP/Maps/UEDPIE_0_NewTutorial
[2018.03.04-14.45.04:292][830]LogPlayLevel: PIE: StaticDuplicateObject took: (0.007630s)
[2018.03.04-14.45.04:292][830]LogAIModule: Creating AISystem for world NewTutorial
[2018.03.04-14.45.04:293][830]LogPlayLevel: PIE: World Init took: (0.000720s)
[2018.03.04-14.45.04:293][830]LogPlayLevel: PIE: Created PIE world by copying editor world from /Game/ThirdPersonBP/Maps/NewTutorial.NewTutorial to /Game/ThirdPersonBP/Maps/UEDPIE_0_NewTutorial.NewTutorial (0.008593s)
[2018.03.04-14.45.04:326][830]LogInit: XAudio2 using 'Altavoces (Realtek High Definition Audio)' : 2 channels at 48 kHz using 32 bits per sample (channel mask 0x3)
[2018.03.04-14.45.04:335][830]LogInit: FAudioDevice initialized.
[2018.03.04-14.45.04:368][830]LogLoad: Game class is 'ThirdPersonGameMode_C'
[2018.03.04-14.45.04:372][830]LogWorld: Bringing World /Game/ThirdPersonBP/Maps/UEDPIE_0_NewTutorial.NewTutorial up for play (max tick rate 0) at 2018.03.04-15.45.04
[2018.03.04-14.45.04:372][830]LogWorld: Bringing up level for play took: 0.002407
[2018.03.04-14.45.04:376][830]PIE: Info Play in editor start time for /Game/ThirdPersonBP/Maps/UEDPIE_0_NewTutorial -0.654
[2018.03.04-14.45.04:377][830]LogBlueprintUserMessages: Late PlayInEditor Detection: Level '/Game/ThirdPersonBP/Maps/NewTutorial.NewTutorial:PersistentLevel' has LevelScriptBlueprint '/Game/ThirdPersonBP/Maps/NewTutorial.NewTutorial:PersistentLevel.NewTutorial' with GeneratedClass '/Game/ThirdPersonBP/Maps/NewTutorial.NewTutorial_C' with ClassGeneratedBy '/Game/ThirdPersonBP/Maps/NewTutorial.NewTutorial:PersistentLevel.NewTutorial'
[2018.03.04-14.45.08:994][379]LogBlueprintUserMessages: Early EndPlayMap Detection: Level '/Game/ThirdPersonBP/Maps/NewTutorial.NewTutorial:PersistentLevel' has LevelScriptBlueprint '/Game/ThirdPersonBP/Maps/NewTutorial.NewTutorial:PersistentLevel.NewTutorial' with GeneratedClass '/Game/ThirdPersonBP/Maps/NewTutorial.NewTutorial_C' with ClassGeneratedBy '/Game/ThirdPersonBP/Maps/NewTutorial.NewTutorial:PersistentLevel.NewTutorial'
[2018.03.04-14.45.09:045][379]LogBlueprintUserMessages: Late EndPlayMap Detection: Level '/Game/ThirdPersonBP/Maps/NewTutorial.NewTutorial:PersistentLevel' has LevelScriptBlueprint '/Game/ThirdPersonBP/Maps/NewTutorial.NewTutorial:PersistentLevel.NewTutorial' with GeneratedClass '/Game/ThirdPersonBP/Maps/NewTutorial.NewTutorial_C' with ClassGeneratedBy '/Game/ThirdPersonBP/Maps/NewTutorial.NewTutorial:PersistentLevel.NewTutorial'
[2018.03.04-14.45.22:036][897]LogSavePackage: Save=13.92ms
[2018.03.04-14.45.22:036][897]LogSavePackage: Moving '../../../../../../Users/JAVITO/Desktop/Anarquia/Proyecto2/Saved/DialogosUI4E80E53940FC1599D61C1085D93EFD28.tmp' to '../../../../../../Users/JAVITO/Desktop/Anarquia/Proyecto2/Content/ThirdPersonBP/Blueprints/PropsWorld/tutorial/Dialogos/DialogosUI.uasset'
[2018.03.04-14.45.22:049][897]LogSavePackage:Display: Finished SavePackage ../../../../../../Users/JAVITO/Desktop/Anarquia/Proyecto2/Content/ThirdPersonBP/Blueprints/PropsWorld/tutorial/Dialogos/DialogosUI.uasset
[2018.03.04-14.45.23:058][  4]LogTemp: Repeting last play command: Selected Viewport
[2018.03.04-14.45.23:093][  4]LogBlueprintUserMessages: Early PlayInEditor Detection: Level '/Game/ThirdPersonBP/Maps/NewTutorial.NewTutorial:PersistentLevel' has LevelScriptBlueprint '/Game/ThirdPersonBP/Maps/NewTutorial.NewTutorial:PersistentLevel.NewTutorial' with GeneratedClass '/Game/ThirdPersonBP/Maps/NewTutorial.NewTutorial_C' with ClassGeneratedBy '/Game/ThirdPersonBP/Maps/NewTutorial.NewTutorial:PersistentLevel.NewTutorial'
[2018.03.04-14.45.23:093][  4]LogPlayLevel: PlayLevel: No blueprints needed recompiling
[2018.03.04-14.45.23:093][  4]PIE: New page: PIE session: NewTutorial (Mar 4, 2018, 4:45:23 PM)
[2018.03.04-14.45.23:094][  4]LogPlayLevel: Creating play world package: /Game/ThirdPersonBP/Maps/UEDPIE_0_NewTutorial
[2018.03.04-14.45.23:104][  4]LogPlayLevel: PIE: StaticDuplicateObject took: (0.010278s)
[2018.03.04-14.45.23:105][  4]LogAIModule: Creating AISystem for world NewTutorial
[2018.03.04-14.45.23:105][  4]LogPlayLevel: PIE: World Init took: (0.000829s)
[2018.03.04-14.45.23:105][  4]LogPlayLevel: PIE: Created PIE world by copying editor world from /Game/ThirdPersonBP/Maps/NewTutorial.NewTutorial to /Game/ThirdPersonBP/Maps/UEDPIE_0_NewTutorial.NewTutorial (0.011413s)
[2018.03.04-14.45.23:145][  4]LogInit: XAudio2 using 'Altavoces (Realtek High Definition Audio)' : 2 channels at 48 kHz using 32 bits per sample (channel mask 0x3)
[2018.03.04-14.45.23:154][  4]LogInit: FAudioDevice initialized.
[2018.03.04-14.45.23:190][  4]LogLoad: Game class is 'ThirdPersonGameMode_C'
[2018.03.04-14.45.23:193][  4]LogWorld: Bringing World /Game/ThirdPersonBP/Maps/UEDPIE_0_NewTutorial.NewTutorial up for play (max tick rate 0) at 2018.03.04-15.45.23
[2018.03.04-14.45.23:194][  4]LogWorld: Bringing up level for play took: 0.002292
[2018.03.04-14.45.23:198][  4]PIE: Info Play in editor start time for /Game/ThirdPersonBP/Maps/UEDPIE_0_NewTutorial 0.168
[2018.03.04-14.45.23:198][  4]LogBlueprintUserMessages: Late PlayInEditor Detection: Level '/Game/ThirdPersonBP/Maps/NewTutorial.NewTutorial:PersistentLevel' has LevelScriptBlueprint '/Game/ThirdPersonBP/Maps/NewTutorial.NewTutorial:PersistentLevel.NewTutorial' with GeneratedClass '/Game/ThirdPersonBP/Maps/NewTutorial.NewTutorial_C' with ClassGeneratedBy '/Game/ThirdPersonBP/Maps/NewTutorial.NewTutorial:PersistentLevel.NewTutorial'
[2018.03.04-14.45.27:854][559]LogBlueprintUserMessages: Early EndPlayMap Detection: Level '/Game/ThirdPersonBP/Maps/NewTutorial.NewTutorial:PersistentLevel' has LevelScriptBlueprint '/Game/ThirdPersonBP/Maps/NewTutorial.NewTutorial:PersistentLevel.NewTutorial' with GeneratedClass '/Game/ThirdPersonBP/Maps/NewTutorial.NewTutorial_C' with ClassGeneratedBy '/Game/ThirdPersonBP/Maps/NewTutorial.NewTutorial:PersistentLevel.NewTutorial'
[2018.03.04-14.45.27:921][559]LogBlueprintUserMessages: Late EndPlayMap Detection: Level '/Game/ThirdPersonBP/Maps/NewTutorial.NewTutorial:PersistentLevel' has LevelScriptBlueprint '/Game/ThirdPersonBP/Maps/NewTutorial.NewTutorial:PersistentLevel.NewTutorial' with GeneratedClass '/Game/ThirdPersonBP/Maps/NewTutorial.NewTutorial_C' with ClassGeneratedBy '/Game/ThirdPersonBP/Maps/NewTutorial.NewTutorial:PersistentLevel.NewTutorial'
[2018.03.04-14.47.41:336][320]BlueprintLog: New page: Compile DialogosUI
[2018.03.04-14.47.41:511][320]BlueprintEditorCompileResults: Info Fast Template Successfully Created.
[2018.03.04-14.47.42:545][423]LogTemp: Repeting last play command: Selected Viewport
[2018.03.04-14.47.42:578][423]LogBlueprintUserMessages: Early PlayInEditor Detection: Level '/Game/ThirdPersonBP/Maps/NewTutorial.NewTutorial:PersistentLevel' has LevelScriptBlueprint '/Game/ThirdPersonBP/Maps/NewTutorial.NewTutorial:PersistentLevel.NewTutorial' with GeneratedClass '/Game/ThirdPersonBP/Maps/NewTutorial.NewTutorial_C' with ClassGeneratedBy '/Game/ThirdPersonBP/Maps/NewTutorial.NewTutorial:PersistentLevel.NewTutorial'
[2018.03.04-14.47.42:578][423]LogPlayLevel: PlayLevel: No blueprints needed recompiling
[2018.03.04-14.47.42:578][423]PIE: New page: PIE session: NewTutorial (Mar 4, 2018, 4:47:42 PM)
[2018.03.04-14.47.42:578][423]LogPlayLevel: Creating play world package: /Game/ThirdPersonBP/Maps/UEDPIE_0_NewTutorial
[2018.03.04-14.47.42:586][423]LogPlayLevel: PIE: StaticDuplicateObject took: (0.007659s)
[2018.03.04-14.47.42:587][423]LogAIModule: Creating AISystem for world NewTutorial
[2018.03.04-14.47.42:587][423]LogPlayLevel: PIE: World Init took: (0.000746s)
[2018.03.04-14.47.42:587][423]LogPlayLevel: PIE: Created PIE world by copying editor world from /Game/ThirdPersonBP/Maps/NewTutorial.NewTutorial to /Game/ThirdPersonBP/Maps/UEDPIE_0_NewTutorial.NewTutorial (0.008658s)
[2018.03.04-14.47.42:622][423]LogInit: XAudio2 using 'Altavoces (Realtek High Definition Audio)' : 2 channels at 48 kHz using 32 bits per sample (channel mask 0x3)
[2018.03.04-14.47.42:633][423]LogInit: FAudioDevice initialized.
[2018.03.04-14.47.42:666][423]LogLoad: Game class is 'ThirdPersonGameMode_C'
[2018.03.04-14.47.42:669][423]LogWorld: Bringing World /Game/ThirdPersonBP/Maps/UEDPIE_0_NewTutorial.NewTutorial up for play (max tick rate 0) at 2018.03.04-15.47.42
[2018.03.04-14.47.42:670][423]LogWorld: Bringing up level for play took: 0.002373
[2018.03.04-14.47.42:674][423]PIE: Info Play in editor start time for /Game/ThirdPersonBP/Maps/UEDPIE_0_NewTutorial -0.356
[2018.03.04-14.47.42:675][423]LogBlueprintUserMessages: Late PlayInEditor Detection: Level '/Game/ThirdPersonBP/Maps/NewTutorial.NewTutorial:PersistentLevel' has LevelScriptBlueprint '/Game/ThirdPersonBP/Maps/NewTutorial.NewTutorial:PersistentLevel.NewTutorial' with GeneratedClass '/Game/ThirdPersonBP/Maps/NewTutorial.NewTutorial_C' with ClassGeneratedBy '/Game/ThirdPersonBP/Maps/NewTutorial.NewTutorial:PersistentLevel.NewTutorial'
[2018.03.04-14.47.48:967][173]LogBlueprintUserMessages: Early EndPlayMap Detection: Level '/Game/ThirdPersonBP/Maps/NewTutorial.NewTutorial:PersistentLevel' has LevelScriptBlueprint '/Game/ThirdPersonBP/Maps/NewTutorial.NewTutorial:PersistentLevel.NewTutorial' with GeneratedClass '/Game/ThirdPersonBP/Maps/NewTutorial.NewTutorial_C' with ClassGeneratedBy '/Game/ThirdPersonBP/Maps/NewTutorial.NewTutorial:PersistentLevel.NewTutorial'
[2018.03.04-14.47.49:034][173]LogBlueprintUserMessages: Late EndPlayMap Detection: Level '/Game/ThirdPersonBP/Maps/NewTutorial.NewTutorial:PersistentLevel' has LevelScriptBlueprint '/Game/ThirdPersonBP/Maps/NewTutorial.NewTutorial:PersistentLevel.NewTutorial' with GeneratedClass '/Game/ThirdPersonBP/Maps/NewTutorial.NewTutorial_C' with ClassGeneratedBy '/Game/ThirdPersonBP/Maps/NewTutorial.NewTutorial:PersistentLevel.NewTutorial'
[2018.03.04-14.47.56:307][959]LogSavePackage: Save=391.01ms
[2018.03.04-14.47.56:307][959]LogSavePackage: Moving '../../../../../../Users/JAVITO/Desktop/Anarquia/Proyecto2/Saved/NewTutorial9F7505D042027B9E54802FB4494D15E1.tmp' to '../../../../../../Users/JAVITO/Desktop/Anarquia/Proyecto2/Content/ThirdPersonBP/Maps/NewTutorial.umap'
[2018.03.04-14.47.56:318][959]LogSavePackage:Display: Finished SavePackage ../../../../../../Users/JAVITO/Desktop/Anarquia/Proyecto2/Content/ThirdPersonBP/Maps/NewTutorial.umap
[2018.03.04-14.47.56:516][959]LogSavePackage: Save=99.06ms
[2018.03.04-14.47.56:516][959]LogSavePackage: Moving '../../../../../../Users/JAVITO/Desktop/Anarquia/Proyecto2/Saved/NewTutorial_BuiltDataB8D21D914EC2FD309C4DBBAAAEAD3503.tmp' to '../../../../../../Users/JAVITO/Desktop/Anarquia/Proyecto2/Content/ThirdPersonBP/Maps/NewTutorial_BuiltData.uasset'
[2018.03.04-14.47.56:523][959]LogSavePackage:Display: Finished SavePackage ../../../../../../Users/JAVITO/Desktop/Anarquia/Proyecto2/Content/ThirdPersonBP/Maps/NewTutorial_BuiltData.uasset
