Log file open, 02/05/18 09:49:41
LogInit:Display: Running engine for game: Proyecto2
LogPlatformFile: Not using cached read wrapper
LogInit:Display: RandInit(380179606) SRandInit(380179606).
LogTaskGraph: Started task graph with 5 named threads and 8 total threads with 1 sets of task threads.
LogStats: Stats thread started at 0.120000
LogInit: Using libcurl 7.47.1
LogInit:  - built for x86_64-pc-win32
LogInit:  - supports SSL with OpenSSL/1.0.2g
LogInit:  - supports HTTP deflate (compression) using libz 1.2.8
LogInit:  - other features:
LogInit:      CURL_VERSION_SSL
LogInit:      CURL_VERSION_LIBZ
LogInit:      CURL_VERSION_IPV6
LogInit:      CURL_VERSION_ASYNCHDNS
LogInit:      CURL_VERSION_LARGEFILE
LogInit:      CURL_VERSION_IDN
LogInit:  CurlRequestOptions (configurable via config and command line):
LogInit:  - bVerifyPeer = false  - Libcurl will NOT verify peer certificate
LogInit:  - bUseHttpProxy = false  - Libcurl will NOT use HTTP proxy
LogInit:  - bDontReuseConnections = false  - Libcurl will reuse connections
LogInit:  - CertBundlePath = nullptr  - Libcurl will use whatever was configured at build time.
LogHMD: Can't find Oculus library dev build: is proper Runtime installed? Version: 1.12.0
LogHMD: GearVR: Emulating GearVR using Oculus Rift!
LogInit: Build: ++UE4+Release-4.16-CL-3561208
LogInit: Engine Version: 4.16.3-3561208+++UE4+Release-4.16
LogInit: Compatible Engine Version: 4.16.0-3452394+++UE4+Release-4.16
LogInit: Net CL: 3452394
LogDevObjectVersion: Number of dev versions registered: 16
LogDevObjectVersion:   Dev-Blueprints (B0D832E4-1F89-4F0D-ACCF-7EB736FD4AA2): 9
LogDevObjectVersion:   Dev-Build (E1C64328-A22C-4D53-A36C-8E866417BD8C): 0
LogDevObjectVersion:   Dev-Core (375EC13C-06E4-48FB-B500-84F0262A717E): 2
LogDevObjectVersion:   Dev-Editor (E4B068ED-F494-42E9-A231-DA0B2E46BB41): 17
LogDevObjectVersion:   Dev-Framework (CFFC743F-43B0-4480-9391-14DF171D2073): 23
LogDevObjectVersion:   Dev-Mobile (B02B49B5-BB20-44E9-A304-32B752E40360): 0
LogDevObjectVersion:   Dev-Networking (A4E4105C-59A1-49B5-A7C5-40C4547EDFEE): 0
LogDevObjectVersion:   Dev-Online (39C831C9-5AE6-47DC-9A44-9C173E1C8E7C): 0
LogDevObjectVersion:   Dev-Physics (78F01B33-EBEA-4F98-B9B4-84EACCB95AA2): 0
LogDevObjectVersion:   Dev-Platform (6631380F-2D4D-43E0-8009-CF276956A95A): 0
LogDevObjectVersion:   Dev-Rendering (12F88B9F-8875-4AFC-A67C-D90C383ABD29): 15
LogDevObjectVersion:   Dev-Sequencer (7B5AE74C-D270-4C10-A958-57980B212A5A): 4
LogDevObjectVersion:   Dev-VR (D7296918-1DD6-4BDD-9DE2-64A83CC13884): 0
LogDevObjectVersion:   Dev-LoadTimes (C2A15278-BFE7-4AFE-6C17-90FF531DF755): 1
LogDevObjectVersion:   Private-Geometry (6EACA3D4-40EC-4CC1-B786-8BED09428FC5): 1
LogDevObjectVersion:   Dev-AnimPhys (29E575DD-E0A3-4627-9D10-D276232CDCEA): 3
LogInit: Compiled (64-bit): Jul 28 2017 11:49:47
LogInit: Compiled with Visual C++: 19.00.24215.01
LogInit: Build Configuration: Development
LogInit: Branch Name: ++UE4+Release-4.16
LogInit: Command line: -EpicPortal 
LogInit: Base directory: C:/Program Files/Epic Games/UE_4.16/Engine/Binaries/Win64/
LogInit: Installed Engine Build: 1
LogInit: Presizing for max 8388607 objects, including 0 objects not considered by GC, pre-allocating 0 bytes for permanent pool.
LogInit: Object subsystem initialized
[2018.02.05-08.49.43:083][  0]LogInit: Selected Device Profile: [Windows]
[2018.02.05-08.49.43:083][  0]LogInit: Applying CVar settings loaded from the selected device profile: [Windows]
[2018.02.05-08.49.43:099][  0]LogInit: Computer: g4-023
[2018.02.05-08.49.43:099][  0]LogInit: User: alexbalasteguigaya
[2018.02.05-08.49.43:099][  0]LogInit: CPU Page size=4096, Cores=4
[2018.02.05-08.49.43:099][  0]LogInit: High frequency timer resolution =3.117190 MHz
[2018.02.05-08.49.43:099][  0]LogMemory: Memory total: Physical=16.0GB (16GB approx)
[2018.02.05-08.49.43:099][  0]LogMemory: Platform Memory Stats for Windows
[2018.02.05-08.49.43:099][  0]LogMemory: Process Physical Memory: 276.46 MB used, 276.46 MB peak
[2018.02.05-08.49.43:099][  0]LogMemory: Process Virtual Memory: 270.76 MB used, 270.76 MB peak
[2018.02.05-08.49.43:099][  0]LogMemory: Physical Memory: 3114.24 MB used,  13232.61 MB free, 16346.85 MB total
[2018.02.05-08.49.43:099][  0]LogMemory: Virtual Memory: 681.12 MB used,  13232.61 MB free, 134217728.00 MB total
[2018.02.05-08.49.43:522][  0]LogInit: Using OS detected language (en-US).
[2018.02.05-08.49.43:522][  0]LogInit: Using OS detected locale (en-US).
[2018.02.05-08.49.43:528][  0]LogTextLocalizationManager: No specific localization for 'en-US' exists, so the 'en' localization will be used.
[2018.02.05-08.49.44:828][  0]LogD3D11RHI: D3D11 adapters:
[2018.02.05-08.49.44:864][  0]LogD3D11RHI:    0. 'NVIDIA GeForce GTX 960' (Feature Level 11_0)
[2018.02.05-08.49.44:864][  0]LogD3D11RHI:       4062/0/8173 MB DedicatedVideo/DedicatedSystem/SharedSystem, Outputs:1, VendorId:0x10de
[2018.02.05-08.49.44:867][  0]LogD3D11RHI:    1. 'Microsoft Basic Render Driver' (Feature Level 11_0)
[2018.02.05-08.49.44:867][  0]LogD3D11RHI:       0/0/8173 MB DedicatedVideo/DedicatedSystem/SharedSystem, Outputs:0, VendorId:0x1414
[2018.02.05-08.49.44:867][  0]LogD3D11RHI: Chosen D3D11 Adapter: 0
[2018.02.05-08.49.44:871][  0]LogD3D11RHI: Creating new Direct3DDevice
[2018.02.05-08.49.44:871][  0]LogD3D11RHI:     GPU DeviceId: 0x1401 (for the marketing name, search the web for "GPU Device Id")
[2018.02.05-08.49.44:871][  0]LogWindows: EnumDisplayDevices:
[2018.02.05-08.49.44:871][  0]LogWindows:    0. 'NVIDIA GeForce GTX 960' (P:1 D:1)
[2018.02.05-08.49.44:871][  0]LogWindows:    1. 'NVIDIA GeForce GTX 960' (P:0 D:0)
[2018.02.05-08.49.44:871][  0]LogWindows:    2. 'NVIDIA GeForce GTX 960' (P:0 D:0)
[2018.02.05-08.49.44:871][  0]LogWindows:    3. 'NVIDIA GeForce GTX 960' (P:0 D:0)
[2018.02.05-08.49.44:871][  0]LogWindows: DebugString: GetVideoDriverDetailsInvalid PrimaryIsNotTheChoosenAdapter GetVideoDriverDetailsInvalid PrimaryIsNotTheChoosenAdapter GetVideoDriverDetailsInvalid PrimaryIsNotTheChoosenAdapter GetVideoDriverDetailsInvalid PrimaryIsNotTheChoosenAdapter FoundDriverCount:0 
[2018.02.05-08.49.44:871][  0]LogD3D11RHI:     Adapter Name: NVIDIA GeForce GTX 960
[2018.02.05-08.49.44:871][  0]LogD3D11RHI:   Driver Version: Unknown (internal:Unknown, unified:Unknown)
[2018.02.05-08.49.44:871][  0]LogD3D11RHI:      Driver Date: Unknown
[2018.02.05-08.49.44:871][  0]LogRHI: Texture pool is 1361 MB (70% of 1945 MB)
[2018.02.05-08.49.44:899][  0]LogD3D11RHI: Async texture creation enabled
[2018.02.05-08.49.44:911][  0]LogD3D11RHI: GPU Timing Frequency: 1000.000000 (Debug: 2 1)
[2018.02.05-08.49.44:960][  0]LogShaderCompilers: Guid format shader working directory is -14 characters bigger than the processId version (../../../../../../Users/alexbalasteguigaya/Documents/SourceTree/Proyecto2/Intermediate/Shaders/WorkingDirectory/4092/).
[2018.02.05-08.49.44:960][  0]LogShaderCompilers: Cleaned the shader compiler working directory 'C:/Users/alexbalasteguigaya/AppData/Local/Temp/UnrealShaderWorkingDir/C3D771E1481D60014C19A683C76CB87D/'.
[2018.02.05-08.49.44:960][  0]LogShaderCompilers:Display: Using Local Shader Compiler.
[2018.02.05-08.49.46:613][  0]LogTemp:Display: Loaded TP AllDesktopTargetPlatform
[2018.02.05-08.49.46:850][  0]LogTemp:Display: Loaded TP MacClientTargetPlatform
[2018.02.05-08.49.47:090][  0]LogTemp:Display: Loaded TP MacNoEditorTargetPlatform
[2018.02.05-08.49.47:324][  0]LogTemp:Display: Loaded TP MacServerTargetPlatform
[2018.02.05-08.49.47:555][  0]LogTemp:Display: Loaded TP MacTargetPlatform
[2018.02.05-08.49.47:787][  0]LogTemp:Display: Loaded TP WindowsClientTargetPlatform
[2018.02.05-08.49.48:021][  0]LogTemp:Display: Loaded TP WindowsNoEditorTargetPlatform
[2018.02.05-08.49.48:257][  0]LogTemp:Display: Loaded TP WindowsServerTargetPlatform
[2018.02.05-08.49.48:485][  0]LogTemp:Display: Loaded TP WindowsTargetPlatform
[2018.02.05-08.49.48:721][  0]LogTemp:Display: Loaded TP AndroidTargetPlatform
[2018.02.05-08.49.48:954][  0]LogTemp:Display: Loaded TP Android_ASTCTargetPlatform
[2018.02.05-08.49.49:188][  0]LogTemp:Display: Loaded TP Android_ATCTargetPlatform
[2018.02.05-08.49.49:423][  0]LogTemp:Display: Loaded TP Android_DXTTargetPlatform
[2018.02.05-08.49.49:656][  0]LogTemp:Display: Loaded TP Android_ETC1TargetPlatform
[2018.02.05-08.49.49:894][  0]LogTemp:Display: Loaded TP Android_ETC2TargetPlatform
[2018.02.05-08.49.50:357][  0]LogTemp:Display: Loaded TP Android_MultiTargetPlatform
[2018.02.05-08.49.50:357][  0]LogTemp:Display: Loaded TP Android_PVRTCTargetPlatform
[2018.02.05-08.49.50:580][  0]LogTemp:Display: Loaded TP HTML5TargetPlatform
[2018.02.05-08.49.50:993][  0]LogTemp:Display: Loaded TP IOSTargetPlatform
[2018.02.05-08.49.51:136][  0]LogTemp:Display: Loaded TP TVOSTargetPlatform
[2018.02.05-08.49.51:373][  0]LogTemp:Display: Loaded TP LinuxClientTargetPlatform
[2018.02.05-08.49.51:605][  0]LogTemp:Display: Loaded TP LinuxNoEditorTargetPlatform
[2018.02.05-08.49.51:840][  0]LogTemp:Display: Loaded TP LinuxServerTargetPlatform
[2018.02.05-08.49.52:074][  0]LogTemp:Display: Loaded TP LinuxTargetPlatform
[2018.02.05-08.49.52:074][  0]LogTargetPlatformManager:Display: Building Assets For Windows
[2018.02.05-08.49.54:833][  0]LogDerivedDataCache:Display: Max Cache Size: 512 MB
[2018.02.05-08.49.54:903][  0]LogDerivedDataCache: Loaded boot cache 0.07s 90MB C:/Users/alexbalasteguigaya/AppData/Local/UnrealEngine/4.16/DerivedDataCache/Boot.ddc.
[2018.02.05-08.49.54:903][  0]LogDerivedDataCache:Display: Loaded Boot cache: C:/Users/alexbalasteguigaya/AppData/Local/UnrealEngine/4.16/DerivedDataCache/Boot.ddc
[2018.02.05-08.49.54:904][  0]LogDerivedDataCache: FDerivedDataBackendGraph:  Pak pak cache file ../../../../../../Users/alexbalasteguigaya/Documents/SourceTree/Proyecto2/DerivedDataCache/DDC.ddp not found, will not use a pak cache.
[2018.02.05-08.49.54:904][  0]LogDerivedDataCache: Unable to find inner node Pak for hierarchical cache Hierarchy.
[2018.02.05-08.49.54:904][  0]LogDerivedDataCache: FDerivedDataBackendGraph:  CompressedPak pak cache file ../../../../../../Users/alexbalasteguigaya/Documents/SourceTree/Proyecto2/DerivedDataCache/Compressed.ddp not found, will not use a pak cache.
[2018.02.05-08.49.54:904][  0]LogDerivedDataCache: Unable to find inner node CompressedPak for hierarchical cache Hierarchy.
[2018.02.05-08.49.54:920][  0]LogDerivedDataCache:Display: Pak cache opened for reading ../../../Engine/DerivedDataCache/Compressed.ddp.
[2018.02.05-08.49.54:933][  0]LogDerivedDataCache: Using Local data cache path C:/Users/alexbalasteguigaya/AppData/Local/UnrealEngine/Common/DerivedDataCache: Writable
[2018.02.05-08.49.54:942][  0]LogMaterial: Verifying Global Shaders for PCD3D_SM5
[2018.02.05-08.49.54:942][  0]LogSlate: Using Freetype 2.6.0
[2018.02.05-08.49.54:944][  0]LogSlate: SlateFontCache - WITH_FREETYPE: 1, WITH_HARFBUZZ: 1
[2018.02.05-08.49.54:944][  0]LogSlate: SlateFontCache - WITH_FREETYPE: 1, WITH_HARFBUZZ: 1
[2018.02.05-08.49.55:388][  0]LogInit: Selected Device Profile: [Windows]
[2018.02.05-08.49.55:459][  0]LogContentStreaming: Texture pool size is 0.00 MB
[2018.02.05-08.49.55:919][  0]LogMeshUtilities: Using QuadricMeshReduction for automatic static mesh reduction
[2018.02.05-08.49.56:160][  0]LogSimplygon: Simplygon DLL not present - disabling.
[2018.02.05-08.49.56:397][  0]LogMeshUtilities: Using SimplygonSwarm for distributed automatic mesh merging
[2018.02.05-08.49.56:397][  0]LogMeshUtilities: No automatic skeletal mesh reduction module available
[2018.02.05-08.49.56:397][  0]LogMeshUtilities: No automatic mesh merging module available
[2018.02.05-08.49.57:856][  0]LogNetVersion: Proyecto2 , NetCL: 3452394, EngineNetVer: 2, GameNetVer: 0 (Checksum: 2528454084)
[2018.02.05-08.49.58:030][  0]LogAssetRegistry: FAssetRegistry took 0.0270 seconds to start up
[2018.02.05-08.49.58:240][  0]LogPackageLocalizationCache: Processed 4 localized package path(s) for 2 prioritized culture(s) in 0.057311 seconds
[2018.02.05-08.49.58:245][  0]LogUObjectArray: 34194 objects as part of root set at end of initial load.
[2018.02.05-08.49.58:245][  0]LogUObjectAllocator: 7260416 out of 0 bytes used by permanent object pool.
[2018.02.05-08.49.58:245][  0]LogUObjectArray: CloseDisregardForGC: 0/0 objects in disregard for GC pool
[2018.02.05-08.49.58:687][  0]LogInit: WinSock: version 1.1 (2.2), MaxSocks=32767, MaxUdp=65467
[2018.02.05-08.50.07:520][  0]LogTcpMessaging: Initializing TcpMessaging bridge
[2018.02.05-08.50.07:682][  0]LogUdpMessaging: Initializing bridge on interface 0.0.0.0:0 to multicast group 230.0.0.1:6666.
[2018.02.05-08.50.09:940][  0]LogMaterial: Uniform references updated for custom material expression Custom.
[2018.02.05-08.50.11:685][  0]SourceControl: Info Source control is disabled
[2018.02.05-08.50.11:746][  0]SourceControl: Info Source control is disabled
[2018.02.05-08.50.11:994][  0]SourceControl: Info Source control is disabled
[2018.02.05-08.50.12:237][  0]SourceControl: Info Source control is disabled
[2018.02.05-08.50.15:742][  0]LogAndroidPermission: UAndroidPermissionCallbackProxy::GetInstance
[2018.02.05-08.50.18:544][  0]LogEngine: Initializing Engine...
[2018.02.05-08.50.18:546][  0]LogHMD: Failed to initialize OpenVR with code 110
[2018.02.05-08.50.18:546][  0]LogHMD: GearVR starting with CPU: 2 GPU: 3 MinimumVsyncs: 1
[2018.02.05-08.50.22:274][  0]LogWindowsTextInputMethodSystem:Display: IME system now deactivated.
[2018.02.05-08.50.22:471][  0]LogStats: UGameplayTagsManager::ConstructGameplayTagTree: Construct from data asset -  0.000 s
[2018.02.05-08.50.22:471][  0]LogStats: UGameplayTagsManager::ConstructGameplayTagTree: GameplayTagTreeChangedEvent.Broadcast -  0.000 s
[2018.02.05-08.50.23:161][  0]LogAIModule: Creating AISystem for world Untitled
[2018.02.05-08.50.23:171][  0]LogInit: XAudio2 using 'BenQ GL2250H-4 (2- NVIDIA High Definition Audio)' : 2 channels at 48 kHz using 16 bits per sample (channel mask 0x3)
[2018.02.05-08.50.23:195][  0]LogInit: FAudioDevice initialized.
[2018.02.05-08.50.23:236][  0]LogDerivedDataCache: Saved boot cache 0.04s 90MB C:/Users/alexbalasteguigaya/AppData/Local/UnrealEngine/4.16/DerivedDataCache/Boot.ddc.
[2018.02.05-08.50.23:248][  0]LogInit: Texture streaming: Enabled
[2018.02.05-08.50.23:819][  0]LogEngineSessionManager: EngineSessionManager initialized
[2018.02.05-08.50.24:968][  0]LogInit: Transaction tracking system initialized
[2018.02.05-08.50.26:685][  0]BlueprintLog: New page: Editor Load
[2018.02.05-08.50.31:920][  0]LocalizationService: Info Localization service is disabled
[2018.02.05-08.50.35:601][  0]LogConsoleResponse:Display: 
[2018.02.05-08.50.35:904][  0]LogCook:Display: Max memory allowance for cook 16384mb min free memory 0mb
[2018.02.05-08.50.35:904][  0]LogCook:Display: Mobile HDR setting 1
[2018.02.05-08.50.36:061][  0]LogFileCache: Scanning file cache for directory 'C:/Users/alexbalasteguigaya/Documents/SourceTree/Proyecto2/Content/' took 0.02s
[2018.02.05-08.50.41:340][  0]SourceControl: Info Source control is disabled
[2018.02.05-08.50.41:340][  0]Cmd: MAP LOAD FILE="../../../../../../Users/alexbalasteguigaya/Documents/SourceTree/Proyecto2/Content/ThirdPersonBP/Maps/Distrito1.umap" TEMPLATE=0 SHOWPROGRESS=1 FEATURELEVEL=3
[2018.02.05-08.50.41:341][  0]LightingResults: New page: Lighting Build
[2018.02.05-08.50.41:568][  0]MapCheck: New page: Map Check
[2018.02.05-08.50.41:568][  0]LightingResults: New page: Lighting Build
[2018.02.05-08.50.43:032][  0]LogLinker:Warning: Can't find file '/Game/ThirdPersonBP/Maps/Distrito1_BuiltData'
[2018.02.05-08.50.43:032][  0]LogLinker:Warning: Can't find file for asset '/Game/ThirdPersonBP/Maps/Distrito1_BuiltData' while loading ../../../../../../Users/alexbalasteguigaya/Documents/SourceTree/Proyecto2/Content/ThirdPersonBP/Maps/Distrito1.umap.
[2018.02.05-08.50.43:032][  0]LoadErrors:Error: Error /Game/ThirdPersonBP/Maps/Distrito1 : Can't find file for asset. /Game/ThirdPersonBP/Maps/Distrito1_BuiltData
[2018.02.05-08.50.43:043][  0]LogLinker:Warning: Can't find file '/Game/ThirdPersonBP/Maps/Distrito1_BuiltData'
[2018.02.05-08.50.43:043][  0]LogLinker:Warning: Can't find file for asset '/Game/ThirdPersonBP/Maps/Distrito1_BuiltData' while loading ../../../../../../Users/alexbalasteguigaya/Documents/SourceTree/Proyecto2/Content/ThirdPersonBP/Maps/Distrito1.umap.
[2018.02.05-08.50.43:043][  0]LoadErrors:Error: Error /Game/ThirdPersonBP/Maps/Distrito1 : Can't find file for asset. /Game/ThirdPersonBP/Maps/Distrito1_BuiltData
[2018.02.05-08.50.43:050][  0]LogLinker:Warning: Can't find file '/Game/ThirdPersonBP/Maps/Distrito1_BuiltData'
[2018.02.05-08.50.43:050][  0]LogLinker:Warning: Can't find file for asset '/Game/ThirdPersonBP/Maps/Distrito1_BuiltData' while loading NULL.
[2018.02.05-08.50.43:051][  0]LogLinker:Warning: Can't find file '/Game/ThirdPersonBP/Maps/Distrito1_BuiltData'
[2018.02.05-08.50.43:051][  0]LogLinker:Warning: Can't find file for asset '/Game/ThirdPersonBP/Maps/Distrito1_BuiltData' while loading NULL.
[2018.02.05-08.50.43:254][  0]LogLinker:Warning: Can't find file '/Game/ThirdPersonBP/Maps/Distrito1_BuiltData'
[2018.02.05-08.50.43:254][  0]LoadErrors: Info Failed to load /Game/ThirdPersonBP/Maps/Distrito1_BuiltData.Distrito1_BuiltData Referenced by PersistentLevel
[2018.02.05-08.50.43:254][  0]LogLinker:Warning: Can't find file for asset '/Game/ThirdPersonBP/Maps/Distrito1_BuiltData' while loading NULL.
[2018.02.05-08.50.43:254][  0]LoadErrors: Info Failed to load /Game/ThirdPersonBP/Maps/Distrito1_BuiltData.Distrito1_BuiltData Referenced by PersistentLevel
[2018.02.05-08.50.43:374][  0]LogAnimationCompression: Building Anim DDC data for AnimSequence /Game/ThirdPersonBP/Blueprints/enemies/sargent/animations/sargent_idle.sargent_idle
[2018.02.05-08.50.43:415][  0]LogAnimationCompression: Building Anim DDC data for AnimSequence /Game/ThirdPersonBP/Blueprints/enemies/sargent/animations/sargent_walk.sargent_walk
[2018.02.05-08.50.43:463][  0]LogTexture:Display: Building textures: lifeBarFull (AutoDXT, 512X64)
[2018.02.05-08.50.43:479][  0]LogTexture:Display: Building textures: lifeBarEmpty (AutoDXT, 512X64)
[2018.02.05-08.50.43:582][  0]LogAnimationCompression: Building Anim DDC data for AnimSequence /Game/ThirdPersonBP/Blueprints/character/anims/beat_Dash.beat_Dash
[2018.02.05-08.50.43:698][  0]LogStaticMesh: Building static mesh formaDetección...
[2018.02.05-08.50.43:701][  0]LogStaticMesh: Built static mesh [0.00s] /Game/ThirdPersonBP/Blueprints/character/formaDetección.formaDetección
[2018.02.05-08.50.43:880][  0]LogTexture:Display: Building textures: Agentuv2 (AutoDXT, 1024X1024)
[2018.02.05-08.50.44:082][  0]LogAnimationCompression: Building Anim DDC data for AnimSequence /Game/ThirdPersonBP/Blueprints/enemies/sargent/animations/sargent_death.sargent_death
[2018.02.05-08.50.44:087][  0]LogAnimationCompression: Building Anim DDC data for AnimSequence /Game/ThirdPersonBP/Blueprints/enemies/sargent/animations/sargent_attack.sargent_attack
[2018.02.05-08.50.44:090][  0]LogAnimationCompression: Building Anim DDC data for AnimSequence /Game/ThirdPersonBP/Blueprints/character/anims/proAnims/standing_react_large_gut.standing_react_large_gut
[2018.02.05-08.50.44:140][  0]LogTexture:Display: Building textures: sargent_color (AutoDXT, 1024X1024)
[2018.02.05-08.50.44:291][  0]LogMaterial: Missing cached shader map for material sargent_color_Mat, compiling. 
[2018.02.05-08.50.44:337][  0]LogAnimationCompression: Building Anim DDC data for AnimSequence /Game/ThirdPersonBP/Blueprints/enemies/sargent/animations/sargent_hit.sargent_hit
[2018.02.05-08.50.44:403][  0]LogAnimationCompression: Building Anim DDC data for AnimSequence /Game/ThirdPersonBP/Blueprints/enemies/agent/anims/Mutant_Swiping.Mutant_Swiping
[2018.02.05-08.50.44:420][  0]LogMaterial: Missing cached shader map for material Agentuv2_Mat, compiling. 
[2018.02.05-08.50.44:468][  0]LogMaterial: Missing cached shader map for material Material__27, compiling. 
[2018.02.05-08.50.44:531][  0]LogTexture:Display: Building textures: key (AutoDXT, 512X512)
[2018.02.05-08.50.44:598][  0]LogMaterial: Missing cached shader map for material minimapRenderTarget_Mat, compiling. 
[2018.02.05-08.50.44:643][  0]LogAIModule: Creating AISystem for world Distrito1
[2018.02.05-08.50.44:991][  0]LogEditorServer: Finished looking for orphan Actors (0.000 secs)
[2018.02.05-08.50.45:058][  0]Cmd: MAP CHECKDEP NOCLEARLOG
[2018.02.05-08.50.45:280][  0]MapCheck: Info Map check complete: 0 Error(s), 0 Warning(s), took 221.287ms to complete.
[2018.02.05-08.50.45:280][  0]LogFileHelpers: Loading map 'Distrito1' took 3.940
[2018.02.05-08.50.45:337][  0]LogWindowsTextInputMethodSystem:Display: IME system now deactivated.
[2018.02.05-08.50.45:543][  0]LogCollectionManager: Loaded 0 collections in 0.001712 seconds
[2018.02.05-08.50.45:840][  0]LogFileCache: Scanning file cache for directory 'C:/Users/alexbalasteguigaya/Documents/SourceTree/Proyecto2/Saved/Collections/' took 0.01s
[2018.02.05-08.50.45:841][  0]LogFileCache: Scanning file cache for directory 'C:/Users/alexbalasteguigaya/Documents/SourceTree/Proyecto2/Content/Developers/alexbalasteguigaya/Collections/' took 0.01s
[2018.02.05-08.50.45:841][  0]LogFileCache: Scanning file cache for directory 'C:/Users/alexbalasteguigaya/Documents/SourceTree/Proyecto2/Content/Collections/' took 0.01s
[2018.02.05-08.50.45:841][  0]LogCollectionManager: Rebuilt the GUID cache for 0 collections in 0.000002 seconds
[2018.02.05-08.50.45:849][  0]LogContentBrowser: Native class hierarchy populated in 0.0087 seconds. Added 2329 classes and 491 folders.
[2018.02.05-08.50.46:263][  0]LogContentBrowser: Native class hierarchy updated for 'WidgetCarousel' in 0.0008 seconds. Added 0 classes and 0 folders.
[2018.02.05-08.50.46:347][  0]LogContentBrowser: Native class hierarchy updated for 'AddContentDialog' in 0.0008 seconds. Added 0 classes and 0 folders.
[2018.02.05-08.50.46:606][  0]LogContentBrowser: Native class hierarchy updated for 'SceneOutliner' in 0.0008 seconds. Added 1 classes and 2 folders.
[2018.02.05-08.50.46:784][  0]LogCrashTracker: Crashtracker disabled due to settings.
[2018.02.05-08.50.46:788][  0]LogSlate: Took 0.000224 seconds to synchronously load lazily loaded font '../../../Engine/Content/Slate/Fonts/Roboto-Regular.ttf' (155K)
[2018.02.05-08.50.46:790][  0]LogSlate: Took 0.000314 seconds to synchronously load lazily loaded font '../../../Engine/Content/Slate/Fonts/Roboto-Bold.ttf' (160K)
[2018.02.05-08.50.46:794][  0]LogSlate: Took 0.000331 seconds to synchronously load lazily loaded font '../../../Engine/Content/Editor/Slate/Fonts/FontAwesome.ttf' (139K)
[2018.02.05-08.50.46:896][  0]LogRenderer: Reallocating scene render targets to support 256x256 NumSamples 1 (Frame:1).
[2018.02.05-08.50.46:929][  0]LogRenderer: Reallocating scene render targets to support 1208x576 NumSamples 1 (Frame:1).
[2018.02.05-08.50.47:393][  0]LogContentBrowser: Native class hierarchy updated for 'HierarchicalLODOutliner' in 0.0008 seconds. Added 1 classes and 2 folders.
[2018.02.05-08.50.47:393][  0]LogLoad: (Engine Initialization) Total time: 68.72 seconds
[2018.02.05-08.50.47:393][  0]LogLoad: (Engine Initialization) Total Blueprint compile time: 0.91 seconds
[2018.02.05-08.50.47:393][  0]LogExternalProfiler: No external profilers were discovered.  External profiling features will not be available.
[2018.02.05-08.50.47:402][  0]LogOcInput: OculusInput pre-init called
[2018.02.05-08.50.47:407][  0]LogOcInput: Can't find Oculus library dev build: is proper Runtime installed? Version: 1.12.0
[2018.02.05-08.50.47:407][  0]LogHMD: Starting GearVRController plugin
[2018.02.05-08.50.47:433][  0]LogContentStreaming: Texture pool size now 1000 MB
[2018.02.05-08.50.47:509][  0]LogSlate: Took 0.000247 seconds to synchronously load lazily loaded font '../../../Engine/Content/Slate/Fonts/Roboto-Light.ttf' (159K)
[2018.02.05-08.50.47:552][  1]LogAssetRegistry: Asset discovery search completed in 49.5505 seconds
[2018.02.05-08.50.47:554][  1]LogCollectionManager: Rebuilt the object cache for 0 collections in 0.000000 seconds (found 0 objects)
[2018.02.05-08.50.47:554][  1]LogCollectionManager: Fixed up redirectors for 0 collections in 0.000038 seconds (updated 0 objects)
[2018.02.05-08.50.48:464][ 41]LogSlate: Took 0.000272 seconds to synchronously load lazily loaded font '../../../Engine/Content/Slate/Fonts/Roboto-Light.ttf' (159K)
[2018.02.05-08.51.01:782][441]LogTemp: Repeting last play command: Selected Viewport
[2018.02.05-08.51.01:938][441]LogBlueprintUserMessages: Early PlayInEditor Detection: Level '/Game/ThirdPersonBP/Maps/Distrito1.Distrito1:PersistentLevel' has LevelScriptBlueprint '/Game/ThirdPersonBP/Maps/Distrito1.Distrito1:PersistentLevel.Distrito1' with GeneratedClass '/Game/ThirdPersonBP/Maps/Distrito1.Distrito1_C' with ClassGeneratedBy '/Game/ThirdPersonBP/Maps/Distrito1.Distrito1:PersistentLevel.Distrito1'
[2018.02.05-08.51.01:938][441]LogPlayLevel: PlayLevel: No blueprints needed recompiling
[2018.02.05-08.51.01:938][441]PIE: New page: PIE session: Distrito1 (Feb 5, 2018, 10:51:01 AM)
[2018.02.05-08.51.01:939][441]LogPlayLevel: Creating play world package: /Game/ThirdPersonBP/Maps/UEDPIE_0_Distrito1
[2018.02.05-08.51.02:089][441]LogPlayLevel: PIE: StaticDuplicateObject took: (0.150345s)
[2018.02.05-08.51.02:090][441]LogAIModule: Creating AISystem for world Distrito1
[2018.02.05-08.51.02:090][441]LogPlayLevel: PIE: World Init took: (0.000655s)
[2018.02.05-08.51.02:091][441]LogPlayLevel: PIE: Created PIE world by copying editor world from /Game/ThirdPersonBP/Maps/Distrito1.Distrito1 to /Game/ThirdPersonBP/Maps/UEDPIE_0_Distrito1.Distrito1 (0.151864s)
[2018.02.05-08.51.02:106][441]LogInit: XAudio2 using 'BenQ GL2250H-4 (2- NVIDIA High Definition Audio)' : 2 channels at 48 kHz using 16 bits per sample (channel mask 0x3)
[2018.02.05-08.51.02:113][441]LogInit: FAudioDevice initialized.
[2018.02.05-08.51.02:163][441]LogLoad: Game class is 'ThirdPersonGameMode_C'
[2018.02.05-08.51.02:207][441]LogWorld: Bringing World /Game/ThirdPersonBP/Maps/UEDPIE_0_Distrito1.Distrito1 up for play (max tick rate 0) at 2018.02.05-09.51.02
[2018.02.05-08.51.02:216][441]LogWorld: Bringing up level for play took: 0.050590
[2018.02.05-08.51.02:458][441]LogContentBrowser: Native class hierarchy updated for 'MovieSceneCapture' in 0.0008 seconds. Added 11 classes and 0 folders.
[2018.02.05-08.51.02:465][441]PIE: Info Play in editor start time for /Game/ThirdPersonBP/Maps/UEDPIE_0_Distrito1 1.354
[2018.02.05-08.51.02:466][441]LogBlueprintUserMessages: Late PlayInEditor Detection: Level '/Game/ThirdPersonBP/Maps/Distrito1.Distrito1:PersistentLevel' has LevelScriptBlueprint '/Game/ThirdPersonBP/Maps/Distrito1.Distrito1:PersistentLevel.Distrito1' with GeneratedClass '/Game/ThirdPersonBP/Maps/Distrito1.Distrito1_C' with ClassGeneratedBy '/Game/ThirdPersonBP/Maps/Distrito1.Distrito1:PersistentLevel.Distrito1'
[2018.02.05-08.51.17:764][309]LogBlueprintUserMessages: Early EndPlayMap Detection: Level '/Game/ThirdPersonBP/Maps/Distrito1.Distrito1:PersistentLevel' has LevelScriptBlueprint '/Game/ThirdPersonBP/Maps/Distrito1.Distrito1:PersistentLevel.Distrito1' with GeneratedClass '/Game/ThirdPersonBP/Maps/Distrito1.Distrito1_C' with ClassGeneratedBy '/Game/ThirdPersonBP/Maps/Distrito1.Distrito1:PersistentLevel.Distrito1'
[2018.02.05-08.51.17:823][309]LogBlueprintUserMessages: Late EndPlayMap Detection: Level '/Game/ThirdPersonBP/Maps/Distrito1.Distrito1:PersistentLevel' has LevelScriptBlueprint '/Game/ThirdPersonBP/Maps/Distrito1.Distrito1:PersistentLevel.Distrito1' with GeneratedClass '/Game/ThirdPersonBP/Maps/Distrito1.Distrito1_C' with ClassGeneratedBy '/Game/ThirdPersonBP/Maps/Distrito1.Distrito1:PersistentLevel.Distrito1'
[2018.02.05-08.51.20:020][419]LogEditorViewport: Clicking on Actor (LMB): sargentEnemyN_C (sargentEnemyN)
[2018.02.05-08.51.20:984][469]Cmd: DELETE
[2018.02.05-08.51.20:984][469]Cmd: ACTOR DELETE
[2018.02.05-08.51.20:997][469]LogEditorActor: Deleted Actor: sargentEnemyN_C
[2018.02.05-08.51.21:007][469]LogEditorActor: Deleted 1 Actors (0.021 secs)
[2018.02.05-08.51.24:818][702]LogSlate: Took 0.005286 seconds to synchronously load lazily loaded font '../../../Engine/Content/Editor/Slate/Fonts/Roboto-Italic.ttf' (157K)
[2018.02.05-08.51.28:191][908]LogTemp: Repeting last play command: Selected Viewport
[2018.02.05-08.51.28:226][908]LogBlueprintUserMessages: Early PlayInEditor Detection: Level '/Game/ThirdPersonBP/Maps/Distrito1.Distrito1:PersistentLevel' has LevelScriptBlueprint '/Game/ThirdPersonBP/Maps/Distrito1.Distrito1:PersistentLevel.Distrito1' with GeneratedClass '/Game/ThirdPersonBP/Maps/Distrito1.Distrito1_C' with ClassGeneratedBy '/Game/ThirdPersonBP/Maps/Distrito1.Distrito1:PersistentLevel.Distrito1'
[2018.02.05-08.51.28:226][908]LogPlayLevel: PlayLevel: No blueprints needed recompiling
[2018.02.05-08.51.28:226][908]PIE: New page: PIE session: Distrito1 (Feb 5, 2018, 10:51:28 AM)
[2018.02.05-08.51.28:226][908]LogPlayLevel: Creating play world package: /Game/ThirdPersonBP/Maps/UEDPIE_0_Distrito1
[2018.02.05-08.51.28:377][908]LogPlayLevel: PIE: StaticDuplicateObject took: (0.150536s)
[2018.02.05-08.51.28:378][908]LogAIModule: Creating AISystem for world Distrito1
[2018.02.05-08.51.28:378][908]LogPlayLevel: PIE: World Init took: (0.000658s)
[2018.02.05-08.51.28:378][908]LogPlayLevel: PIE: Created PIE world by copying editor world from /Game/ThirdPersonBP/Maps/Distrito1.Distrito1 to /Game/ThirdPersonBP/Maps/UEDPIE_0_Distrito1.Distrito1 (0.152018s)
[2018.02.05-08.51.28:394][908]LogInit: XAudio2 using 'BenQ GL2250H-4 (2- NVIDIA High Definition Audio)' : 2 channels at 48 kHz using 16 bits per sample (channel mask 0x3)
[2018.02.05-08.51.28:401][908]LogInit: FAudioDevice initialized.
[2018.02.05-08.51.28:434][908]LogLoad: Game class is 'ThirdPersonGameMode_C'
[2018.02.05-08.51.28:475][908]LogWorld: Bringing World /Game/ThirdPersonBP/Maps/UEDPIE_0_Distrito1.Distrito1 up for play (max tick rate 0) at 2018.02.05-09.51.28
[2018.02.05-08.51.28:483][908]LogWorld: Bringing up level for play took: 0.047102
[2018.02.05-08.51.28:501][908]PIE: Info Play in editor start time for /Game/ThirdPersonBP/Maps/UEDPIE_0_Distrito1 -0.608
[2018.02.05-08.51.28:502][908]LogBlueprintUserMessages: Late PlayInEditor Detection: Level '/Game/ThirdPersonBP/Maps/Distrito1.Distrito1:PersistentLevel' has LevelScriptBlueprint '/Game/ThirdPersonBP/Maps/Distrito1.Distrito1:PersistentLevel.Distrito1' with GeneratedClass '/Game/ThirdPersonBP/Maps/Distrito1.Distrito1_C' with ClassGeneratedBy '/Game/ThirdPersonBP/Maps/Distrito1.Distrito1:PersistentLevel.Distrito1'
[2018.02.05-08.52.27:380][830]LogBlueprintUserMessages: [KeyGates_182] Tienes Llave
[2018.02.05-08.52.48:499][863]LogBlueprintUserMessages: Early EndPlayMap Detection: Level '/Game/ThirdPersonBP/Maps/Distrito1.Distrito1:PersistentLevel' has LevelScriptBlueprint '/Game/ThirdPersonBP/Maps/Distrito1.Distrito1:PersistentLevel.Distrito1' with GeneratedClass '/Game/ThirdPersonBP/Maps/Distrito1.Distrito1_C' with ClassGeneratedBy '/Game/ThirdPersonBP/Maps/Distrito1.Distrito1:PersistentLevel.Distrito1'
[2018.02.05-08.52.48:573][863]LogBlueprintUserMessages: Late EndPlayMap Detection: Level '/Game/ThirdPersonBP/Maps/Distrito1.Distrito1:PersistentLevel' has LevelScriptBlueprint '/Game/ThirdPersonBP/Maps/Distrito1.Distrito1:PersistentLevel.Distrito1' with GeneratedClass '/Game/ThirdPersonBP/Maps/Distrito1.Distrito1_C' with ClassGeneratedBy '/Game/ThirdPersonBP/Maps/Distrito1.Distrito1:PersistentLevel.Distrito1'
[2018.02.05-08.53.01:889][554]LogSlate: Took 0.000313 seconds to synchronously load lazily loaded font '../../../Engine/Content/Slate/Fonts/Roboto-Light.ttf' (159K)
[2018.02.05-08.53.01:948][554]LogLinker:Warning: Can't find file '/Game/ThirdPersonBP/Maps/PruebaExploración_BuiltData'
[2018.02.05-08.53.01:948][554]LogLinker:Warning: Can't find file for asset '/Game/ThirdPersonBP/Maps/PruebaExploración_BuiltData' while loading ../../../../../../Users/alexbalasteguigaya/Documents/SourceTree/Proyecto2/Content/ThirdPersonBP/Maps/PruebaExploración.umap.
[2018.02.05-08.53.01:948][554]LoadErrors:Error: Error /Game/ThirdPersonBP/Maps/PruebaExploración : Can't find file for asset. /Game/ThirdPersonBP/Maps/PruebaExploración_BuiltData
[2018.02.05-08.53.01:953][554]LogLinker:Warning: Can't find file '/Game/ThirdPersonBP/Maps/PruebaExploración_BuiltData'
[2018.02.05-08.53.01:953][554]LogLinker:Warning: Can't find file for asset '/Game/ThirdPersonBP/Maps/PruebaExploración_BuiltData' while loading ../../../../../../Users/alexbalasteguigaya/Documents/SourceTree/Proyecto2/Content/ThirdPersonBP/Maps/PruebaExploración.umap.
[2018.02.05-08.53.01:961][554]LogLinker:Warning: Can't find file '/Game/ThirdPersonBP/Maps/PruebaExploración_BuiltData'
[2018.02.05-08.53.01:961][554]LogLinker:Warning: Can't find file for asset '/Game/ThirdPersonBP/Maps/PruebaExploración_BuiltData' while loading NULL.
[2018.02.05-08.53.01:961][554]LogLinker:Warning: Can't find file '/Game/ThirdPersonBP/Maps/PruebaExploración_BuiltData'
[2018.02.05-08.53.01:961][554]LogLinker:Warning: Can't find file for asset '/Game/ThirdPersonBP/Maps/PruebaExploración_BuiltData' while loading NULL.
[2018.02.05-08.53.01:981][554]LogLinker:Warning: Can't find file '/Game/ThirdPersonBP/Maps/PruebaExploración_BuiltData'
[2018.02.05-08.53.01:982][554]LoadErrors: Info Failed to load /Game/ThirdPersonBP/Maps/PruebaExploración_BuiltData.PruebaExploración_BuiltData Referenced by PersistentLevel
[2018.02.05-08.53.01:982][554]LogLinker:Warning: Can't find file for asset '/Game/ThirdPersonBP/Maps/PruebaExploración_BuiltData' while loading NULL.
[2018.02.05-08.53.02:012][554]LogAIModule: Creating AISystem for world PruebaExploración
[2018.02.05-08.53.03:864][554]LogSlate: Took 0.000223 seconds to synchronously load lazily loaded font '../../../Engine/Content/Slate/Fonts/Roboto-Regular.ttf' (155K)
[2018.02.05-08.53.06:023][554]LogSavePackage: Save=2732.25ms
[2018.02.05-08.53.06:023][554]LogSavePackage: Moving '../../../../../../Users/alexbalasteguigaya/Documents/SourceTree/Proyecto2/Saved/Distrito14F1373E5457F231CA24E72B5D390B75A.tmp' to '../../../../../../Users/alexbalasteguigaya/Documents/SourceTree/Proyecto2/Content/ThirdPersonBP/Maps/Distrito1.umap'
[2018.02.05-08.53.06:034][554]LogSavePackage:Display: Finished SavePackage ../../../../../../Users/alexbalasteguigaya/Documents/SourceTree/Proyecto2/Content/ThirdPersonBP/Maps/Distrito1.umap
[2018.02.05-08.53.06:099][554]LogFileHelpers: Saving map 'Distrito1' took 3.076
[2018.02.05-08.53.06:099][554]Cmd: MAP LOAD FILE="../../../../../../Users/alexbalasteguigaya/Documents/SourceTree/Proyecto2/Content/ThirdPersonBP/Maps/PruebaExploración.umap" TEMPLATE=0 SHOWPROGRESS=1 FEATURELEVEL=3
[2018.02.05-08.53.06:100][554]LightingResults: New page: Lighting Build
[2018.02.05-08.53.06:100][554]LoadErrors: New page: Loading map: PruebaExploración.umap
[2018.02.05-08.53.06:112][554]MapCheck: New page: Map Check
[2018.02.05-08.53.06:112][554]LightingResults: New page: Lighting Build
[2018.02.05-08.53.06:145][554]LogEditorServer: Finished looking for orphan Actors (0.000 secs)
[2018.02.05-08.53.06:217][554]Cmd: MAP CHECKDEP NOCLEARLOG
[2018.02.05-08.53.06:410][554]MapCheck: Info Map check complete: 0 Error(s), 0 Warning(s), took 192.599ms to complete.
[2018.02.05-08.53.06:411][554]LogFileHelpers: Loading map 'PruebaExploración' took 0.312
[2018.02.05-08.53.08:347][779]LogTemp: Repeting last play command: Selected Viewport
[2018.02.05-08.53.08:381][779]LogBlueprintUserMessages: Early PlayInEditor Detection: Level '/Game/ThirdPersonBP/Maps/PruebaExploración.PruebaExploración:PersistentLevel' has LevelScriptBlueprint '/Game/ThirdPersonBP/Maps/PruebaExploración.PruebaExploración:PersistentLevel.PruebaExploración' with GeneratedClass '/Game/ThirdPersonBP/Maps/PruebaExploración.PruebaExploración_C' with ClassGeneratedBy '/Game/ThirdPersonBP/Maps/PruebaExploración.PruebaExploración:PersistentLevel.PruebaExploración'
[2018.02.05-08.53.08:381][779]LogPlayLevel: PlayLevel: No blueprints needed recompiling
[2018.02.05-08.53.08:381][779]PIE: New page: PIE session: PruebaExploración (Feb 5, 2018, 10:53:08 AM)
[2018.02.05-08.53.08:381][779]LogPlayLevel: Creating play world package: /Game/ThirdPersonBP/Maps/UEDPIE_0_PruebaExploración
[2018.02.05-08.53.08:388][779]LogPlayLevel: PIE: StaticDuplicateObject took: (0.006479s)
[2018.02.05-08.53.08:388][779]LogAIModule: Creating AISystem for world PruebaExploración
[2018.02.05-08.53.08:389][779]LogPlayLevel: PIE: World Init took: (0.000660s)
[2018.02.05-08.53.08:389][779]LogPlayLevel: PIE: Created PIE world by copying editor world from /Game/ThirdPersonBP/Maps/PruebaExploración.PruebaExploración to /Game/ThirdPersonBP/Maps/UEDPIE_0_PruebaExploración.PruebaExploración (0.007660s)
[2018.02.05-08.53.08:401][779]LogInit: XAudio2 using 'BenQ GL2250H-4 (2- NVIDIA High Definition Audio)' : 2 channels at 48 kHz using 16 bits per sample (channel mask 0x3)
[2018.02.05-08.53.08:408][779]LogInit: FAudioDevice initialized.
[2018.02.05-08.53.08:439][779]LogLoad: Game class is 'ThirdPersonGameMode_C'
[2018.02.05-08.53.08:444][779]LogWorld: Bringing World /Game/ThirdPersonBP/Maps/UEDPIE_0_PruebaExploración.PruebaExploración up for play (max tick rate 0) at 2018.02.05-09.53.08
[2018.02.05-08.53.08:444][779]LogWorld: Bringing up level for play took: 0.003004
[2018.02.05-08.53.08:446][779]PIE: Info Play in editor start time for /Game/ThirdPersonBP/Maps/UEDPIE_0_PruebaExploración -0.661
[2018.02.05-08.53.08:446][779]LogBlueprintUserMessages: Late PlayInEditor Detection: Level '/Game/ThirdPersonBP/Maps/PruebaExploración.PruebaExploración:PersistentLevel' has LevelScriptBlueprint '/Game/ThirdPersonBP/Maps/PruebaExploración.PruebaExploración:PersistentLevel.PruebaExploración' with GeneratedClass '/Game/ThirdPersonBP/Maps/PruebaExploración.PruebaExploración_C' with ClassGeneratedBy '/Game/ThirdPersonBP/Maps/PruebaExploración.PruebaExploración:PersistentLevel.PruebaExploración'
[2018.02.05-08.53.21:694][368]LogBlueprintUserMessages: Early EndPlayMap Detection: Level '/Game/ThirdPersonBP/Maps/PruebaExploración.PruebaExploración:PersistentLevel' has LevelScriptBlueprint '/Game/ThirdPersonBP/Maps/PruebaExploración.PruebaExploración:PersistentLevel.PruebaExploración' with GeneratedClass '/Game/ThirdPersonBP/Maps/PruebaExploración.PruebaExploración_C' with ClassGeneratedBy '/Game/ThirdPersonBP/Maps/PruebaExploración.PruebaExploración:PersistentLevel.PruebaExploración'
[2018.02.05-08.53.21:725][368]LogBlueprintUserMessages: Late EndPlayMap Detection: Level '/Game/ThirdPersonBP/Maps/PruebaExploración.PruebaExploración:PersistentLevel' has LevelScriptBlueprint '/Game/ThirdPersonBP/Maps/PruebaExploración.PruebaExploración:PersistentLevel.PruebaExploración' with GeneratedClass '/Game/ThirdPersonBP/Maps/PruebaExploración.PruebaExploración_C' with ClassGeneratedBy '/Game/ThirdPersonBP/Maps/PruebaExploración.PruebaExploración:PersistentLevel.PruebaExploración'
[2018.02.05-08.53.25:537][777]LogEditorViewport: Clicking on Actor (LMB): Gates1_C (Gates2)
[2018.02.05-08.53.25:610][780]LogEditorViewport: Clicking on Component (LMB): StaticMeshComponent (Gate)
[2018.02.05-08.53.32:261][371]LogContentBrowser: Native class hierarchy updated for 'BlueprintGraph' in 0.0011 seconds. Added 112 classes and 0 folders.
[2018.02.05-08.53.32:916][371]LogSlate: Took 0.004042 seconds to synchronously load lazily loaded font '../../../Engine/Content/Editor/Slate/Fonts/Roboto-BoldCondensed.ttf' (158K)
[2018.02.05-08.53.45:365][221]LogTemp: Repeting last play command: Selected Viewport
[2018.02.05-08.53.45:406][221]LogBlueprintUserMessages: Early PlayInEditor Detection: Level '/Game/ThirdPersonBP/Maps/PruebaExploración.PruebaExploración:PersistentLevel' has LevelScriptBlueprint '/Game/ThirdPersonBP/Maps/PruebaExploración.PruebaExploración:PersistentLevel.PruebaExploración' with GeneratedClass '/Game/ThirdPersonBP/Maps/PruebaExploración.PruebaExploración_C' with ClassGeneratedBy '/Game/ThirdPersonBP/Maps/PruebaExploración.PruebaExploración:PersistentLevel.PruebaExploración'
[2018.02.05-08.53.45:406][221]LogPlayLevel: PlayLevel: No blueprints needed recompiling
[2018.02.05-08.53.45:406][221]PIE: New page: PIE session: PruebaExploración (Feb 5, 2018, 10:53:45 AM)
[2018.02.05-08.53.45:407][221]LogPlayLevel: Creating play world package: /Game/ThirdPersonBP/Maps/UEDPIE_0_PruebaExploración
[2018.02.05-08.53.45:413][221]LogPlayLevel: PIE: StaticDuplicateObject took: (0.006136s)
[2018.02.05-08.53.45:414][221]LogAIModule: Creating AISystem for world PruebaExploración
[2018.02.05-08.53.45:414][221]LogPlayLevel: PIE: World Init took: (0.000875s)
[2018.02.05-08.53.45:414][221]LogPlayLevel: PIE: Created PIE world by copying editor world from /Game/ThirdPersonBP/Maps/PruebaExploración.PruebaExploración to /Game/ThirdPersonBP/Maps/UEDPIE_0_PruebaExploración.PruebaExploración (0.007248s)
[2018.02.05-08.53.45:434][221]LogInit: XAudio2 using 'BenQ GL2250H-4 (2- NVIDIA High Definition Audio)' : 2 channels at 48 kHz using 16 bits per sample (channel mask 0x3)
[2018.02.05-08.53.45:440][221]LogInit: FAudioDevice initialized.
[2018.02.05-08.53.45:470][221]LogLoad: Game class is 'ThirdPersonGameMode_C'
[2018.02.05-08.53.45:474][221]LogWorld: Bringing World /Game/ThirdPersonBP/Maps/UEDPIE_0_PruebaExploración.PruebaExploración up for play (max tick rate 0) at 2018.02.05-09.53.45
[2018.02.05-08.53.45:475][221]LogWorld: Bringing up level for play took: 0.002997
[2018.02.05-08.53.45:477][221]PIE: Info Play in editor start time for /Game/ThirdPersonBP/Maps/UEDPIE_0_PruebaExploración 0.371
[2018.02.05-08.53.45:477][221]LogBlueprintUserMessages: Late PlayInEditor Detection: Level '/Game/ThirdPersonBP/Maps/PruebaExploración.PruebaExploración:PersistentLevel' has LevelScriptBlueprint '/Game/ThirdPersonBP/Maps/PruebaExploración.PruebaExploración:PersistentLevel.PruebaExploración' with GeneratedClass '/Game/ThirdPersonBP/Maps/PruebaExploración.PruebaExploración_C' with ClassGeneratedBy '/Game/ThirdPersonBP/Maps/PruebaExploración.PruebaExploración:PersistentLevel.PruebaExploración'
[2018.02.05-08.54.18:228][150]LogBlueprintUserMessages: [KeyGates_412] Tienes Llave
[2018.02.05-08.54.32:087][813]LogBlueprintUserMessages: Early EndPlayMap Detection: Level '/Game/ThirdPersonBP/Maps/PruebaExploración.PruebaExploración:PersistentLevel' has LevelScriptBlueprint '/Game/ThirdPersonBP/Maps/PruebaExploración.PruebaExploración:PersistentLevel.PruebaExploración' with GeneratedClass '/Game/ThirdPersonBP/Maps/PruebaExploración.PruebaExploración_C' with ClassGeneratedBy '/Game/ThirdPersonBP/Maps/PruebaExploración.PruebaExploración:PersistentLevel.PruebaExploración'
[2018.02.05-08.54.32:135][813]LogBlueprintUserMessages: Late EndPlayMap Detection: Level '/Game/ThirdPersonBP/Maps/PruebaExploración.PruebaExploración:PersistentLevel' has LevelScriptBlueprint '/Game/ThirdPersonBP/Maps/PruebaExploración.PruebaExploración:PersistentLevel.PruebaExploración' with GeneratedClass '/Game/ThirdPersonBP/Maps/PruebaExploración.PruebaExploración_C' with ClassGeneratedBy '/Game/ThirdPersonBP/Maps/PruebaExploración.PruebaExploración:PersistentLevel.PruebaExploración'
[2018.02.05-08.54.36:681][296]LogEditorViewport: Clicking on Actor (LMB): Gates1_C (Gates1)
[2018.02.05-08.54.42:214][905]LogEditorViewport: Clicking on Actor (LMB): BP_Sky_Sphere_C (Sky Sphere)
[2018.02.05-08.54.42:841][976]LogEditorViewport: Clicking on Actor (LMB): BP_Sky_Sphere_C (Sky Sphere)
[2018.02.05-08.54.55:933][521]LogTemp: Repeting last play command: Selected Viewport
[2018.02.05-08.54.55:968][521]LogBlueprintUserMessages: Early PlayInEditor Detection: Level '/Game/ThirdPersonBP/Maps/PruebaExploración.PruebaExploración:PersistentLevel' has LevelScriptBlueprint '/Game/ThirdPersonBP/Maps/PruebaExploración.PruebaExploración:PersistentLevel.PruebaExploración' with GeneratedClass '/Game/ThirdPersonBP/Maps/PruebaExploración.PruebaExploración_C' with ClassGeneratedBy '/Game/ThirdPersonBP/Maps/PruebaExploración.PruebaExploración:PersistentLevel.PruebaExploración'
[2018.02.05-08.54.55:968][521]LogPlayLevel: PlayLevel: No blueprints needed recompiling
[2018.02.05-08.54.55:968][521]PIE: New page: PIE session: PruebaExploración (Feb 5, 2018, 10:54:55 AM)
[2018.02.05-08.54.55:969][521]LogPlayLevel: Creating play world package: /Game/ThirdPersonBP/Maps/UEDPIE_0_PruebaExploración
[2018.02.05-08.54.55:975][521]LogPlayLevel: PIE: StaticDuplicateObject took: (0.005993s)
[2018.02.05-08.54.55:976][521]LogAIModule: Creating AISystem for world PruebaExploración
[2018.02.05-08.54.55:976][521]LogPlayLevel: PIE: World Init took: (0.001211s)
[2018.02.05-08.54.55:976][521]LogPlayLevel: PIE: Created PIE world by copying editor world from /Game/ThirdPersonBP/Maps/PruebaExploración.PruebaExploración to /Game/ThirdPersonBP/Maps/UEDPIE_0_PruebaExploración.PruebaExploración (0.007472s)
[2018.02.05-08.54.55:993][521]LogInit: XAudio2 using 'BenQ GL2250H-4 (2- NVIDIA High Definition Audio)' : 2 channels at 48 kHz using 16 bits per sample (channel mask 0x3)
[2018.02.05-08.54.56:000][521]LogInit: FAudioDevice initialized.
[2018.02.05-08.54.56:029][521]LogLoad: Game class is 'ThirdPersonGameMode_C'
[2018.02.05-08.54.56:033][521]LogWorld: Bringing World /Game/ThirdPersonBP/Maps/UEDPIE_0_PruebaExploración.PruebaExploración up for play (max tick rate 0) at 2018.02.05-09.54.56
[2018.02.05-08.54.56:033][521]LogWorld: Bringing up level for play took: 0.002674
[2018.02.05-08.54.56:035][521]PIE: Info Play in editor start time for /Game/ThirdPersonBP/Maps/UEDPIE_0_PruebaExploración 0.931
[2018.02.05-08.54.56:035][521]LogBlueprintUserMessages: Late PlayInEditor Detection: Level '/Game/ThirdPersonBP/Maps/PruebaExploración.PruebaExploración:PersistentLevel' has LevelScriptBlueprint '/Game/ThirdPersonBP/Maps/PruebaExploración.PruebaExploración:PersistentLevel.PruebaExploración' with GeneratedClass '/Game/ThirdPersonBP/Maps/PruebaExploración.PruebaExploración_C' with ClassGeneratedBy '/Game/ThirdPersonBP/Maps/PruebaExploración.PruebaExploración:PersistentLevel.PruebaExploración'
[2018.02.05-08.55.01:550][182]LogScriptCore:Warning: Script Msg: Divide by zero: Divide_IntInt
[2018.02.05-08.55.01:559][183]LogNet: Browse: /Game/ThirdPersonBP/Maps/levelScore
[2018.02.05-08.55.01:559][183]LogLoad: LoadMap: /Game/ThirdPersonBP/Maps/levelScore
[2018.02.05-08.55.01:579][183]Cmd: MEM
[2018.02.05-08.55.01:592][183]LogMemory: Platform Memory Stats for Windows
[2018.02.05-08.55.01:592][183]LogMemory: Process Physical Memory: 1450.85 MB used, 1451.15 MB peak
[2018.02.05-08.55.01:592][183]LogMemory: Process Virtual Memory: 2232.24 MB used, 2631.66 MB peak
[2018.02.05-08.55.01:592][183]LogMemory: Physical Memory: 4471.28 MB used,  11875.57 MB free, 16346.85 MB total
[2018.02.05-08.55.01:592][183]LogMemory: Virtual Memory: 3253.23 MB used,  11875.57 MB free, 134217728.00 MB total
[2018.02.05-08.55.01:592][183]LogMemory: 
[2018.02.05-08.55.01:592][183]Allocator Stats for TBB: (not implemented)
[2018.02.05-08.55.01:948][183]LogAIModule: Creating AISystem for world levelScore
[2018.02.05-08.55.01:948][183]LogLoad: Game class is 'ThirdPersonGameMode_C'
[2018.02.05-08.55.01:952][183]LogWorld: Bringing World /Game/ThirdPersonBP/Maps/UEDPIE_0_levelScore.levelScore up for play (max tick rate 0) at 2018.02.05-09.55.01
[2018.02.05-08.55.01:952][183]LogWorld: Bringing up level for play took: 0.002983
[2018.02.05-08.55.01:953][183]LogGameMode: FindPlayerStart: PATHS NOT DEFINED or NO PLAYERSTART with positive rating
[2018.02.05-08.55.01:955][183]LogLoad: Took 0.395608 seconds to LoadMap(/Game/ThirdPersonBP/Maps/levelScore)
[2018.02.05-08.55.10:956][257]LogBlueprintUserMessages: Early EndPlayMap Detection: Level '/Game/ThirdPersonBP/Maps/PruebaExploración.PruebaExploración:PersistentLevel' has LevelScriptBlueprint '/Game/ThirdPersonBP/Maps/PruebaExploración.PruebaExploración:PersistentLevel.PruebaExploración' with GeneratedClass '/Game/ThirdPersonBP/Maps/PruebaExploración.PruebaExploración_C' with ClassGeneratedBy '/Game/ThirdPersonBP/Maps/PruebaExploración.PruebaExploración:PersistentLevel.PruebaExploración'
[2018.02.05-08.55.10:996][257]LogBlueprintUserMessages: Late EndPlayMap Detection: Level '/Game/ThirdPersonBP/Maps/PruebaExploración.PruebaExploración:PersistentLevel' has LevelScriptBlueprint '/Game/ThirdPersonBP/Maps/PruebaExploración.PruebaExploración:PersistentLevel.PruebaExploración' with GeneratedClass '/Game/ThirdPersonBP/Maps/PruebaExploración.PruebaExploración_C' with ClassGeneratedBy '/Game/ThirdPersonBP/Maps/PruebaExploración.PruebaExploración:PersistentLevel.PruebaExploración'
[2018.02.05-08.55.15:618][390]Cmd: QUIT_EDITOR
[2018.02.05-08.55.16:213][390]LogWindowsTextInputMethodSystem:Display: IME system now deactivated.
[2018.02.05-08.55.16:227][390]LogExit: Preparing to exit.
[2018.02.05-08.55.16:921][390]LogDirectoryWatcher: A directory notification for 'C:/Users/alexbalasteguigaya/Documents/SourceTree/Proyecto2/Content/' was aborted.
[2018.02.05-08.55.16:978][390]LogExit: Editor shut down
[2018.02.05-08.55.16:980][390]LogExit: Transaction tracking system shut down
[2018.02.05-08.55.17:098][390]LogObj: Freed 0b from 0 cluster array pools.
[2018.02.05-08.55.17:098][390]LogExit: Object subsystem successfully closed.
[2018.02.05-08.55.17:110][390]LogD3D11RHI: Shutdown
[2018.02.05-08.55.17:110][390]LogD3D11RHI: CleanupD3DDevice
[2018.02.05-08.55.17:547][390]LogD3D11RHI: ~FD3D11DynamicRHI
[2018.02.05-08.55.17:614][390]LogModuleManager: Shutting down and abandoning module BlueprintGraph (530)
[2018.02.05-08.55.17:614][390]LogModuleManager: Shutting down and abandoning module BlueprintProfiler (528)
[2018.02.05-08.55.17:617][390]LogModuleManager: Shutting down and abandoning module MovieSceneCapture (526)
[2018.02.05-08.55.17:617][390]LogModuleManager: Shutting down and abandoning module HierarchicalLODOutliner (524)
[2018.02.05-08.55.17:617][390]LogModuleManager: Shutting down and abandoning module CrashTracker (522)
[2018.02.05-08.55.17:617][390]LogModuleManager: Shutting down and abandoning module SceneOutliner (520)
[2018.02.05-08.55.17:617][390]LogModuleManager: Shutting down and abandoning module AddContentDialog (518)
[2018.02.05-08.55.17:617][390]LogDirectoryWatcher: A directory notification for 'C:/Program Files/Epic Games/UE_4.16/FeaturePacks/' was aborted.
[2018.02.05-08.55.17:618][390]LogModuleManager: Shutting down and abandoning module WidgetCarousel (517)
[2018.02.05-08.55.17:618][390]LogModuleManager: Shutting down and abandoning module EditorWidgets (514)
[2018.02.05-08.55.17:618][390]LogModuleManager: Shutting down and abandoning module CollectionManager (512)
[2018.02.05-08.55.17:618][390]LogDirectoryWatcher: A directory notification for 'C:/Users/alexbalasteguigaya/Documents/SourceTree/Proyecto2/Content/Collections/' was aborted.
[2018.02.05-08.55.17:618][390]LogDirectoryWatcher: A directory notification for 'C:/Users/alexbalasteguigaya/Documents/SourceTree/Proyecto2/Content/Developers/alexbalasteguigaya/Collections/' was aborted.
[2018.02.05-08.55.17:618][390]LogDirectoryWatcher: A directory notification for 'C:/Users/alexbalasteguigaya/Documents/SourceTree/Proyecto2/Saved/Collections/' was aborted.
[2018.02.05-08.55.17:618][390]LogModuleManager: Shutting down and abandoning module StatsViewer (510)
[2018.02.05-08.55.17:618][390]LogModuleManager: Shutting down and abandoning module FoliageEdit (508)
[2018.02.05-08.55.17:618][390]LogModuleManager: Shutting down and abandoning module LandscapeEditor (506)
[2018.02.05-08.55.17:618][390]LogModuleManager: Shutting down and abandoning module MeshPaintMode (504)
[2018.02.05-08.55.17:618][390]LogModuleManager: Shutting down and abandoning module SceneDepthPickerMode (502)
[2018.02.05-08.55.17:618][390]LogModuleManager: Shutting down and abandoning module ActorPickerMode (500)
[2018.02.05-08.55.17:618][390]LogModuleManager: Shutting down and abandoning module GeometryMode (498)
[2018.02.05-08.55.17:618][390]LogModuleManager: Shutting down and abandoning module TextureAlignMode (496)
[2018.02.05-08.55.17:618][390]LogModuleManager: Shutting down and abandoning module BspMode (494)
[2018.02.05-08.55.17:618][390]LogModuleManager: Shutting down and abandoning module HardwareSurvey (492)
[2018.02.05-08.55.17:618][390]LogModuleManager: Shutting down and abandoning module SequenceRecorderSections (490)
[2018.02.05-08.55.17:618][390]LogModuleManager: Shutting down and abandoning module AutomationWorker (488)
[2018.02.05-08.55.17:618][390]LogModuleManager: Shutting down and abandoning module MatineeToLevelSequence (486)
[2018.02.05-08.55.17:618][390]LogModuleManager: Shutting down and abandoning module LevelSequenceEditor (484)
[2018.02.05-08.55.17:618][390]LogModuleManager: Shutting down and abandoning module PlacementMode (483)
[2018.02.05-08.55.17:618][390]LogModuleManager: Shutting down and abandoning module WmfMediaFactory (480)
[2018.02.05-08.55.17:618][390]LogModuleManager: Shutting down and abandoning module WmfMediaEditor (478)
[2018.02.05-08.55.17:618][390]LogModuleManager: Shutting down and abandoning module AvfMediaFactory (476)
[2018.02.05-08.55.17:618][390]LogModuleManager: Shutting down and abandoning module AvfMediaEditor (474)
[2018.02.05-08.55.17:618][390]LogModuleManager: Shutting down and abandoning module AndroidMediaFactory (472)
[2018.02.05-08.55.17:618][390]LogModuleManager: Shutting down and abandoning module Media (471)
[2018.02.05-08.55.17:618][390]LogModuleManager: Shutting down and abandoning module AndroidMediaEditor (468)
[2018.02.05-08.55.17:618][390]LogModuleManager: Shutting down and abandoning module CharacterAI (466)
[2018.02.05-08.55.17:618][390]LogModuleManager: Shutting down and abandoning module AudioCapture (464)
[2018.02.05-08.55.17:618][390]LogModuleManager: Shutting down and abandoning module SequenceRecorder (463)
[2018.02.05-08.55.17:618][390]LogModuleManager: Shutting down and abandoning module SmartSnapping (460)
[2018.02.05-08.55.17:618][390]LogModuleManager: Shutting down and abandoning module SessionServices (458)
[2018.02.05-08.55.17:618][390]LogModuleManager: Shutting down and abandoning module ViewportSnapping (456)
[2018.02.05-08.55.17:618][390]LogModuleManager: Shutting down and abandoning module ViewportInteraction (454)
[2018.02.05-08.55.17:618][390]LogModuleManager: Shutting down and abandoning module ClothPainter (452)
[2018.02.05-08.55.17:618][390]LogModuleManager: Shutting down and abandoning module LogVisualizer (450)
[2018.02.05-08.55.17:618][390]LogModuleManager: Shutting down and abandoning module IntroTutorials (448)
[2018.02.05-08.55.17:619][390]LogModuleManager: Shutting down and abandoning module GameProjectGeneration (447)
[2018.02.05-08.55.17:619][390]LogModuleManager: Shutting down and abandoning module EditorLiveStreaming (444)
[2018.02.05-08.55.17:619][390]LogModuleManager: Shutting down and abandoning module IOSPlatformEditor (442)
[2018.02.05-08.55.17:619][390]LogModuleManager: Shutting down and abandoning module HTML5PlatformEditor (440)
[2018.02.05-08.55.17:619][390]LogModuleManager: Shutting down and abandoning module AndroidPlatformEditor (438)
[2018.02.05-08.55.17:619][390]LogModuleManager: Shutting down and abandoning module AndroidDeviceDetection (437)
[2018.02.05-08.55.17:829][390]LogModuleManager: Shutting down and abandoning module IOSRuntimeSettings (434)
[2018.02.05-08.55.17:829][390]LogModuleManager: Shutting down and abandoning module AndroidRuntimeSettings (432)
[2018.02.05-08.55.17:829][390]LogModuleManager: Shutting down and abandoning module InputBindingEditor (430)
[2018.02.05-08.55.17:829][390]LogModuleManager: Shutting down and abandoning module MergeActors (428)
[2018.02.05-08.55.17:829][390]LogModuleManager: Shutting down and abandoning module SizeMap (426)
[2018.02.05-08.55.17:829][390]LogModuleManager: Shutting down and abandoning module TreeMap (424)
[2018.02.05-08.55.17:829][390]LogModuleManager: Shutting down and abandoning module ReferenceViewer (422)
[2018.02.05-08.55.17:829][390]LogModuleManager: Shutting down and abandoning module LocalizationDashboard (420)
[2018.02.05-08.55.17:829][390]LogModuleManager: Shutting down and abandoning module LocalizationService (419)
[2018.02.05-08.55.17:829][390]LogModuleManager: Shutting down and abandoning module HardwareTargeting (416)
[2018.02.05-08.55.17:829][390]LogModuleManager: Shutting down and abandoning module DeviceProfileEditor (414)
[2018.02.05-08.55.17:829][390]LogModuleManager: Shutting down and abandoning module UndoHistory (412)
[2018.02.05-08.55.17:829][390]LogModuleManager: Shutting down and abandoning module UserFeedback (410)
[2018.02.05-08.55.17:829][390]LogModuleManager: Shutting down and abandoning module XmlParser (408)
[2018.02.05-08.55.17:829][390]LogModuleManager: Shutting down and abandoning module Blutility (406)
[2018.02.05-08.55.17:829][390]LogModuleManager: Shutting down and abandoning module ProjectSettingsViewer (404)
[2018.02.05-08.55.17:829][390]LogModuleManager: Shutting down and abandoning module ProjectTargetPlatformEditor (403)
[2018.02.05-08.55.17:829][390]LogModuleManager: Shutting down and abandoning module EditorSettingsViewer (400)
[2018.02.05-08.55.17:829][390]LogModuleManager: Shutting down and abandoning module SettingsEditor (398)
[2018.02.05-08.55.17:829][390]LogModuleManager: Shutting down and abandoning module ProjectLauncher (396)
[2018.02.05-08.55.17:829][390]LogModuleManager: Shutting down and abandoning module SessionFrontend (394)
[2018.02.05-08.55.17:829][390]LogModuleManager: Shutting down and abandoning module ProfilerClient (392)
[2018.02.05-08.55.17:829][390]LogModuleManager: Shutting down and abandoning module DeviceManager (390)
[2018.02.05-08.55.17:829][390]LogModuleManager: Shutting down and abandoning module TargetDeviceServices (389)
[2018.02.05-08.55.17:893][390]LogModuleManager: Shutting down and abandoning module AutomationController (386)
[2018.02.05-08.55.17:893][390]LogModuleManager: Shutting down and abandoning module AutomationWindow (384)
[2018.02.05-08.55.17:893][390]LogModuleManager: Shutting down and abandoning module Layers (382)
[2018.02.05-08.55.17:893][390]LogModuleManager: Shutting down and abandoning module ComponentVisualizers (380)
[2018.02.05-08.55.17:893][390]LogModuleManager: Shutting down and abandoning module DetailCustomizations (378)
[2018.02.05-08.55.17:893][390]LogModuleManager: Shutting down and abandoning module PackagesDialog (376)
[2018.02.05-08.55.17:893][390]LogModuleManager: Shutting down and abandoning module Persona (374)
[2018.02.05-08.55.17:893][390]LogModuleManager: Shutting down and abandoning module AdvancedPreviewScene (373)
[2018.02.05-08.55.17:893][390]LogModuleManager: Shutting down and abandoning module AnimGraph (371)
[2018.02.05-08.55.17:893][390]LogModuleManager: Shutting down and abandoning module Kismet (368)
[2018.02.05-08.55.17:901][390]LogModuleManager: Shutting down and abandoning module ClassViewer (366)
[2018.02.05-08.55.17:901][390]LogModuleManager: Shutting down and abandoning module Toolbox (364)
[2018.02.05-08.55.17:901][390]LogModuleManager: Shutting down and abandoning module ModuleUI (362)
[2018.02.05-08.55.17:901][390]LogModuleManager: Shutting down and abandoning module MovieSceneTools (360)
[2018.02.05-08.55.17:901][390]LogModuleManager: Shutting down and abandoning module OutputLog (358)
[2018.02.05-08.55.17:901][390]LogModuleManager: Shutting down and abandoning module GammaUI (356)
[2018.02.05-08.55.17:901][390]LogModuleManager: Shutting down and abandoning module Documentation (354)
[2018.02.05-08.55.17:901][390]LogModuleManager: Shutting down and abandoning module MovieSceneTracks (352)
[2018.02.05-08.55.17:901][390]LogModuleManager: Shutting down and abandoning module MovieScene (350)
[2018.02.05-08.55.17:901][390]LogModuleManager: Shutting down and abandoning module Niagara (348)
[2018.02.05-08.55.17:901][390]LogModuleManager: Shutting down and abandoning module NiagaraEditor (347)
[2018.02.05-08.55.17:901][390]LogModuleManager: Shutting down and abandoning module StreamingPauseRendering (344)
[2018.02.05-08.55.17:901][390]LogModuleManager: Shutting down and abandoning module AnalyticsET (342)
[2018.02.05-08.55.17:901][390]LogModuleManager: Shutting down and abandoning module PortalServices (340)
[2018.02.05-08.55.17:901][390]LogModuleManager: Shutting down and abandoning module PortalRpc (338)
[2018.02.05-08.55.17:901][390]LogModuleManager: Shutting down and abandoning module MessagingRpc (336)
[2018.02.05-08.55.17:901][390]LogModuleManager: Shutting down and abandoning module AIModule (334)
[2018.02.05-08.55.17:901][390]LogModuleManager: Shutting down and abandoning module GameplayDebugger (333)
[2018.02.05-08.55.17:901][390]LogModuleManager: Shutting down and abandoning module AITestSuite (331)
[2018.02.05-08.55.17:901][390]LogModuleManager: Shutting down and abandoning module ProfilerService (328)
[2018.02.05-08.55.18:081][390]LogModuleManager: Shutting down and abandoning module TaskGraph (326)
[2018.02.05-08.55.18:081][390]LogModuleManager: Shutting down and abandoning module SteamVRController (324)
[2018.02.05-08.55.18:081][390]LogModuleManager: Shutting down and abandoning module SteamVR (322)
[2018.02.05-08.55.18:081][390]LogModuleManager: Shutting down and abandoning module ProceduralMeshComponentEditor (320)
[2018.02.05-08.55.18:081][390]LogModuleManager: Shutting down and abandoning module ProceduralMeshComponent (318)
[2018.02.05-08.55.18:081][390]LogModuleManager: Shutting down and abandoning module OculusLibrary (316)
[2018.02.05-08.55.18:081][390]LogModuleManager: Shutting down and abandoning module OculusInput (314)
[2018.02.05-08.55.18:081][390]LogModuleManager: Shutting down and abandoning module MobilePatchingUtils (312)
[2018.02.05-08.55.18:081][390]LogModuleManager: Shutting down and abandoning module CustomMeshComponent (310)
[2018.02.05-08.55.18:081][390]LogModuleManager: Shutting down and abandoning module CableComponent (308)
[2018.02.05-08.55.18:081][390]LogModuleManager: Shutting down and abandoning module ArchVisCharacter (306)
[2018.02.05-08.55.18:081][390]LogModuleManager: Shutting down and abandoning module AndroidPermission (304)
[2018.02.05-08.55.18:081][390]LogModuleManager: Shutting down and abandoning module MediaPlayerEditor (300)
[2018.02.05-08.55.18:081][390]LogModuleManager: Shutting down and abandoning module HTML5Networking (298)
[2018.02.05-08.55.18:081][390]LogModuleManager: Shutting down and abandoning module AlembicImporter (296)
[2018.02.05-08.55.18:081][390]LogModuleManager: Shutting down and abandoning module AlembicLibrary (295)
[2018.02.05-08.55.18:081][390]LogModuleManager: Shutting down and abandoning module GeometryCache (294)
[2018.02.05-08.55.18:081][390]LogModuleManager: Shutting down and abandoning module GeometryCacheEd (293)
[2018.02.05-08.55.18:081][390]LogModuleManager: Shutting down and abandoning module SuperSearchEditor (288)
[2018.02.05-08.55.18:081][390]LogModuleManager: Shutting down and abandoning module SuperSearch (287)
[2018.02.05-08.55.18:081][390]LogModuleManager: Shutting down and abandoning module SpeedTreeImporter (284)
[2018.02.05-08.55.18:081][390]LogModuleManager: Shutting down and abandoning module PluginBrowser (282)
[2018.02.05-08.55.18:081][390]LogModuleManager: Shutting down and abandoning module MobileLauncherProfileWizard (280)
[2018.02.05-08.55.18:081][390]LogModuleManager: Shutting down and abandoning module VisualStudioSourceCodeAccess (278)
[2018.02.05-08.55.18:081][390]LogModuleManager: Shutting down and abandoning module DesktopPlatform (277)
[2018.02.05-08.55.18:081][390]LogModuleManager: Shutting down and abandoning module UObjectPlugin (274)
[2018.02.05-08.55.18:081][390]LogModuleManager: Shutting down and abandoning module SubversionSourceControl (272)
[2018.02.05-08.55.18:081][390]LogModuleManager: Shutting down and abandoning module PerforceSourceControl (270)
[2018.02.05-08.55.18:081][390]LogModuleManager: Shutting down and abandoning module GitSourceControl (268)
[2018.02.05-08.55.18:082][390]LogModuleManager: Shutting down and abandoning module SourceControl (267)
[2018.02.05-08.55.18:082][390]LogModuleManager: Shutting down and abandoning module LightPropagationVolumeEditor (264)
[2018.02.05-08.55.18:082][390]LogModuleManager: Shutting down and abandoning module PaperTiledImporter (262)
[2018.02.05-08.55.18:082][390]LogModuleManager: Shutting down and abandoning module PaperSpriteSheetImporter (260)
[2018.02.05-08.55.18:082][390]LogModuleManager: Shutting down and abandoning module Paper2DEditor (258)
[2018.02.05-08.55.18:082][390]LogModuleManager: Shutting down and abandoning module MeshPaint (257)
[2018.02.05-08.55.18:082][390]LogModuleManager: Shutting down and abandoning module LevelEditor (255)
[2018.02.05-08.55.18:082][390]LogModuleManager: Shutting down and abandoning module PixelInspectorModule (254)
[2018.02.05-08.55.18:082][390]LogModuleManager: Shutting down and abandoning module MainFrame (252)
[2018.02.05-08.55.18:082][390]LogModuleManager: Shutting down and abandoning module HotReload (251)
[2018.02.05-08.55.18:083][390]LogModuleManager: Shutting down and abandoning module PhysXVehiclesEditor (246)
[2018.02.05-08.55.18:083][390]LogModuleManager: Shutting down and abandoning module PhysXVehicles (244)
[2018.02.05-08.55.18:083][390]LogModuleManager: Shutting down and abandoning module LocationServicesBPLibrary (242)
[2018.02.05-08.55.18:083][390]LogModuleManager: Shutting down and abandoning module ImmediatePhysicsEditor (240)
[2018.02.05-08.55.18:083][390]LogModuleManager: Shutting down and abandoning module ImmediatePhysics (238)
[2018.02.05-08.55.18:083][390]LogModuleManager: Shutting down and abandoning module UdpMessaging (236)
[2018.02.05-08.55.18:183][390]LogModuleManager: Shutting down and abandoning module TcpMessaging (234)
[2018.02.05-08.55.18:283][390]LogModuleManager: Shutting down and abandoning module GameplayTagsEditor (232)
[2018.02.05-08.55.18:283][390]LogModuleManager: Shutting down and abandoning module FacialAnimationEditor (230)
[2018.02.05-08.55.18:283][390]LogModuleManager: Shutting down and abandoning module FacialAnimation (228)
[2018.02.05-08.55.18:283][390]LogModuleManager: Shutting down and abandoning module AssetManagerEditor (226)
[2018.02.05-08.55.18:283][390]LogModuleManager: Shutting down and abandoning module GraphEditor (225)
[2018.02.05-08.55.18:283][390]LogModuleManager: Shutting down and abandoning module ContentBrowser (223)
[2018.02.05-08.55.18:283][390]LogModuleManager: Shutting down and abandoning module LightPropagationVolumeRuntime (220)
[2018.02.05-08.55.18:283][390]LogModuleManager: Shutting down and abandoning module Paper2D (218)
[2018.02.05-08.55.18:283][390]LogModuleManager: Shutting down and abandoning module WindowsMoviePlayer (216)
[2018.02.05-08.55.18:283][390]LogModuleManager: Shutting down and abandoning module WmfMedia (214)
[2018.02.05-08.55.18:285][390]LogModuleManager: Shutting down and abandoning module ClothingSystemEditor (212)
[2018.02.05-08.55.18:285][390]LogModuleManager: Shutting down and abandoning module ClothingSystemRuntime (210)
[2018.02.05-08.55.18:285][390]LogModuleManager: Shutting down and abandoning module MediaAssets (208)
[2018.02.05-08.55.18:285][390]LogModuleManager: Shutting down and abandoning module GameLiveStreaming (206)
[2018.02.05-08.55.18:285][390]LogModuleManager: Shutting down and abandoning module VREditor (204)
[2018.02.05-08.55.18:285][390]LogModuleManager: Shutting down and abandoning module StringTableEditor (202)
[2018.02.05-08.55.18:285][390]LogModuleManager: Shutting down and abandoning module GameplayTasksEditor (200)
[2018.02.05-08.55.18:285][390]LogModuleManager: Shutting down and abandoning module BehaviorTreeEditor (198)
[2018.02.05-08.55.18:285][390]LogModuleManager: Shutting down and abandoning module FunctionalTesting (196)
[2018.02.05-08.55.18:285][390]LogModuleManager: Shutting down and abandoning module CollisionAnalyzer (194)
[2018.02.05-08.55.18:285][390]LogModuleManager: Shutting down and abandoning module UMG (192)
[2018.02.05-08.55.18:285][390]LogModuleManager: Shutting down and abandoning module UMGEditor (191)
[2018.02.05-08.55.18:285][390]LogModuleManager: Shutting down and abandoning module Sequencer (190)
[2018.02.05-08.55.18:286][390]LogModuleManager: Shutting down and abandoning module AssetTools (188)
[2018.02.05-08.55.18:286][390]LogModuleManager: Shutting down and abandoning module MessageLog (187)
[2018.02.05-08.55.18:286][390]LogModuleManager: Shutting down and abandoning module WorkspaceMenuStructure (186)
[2018.02.05-08.55.18:286][390]LogModuleManager: Shutting down and abandoning module SlateReflector (180)
[2018.02.05-08.55.18:286][390]LogModuleManager: Shutting down and abandoning module Slate (178)
[2018.02.05-08.55.18:286][390]LogModuleManager: Shutting down and abandoning module EditorStyle (176)
[2018.02.05-08.55.18:291][390]LogModuleManager: Shutting down and abandoning module SourceCodeAccess (174)
[2018.02.05-08.55.18:291][390]LogModuleManager: Shutting down and abandoning module HeadMountedDisplay (172)
[2018.02.05-08.55.18:291][390]LogModuleManager: Shutting down and abandoning module XAudio2 (170)
[2018.02.05-08.55.18:291][390]LogModuleManager: Shutting down and abandoning module Networking (168)
[2018.02.05-08.55.18:291][390]LogModuleManager: Shutting down and abandoning module Core (164)
[2018.02.05-08.55.18:291][390]LogModuleManager: Shutting down and abandoning module AssetRegistry (162)
[2018.02.05-08.55.18:453][390]LogDirectoryWatcher: A directory notification for '../../../Engine/Content/' was aborted.
[2018.02.05-08.55.18:453][390]LogDirectoryWatcher: A directory notification for '../../../../../../Users/alexbalasteguigaya/Documents/SourceTree/Proyecto2/Content/' was aborted.
[2018.02.05-08.55.18:453][390]LogDirectoryWatcher: A directory notification for '../../../Engine/Plugins/2D/Paper2D/Content/' was aborted.
[2018.02.05-08.55.18:453][390]LogDirectoryWatcher: A directory notification for '../../../Engine/Plugins/Runtime/GearVR/Content/' was aborted.
[2018.02.05-08.55.18:456][390]LogModuleManager: Shutting down and abandoning module DirectoryWatcher (161)
[2018.02.05-08.55.18:456][390]LogModuleManager: Shutting down and abandoning module KismetCompiler (158)
[2018.02.05-08.55.18:456][390]LogModuleManager: Shutting down and abandoning module LevelSequence (156)
[2018.02.05-08.55.18:456][390]LogModuleManager: Shutting down and abandoning module PhysXFormats (154)
[2018.02.05-08.55.18:456][390]LogModuleManager: Shutting down and abandoning module MeshUtilities (152)
[2018.02.05-08.55.18:456][390]LogModuleManager: Shutting down and abandoning module SimplygonSwarm (151)
[2018.02.05-08.55.18:456][390]LogModuleManager: Shutting down and abandoning module SimplygonMeshReduction (149)
[2018.02.05-08.55.18:456][390]LogModuleManager: Shutting down and abandoning module QuadricMeshReduction (147)
[2018.02.05-08.55.18:456][390]LogModuleManager: Shutting down and abandoning module DerivedDataCache (144)
[2018.02.05-08.55.18:529][390]LogDerivedDataCache: Shutdown
[2018.02.05-08.55.18:529][390]LogModuleManager: Shutting down and abandoning module TargetPlatform (142)
[2018.02.05-08.55.18:529][390]LogModuleManager: Shutting down and abandoning module VulkanShaderFormat (141)
[2018.02.05-08.55.18:529][390]LogModuleManager: Shutting down and abandoning module ShaderFormatVectorVM (139)
[2018.02.05-08.55.18:529][390]LogModuleManager: Shutting down and abandoning module ShaderFormatOpenGL (137)
[2018.02.05-08.55.18:529][390]LogModuleManager: Shutting down and abandoning module ShaderFormatD3D (135)
[2018.02.05-08.55.18:529][390]LogModuleManager: Shutting down and abandoning module MetalShaderFormat (133)
[2018.02.05-08.55.18:529][390]LogModuleManager: Shutting down and abandoning module TextureFormatUncompressed (131)
[2018.02.05-08.55.18:529][390]LogModuleManager: Shutting down and abandoning module TextureFormatPVR (129)
[2018.02.05-08.55.18:529][390]LogModuleManager: Shutting down and abandoning module TextureFormatDXT (127)
[2018.02.05-08.55.18:529][390]LogModuleManager: Shutting down and abandoning module TextureFormatIntelISPCTexComp (125)
[2018.02.05-08.55.18:529][390]LogModuleManager: Shutting down and abandoning module TextureFormatASTC (123)
[2018.02.05-08.55.18:529][390]LogModuleManager: Shutting down and abandoning module ImageWrapper (122)
[2018.02.05-08.55.18:529][390]LogModuleManager: Shutting down and abandoning module TextureFormatAndroid (119)
[2018.02.05-08.55.18:529][390]LogModuleManager: Shutting down and abandoning module AudioFormatOpus (117)
[2018.02.05-08.55.18:529][390]LogModuleManager: Shutting down and abandoning module AudioFormatOgg (115)
[2018.02.05-08.55.18:529][390]LogModuleManager: Shutting down and abandoning module AudioFormatADPCM (113)
[2018.02.05-08.55.18:529][390]LogModuleManager: Shutting down and abandoning module LinuxTargetPlatform (111)
[2018.02.05-08.55.18:529][390]LogModuleManager: Shutting down and abandoning module LinuxServerTargetPlatform (109)
[2018.02.05-08.55.18:529][390]LogModuleManager: Shutting down and abandoning module LinuxNoEditorTargetPlatform (107)
[2018.02.05-08.55.18:529][390]LogModuleManager: Shutting down and abandoning module LinuxClientTargetPlatform (105)
[2018.02.05-08.55.18:529][390]LogModuleManager: Shutting down and abandoning module TVOSTargetPlatform (103)
[2018.02.05-08.55.18:529][390]LogModuleManager: Shutting down and abandoning module Messaging (101)
[2018.02.05-08.55.18:529][390]LogModuleManager: Shutting down and abandoning module IOSTargetPlatform (99)
[2018.02.05-08.55.18:529][390]LogModuleManager: Shutting down and abandoning module HTML5TargetPlatform (97)
[2018.02.05-08.55.18:529][390]LogModuleManager: Shutting down and abandoning module Android_PVRTCTargetPlatform (95)
[2018.02.05-08.55.18:529][390]LogModuleManager: Shutting down and abandoning module Android_MultiTargetPlatform (93)
[2018.02.05-08.55.18:529][390]LogModuleManager: Shutting down and abandoning module Android_ETC2TargetPlatform (91)
[2018.02.05-08.55.18:529][390]LogModuleManager: Shutting down and abandoning module Android_ETC1TargetPlatform (89)
[2018.02.05-08.55.18:529][390]LogModuleManager: Shutting down and abandoning module Android_DXTTargetPlatform (87)
[2018.02.05-08.55.18:529][390]LogModuleManager: Shutting down and abandoning module Android_ATCTargetPlatform (85)
[2018.02.05-08.55.18:529][390]LogModuleManager: Shutting down and abandoning module Android_ASTCTargetPlatform (83)
[2018.02.05-08.55.18:529][390]LogModuleManager: Shutting down and abandoning module AndroidTargetPlatform (81)
[2018.02.05-08.55.18:529][390]LogModuleManager: Shutting down and abandoning module WindowsTargetPlatform (79)
[2018.02.05-08.55.18:529][390]LogModuleManager: Shutting down and abandoning module WindowsServerTargetPlatform (77)
[2018.02.05-08.55.18:529][390]LogModuleManager: Shutting down and abandoning module WindowsNoEditorTargetPlatform (75)
[2018.02.05-08.55.18:530][390]LogModuleManager: Shutting down and abandoning module WindowsClientTargetPlatform (73)
[2018.02.05-08.55.18:530][390]LogModuleManager: Shutting down and abandoning module MacTargetPlatform (71)
[2018.02.05-08.55.18:530][390]LogModuleManager: Shutting down and abandoning module MacServerTargetPlatform (69)
[2018.02.05-08.55.18:530][390]LogModuleManager: Shutting down and abandoning module MacNoEditorTargetPlatform (67)
[2018.02.05-08.55.18:530][390]LogModuleManager: Shutting down and abandoning module MacClientTargetPlatform (65)
[2018.02.05-08.55.18:530][390]LogModuleManager: Shutting down and abandoning module AllDesktopTargetPlatform (63)
[2018.02.05-08.55.18:530][390]LogModuleManager: Shutting down and abandoning module InputCore (60)
[2018.02.05-08.55.18:530][390]LogModuleManager: Shutting down and abandoning module Settings (58)
[2018.02.05-08.55.18:530][390]LogModuleManager: Shutting down and abandoning module OculusRift (56)
[2018.02.05-08.55.18:530][390]LogModuleManager: Shutting down and abandoning module GearVRController (54)
[2018.02.05-08.55.18:530][390]LogModuleManager: Shutting down and abandoning module GearVR (52)
[2018.02.05-08.55.18:530][390]LogModuleManager: Shutting down and abandoning module ExampleDeviceProfileSelector (50)
[2018.02.05-08.55.18:530][390]LogModuleManager: Shutting down and abandoning module OnlineBlueprintSupport (48)
[2018.02.05-08.55.18:530][390]LogModuleManager: Shutting down and abandoning module OnlineSubsystem (44)
[2018.02.05-08.55.18:530][390]LogOnline:Display: Unloading online subsystem: NULL
[2018.02.05-08.55.18:530][390]LogModuleManager: Shutting down and abandoning module XMPP (43)
[2018.02.05-08.55.18:530][390]LogModuleManager: Shutting down and abandoning module HTTP (41)
[2018.02.05-08.55.18:530][390]LogHttp:Display: Http module shutting down, but needs to wait on 1 outstanding Http requests:
[2018.02.05-08.55.18:530][390]LogHttp:Display: 	verb=[POST] url=[https://datarouter.ol.epicgames.com/datarouter/api/v1/public/data?SessionID=%7BFCEADCF5-4B9D-63C9-A676-709B133EA2A7%7D&AppID=UEEditor.Rocket.Release&AppVersion=4.16.3-3561208%2B%2B%2BUE4%2BRelease-4.16&UserID=1e91c8314e0ec6f4381c5fbc15d40875%7Ca36ae3ccbc7849d9a8dc3e72594eb8b2%7C4de4ee59-3de1-47a6-9e8c-38cda48c02c7&AppEnvironment=datacollector-binary&UploadType=eteventstream] status=Processing
[2018.02.05-08.55.18:559][390]LogModuleManager: Shutting down and abandoning module SSL (40)
[2018.02.05-08.55.18:560][390]LogModuleManager: Shutting down and abandoning module HTTPChunkInstaller (36)
[2018.02.05-08.55.18:560][390]LogModuleManager: Shutting down and abandoning module AnimationModifiers (34)
[2018.02.05-08.55.18:560][390]LogModuleManager: Shutting down and abandoning module PropertyEditor (33)
[2018.02.05-08.55.18:561][390]LogModuleManager: Shutting down and abandoning module AudioEditor (30)
[2018.02.05-08.55.18:561][390]LogModuleManager: Shutting down and abandoning module TextureCompressor (28)
[2018.02.05-08.55.18:561][390]LogModuleManager: Shutting down and abandoning module ShaderCore (26)
[2018.02.05-08.55.18:561][390]LogModuleManager: Shutting down and abandoning module Landscape (24)
[2018.02.05-08.55.18:561][390]LogModuleManager: Shutting down and abandoning module SlateRHIRenderer (22)
[2018.02.05-08.55.18:561][390]LogModuleManager: Shutting down and abandoning module OpenGLDrv (20)
[2018.02.05-08.55.18:561][390]LogModuleManager: Shutting down and abandoning module D3D11RHI (18)
[2018.02.05-08.55.18:561][390]LogModuleManager: Shutting down and abandoning module AnimGraphRuntime (16)
[2018.02.05-08.55.18:561][390]LogModuleManager: Shutting down and abandoning module Renderer (14)
[2018.02.05-08.55.18:562][390]LogModuleManager: Shutting down and abandoning module Engine (12)
[2018.02.05-08.55.18:562][390]LogModuleManager: Shutting down and abandoning module CoreUObject (10)
[2018.02.05-08.55.18:562][390]LogModuleManager: Shutting down and abandoning module NetworkFile (8)
[2018.02.05-08.55.18:562][390]LogModuleManager: Shutting down and abandoning module StreamingFile (6)
[2018.02.05-08.55.18:562][390]LogModuleManager: Shutting down and abandoning module SandboxFile (4)
[2018.02.05-08.55.18:562][390]LogModuleManager: Shutting down and abandoning module PakFile (2)
[2018.02.05-08.55.18:563][390]LogExit: Exiting.
[2018.02.05-08.55.18:597][390]Log file closed, 02/05/18 09:55:18
