Log file open, 11/26/17 17:06:30
LogInit:Display: Running engine for game: Proyecto2
LogPlatformFile: Not using cached read wrapper
LogInit:Display: RandInit(315893815) SRandInit(315893816).
LogTaskGraph: Started task graph with 5 named threads and 8 total threads with 1 sets of task threads.
LogStats: Stats thread started at 0.089995
LogInit: Using libcurl 7.47.1
LogInit:  - built for x86_64-pc-win32
LogInit:  - supports SSL with OpenSSL/1.0.2g
LogInit:  - supports HTTP deflate (compression) using libz 1.2.8
LogInit:  - other features:
LogInit:      CURL_VERSION_SSL
LogInit:      CURL_VERSION_LIBZ
LogInit:      CURL_VERSION_IPV6
LogInit:      CURL_VERSION_ASYNCHDNS
LogInit:      CURL_VERSION_LARGEFILE
LogInit:      CURL_VERSION_IDN
LogInit:  CurlRequestOptions (configurable via config and command line):
LogInit:  - bVerifyPeer = false  - Libcurl will NOT verify peer certificate
LogInit:  - bUseHttpProxy = false  - Libcurl will NOT use HTTP proxy
LogInit:  - bDontReuseConnections = false  - Libcurl will reuse connections
LogInit:  - CertBundlePath = nullptr  - Libcurl will use whatever was configured at build time.
LogInit: Build: ++UE4+Release-4.16-CL-3561208
LogInit: Engine Version: 4.16.3-3561208+++UE4+Release-4.16
LogInit: Compatible Engine Version: 4.16.0-3452394+++UE4+Release-4.16
LogInit: Net CL: 3452394
LogDevObjectVersion: Number of dev versions registered: 16
LogDevObjectVersion:   Dev-Blueprints (B0D832E4-1F89-4F0D-ACCF-7EB736FD4AA2): 9
LogDevObjectVersion:   Dev-Build (E1C64328-A22C-4D53-A36C-8E866417BD8C): 0
LogDevObjectVersion:   Dev-Core (375EC13C-06E4-48FB-B500-84F0262A717E): 2
LogDevObjectVersion:   Dev-Editor (E4B068ED-F494-42E9-A231-DA0B2E46BB41): 17
LogDevObjectVersion:   Dev-Framework (CFFC743F-43B0-4480-9391-14DF171D2073): 23
LogDevObjectVersion:   Dev-Mobile (B02B49B5-BB20-44E9-A304-32B752E40360): 0
LogDevObjectVersion:   Dev-Networking (A4E4105C-59A1-49B5-A7C5-40C4547EDFEE): 0
LogDevObjectVersion:   Dev-Online (39C831C9-5AE6-47DC-9A44-9C173E1C8E7C): 0
LogDevObjectVersion:   Dev-Physics (78F01B33-EBEA-4F98-B9B4-84EACCB95AA2): 0
LogDevObjectVersion:   Dev-Platform (6631380F-2D4D-43E0-8009-CF276956A95A): 0
LogDevObjectVersion:   Dev-Rendering (12F88B9F-8875-4AFC-A67C-D90C383ABD29): 15
LogDevObjectVersion:   Dev-Sequencer (7B5AE74C-D270-4C10-A958-57980B212A5A): 4
LogDevObjectVersion:   Dev-VR (D7296918-1DD6-4BDD-9DE2-64A83CC13884): 0
LogDevObjectVersion:   Dev-LoadTimes (C2A15278-BFE7-4AFE-6C17-90FF531DF755): 1
LogDevObjectVersion:   Private-Geometry (6EACA3D4-40EC-4CC1-B786-8BED09428FC5): 1
LogDevObjectVersion:   Dev-AnimPhys (29E575DD-E0A3-4627-9D10-D276232CDCEA): 3
LogInit: Compiled (64-bit): Jul 28 2017 11:49:47
LogInit: Compiled with Visual C++: 19.00.24215.01
LogInit: Build Configuration: Development
LogInit: Branch Name: ++UE4+Release-4.16
LogInit: Command line: -EpicPortal 
LogInit: Base directory: D:/Program Files (x86)/Epic Games/UE_4.16/Engine/Binaries/Win64/
LogInit: Installed Engine Build: 1
LogInit: Presizing for max 8388607 objects, including 0 objects not considered by GC, pre-allocating 0 bytes for permanent pool.
LogInit: Object subsystem initialized
[2017.11.26-16.06.31:283][  0]LogInit: Selected Device Profile: [Windows]
[2017.11.26-16.06.31:283][  0]LogInit: Applying CVar settings loaded from the selected device profile: [Windows]
[2017.11.26-16.06.31:357][  0]LogInit: Computer: DESKTOP-FT9D45J
[2017.11.26-16.06.31:357][  0]LogInit: User: abala
[2017.11.26-16.06.31:357][  0]LogInit: CPU Page size=4096, Cores=4
[2017.11.26-16.06.31:357][  0]LogInit: High frequency timer resolution =3.328124 MHz
[2017.11.26-16.06.31:357][  0]LogMemory: Memory total: Physical=12.0GB (12GB approx)
[2017.11.26-16.06.31:357][  0]LogMemory: Platform Memory Stats for Windows
[2017.11.26-16.06.31:357][  0]LogMemory: Process Physical Memory: 276.22 MB used, 276.22 MB peak
[2017.11.26-16.06.31:357][  0]LogMemory: Process Virtual Memory: 266.65 MB used, 266.65 MB peak
[2017.11.26-16.06.31:357][  0]LogMemory: Physical Memory: 5065.67 MB used,  7181.23 MB free, 12246.90 MB total
[2017.11.26-16.06.31:357][  0]LogMemory: Virtual Memory: 667.89 MB used,  7181.23 MB free, 134217728.00 MB total
[2017.11.26-16.06.31:823][  0]LogInit: Overriding language with editor language configuration option (en).
[2017.11.26-16.06.31:823][  0]LogInit: Overriding locale with editor locale configuration option (en).
[2017.11.26-16.06.34:522][  0]LogD3D11RHI: D3D11 adapters:
[2017.11.26-16.06.34:582][  0]LogD3D11RHI:    0. 'NVIDIA GeForce GTX 1050 Ti' (Feature Level 11_0)
[2017.11.26-16.06.34:582][  0]LogD3D11RHI:       4029/0/6123 MB DedicatedVideo/DedicatedSystem/SharedSystem, Outputs:1, VendorId:0x10de
[2017.11.26-16.06.34:584][  0]LogD3D11RHI:    1. 'Microsoft Basic Render Driver' (Feature Level 11_0)
[2017.11.26-16.06.34:584][  0]LogD3D11RHI:       0/0/6123 MB DedicatedVideo/DedicatedSystem/SharedSystem, Outputs:0, VendorId:0x1414
[2017.11.26-16.06.34:584][  0]LogD3D11RHI: Chosen D3D11 Adapter: 0
[2017.11.26-16.06.34:589][  0]LogD3D11RHI: Creating new Direct3DDevice
[2017.11.26-16.06.34:589][  0]LogD3D11RHI:     GPU DeviceId: 0x1c82 (for the marketing name, search the web for "GPU Device Id")
[2017.11.26-16.06.34:589][  0]LogWindows: EnumDisplayDevices:
[2017.11.26-16.06.34:590][  0]LogWindows:    0. 'NVIDIA GeForce GTX 1050 Ti' (P:1 D:1)
[2017.11.26-16.06.34:590][  0]LogWindows:    1. 'NVIDIA GeForce GTX 1050 Ti' (P:0 D:0)
[2017.11.26-16.06.34:590][  0]LogWindows:    2. 'NVIDIA GeForce GTX 1050 Ti' (P:0 D:0)
[2017.11.26-16.06.34:590][  0]LogWindows:    3. 'NVIDIA GeForce GTX 1050 Ti' (P:0 D:0)
[2017.11.26-16.06.34:590][  0]LogWindows: DebugString: GetVideoDriverDetailsInvalid PrimaryIsNotTheChoosenAdapter GetVideoDriverDetailsInvalid PrimaryIsNotTheChoosenAdapter GetVideoDriverDetailsInvalid PrimaryIsNotTheChoosenAdapter GetVideoDriverDetailsInvalid PrimaryIsNotTheChoosenAdapter FoundDriverCount:0 
[2017.11.26-16.06.34:590][  0]LogD3D11RHI:     Adapter Name: NVIDIA GeForce GTX 1050 Ti
[2017.11.26-16.06.34:590][  0]LogD3D11RHI:   Driver Version: Unknown (internal:Unknown, unified:Unknown)
[2017.11.26-16.06.34:590][  0]LogD3D11RHI:      Driver Date: Unknown
[2017.11.26-16.06.34:590][  0]LogRHI: Texture pool is 1361 MB (70% of 1945 MB)
[2017.11.26-16.06.34:617][  0]LogD3D11RHI: Async texture creation enabled
[2017.11.26-16.06.34:640][  0]LogD3D11RHI: GPU Timing Frequency: 1000.000000 (Debug: 2 1)
[2017.11.26-16.06.34:688][  0]LogShaderCompilers: Guid format shader working directory is -19 characters bigger than the processId version (../../../../../../Users/abala/Documents/GitHub/Anarquia/Proyecto2/Intermediate/Shaders/WorkingDirectory/6444/).
[2017.11.26-16.06.34:688][  0]LogShaderCompilers: Cleaned the shader compiler working directory 'C:/Users/abala/AppData/Local/Temp/UnrealShaderWorkingDir/7821D3274FACCF61A9C333BF96B0DDE2/'.
[2017.11.26-16.06.34:688][  0]LogShaderCompilers:Display: Using Local Shader Compiler.
[2017.11.26-16.06.37:230][  0]LogTemp:Display: Loaded TP AllDesktopTargetPlatform
[2017.11.26-16.06.37:291][  0]LogTemp:Display: Loaded TP MacClientTargetPlatform
[2017.11.26-16.06.37:353][  0]LogTemp:Display: Loaded TP MacNoEditorTargetPlatform
[2017.11.26-16.06.37:411][  0]LogTemp:Display: Loaded TP MacServerTargetPlatform
[2017.11.26-16.06.37:484][  0]LogTemp:Display: Loaded TP MacTargetPlatform
[2017.11.26-16.06.37:544][  0]LogTemp:Display: Loaded TP WindowsClientTargetPlatform
[2017.11.26-16.06.37:590][  0]LogTemp:Display: Loaded TP WindowsNoEditorTargetPlatform
[2017.11.26-16.06.37:651][  0]LogTemp:Display: Loaded TP WindowsServerTargetPlatform
[2017.11.26-16.06.37:731][  0]LogTemp:Display: Loaded TP WindowsTargetPlatform
[2017.11.26-16.06.37:821][  0]LogTemp:Display: Loaded TP AndroidTargetPlatform
[2017.11.26-16.06.37:917][  0]LogTemp:Display: Loaded TP Android_ASTCTargetPlatform
[2017.11.26-16.06.37:982][  0]LogTemp:Display: Loaded TP Android_ATCTargetPlatform
[2017.11.26-16.06.38:044][  0]LogTemp:Display: Loaded TP Android_DXTTargetPlatform
[2017.11.26-16.06.38:107][  0]LogTemp:Display: Loaded TP Android_ETC1TargetPlatform
[2017.11.26-16.06.38:189][  0]LogTemp:Display: Loaded TP Android_ETC2TargetPlatform
[2017.11.26-16.06.38:338][  0]LogTemp:Display: Loaded TP Android_MultiTargetPlatform
[2017.11.26-16.06.38:338][  0]LogTemp:Display: Loaded TP Android_PVRTCTargetPlatform
[2017.11.26-16.06.38:382][  0]LogTemp:Display: Loaded TP HTML5TargetPlatform
[2017.11.26-16.06.38:555][  0]LogTemp:Display: Loaded TP IOSTargetPlatform
[2017.11.26-16.06.38:578][  0]LogTemp:Display: Loaded TP TVOSTargetPlatform
[2017.11.26-16.06.38:646][  0]LogTemp:Display: Loaded TP LinuxClientTargetPlatform
[2017.11.26-16.06.38:912][  0]LogTemp:Display: Loaded TP LinuxNoEditorTargetPlatform
[2017.11.26-16.06.39:012][  0]LogTemp:Display: Loaded TP LinuxServerTargetPlatform
[2017.11.26-16.06.39:198][  0]LogTemp:Display: Loaded TP LinuxTargetPlatform
[2017.11.26-16.06.39:198][  0]LogTargetPlatformManager:Display: Building Assets For Windows
[2017.11.26-16.06.40:098][  0]LogDerivedDataCache:Display: Max Cache Size: 512 MB
[2017.11.26-16.06.40:448][  0]LogDerivedDataCache: Loaded boot cache 0.35s 90MB C:/Users/abala/AppData/Local/UnrealEngine/4.16/DerivedDataCache/Boot.ddc.
[2017.11.26-16.06.40:448][  0]LogDerivedDataCache:Display: Loaded Boot cache: C:/Users/abala/AppData/Local/UnrealEngine/4.16/DerivedDataCache/Boot.ddc
[2017.11.26-16.06.40:449][  0]LogDerivedDataCache: FDerivedDataBackendGraph:  Pak pak cache file ../../../../../../Users/abala/Documents/GitHub/Anarquia/Proyecto2/DerivedDataCache/DDC.ddp not found, will not use a pak cache.
[2017.11.26-16.06.40:449][  0]LogDerivedDataCache: Unable to find inner node Pak for hierarchical cache Hierarchy.
[2017.11.26-16.06.40:449][  0]LogDerivedDataCache: FDerivedDataBackendGraph:  CompressedPak pak cache file ../../../../../../Users/abala/Documents/GitHub/Anarquia/Proyecto2/DerivedDataCache/Compressed.ddp not found, will not use a pak cache.
[2017.11.26-16.06.40:449][  0]LogDerivedDataCache: Unable to find inner node CompressedPak for hierarchical cache Hierarchy.
[2017.11.26-16.06.40:475][  0]LogDerivedDataCache:Display: Pak cache opened for reading ../../../Engine/DerivedDataCache/Compressed.ddp.
[2017.11.26-16.06.40:488][  0]LogDerivedDataCache: Using Local data cache path C:/Users/abala/AppData/Local/UnrealEngine/Common/DerivedDataCache: Writable
[2017.11.26-16.06.40:496][  0]LogMaterial: Verifying Global Shaders for PCD3D_SM5
[2017.11.26-16.06.40:496][  0]LogSlate: Using Freetype 2.6.0
[2017.11.26-16.06.40:528][  0]LogSlate: SlateFontCache - WITH_FREETYPE: 1, WITH_HARFBUZZ: 1
[2017.11.26-16.06.40:528][  0]LogSlate: SlateFontCache - WITH_FREETYPE: 1, WITH_HARFBUZZ: 1
[2017.11.26-16.06.43:115][  0]LogInit: Selected Device Profile: [Windows]
[2017.11.26-16.06.43:193][  0]LogContentStreaming: Texture pool size is 0.00 MB
[2017.11.26-16.06.43:404][  0]LogMeshUtilities: Using QuadricMeshReduction for automatic static mesh reduction
[2017.11.26-16.06.43:468][  0]LogSimplygon: Simplygon DLL not present - disabling.
[2017.11.26-16.06.43:524][  0]LogMeshUtilities: Using SimplygonSwarm for distributed automatic mesh merging
[2017.11.26-16.06.43:524][  0]LogMeshUtilities: No automatic skeletal mesh reduction module available
[2017.11.26-16.06.43:524][  0]LogMeshUtilities: No automatic mesh merging module available
[2017.11.26-16.06.44:092][  0]LogNetVersion: Proyecto2 , NetCL: 3452394, EngineNetVer: 2, GameNetVer: 0 (Checksum: 2528454084)
[2017.11.26-16.06.44:148][  0]LogAssetRegistry: FAssetRegistry took 0.0254 seconds to start up
[2017.11.26-16.06.44:254][  0]LogPackageLocalizationCache: Processed 4 localized package path(s) for 1 prioritized culture(s) in 0.091587 seconds
[2017.11.26-16.06.44:259][  0]LogUObjectArray: 34194 objects as part of root set at end of initial load.
[2017.11.26-16.06.44:259][  0]LogUObjectAllocator: 7260416 out of 0 bytes used by permanent object pool.
[2017.11.26-16.06.44:259][  0]LogUObjectArray: CloseDisregardForGC: 0/0 objects in disregard for GC pool
[2017.11.26-16.06.44:302][  0]LogInit: WinSock: version 1.1 (2.2), MaxSocks=32767, MaxUdp=65467
[2017.11.26-16.06.56:522][  0]LogTcpMessaging: Initializing TcpMessaging bridge
[2017.11.26-16.06.56:585][  0]LogUdpMessaging: Initializing bridge on interface 0.0.0.0:0 to multicast group 230.0.0.1:6666.
[2017.11.26-16.06.57:287][  0]LogMaterial: Uniform references updated for custom material expression Custom.
[2017.11.26-16.06.57:722][  0]SourceControl: Info Source control is disabled
[2017.11.26-16.06.57:723][  0]SourceControl: Info Source control is disabled
[2017.11.26-16.06.57:800][  0]SourceControl: Info Source control is disabled
[2017.11.26-16.06.57:863][  0]SourceControl: Info Source control is disabled
[2017.11.26-16.06.58:808][  0]LogAndroidPermission: UAndroidPermissionCallbackProxy::GetInstance
[2017.11.26-16.06.59:597][  0]LogEngine: Initializing Engine...
[2017.11.26-16.06.59:598][  0]LogHMD: Failed to initialize OpenVR with code 110
[2017.11.26-16.06.59:793][  0]LogStats: UGameplayTagsManager::ConstructGameplayTagTree: Construct from data asset -  0.000 s
[2017.11.26-16.06.59:793][  0]LogStats: UGameplayTagsManager::ConstructGameplayTagTree: GameplayTagTreeChangedEvent.Broadcast -  0.000 s
[2017.11.26-16.06.59:927][  0]LogAIModule: Creating AISystem for world Untitled
[2017.11.26-16.06.59:937][  0]LogInit: XAudio2 using 'Altavoces (Realtek High Definition Audio)' : 6 channels at 48 kHz using 32 bits per sample (channel mask 0x3f)
[2017.11.26-16.06.59:957][  0]LogInit: FAudioDevice initialized.
[2017.11.26-16.07.00:002][  0]LogDerivedDataCache: Saved boot cache 0.05s 90MB C:/Users/abala/AppData/Local/UnrealEngine/4.16/DerivedDataCache/Boot.ddc.
[2017.11.26-16.07.00:011][  0]LogInit: Texture streaming: Enabled
[2017.11.26-16.07.00:108][  0]LogEngineSessionManager: EngineSessionManager initialized
[2017.11.26-16.07.00:429][  0]LogInit: Transaction tracking system initialized
[2017.11.26-16.07.00:816][  0]BlueprintLog: New page: Editor Load
[2017.11.26-16.07.01:959][  0]LocalizationService: Info Localization service is disabled
[2017.11.26-16.07.02:736][  0]LogConsoleResponse:Display: 
[2017.11.26-16.07.03:221][  0]LogFileCache: Scanning file cache for directory 'D:/Users/abala/Documents/GitHub/Anarquia/Proyecto2/Content/' took 0.01s
[2017.11.26-16.07.03:221][  0]LogCook:Display: Max memory allowance for cook 16384mb min free memory 0mb
[2017.11.26-16.07.03:221][  0]LogCook:Display: Mobile HDR setting 1
[2017.11.26-16.07.04:944][  0]SourceControl: Info Source control is disabled
[2017.11.26-16.07.04:944][  0]Cmd: MAP LOAD FILE="../../../../../../Users/abala/Documents/GitHub/Anarquia/Proyecto2/Content/ThirdPersonBP/Maps/ThirdPersonExampleMap.umap" TEMPLATE=0 SHOWPROGRESS=1 FEATURELEVEL=3
[2017.11.26-16.07.04:945][  0]LightingResults: New page: Lighting Build
[2017.11.26-16.07.04:989][  0]MapCheck: New page: Map Check
[2017.11.26-16.07.04:989][  0]LightingResults: New page: Lighting Build
[2017.11.26-16.07.07:996][  0]LogAIModule: Creating AISystem for world ThirdPersonExampleMap
[2017.11.26-16.07.08:494][  0]LogEditorServer: Finished looking for orphan Actors (0.000 secs)
[2017.11.26-16.07.08:609][  0]Cmd: MAP CHECKDEP NOCLEARLOG
[2017.11.26-16.07.08:692][  0]MapCheck: Info Map check complete: 0 Error(s), 0 Warning(s), took 83.144ms to complete.
[2017.11.26-16.07.08:692][  0]LogFileHelpers: Loading map 'ThirdPersonExampleMap' took 3.748
[2017.11.26-16.07.09:516][  0]LogCollectionManager: Loaded 0 collections in 0.002037 seconds
[2017.11.26-16.07.09:706][  0]LogFileCache: Scanning file cache for directory 'D:/Users/abala/Documents/GitHub/Anarquia/Proyecto2/Saved/Collections/' took 0.01s
[2017.11.26-16.07.09:706][  0]LogFileCache: Scanning file cache for directory 'D:/Users/abala/Documents/GitHub/Anarquia/Proyecto2/Content/Developers/abala/Collections/' took 0.01s
[2017.11.26-16.07.09:706][  0]LogFileCache: Scanning file cache for directory 'D:/Users/abala/Documents/GitHub/Anarquia/Proyecto2/Content/Collections/' took 0.01s
[2017.11.26-16.07.09:706][  0]LogCollectionManager: Rebuilt the GUID cache for 0 collections in 0.000003 seconds
[2017.11.26-16.07.09:716][  0]LogContentBrowser: Native class hierarchy populated in 0.0089 seconds. Added 2329 classes and 491 folders.
[2017.11.26-16.07.09:860][  0]LogContentBrowser: Native class hierarchy updated for 'WidgetCarousel' in 0.0008 seconds. Added 0 classes and 0 folders.
[2017.11.26-16.07.10:544][  0]LogContentBrowser: Native class hierarchy updated for 'AddContentDialog' in 0.0007 seconds. Added 0 classes and 0 folders.
[2017.11.26-16.07.10:636][  0]LogContentBrowser: Native class hierarchy updated for 'SceneOutliner' in 0.0012 seconds. Added 1 classes and 2 folders.
[2017.11.26-16.07.11:368][  0]LogCrashTracker: Crashtracker disabled due to settings.
[2017.11.26-16.07.11:484][  0]LogSlate: Took 0.016842 seconds to synchronously load lazily loaded font '../../../Engine/Content/Slate/Fonts/Roboto-Regular.ttf' (155K)
[2017.11.26-16.07.11:490][  0]LogSlate: Took 0.004325 seconds to synchronously load lazily loaded font '../../../Engine/Content/Slate/Fonts/Roboto-Bold.ttf' (160K)
[2017.11.26-16.07.11:595][  0]LogSlate: Took 0.012046 seconds to synchronously load lazily loaded font '../../../Engine/Content/Editor/Slate/Fonts/FontAwesome.ttf' (139K)
[2017.11.26-16.07.12:091][  0]LogRenderer: Reallocating scene render targets to support 256x256 NumSamples 1 (Frame:1).
[2017.11.26-16.07.12:289][  0]LogRenderer: Reallocating scene render targets to support 936x576 NumSamples 1 (Frame:1).
[2017.11.26-16.07.12:783][  0]LogUObjectGlobals:Warning: Failed to find object 'Class None.'
[2017.11.26-16.07.12:877][  0]LogContentBrowser: Native class hierarchy updated for 'HierarchicalLODOutliner' in 0.0007 seconds. Added 1 classes and 2 folders.
[2017.11.26-16.07.12:878][  0]LogLoad: (Engine Initialization) Total time: 46.91 seconds
[2017.11.26-16.07.12:878][  0]LogLoad: (Engine Initialization) Total Blueprint compile time: 0.76 seconds
[2017.11.26-16.07.12:878][  0]LogExternalProfiler: No external profilers were discovered.  External profiling features will not be available.
[2017.11.26-16.07.13:218][  0]LogOcInput: OculusInput pre-init called
[2017.11.26-16.07.13:218][  0]LogHMD: Starting GearVRController plugin
[2017.11.26-16.07.13:242][  0]LogAssetRegistry: Asset discovery search completed in 29.1165 seconds
[2017.11.26-16.07.13:244][  0]LogCollectionManager: Rebuilt the object cache for 0 collections in 0.000001 seconds (found 0 objects)
[2017.11.26-16.07.13:244][  0]LogCollectionManager: Fixed up redirectors for 0 collections in 0.000035 seconds (updated 0 objects)
[2017.11.26-16.07.13:318][  0]LogContentStreaming: Texture pool size now 1000 MB
[2017.11.26-16.07.13:541][  0]LogSlate: Took 0.014904 seconds to synchronously load lazily loaded font '../../../Engine/Content/Slate/Fonts/Roboto-Light.ttf' (159K)
[2017.11.26-16.08.07:979][428]LogTemp: Repeting last play command: Selected Viewport
[2017.11.26-16.08.08:129][428]LogBlueprintUserMessages: Early PlayInEditor Detection: Level '/Game/ThirdPersonBP/Maps/ThirdPersonExampleMap.ThirdPersonExampleMap:PersistentLevel' has LevelScriptBlueprint '/Game/ThirdPersonBP/Maps/ThirdPersonExampleMap.ThirdPersonExampleMap:PersistentLevel.ThirdPersonExampleMap' with GeneratedClass '/Game/ThirdPersonBP/Maps/ThirdPersonExampleMap.ThirdPersonExampleMap_C' with ClassGeneratedBy '/Game/ThirdPersonBP/Maps/ThirdPersonExampleMap.ThirdPersonExampleMap:PersistentLevel.ThirdPersonExampleMap'
[2017.11.26-16.08.08:146][428]LogPlayLevel: PlayLevel: No blueprints needed recompiling
[2017.11.26-16.08.08:210][428]PIE: New page: PIE session: ThirdPersonExampleMap (Nov 26, 2017, 6:08:08 PM)
[2017.11.26-16.08.08:220][428]LogPlayLevel: Creating play world package: /Game/ThirdPersonBP/Maps/UEDPIE_0_ThirdPersonExampleMap
[2017.11.26-16.08.08:298][428]LogPlayLevel: PIE: StaticDuplicateObject took: (0.078560s)
[2017.11.26-16.08.08:299][428]LogAIModule: Creating AISystem for world ThirdPersonExampleMap
[2017.11.26-16.08.08:300][428]LogPlayLevel: PIE: World Init took: (0.001228s)
[2017.11.26-16.08.08:306][428]LogPlayLevel: PIE: Created PIE world by copying editor world from /Game/ThirdPersonBP/Maps/ThirdPersonExampleMap.ThirdPersonExampleMap to /Game/ThirdPersonBP/Maps/UEDPIE_0_ThirdPersonExampleMap.ThirdPersonExampleMap (0.086706s)
[2017.11.26-16.08.08:359][428]LogInit: XAudio2 using 'Altavoces (Realtek High Definition Audio)' : 6 channels at 48 kHz using 32 bits per sample (channel mask 0x3f)
[2017.11.26-16.08.08:371][428]LogInit: FAudioDevice initialized.
[2017.11.26-16.08.08:479][428]LogLoad: Game class is 'ThirdPersonGameMode_C'
[2017.11.26-16.08.08:601][428]LogWorld: Bringing World /Game/ThirdPersonBP/Maps/UEDPIE_0_ThirdPersonExampleMap.ThirdPersonExampleMap up for play (max tick rate 0) at 2017.11.26-17.08.08
[2017.11.26-16.08.08:653][428]LogWorld: Bringing up level for play took: 0.054706
[2017.11.26-16.08.08:891][428]LogContentBrowser: Native class hierarchy updated for 'MovieSceneCapture' in 0.0009 seconds. Added 11 classes and 0 folders.
[2017.11.26-16.08.08:977][428]PIE: Info Play in editor start time for /Game/ThirdPersonBP/Maps/UEDPIE_0_ThirdPersonExampleMap 0.93
[2017.11.26-16.08.08:978][428]LogBlueprintUserMessages: Late PlayInEditor Detection: Level '/Game/ThirdPersonBP/Maps/ThirdPersonExampleMap.ThirdPersonExampleMap:PersistentLevel' has LevelScriptBlueprint '/Game/ThirdPersonBP/Maps/ThirdPersonExampleMap.ThirdPersonExampleMap:PersistentLevel.ThirdPersonExampleMap' with GeneratedClass '/Game/ThirdPersonBP/Maps/ThirdPersonExampleMap.ThirdPersonExampleMap_C' with ClassGeneratedBy '/Game/ThirdPersonBP/Maps/ThirdPersonExampleMap.ThirdPersonExampleMap:PersistentLevel.ThirdPersonExampleMap'
[2017.11.26-16.08.50:632][321]LogBlueprintUserMessages: Early EndPlayMap Detection: Level '/Game/ThirdPersonBP/Maps/ThirdPersonExampleMap.ThirdPersonExampleMap:PersistentLevel' has LevelScriptBlueprint '/Game/ThirdPersonBP/Maps/ThirdPersonExampleMap.ThirdPersonExampleMap:PersistentLevel.ThirdPersonExampleMap' with GeneratedClass '/Game/ThirdPersonBP/Maps/ThirdPersonExampleMap.ThirdPersonExampleMap_C' with ClassGeneratedBy '/Game/ThirdPersonBP/Maps/ThirdPersonExampleMap.ThirdPersonExampleMap:PersistentLevel.ThirdPersonExampleMap'
[2017.11.26-16.08.50:766][321]LogBlueprintUserMessages: Late EndPlayMap Detection: Level '/Game/ThirdPersonBP/Maps/ThirdPersonExampleMap.ThirdPersonExampleMap:PersistentLevel' has LevelScriptBlueprint '/Game/ThirdPersonBP/Maps/ThirdPersonExampleMap.ThirdPersonExampleMap:PersistentLevel.ThirdPersonExampleMap' with GeneratedClass '/Game/ThirdPersonBP/Maps/ThirdPersonExampleMap.ThirdPersonExampleMap_C' with ClassGeneratedBy '/Game/ThirdPersonBP/Maps/ThirdPersonExampleMap.ThirdPersonExampleMap:PersistentLevel.ThirdPersonExampleMap'
[2017.11.26-16.09.24:359][204]LogLinker: Can't find file '/Game/ThirdPersonBP/Blueprints/gamemodes/conquista/flagProgressBar'
[2017.11.26-16.09.24:359][204]LogLinker: Can't find file '/Game/ThirdPersonBP/Blueprints/gamemodes/conquista/flagProgressBar'
[2017.11.26-16.09.26:284][416]LogSlate: Took 0.000264 seconds to synchronously load lazily loaded font '../../../Engine/Content/Slate/Fonts/Roboto-Light.ttf' (159K)
[2017.11.26-16.09.26:823][416]LogSlate: Took 0.000370 seconds to synchronously load lazily loaded font '../../../Engine/Content/Slate/Fonts/Roboto-Regular.ttf' (155K)
[2017.11.26-16.09.27:113][416]LogContentBrowser: Native class hierarchy updated for 'BlueprintGraph' in 0.0011 seconds. Added 112 classes and 0 folders.
[2017.11.26-16.09.28:680][416]LogSlate: Took 0.000285 seconds to synchronously load lazily loaded font '../../../Engine/Content/Slate/Fonts/Roboto-Light.ttf' (159K)
[2017.11.26-16.09.28:696][416]LogSlate: Took 0.015421 seconds to synchronously load lazily loaded font '../../../Engine/Content/Editor/Slate/Fonts/Roboto-BoldCondensed.ttf' (158K)
[2017.11.26-16.09.46:398][783]LogSlate: Took 0.009485 seconds to synchronously load lazily loaded font '../../../Engine/Content/Editor/Slate/Fonts/Roboto-Italic.ttf' (157K)
[2017.11.26-16.09.50:055][ 50]LogRenderer: Reallocating scene render targets to support 1144x712 NumSamples 1 (Frame:1).
[2017.11.26-16.12.01:474][943]LogMaterial: Missing cached shader map for material donut_Mat, compiling. 
[2017.11.26-16.12.02:214][943]LogMaterial: Missing cached shader map for material FMatExpressionPreview MaterialExpressionVectorParameter_1, compiling. 
[2017.11.26-16.12.02:218][943]LogMaterial: Missing cached shader map for material FMatExpressionPreview MaterialExpressionOneMinus_0, compiling. 
[2017.11.26-16.12.02:222][943]LogMaterial: Missing cached shader map for material FMatExpressionPreview MaterialExpressionOneMinus_1, compiling. 
[2017.11.26-16.12.02:226][943]LogMaterial: Missing cached shader map for material FMatExpressionPreview MaterialExpressionPower_0, compiling. 
[2017.11.26-16.12.02:231][943]LogMaterial: Missing cached shader map for material FMatExpressionPreview MaterialExpressionPower_1, compiling. 
[2017.11.26-16.12.02:235][943]LogMaterial: Missing cached shader map for material FMatExpressionPreview MaterialExpressionSubtract_0, compiling. 
[2017.11.26-16.12.02:239][943]LogMaterial: Missing cached shader map for material FMatExpressionPreview MaterialExpressionClamp_0, compiling. 
[2017.11.26-16.12.02:243][943]LogMaterial: Missing cached shader map for material FMatExpressionPreview MaterialExpressionTextureSample_1, compiling. 
[2017.11.26-16.12.02:248][943]LogMaterial: Missing cached shader map for material FMatExpressionPreview MaterialExpressionIf_0, compiling. 
[2017.11.26-16.12.02:252][943]LogMaterial: Missing cached shader map for material FMatExpressionPreview MaterialExpressionTextureCoordinate_1, compiling. 
[2017.11.26-16.12.02:270][943]LogMaterial: Missing cached shader map for material donut_Mat, compiling. 
[2017.11.26-16.12.02:341][943]LogMaterial: Missing cached shader map for material donut_Mat, compiling. 
[2017.11.26-16.12.02:393][943]LogMaterial: Missing cached shader map for material FMatExpressionPreview MaterialExpressionVectorParameter_1, compiling. 
[2017.11.26-16.12.02:398][943]LogMaterial: Missing cached shader map for material FMatExpressionPreview MaterialExpressionOneMinus_0, compiling. 
[2017.11.26-16.12.02:402][943]LogMaterial: Missing cached shader map for material FMatExpressionPreview MaterialExpressionOneMinus_1, compiling. 
[2017.11.26-16.12.02:406][943]LogMaterial: Missing cached shader map for material FMatExpressionPreview MaterialExpressionPower_0, compiling. 
[2017.11.26-16.12.02:410][943]LogMaterial: Missing cached shader map for material FMatExpressionPreview MaterialExpressionPower_1, compiling. 
[2017.11.26-16.12.02:414][943]LogMaterial: Missing cached shader map for material FMatExpressionPreview MaterialExpressionSubtract_0, compiling. 
[2017.11.26-16.12.02:418][943]LogMaterial: Missing cached shader map for material FMatExpressionPreview MaterialExpressionClamp_0, compiling. 
[2017.11.26-16.12.02:423][943]LogMaterial: Missing cached shader map for material FMatExpressionPreview MaterialExpressionTextureSample_1, compiling. 
[2017.11.26-16.12.02:427][943]LogMaterial: Missing cached shader map for material FMatExpressionPreview MaterialExpressionIf_0, compiling. 
[2017.11.26-16.12.02:431][943]LogMaterial: Missing cached shader map for material FMatExpressionPreview MaterialExpressionTextureCoordinate_1, compiling. 
[2017.11.26-16.12.09:845][574]LogMaterial: Missing cached shader map for material donut_Mat, compiling. 
[2017.11.26-16.12.27:510][969]MaterialEditorStats: Info Base pass shader: 79 instructions
[2017.11.26-16.12.27:510][969]MaterialEditorStats: Info Vertex shader: 123 instructions
[2017.11.26-16.12.27:510][969]MaterialEditorStats: Info Texture samplers: 5/16
[2017.11.26-16.12.27:510][969]MaterialEditorStats: Info User interpolators: 2/4 Scalars (1/4 Vectors) (TexCoords: 2, Custom: 0)
[2017.11.26-16.12.32:817][427]LogMaterial: Missing cached shader map for material donut_Mat, compiling. 
[2017.11.26-16.12.32:841][427]LogMaterial: Missing cached shader map for material donut_Mat, compiling. 
[2017.11.26-16.12.32:876][427]LogMaterial: Missing cached shader map for material FMatExpressionPreview MaterialExpressionVectorParameter_1, compiling. 
[2017.11.26-16.12.32:880][427]LogMaterial: Missing cached shader map for material FMatExpressionPreview MaterialExpressionOneMinus_0, compiling. 
[2017.11.26-16.12.32:884][427]LogMaterial: Missing cached shader map for material FMatExpressionPreview MaterialExpressionOneMinus_1, compiling. 
[2017.11.26-16.12.32:888][427]LogMaterial: Missing cached shader map for material FMatExpressionPreview MaterialExpressionPower_0, compiling. 
[2017.11.26-16.12.32:892][427]LogMaterial: Missing cached shader map for material FMatExpressionPreview MaterialExpressionPower_1, compiling. 
[2017.11.26-16.12.32:896][427]LogMaterial: Missing cached shader map for material FMatExpressionPreview MaterialExpressionSubtract_0, compiling. 
[2017.11.26-16.12.32:900][427]LogMaterial: Missing cached shader map for material FMatExpressionPreview MaterialExpressionClamp_0, compiling. 
[2017.11.26-16.12.32:904][427]LogMaterial: Missing cached shader map for material FMatExpressionPreview MaterialExpressionTextureSample_1, compiling. 
[2017.11.26-16.12.32:908][427]LogMaterial: Missing cached shader map for material FMatExpressionPreview MaterialExpressionIf_0, compiling. 
[2017.11.26-16.12.32:912][427]LogMaterial: Missing cached shader map for material FMatExpressionPreview MaterialExpressionTextureCoordinate_1, compiling. 
[2017.11.26-16.12.38:408][950]MaterialEditorStats: Info Default UI Pixel Shader: 58 instructions
[2017.11.26-16.12.38:408][950]MaterialEditorStats: Info Default UI Vertex Shader: 20 instructions
[2017.11.26-16.12.38:408][950]MaterialEditorStats: Info Instanced UI Vertex Shader: 20 instructions
[2017.11.26-16.12.38:408][950]MaterialEditorStats: Info Texture samplers: 3/16
[2017.11.26-16.12.38:408][950]MaterialEditorStats: Info User interpolators: 2/4 Scalars (1/4 Vectors) (TexCoords: 2, Custom: 0)
[2017.11.26-16.12.39:309][ 25]LogMaterial: Missing cached shader map for material donut_Mat, compiling. 
[2017.11.26-16.12.39:327][ 25]LogMaterial: Missing cached shader map for material FMatExpressionPreview MaterialExpressionVectorParameter_1, compiling. 
[2017.11.26-16.12.39:332][ 25]LogMaterial: Missing cached shader map for material FMatExpressionPreview MaterialExpressionOneMinus_0, compiling. 
[2017.11.26-16.12.39:336][ 25]LogMaterial: Missing cached shader map for material FMatExpressionPreview MaterialExpressionOneMinus_1, compiling. 
[2017.11.26-16.12.39:340][ 25]LogMaterial: Missing cached shader map for material FMatExpressionPreview MaterialExpressionPower_0, compiling. 
[2017.11.26-16.12.39:344][ 25]LogMaterial: Missing cached shader map for material FMatExpressionPreview MaterialExpressionPower_1, compiling. 
[2017.11.26-16.12.39:349][ 25]LogMaterial: Missing cached shader map for material FMatExpressionPreview MaterialExpressionSubtract_0, compiling. 
[2017.11.26-16.12.39:353][ 25]LogMaterial: Missing cached shader map for material FMatExpressionPreview MaterialExpressionClamp_0, compiling. 
[2017.11.26-16.12.39:357][ 25]LogMaterial: Missing cached shader map for material FMatExpressionPreview MaterialExpressionTextureSample_1, compiling. 
[2017.11.26-16.12.39:361][ 25]LogMaterial: Missing cached shader map for material FMatExpressionPreview MaterialExpressionIf_0, compiling. 
[2017.11.26-16.12.39:366][ 25]LogMaterial: Missing cached shader map for material FMatExpressionPreview MaterialExpressionTextureCoordinate_1, compiling. 
[2017.11.26-16.12.44:696][563]MaterialEditorStats: Info Default UI Pixel Shader: 59 instructions
[2017.11.26-16.12.44:696][563]MaterialEditorStats: Info Default UI Vertex Shader: 20 instructions
[2017.11.26-16.12.44:696][563]MaterialEditorStats: Info Instanced UI Vertex Shader: 20 instructions
[2017.11.26-16.12.44:696][563]MaterialEditorStats: Info Texture samplers: 3/16
[2017.11.26-16.12.44:696][563]MaterialEditorStats: Info User interpolators: 2/4 Scalars (1/4 Vectors) (TexCoords: 2, Custom: 0)
[2017.11.26-16.12.53:242][415]LogEditorTransaction: Undo Rename Node
[2017.11.26-16.12.53:285][415]LogMaterial: Missing cached shader map for material donut_Mat, compiling. 
[2017.11.26-16.12.53:299][415]LogMaterial: Missing cached shader map for material FMatExpressionPreview MaterialExpressionVectorParameter_1, compiling. 
[2017.11.26-16.12.53:303][415]LogMaterial: Missing cached shader map for material FMatExpressionPreview MaterialExpressionOneMinus_0, compiling. 
[2017.11.26-16.12.53:308][415]LogMaterial: Missing cached shader map for material FMatExpressionPreview MaterialExpressionOneMinus_1, compiling. 
[2017.11.26-16.12.53:312][415]LogMaterial: Missing cached shader map for material FMatExpressionPreview MaterialExpressionPower_0, compiling. 
[2017.11.26-16.12.53:317][415]LogMaterial: Missing cached shader map for material FMatExpressionPreview MaterialExpressionPower_1, compiling. 
[2017.11.26-16.12.53:321][415]LogMaterial: Missing cached shader map for material FMatExpressionPreview MaterialExpressionSubtract_0, compiling. 
[2017.11.26-16.12.53:325][415]LogMaterial: Missing cached shader map for material FMatExpressionPreview MaterialExpressionClamp_0, compiling. 
[2017.11.26-16.12.53:329][415]LogMaterial: Missing cached shader map for material FMatExpressionPreview MaterialExpressionTextureSample_1, compiling. 
[2017.11.26-16.12.53:334][415]LogMaterial: Missing cached shader map for material FMatExpressionPreview MaterialExpressionIf_0, compiling. 
[2017.11.26-16.12.53:338][415]LogMaterial: Missing cached shader map for material FMatExpressionPreview MaterialExpressionTextureCoordinate_1, compiling. 
[2017.11.26-16.12.53:928][461]LogEditorTransaction: Undo Move Node
[2017.11.26-16.12.53:932][461]LogMaterial: Missing cached shader map for material donut_Mat, compiling. 
[2017.11.26-16.12.53:945][461]LogMaterial: Missing cached shader map for material FMatExpressionPreview MaterialExpressionVectorParameter_1, compiling. 
[2017.11.26-16.12.53:950][461]LogMaterial: Missing cached shader map for material FMatExpressionPreview MaterialExpressionOneMinus_0, compiling. 
[2017.11.26-16.12.53:954][461]LogMaterial: Missing cached shader map for material FMatExpressionPreview MaterialExpressionOneMinus_1, compiling. 
[2017.11.26-16.12.53:959][461]LogMaterial: Missing cached shader map for material FMatExpressionPreview MaterialExpressionPower_0, compiling. 
[2017.11.26-16.12.53:963][461]LogMaterial: Missing cached shader map for material FMatExpressionPreview MaterialExpressionPower_1, compiling. 
[2017.11.26-16.12.53:968][461]LogMaterial: Missing cached shader map for material FMatExpressionPreview MaterialExpressionSubtract_0, compiling. 
[2017.11.26-16.12.53:973][461]LogMaterial: Missing cached shader map for material FMatExpressionPreview MaterialExpressionClamp_0, compiling. 
[2017.11.26-16.12.53:978][461]LogMaterial: Missing cached shader map for material FMatExpressionPreview MaterialExpressionTextureSample_1, compiling. 
[2017.11.26-16.12.53:982][461]LogMaterial: Missing cached shader map for material FMatExpressionPreview MaterialExpressionIf_0, compiling. 
[2017.11.26-16.12.53:986][461]LogMaterial: Missing cached shader map for material FMatExpressionPreview MaterialExpressionTextureCoordinate_1, compiling. 
[2017.11.26-16.12.54:515][508]LogEditorTransaction: Undo Create Pin Link
[2017.11.26-16.12.54:518][508]LogMaterial: Missing cached shader map for material donut_Mat, compiling. 
[2017.11.26-16.12.54:531][508]LogMaterial: Missing cached shader map for material donut_Mat, compiling. 
[2017.11.26-16.12.54:547][508]LogMaterial: Missing cached shader map for material FMatExpressionPreview MaterialExpressionVectorParameter_1, compiling. 
[2017.11.26-16.12.54:552][508]LogMaterial: Missing cached shader map for material FMatExpressionPreview MaterialExpressionOneMinus_0, compiling. 
[2017.11.26-16.12.54:556][508]LogMaterial: Missing cached shader map for material FMatExpressionPreview MaterialExpressionOneMinus_1, compiling. 
[2017.11.26-16.12.54:560][508]LogMaterial: Missing cached shader map for material FMatExpressionPreview MaterialExpressionPower_0, compiling. 
[2017.11.26-16.12.54:564][508]LogMaterial: Missing cached shader map for material FMatExpressionPreview MaterialExpressionPower_1, compiling. 
[2017.11.26-16.12.54:569][508]LogMaterial: Missing cached shader map for material FMatExpressionPreview MaterialExpressionSubtract_0, compiling. 
[2017.11.26-16.12.54:574][508]LogMaterial: Missing cached shader map for material FMatExpressionPreview MaterialExpressionClamp_0, compiling. 
[2017.11.26-16.12.54:578][508]LogMaterial: Missing cached shader map for material FMatExpressionPreview MaterialExpressionTextureSample_1, compiling. 
[2017.11.26-16.12.54:582][508]LogMaterial: Missing cached shader map for material FMatExpressionPreview MaterialExpressionIf_0, compiling. 
[2017.11.26-16.12.54:587][508]LogMaterial: Missing cached shader map for material FMatExpressionPreview MaterialExpressionTextureCoordinate_1, compiling. 
[2017.11.26-16.12.55:175][561]LogEditorTransaction: Undo Move Node
[2017.11.26-16.12.55:178][561]LogMaterial: Missing cached shader map for material donut_Mat, compiling. 
[2017.11.26-16.12.55:192][561]LogMaterial: Missing cached shader map for material FMatExpressionPreview MaterialExpressionVectorParameter_1, compiling. 
[2017.11.26-16.12.55:197][561]LogMaterial: Missing cached shader map for material FMatExpressionPreview MaterialExpressionOneMinus_0, compiling. 
[2017.11.26-16.12.55:201][561]LogMaterial: Missing cached shader map for material FMatExpressionPreview MaterialExpressionOneMinus_1, compiling. 
[2017.11.26-16.12.55:205][561]LogMaterial: Missing cached shader map for material FMatExpressionPreview MaterialExpressionPower_0, compiling. 
[2017.11.26-16.12.55:209][561]LogMaterial: Missing cached shader map for material FMatExpressionPreview MaterialExpressionPower_1, compiling. 
[2017.11.26-16.12.55:214][561]LogMaterial: Missing cached shader map for material FMatExpressionPreview MaterialExpressionSubtract_0, compiling. 
[2017.11.26-16.12.55:218][561]LogMaterial: Missing cached shader map for material FMatExpressionPreview MaterialExpressionClamp_0, compiling. 
[2017.11.26-16.12.55:223][561]LogMaterial: Missing cached shader map for material FMatExpressionPreview MaterialExpressionTextureSample_1, compiling. 
[2017.11.26-16.12.55:227][561]LogMaterial: Missing cached shader map for material FMatExpressionPreview MaterialExpressionIf_0, compiling. 
[2017.11.26-16.12.55:232][561]LogMaterial: Missing cached shader map for material FMatExpressionPreview MaterialExpressionTextureCoordinate_1, compiling. 
[2017.11.26-16.12.55:669][601]LogEditorTransaction: Undo Edit Material Domain
[2017.11.26-16.12.55:674][601]LogMaterial: Missing cached shader map for material donut_Mat, compiling. 
[2017.11.26-16.12.55:693][601]LogMaterial: Missing cached shader map for material donut_Mat, compiling. 
[2017.11.26-16.13.00:151][601]LogCrashTracker: 


[2017.11.26-16.13.00:151][601]LogCrashTracker: 


[2017.11.26-16.13.00:151][601]LogWindows:Error: === Critical error: ===
[2017.11.26-16.13.00:151][601]LogWindows:Error: 
[2017.11.26-16.13.00:151][601]LogWindows:Error: Fatal error!
[2017.11.26-16.13.00:151][601]LogWindows:Error: 
[2017.11.26-16.13.00:151][601]LogWindows:Error: Unhandled Exception: EXCEPTION_ACCESS_VIOLATION reading address 0x0000008c
[2017.11.26-16.13.00:151][601]LogWindows:Error: 
[2017.11.26-16.13.00:151][601]LogWindows:Error: UE4Editor-MaterialEditor.dll!0x000000002875F4D7
[2017.11.26-16.13.00:151][601]LogWindows:Error: UE4Editor-MaterialEditor.dll!0x000000002875F6EE
[2017.11.26-16.13.00:151][601]LogWindows:Error: UE4Editor-MaterialEditor.dll!0x000000002875F74D
[2017.11.26-16.13.00:151][601]LogWindows:Error: UE4Editor-GraphEditor.dll!0x0000000027ED7629
[2017.11.26-16.13.00:151][601]LogWindows:Error: UE4Editor-GraphEditor.dll!0x0000000027E0F2EE
[2017.11.26-16.13.00:151][601]LogWindows:Error: UE4Editor-MaterialEditor.dll!0x000000002879F451
[2017.11.26-16.13.00:151][601]LogWindows:Error: UE4Editor-MaterialEditor.dll!0x0000000028799A81
[2017.11.26-16.13.00:151][601]LogWindows:Error: UE4Editor-UnrealEd.dll!0x0000000033AE1766
[2017.11.26-16.13.00:151][601]LogWindows:Error: UE4Editor-UnrealEd.dll!0x0000000033B08452
[2017.11.26-16.13.00:151][601]LogWindows:Error: UE4Editor-UnrealEd.dll!0x0000000033AF1099
[2017.11.26-16.13.00:151][601]LogWindows:Error: UE4Editor-UnrealEd.dll!0x0000000033AF192B
[2017.11.26-16.13.00:151][601]LogWindows:Error: UE4Editor-UnrealEd.dll!0x0000000033B5627B
[2017.11.26-16.13.00:151][601]LogWindows:Error: UE4Editor-UnrealEd.dll!0x0000000033B9CE6F
[2017.11.26-16.13.00:151][601]LogWindows:Error: UE4Editor-MaterialEditor.dll!0x00000000287BCBCC
[2017.11.26-16.13.00:151][601]LogWindows:Error: UE4Editor-MaterialEditor.dll!0x00000000287507D1
[2017.11.26-16.13.00:151][601]LogWindows:Error: UE4Editor-MaterialEditor.dll!0x0000000028753A26
[2017.11.26-16.13.00:151][601]LogWindows:Error: UE4Editor-Slate.dll!0x000000004459EB50
[2017.11.26-16.13.00:151][601]LogWindows:Error: UE4Editor-Slate.dll!0x00000000445E3D60
[2017.11.26-16.13.00:151][601]LogWindows:Error: UE4Editor-UnrealEd.dll!0x00000000342BE10E
[2017.11.26-16.13.00:151][601]LogWindows:Error: UE4Editor-UnrealEd.dll!0x00000000342A893F
[2017.11.26-16.13.00:151][601]LogWindows:Error: UE4Editor-Slate.dll!0x0000000044589021
[2017.11.26-16.13.00:151][601]LogWindows:Error: UE4Editor-Slate.dll!0x000000004455840E
[2017.11.26-16.13.00:151][601]LogWindows:Error: UE4Editor-Slate.dll!0x000000004455A006
[2017.11.26-16.13.00:151][601]LogWindows:Error: UE4Editor-Slate.dll!0x00000000445E55AD
[2017.11.26-16.13.00:151][601]LogWindows:Error: UE4Editor-Slate.dll!0x00000000445D6518
[2017.11.26-16.13.00:151][601]LogWindows:Error: UE4Editor-Core.dll!0x000000004402149C
[2017.11.26-16.13.00:151][601]LogWindows:Error: UE4Editor-Core.dll!0x000000004400B7D1
[2017.11.26-16.13.00:151][601]LogWindows:Error: UE4Editor-Core.dll!0x00000000440233DB
[2017.11.26-16.13.00:151][601]LogWindows:Error: UE4Editor-Core.dll!0x0000000044007B22
[2017.11.26-16.13.00:151][601]LogWindows:Error: USER32.dll!0x0000000079F7B85D
[2017.11.26-16.13.00:151][601]LogWindows:Error: USER32.dll!0x0000000079F7B1EF
[2017.11.26-16.13.00:151][601]LogWindows:Error: UE4Editor-Core.dll!0x0000000044023CE6
[2017.11.26-16.13.00:151][601]LogWindows:Error: UE4Editor.exe!0x000000004456DB44
[2017.11.26-16.13.00:151][601]LogWindows:Error: UE4Editor.exe!0x000000004455F0B0
[2017.11.26-16.13.00:151][601]LogWindows:Error: UE4Editor.exe!0x000000004455F12A
[2017.11.26-16.13.00:151][601]LogWindows:Error: UE4Editor.exe!0x0000000044570CF9
[2017.11.26-16.13.00:151][601]LogWindows:Error: UE4Editor.exe!0x00000000445725F7
[2017.11.26-16.13.00:151][601]LogWindows:Error: KERNEL32.DLL!0x00000000776C1FE4
[2017.11.26-16.13.00:151][601]LogWindows:Error: ntdll.dll!0x000000007A19EF91
[2017.11.26-16.13.00:151][601]LogWindows:Error: ntdll.dll!0x000000007A19EF91
[2017.11.26-16.13.00:151][601]LogWindows:Error: 
[2017.11.26-16.13.00:176][601]LogExit: Executing StaticShutdownAfterError
[2017.11.26-16.13.00:180][601]LogWindows: FPlatformMisc::RequestExit(1)
[2017.11.26-16.13.00:194][601]Log file closed, 11/26/17 17:13:00
