Log file open, 12/02/17 12:40:40
LogInit:Display: Running engine for game: Proyecto2
LogPlatformFile: Not using cached read wrapper
LogInit:Display: RandInit(-684080505) SRandInit(-684080505).
LogTaskGraph: Started task graph with 5 named threads and 8 total threads with 1 sets of task threads.
LogStats: Stats thread started at 0.092617
LogInit: Using libcurl 7.47.1
LogInit:  - built for x86_64-pc-win32
LogInit:  - supports SSL with OpenSSL/1.0.2g
LogInit:  - supports HTTP deflate (compression) using libz 1.2.8
LogInit:  - other features:
LogInit:      CURL_VERSION_SSL
LogInit:      CURL_VERSION_LIBZ
LogInit:      CURL_VERSION_IPV6
LogInit:      CURL_VERSION_ASYNCHDNS
LogInit:      CURL_VERSION_LARGEFILE
LogInit:      CURL_VERSION_IDN
LogInit:  CurlRequestOptions (configurable via config and command line):
LogInit:  - bVerifyPeer = false  - Libcurl will NOT verify peer certificate
LogInit:  - bUseHttpProxy = false  - Libcurl will NOT use HTTP proxy
LogInit:  - bDontReuseConnections = false  - Libcurl will reuse connections
LogInit:  - CertBundlePath = nullptr  - Libcurl will use whatever was configured at build time.
LogInit: Build: ++UE4+Release-4.16-CL-3561208
LogInit: Engine Version: 4.16.3-3561208+++UE4+Release-4.16
LogInit: Compatible Engine Version: 4.16.0-3452394+++UE4+Release-4.16
LogInit: Net CL: 3452394
LogDevObjectVersion: Number of dev versions registered: 16
LogDevObjectVersion:   Dev-Blueprints (B0D832E4-1F89-4F0D-ACCF-7EB736FD4AA2): 9
LogDevObjectVersion:   Dev-Build (E1C64328-A22C-4D53-A36C-8E866417BD8C): 0
LogDevObjectVersion:   Dev-Core (375EC13C-06E4-48FB-B500-84F0262A717E): 2
LogDevObjectVersion:   Dev-Editor (E4B068ED-F494-42E9-A231-DA0B2E46BB41): 17
LogDevObjectVersion:   Dev-Framework (CFFC743F-43B0-4480-9391-14DF171D2073): 23
LogDevObjectVersion:   Dev-Mobile (B02B49B5-BB20-44E9-A304-32B752E40360): 0
LogDevObjectVersion:   Dev-Networking (A4E4105C-59A1-49B5-A7C5-40C4547EDFEE): 0
LogDevObjectVersion:   Dev-Online (39C831C9-5AE6-47DC-9A44-9C173E1C8E7C): 0
LogDevObjectVersion:   Dev-Physics (78F01B33-EBEA-4F98-B9B4-84EACCB95AA2): 0
LogDevObjectVersion:   Dev-Platform (6631380F-2D4D-43E0-8009-CF276956A95A): 0
LogDevObjectVersion:   Dev-Rendering (12F88B9F-8875-4AFC-A67C-D90C383ABD29): 15
LogDevObjectVersion:   Dev-Sequencer (7B5AE74C-D270-4C10-A958-57980B212A5A): 4
LogDevObjectVersion:   Dev-VR (D7296918-1DD6-4BDD-9DE2-64A83CC13884): 0
LogDevObjectVersion:   Dev-LoadTimes (C2A15278-BFE7-4AFE-6C17-90FF531DF755): 1
LogDevObjectVersion:   Private-Geometry (6EACA3D4-40EC-4CC1-B786-8BED09428FC5): 1
LogDevObjectVersion:   Dev-AnimPhys (29E575DD-E0A3-4627-9D10-D276232CDCEA): 3
LogInit: Compiled (64-bit): Jul 28 2017 11:49:47
LogInit: Compiled with Visual C++: 19.00.24215.01
LogInit: Build Configuration: Development
LogInit: Branch Name: ++UE4+Release-4.16
LogInit: Command line: -EpicPortal 
LogInit: Base directory: C:/Program Files/Epic Games/UE_4.16/Engine/Binaries/Win64/
LogInit: Installed Engine Build: 1
LogInit: Presizing for max 8388607 objects, including 0 objects not considered by GC, pre-allocating 0 bytes for permanent pool.
LogInit: Object subsystem initialized
[2017.12.02-11.40.40:852][  0]LogInit: Selected Device Profile: [Windows]
[2017.12.02-11.40.40:852][  0]LogInit: Applying CVar settings loaded from the selected device profile: [Windows]
[2017.12.02-11.40.40:898][  0]LogInit: Computer: PC-JAVITO
[2017.12.02-11.40.40:898][  0]LogInit: User: JAVITO
[2017.12.02-11.40.40:898][  0]LogInit: CPU Page size=4096, Cores=4
[2017.12.02-11.40.40:898][  0]LogInit: High frequency timer resolution =3.320306 MHz
[2017.12.02-11.40.40:898][  0]LogMemory: Memory total: Physical=31.9GB (32GB approx)
[2017.12.02-11.40.40:898][  0]LogMemory: Platform Memory Stats for Windows
[2017.12.02-11.40.40:898][  0]LogMemory: Process Physical Memory: 274.03 MB used, 274.03 MB peak
[2017.12.02-11.40.40:898][  0]LogMemory: Process Virtual Memory: 260.79 MB used, 260.79 MB peak
[2017.12.02-11.40.40:898][  0]LogMemory: Physical Memory: 6619.68 MB used,  26095.89 MB free, 32715.57 MB total
[2017.12.02-11.40.40:898][  0]LogMemory: Virtual Memory: 638.61 MB used,  26095.89 MB free, 134217728.00 MB total
[2017.12.02-11.40.40:991][  0]LogInit: Overriding language with editor language configuration option (en).
[2017.12.02-11.40.40:991][  0]LogInit: Overriding locale with editor locale configuration option (en).
[2017.12.02-11.40.41:952][  0]LogD3D11RHI: D3D11 adapters:
[2017.12.02-11.40.42:510][  0]LogD3D11RHI:    0. 'NVIDIA GeForce GTX 1060 6GB' (Feature Level 11_0)
[2017.12.02-11.40.42:510][  0]LogD3D11RHI:       6084/0/16357 MB DedicatedVideo/DedicatedSystem/SharedSystem, Outputs:2, VendorId:0x10de
[2017.12.02-11.40.42:511][  0]LogD3D11RHI:    1. 'Microsoft Basic Render Driver' (Feature Level 11_0)
[2017.12.02-11.40.42:511][  0]LogD3D11RHI:       0/0/16357 MB DedicatedVideo/DedicatedSystem/SharedSystem, Outputs:0, VendorId:0x1414
[2017.12.02-11.40.42:511][  0]LogD3D11RHI: Chosen D3D11 Adapter: 0
[2017.12.02-11.40.42:516][  0]LogD3D11RHI: Creating new Direct3DDevice
[2017.12.02-11.40.42:516][  0]LogD3D11RHI:     GPU DeviceId: 0x1c03 (for the marketing name, search the web for "GPU Device Id")
[2017.12.02-11.40.42:516][  0]LogWindows: EnumDisplayDevices:
[2017.12.02-11.40.42:516][  0]LogWindows:    0. 'NVIDIA GeForce GTX 1060 6GB' (P:1 D:1)
[2017.12.02-11.40.42:516][  0]LogWindows:    1. 'NVIDIA GeForce GTX 1060 6GB' (P:0 D:1)
[2017.12.02-11.40.42:516][  0]LogWindows:    2. 'NVIDIA GeForce GTX 1060 6GB' (P:0 D:0)
[2017.12.02-11.40.42:517][  0]LogWindows:    3. 'NVIDIA GeForce GTX 1060 6GB' (P:0 D:0)
[2017.12.02-11.40.42:517][  0]LogWindows: DebugString: FoundDriverCount:4 
[2017.12.02-11.40.42:517][  0]LogD3D11RHI:     Adapter Name: NVIDIA GeForce GTX 1060 6GB
[2017.12.02-11.40.42:517][  0]LogD3D11RHI:   Driver Version: 382.05 (internal:22.21.13.8205, unified:382.05)
[2017.12.02-11.40.42:517][  0]LogD3D11RHI:      Driver Date: 5-1-2017
[2017.12.02-11.40.42:517][  0]LogRHI: Texture pool is 1361 MB (70% of 1945 MB)
[2017.12.02-11.40.43:018][  0]LogD3D11RHI: Async texture creation enabled
[2017.12.02-11.40.43:059][  0]LogD3D11RHI: GPU Timing Frequency: 1000.000000 (Debug: 2 1)
[2017.12.02-11.40.43:153][  0]LogShaderCompilers: Guid format shader working directory is -20 characters bigger than the processId version (../../../../../../Users/JAVITO/Documents/GitHub/Anarquia/Proyecto2/Intermediate/Shaders/WorkingDirectory/10836/).
[2017.12.02-11.40.43:153][  0]LogShaderCompilers: Cleaned the shader compiler working directory 'C:/Users/JAVITO/AppData/Local/Temp/UnrealShaderWorkingDir/1640F8E5476373C9DD3C0CB5447030DB/'.
[2017.12.02-11.40.43:153][  0]LogShaderCompilers:Display: Using Local Shader Compiler.
[2017.12.02-11.40.44:328][  0]LogTemp:Display: Loaded TP AllDesktopTargetPlatform
[2017.12.02-11.40.44:387][  0]LogTemp:Display: Loaded TP MacClientTargetPlatform
[2017.12.02-11.40.44:449][  0]LogTemp:Display: Loaded TP MacNoEditorTargetPlatform
[2017.12.02-11.40.44:512][  0]LogTemp:Display: Loaded TP MacServerTargetPlatform
[2017.12.02-11.40.44:578][  0]LogTemp:Display: Loaded TP MacTargetPlatform
[2017.12.02-11.40.44:648][  0]LogTemp:Display: Loaded TP WindowsClientTargetPlatform
[2017.12.02-11.40.44:709][  0]LogTemp:Display: Loaded TP WindowsNoEditorTargetPlatform
[2017.12.02-11.40.44:771][  0]LogTemp:Display: Loaded TP WindowsServerTargetPlatform
[2017.12.02-11.40.44:826][  0]LogTemp:Display: Loaded TP WindowsTargetPlatform
[2017.12.02-11.40.44:888][  0]LogTemp:Display: Loaded TP AndroidTargetPlatform
[2017.12.02-11.40.44:951][  0]LogTemp:Display: Loaded TP Android_ASTCTargetPlatform
[2017.12.02-11.40.45:023][  0]LogTemp:Display: Loaded TP Android_ATCTargetPlatform
[2017.12.02-11.40.45:081][  0]LogTemp:Display: Loaded TP Android_DXTTargetPlatform
[2017.12.02-11.40.45:144][  0]LogTemp:Display: Loaded TP Android_ETC1TargetPlatform
[2017.12.02-11.40.45:201][  0]LogTemp:Display: Loaded TP Android_ETC2TargetPlatform
[2017.12.02-11.40.45:323][  0]LogTemp:Display: Loaded TP Android_MultiTargetPlatform
[2017.12.02-11.40.45:323][  0]LogTemp:Display: Loaded TP Android_PVRTCTargetPlatform
[2017.12.02-11.40.45:376][  0]LogTemp:Display: Loaded TP HTML5TargetPlatform
[2017.12.02-11.40.45:490][  0]LogTemp:Display: Loaded TP IOSTargetPlatform
[2017.12.02-11.40.45:528][  0]LogTemp:Display: Loaded TP TVOSTargetPlatform
[2017.12.02-11.40.45:586][  0]LogTemp:Display: Loaded TP LinuxClientTargetPlatform
[2017.12.02-11.40.45:640][  0]LogTemp:Display: Loaded TP LinuxNoEditorTargetPlatform
[2017.12.02-11.40.45:728][  0]LogTemp:Display: Loaded TP LinuxServerTargetPlatform
[2017.12.02-11.40.45:800][  0]LogTemp:Display: Loaded TP LinuxTargetPlatform
[2017.12.02-11.40.45:800][  0]LogTargetPlatformManager:Display: Building Assets For Windows
[2017.12.02-11.40.46:429][  0]LogDerivedDataCache:Display: Max Cache Size: 512 MB
[2017.12.02-11.40.46:520][  0]LogDerivedDataCache: Loaded boot cache 0.09s 90MB C:/Users/JAVITO/AppData/Local/UnrealEngine/4.16/DerivedDataCache/Boot.ddc.
[2017.12.02-11.40.46:520][  0]LogDerivedDataCache:Display: Loaded Boot cache: C:/Users/JAVITO/AppData/Local/UnrealEngine/4.16/DerivedDataCache/Boot.ddc
[2017.12.02-11.40.46:520][  0]LogDerivedDataCache: FDerivedDataBackendGraph:  Pak pak cache file ../../../../../../Users/JAVITO/Documents/GitHub/Anarquia/Proyecto2/DerivedDataCache/DDC.ddp not found, will not use a pak cache.
[2017.12.02-11.40.46:520][  0]LogDerivedDataCache: Unable to find inner node Pak for hierarchical cache Hierarchy.
[2017.12.02-11.40.46:521][  0]LogDerivedDataCache: FDerivedDataBackendGraph:  CompressedPak pak cache file ../../../../../../Users/JAVITO/Documents/GitHub/Anarquia/Proyecto2/DerivedDataCache/Compressed.ddp not found, will not use a pak cache.
[2017.12.02-11.40.46:521][  0]LogDerivedDataCache: Unable to find inner node CompressedPak for hierarchical cache Hierarchy.
[2017.12.02-11.40.46:537][  0]LogDerivedDataCache:Display: Pak cache opened for reading ../../../Engine/DerivedDataCache/Compressed.ddp.
[2017.12.02-11.40.46:549][  0]LogDerivedDataCache: Using Local data cache path C:/Users/JAVITO/AppData/Local/UnrealEngine/Common/DerivedDataCache: Writable
[2017.12.02-11.40.46:562][  0]LogMaterial: Verifying Global Shaders for PCD3D_SM5
[2017.12.02-11.40.46:563][  0]LogSlate: Using Freetype 2.6.0
[2017.12.02-11.40.46:563][  0]LogSlate: SlateFontCache - WITH_FREETYPE: 1, WITH_HARFBUZZ: 1
[2017.12.02-11.40.46:563][  0]LogSlate: SlateFontCache - WITH_FREETYPE: 1, WITH_HARFBUZZ: 1
[2017.12.02-11.40.46:942][  0]LogInit: Selected Device Profile: [Windows]
[2017.12.02-11.40.47:010][  0]LogContentStreaming: Texture pool size is 0.00 MB
[2017.12.02-11.40.47:185][  0]LogMeshUtilities: Using QuadricMeshReduction for automatic static mesh reduction
[2017.12.02-11.40.47:236][  0]LogSimplygon: Simplygon DLL not present - disabling.
[2017.12.02-11.40.47:288][  0]LogMeshUtilities: Using SimplygonSwarm for distributed automatic mesh merging
[2017.12.02-11.40.47:288][  0]LogMeshUtilities: No automatic skeletal mesh reduction module available
[2017.12.02-11.40.47:288][  0]LogMeshUtilities: No automatic mesh merging module available
[2017.12.02-11.40.47:873][  0]LogNetVersion: Proyecto2 , NetCL: 3452394, EngineNetVer: 2, GameNetVer: 0 (Checksum: 2528454084)
[2017.12.02-11.40.47:938][  0]LogAssetRegistry: FAssetRegistry took 0.0251 seconds to start up
[2017.12.02-11.40.47:986][  0]LogPackageLocalizationCache: Processed 4 localized package path(s) for 1 prioritized culture(s) in 0.021173 seconds
[2017.12.02-11.40.47:992][  0]LogUObjectArray: 34194 objects as part of root set at end of initial load.
[2017.12.02-11.40.47:992][  0]LogUObjectAllocator: 7260416 out of 0 bytes used by permanent object pool.
[2017.12.02-11.40.47:992][  0]LogUObjectArray: CloseDisregardForGC: 0/0 objects in disregard for GC pool
[2017.12.02-11.40.48:065][  0]LogInit: WinSock: version 1.1 (2.2), MaxSocks=32767, MaxUdp=65467
[2017.12.02-11.40.50:648][  0]LogTcpMessaging: Initializing TcpMessaging bridge
[2017.12.02-11.40.50:697][  0]LogUdpMessaging: Initializing bridge on interface 0.0.0.0:0 to multicast group 230.0.0.1:6666.
[2017.12.02-11.40.51:291][  0]LogMaterial: Uniform references updated for custom material expression Custom.
[2017.12.02-11.40.51:743][  0]SourceControl: Info Source control is disabled
[2017.12.02-11.40.51:743][  0]SourceControl: Info Source control is disabled
[2017.12.02-11.40.51:801][  0]SourceControl: Info Source control is disabled
[2017.12.02-11.40.51:858][  0]SourceControl: Info Source control is disabled
[2017.12.02-11.40.52:643][  0]LogAndroidPermission: UAndroidPermissionCallbackProxy::GetInstance
[2017.12.02-11.40.53:331][  0]LogEngine: Initializing Engine...
[2017.12.02-11.40.53:331][  0]LogHMD: Failed to initialize OpenVR with code 110
[2017.12.02-11.40.53:555][  0]LogStats: UGameplayTagsManager::ConstructGameplayTagTree: Construct from data asset -  0.000 s
[2017.12.02-11.40.53:555][  0]LogStats: UGameplayTagsManager::ConstructGameplayTagTree: GameplayTagTreeChangedEvent.Broadcast -  0.000 s
[2017.12.02-11.40.53:704][  0]LogAIModule: Creating AISystem for world Untitled
[2017.12.02-11.40.53:718][  0]LogInit: XAudio2 using 'Realtek Digital Output (Realtek High Definition Audio)' : 2 channels at 48 kHz using 16 bits per sample (channel mask 0x3)
[2017.12.02-11.40.53:730][  0]LogInit: FAudioDevice initialized.
[2017.12.02-11.40.53:771][  0]LogDerivedDataCache: Saved boot cache 0.04s 90MB C:/Users/JAVITO/AppData/Local/UnrealEngine/4.16/DerivedDataCache/Boot.ddc.
[2017.12.02-11.40.53:781][  0]LogInit: Texture streaming: Enabled
[2017.12.02-11.40.53:892][  0]LogEngineSessionManager: EngineSessionManager initialized
[2017.12.02-11.40.54:134][  0]LogInit: Transaction tracking system initialized
[2017.12.02-11.40.54:508][  0]BlueprintLog: New page: Editor Load
[2017.12.02-11.40.55:602][  0]LocalizationService: Info Localization service is disabled
[2017.12.02-11.40.56:622][  0]LogConsoleResponse:Display: 
[2017.12.02-11.40.56:960][  0]LogCook:Display: Max memory allowance for cook 16384mb min free memory 0mb
[2017.12.02-11.40.56:960][  0]LogCook:Display: Mobile HDR setting 1
[2017.12.02-11.40.58:111][  0]LogFileCache: Scanning file cache for directory 'C:/Users/JAVITO/Documents/GitHub/Anarquia/Proyecto2/Content/' took 0.02s
[2017.12.02-11.40.58:164][  0]SourceControl: Info Source control is disabled
[2017.12.02-11.40.58:165][  0]Cmd: MAP LOAD FILE="../../../../../../Users/JAVITO/Documents/GitHub/Anarquia/Proyecto2/Content/ThirdPersonBP/Maps/ThirdPersonExampleMap.umap" TEMPLATE=0 SHOWPROGRESS=1 FEATURELEVEL=3
[2017.12.02-11.40.58:836][  0]LightingResults: New page: Lighting Build
[2017.12.02-11.40.58:885][  0]MapCheck: New page: Map Check
[2017.12.02-11.40.58:885][  0]LightingResults: New page: Lighting Build
[2017.12.02-11.41.05:044][  0]LogAIModule: Creating AISystem for world ThirdPersonExampleMap
[2017.12.02-11.41.05:071][  0]LogEditorServer: Finished looking for orphan Actors (0.000 secs)
[2017.12.02-11.41.05:109][  0]Cmd: MAP CHECKDEP NOCLEARLOG
[2017.12.02-11.41.05:188][  0]MapCheck: Info Map check complete: 0 Error(s), 0 Warning(s), took 78.501ms to complete.
[2017.12.02-11.41.05:188][  0]LogFileHelpers: Loading map 'ThirdPersonExampleMap' took 7.023
[2017.12.02-11.41.05:320][  0]LogCollectionManager: Loaded 0 collections in 0.001716 seconds
[2017.12.02-11.41.05:412][  0]LogFileCache: Scanning file cache for directory 'C:/Users/JAVITO/Documents/GitHub/Anarquia/Proyecto2/Saved/Collections/' took 0.01s
[2017.12.02-11.41.05:412][  0]LogFileCache: Scanning file cache for directory 'C:/Users/JAVITO/Documents/GitHub/Anarquia/Proyecto2/Content/Developers/JAVITO/Collections/' took 0.01s
[2017.12.02-11.41.05:412][  0]LogFileCache: Scanning file cache for directory 'C:/Users/JAVITO/Documents/GitHub/Anarquia/Proyecto2/Content/Collections/' took 0.01s
[2017.12.02-11.41.05:412][  0]LogCollectionManager: Rebuilt the GUID cache for 0 collections in 0.000002 seconds
[2017.12.02-11.41.05:426][  0]LogContentBrowser: Native class hierarchy populated in 0.0138 seconds. Added 2329 classes and 491 folders.
[2017.12.02-11.41.05:510][  0]LogContentBrowser: Native class hierarchy updated for 'WidgetCarousel' in 0.0007 seconds. Added 0 classes and 0 folders.
[2017.12.02-11.41.07:738][  0]LogContentBrowser: Native class hierarchy updated for 'AddContentDialog' in 0.0006 seconds. Added 0 classes and 0 folders.
[2017.12.02-11.41.07:910][  0]LogContentBrowser: Native class hierarchy updated for 'SceneOutliner' in 0.0007 seconds. Added 1 classes and 2 folders.
[2017.12.02-11.41.08:017][  0]LogCrashTracker: Crashtracker disabled due to settings.
[2017.12.02-11.41.08:022][  0]LogSlate: Took 0.000206 seconds to synchronously load lazily loaded font '../../../Engine/Content/Slate/Fonts/Roboto-Regular.ttf' (155K)
[2017.12.02-11.41.08:025][  0]LogSlate: Took 0.000196 seconds to synchronously load lazily loaded font '../../../Engine/Content/Slate/Fonts/Roboto-Bold.ttf' (160K)
[2017.12.02-11.41.08:049][  0]LogSlate: Took 0.023155 seconds to synchronously load lazily loaded font '../../../Engine/Content/Editor/Slate/Fonts/FontAwesome.ttf' (139K)
[2017.12.02-11.41.08:256][  0]LogRenderer: Reallocating scene render targets to support 256x256 NumSamples 1 (Frame:1).
[2017.12.02-11.41.08:267][  0]LogRenderer: Reallocating scene render targets to support 1104x924 NumSamples 1 (Frame:1).
[2017.12.02-11.41.08:411][  0]LogUObjectGlobals:Warning: Failed to find object 'Class None.'
[2017.12.02-11.41.08:491][  0]LogContentBrowser: Native class hierarchy updated for 'HierarchicalLODOutliner' in 0.0006 seconds. Added 1 classes and 2 folders.
[2017.12.02-11.41.08:491][  0]LogLoad: (Engine Initialization) Total time: 29.77 seconds
[2017.12.02-11.41.08:491][  0]LogLoad: (Engine Initialization) Total Blueprint compile time: 0.50 seconds
[2017.12.02-11.41.08:491][  0]LogExternalProfiler: Found external profiler: VSPerf
[2017.12.02-11.41.08:491][  0]LogExternalProfiler: Using external profiler: VSPerf
[2017.12.02-11.41.08:831][  0]LogOcInput: OculusInput pre-init called
[2017.12.02-11.41.08:831][  0]LogHMD: Starting GearVRController plugin
[2017.12.02-11.41.08:850][  0]LogContentStreaming: Texture pool size now 600 MB
[2017.12.02-11.41.08:958][  0]LogSlate: Took 0.018105 seconds to synchronously load lazily loaded font '../../../Engine/Content/Slate/Fonts/Roboto-Light.ttf' (159K)
[2017.12.02-11.41.11:165][  7]LogCollectionManager: Rebuilt the object cache for 0 collections in 0.000001 seconds (found 0 objects)
[2017.12.02-11.41.12:500][ 11]LogAssetRegistry: Asset discovery search completed in 24.5833 seconds
[2017.12.02-11.41.12:502][ 11]LogCollectionManager: Fixed up redirectors for 0 collections in 0.000001 seconds (updated 0 objects)
[2017.12.02-11.41.15:478][164]LogSlate: Took 0.000174 seconds to synchronously load lazily loaded font '../../../Engine/Content/Slate/Fonts/Roboto-Light.ttf' (159K)
[2017.12.02-11.41.23:237][164]LogSlate: Took 0.000238 seconds to synchronously load lazily loaded font '../../../Engine/Content/Slate/Fonts/Roboto-Regular.ttf' (155K)
[2017.12.02-11.41.24:280][164]LogTexture:Display: Building textures: Texture2D_0 (BGRA8, 256X256)
[2017.12.02-11.41.24:292][164]LogAIModule: Creating AISystem for world Distrito1
[2017.12.02-11.41.24:354][164]Cmd: MAP LOAD FILE="../../../../../../Users/JAVITO/Documents/GitHub/Anarquia/Proyecto2/Content/ThirdPersonBP/Maps/Distrito1.umap" TEMPLATE=0 SHOWPROGRESS=1 FEATURELEVEL=3
[2017.12.02-11.41.24:354][164]LightingResults: New page: Lighting Build
[2017.12.02-11.41.24:355][164]LoadErrors: New page: Loading map: Distrito1.umap
[2017.12.02-11.41.24:356][164]MapCheck: New page: Map Check
[2017.12.02-11.41.24:356][164]LightingResults: New page: Lighting Build
[2017.12.02-11.41.28:848][164]LogDerivedDataCache: FFileSystemDerivedDataBackend: Move collision, attempt at redundant update, OK C:/Users/JAVITO/AppData/Local/UnrealEngine/Common/DerivedDataCache/6/6/9/PHYSXPC_FULL_84A5A09B87CA4ED3B9B301DECE89D011_9CA6336153F065480BAE154E67CD55F1.udd.
[2017.12.02-11.41.28:849][164]LogDerivedDataCache: FFileSystemDerivedDataBackend: Move collision, attempt at redundant update, OK C:/Users/JAVITO/AppData/Local/UnrealEngine/Common/DerivedDataCache/7/7/5/PHYSXPC_VIS_84A5A09B87CA4ED3B9B301DECE89D011_CF11BF4E4887C8A2BA3BAFB0757A2C9B.udd.
[2017.12.02-11.41.28:849][164]LogDerivedDataCache: FFileSystemDerivedDataBackend: Move collision, attempt at redundant update, OK C:/Users/JAVITO/AppData/Local/UnrealEngine/Common/DerivedDataCache/6/1/1/PHYSXPC_VIS_84A5A09B87CA4ED3B9B301DECE89D011_9B6AD79E41C102FF63A96EBB411204FD.udd.
[2017.12.02-11.41.28:849][164]LogDerivedDataCache: FFileSystemDerivedDataBackend: Move collision, attempt at redundant update, OK C:/Users/JAVITO/AppData/Local/UnrealEngine/Common/DerivedDataCache/9/2/6/PHYSXPC_FULL_84A5A09B87CA4ED3B9B301DECE89D011_0A06F74B963893C6FBA60DAE2E529005.udd.
[2017.12.02-11.41.28:849][164]LogDerivedDataCache: FFileSystemDerivedDataBackend: Move collision, attempt at redundant update, OK C:/Users/JAVITO/AppData/Local/UnrealEngine/Common/DerivedDataCache/8/9/9/PHYSXPC_FULL_84A5A09B87CA4ED3B9B301DECE89D011_E19EDF93898CA9257684BA0CE1734E1D.udd.
[2017.12.02-11.41.28:849][164]LogDerivedDataCache: FFileSystemDerivedDataBackend: Move collision, attempt at redundant update, OK C:/Users/JAVITO/AppData/Local/UnrealEngine/Common/DerivedDataCache/3/7/3/PHYSXPC_FULL_84A5A09B87CA4ED3B9B301DECE89D011_143115ABEEBC62675643B3FA8E49A3D4.udd.
[2017.12.02-11.41.28:849][164]LogDerivedDataCache: FFileSystemDerivedDataBackend: Move collision, attempt at redundant update, OK C:/Users/JAVITO/AppData/Local/UnrealEngine/Common/DerivedDataCache/6/7/3/PHYSXPC_VIS_84A5A09B87CA4ED3B9B301DECE89D011_9557E970499B07DB59407BB476DE3906.udd.
[2017.12.02-11.41.28:849][164]LogDerivedDataCache: FFileSystemDerivedDataBackend: Move collision, attempt at redundant update, OK C:/Users/JAVITO/AppData/Local/UnrealEngine/Common/DerivedDataCache/7/6/5/PHYSXPC_FULL_84A5A09B87CA4ED3B9B301DECE89D011_EEFE3CD7FBDB1E599906DF2A8AE1BEA6.udd.
[2017.12.02-11.41.28:849][164]LogDerivedDataCache: FFileSystemDerivedDataBackend: Move collision, attempt at redundant update, OK C:/Users/JAVITO/AppData/Local/UnrealEngine/Common/DerivedDataCache/3/7/0/PHYSXPC_FULL_84A5A09B87CA4ED3B9B301DECE89D011_EA7394814EAD796A48E0972C201EB568.udd.
[2017.12.02-11.41.28:849][164]LogDerivedDataCache: FFileSystemDerivedDataBackend: Move collision, attempt at redundant update, OK C:/Users/JAVITO/AppData/Local/UnrealEngine/Common/DerivedDataCache/5/8/6/PHYSXPC_VIS_84A5A09B87CA4ED3B9B301DECE89D011_63F608DF481FCCBE6648D49B2D07557A.udd.
[2017.12.02-11.41.28:849][164]LogDerivedDataCache: FFileSystemDerivedDataBackend: Move collision, attempt at redundant update, OK C:/Users/JAVITO/AppData/Local/UnrealEngine/Common/DerivedDataCache/2/6/1/PHYSXPC_FULL_84A5A09B87CA4ED3B9B301DECE89D011_F5FA3B699D6FEAF5EFCFE8AC0657465D.udd.
[2017.12.02-11.41.28:849][164]LogDerivedDataCache: FFileSystemDerivedDataBackend: Move collision, attempt at redundant update, OK C:/Users/JAVITO/AppData/Local/UnrealEngine/Common/DerivedDataCache/2/5/7/PHYSXPC_VIS_84A5A09B87CA4ED3B9B301DECE89D011_4F1A6A484A2E5ECDB51D1CA79F15AFFB.udd.
[2017.12.02-11.41.28:849][164]LogDerivedDataCache: FFileSystemDerivedDataBackend: Move collision, attempt at redundant update, OK C:/Users/JAVITO/AppData/Local/UnrealEngine/Common/DerivedDataCache/9/8/9/PHYSXPC_FULL_84A5A09B87CA4ED3B9B301DECE89D011_7B0FE1C96FA18D19DFACEBE39AEBC1AE.udd.
[2017.12.02-11.41.28:849][164]LogDerivedDataCache: FFileSystemDerivedDataBackend: Move collision, attempt at redundant update, OK C:/Users/JAVITO/AppData/Local/UnrealEngine/Common/DerivedDataCache/4/9/5/PHYSXPC_VIS_84A5A09B87CA4ED3B9B301DECE89D011_281478DF42F686B02E5983960BA818DD.udd.
[2017.12.02-11.41.28:849][164]LogDerivedDataCache: FFileSystemDerivedDataBackend: Move collision, attempt at redundant update, OK C:/Users/JAVITO/AppData/Local/UnrealEngine/Common/DerivedDataCache/0/8/9/PHYSXPC_VIS_84A5A09B87CA4ED3B9B301DECE89D011_A959659349B3CC7623A4D6A48CB1B1B6.udd.
[2017.12.02-11.41.28:849][164]LogDerivedDataCache: FFileSystemDerivedDataBackend: Move collision, attempt at redundant update, OK C:/Users/JAVITO/AppData/Local/UnrealEngine/Common/DerivedDataCache/8/9/5/PHYSXPC_FULL_84A5A09B87CA4ED3B9B301DECE89D011_B4D39B437077B085C95CC76112D102F6.udd.
[2017.12.02-11.41.28:849][164]LogDerivedDataCache: FFileSystemDerivedDataBackend: Move collision, attempt at redundant update, OK C:/Users/JAVITO/AppData/Local/UnrealEngine/Common/DerivedDataCache/0/3/8/PHYSXPC_VIS_84A5A09B87CA4ED3B9B301DECE89D011_60F15ED84A07259B236A1DBD89AD7140.udd.
[2017.12.02-11.41.28:849][164]LogDerivedDataCache: FFileSystemDerivedDataBackend: Move collision, attempt at redundant update, OK C:/Users/JAVITO/AppData/Local/UnrealEngine/Common/DerivedDataCache/4/8/0/PHYSXPC_VIS_84A5A09B87CA4ED3B9B301DECE89D011_AB6C00974CC436351C5E4EA88228A8E7.udd.
[2017.12.02-11.41.28:849][164]LogDerivedDataCache: FFileSystemDerivedDataBackend: Move collision, attempt at redundant update, OK C:/Users/JAVITO/AppData/Local/UnrealEngine/Common/DerivedDataCache/0/6/7/PHYSXPC_FULL_84A5A09B87CA4ED3B9B301DECE89D011_6811A3BDB2CEF9026238CC100A302341.udd.
[2017.12.02-11.41.28:849][164]LogDerivedDataCache: FFileSystemDerivedDataBackend: Move collision, attempt at redundant update, OK C:/Users/JAVITO/AppData/Local/UnrealEngine/Common/DerivedDataCache/2/1/2/PHYSXPC_FULL_84A5A09B87CA4ED3B9B301DECE89D011_49261CF0D9B3D202ADB69CFBEB771B8B.udd.
[2017.12.02-11.41.28:849][164]LogDerivedDataCache: FFileSystemDerivedDataBackend: Move collision, attempt at redundant update, OK C:/Users/JAVITO/AppData/Local/UnrealEngine/Common/DerivedDataCache/5/3/4/PHYSXPC_VIS_84A5A09B87CA4ED3B9B301DECE89D011_304D87FC4217B0CA98B6D5B22CAD0376.udd.
[2017.12.02-11.41.28:849][164]LogDerivedDataCache: FFileSystemDerivedDataBackend: Move collision, attempt at redundant update, OK C:/Users/JAVITO/AppData/Local/UnrealEngine/Common/DerivedDataCache/8/1/4/PHYSXPC_FULL_84A5A09B87CA4ED3B9B301DECE89D011_9DE5895A8CDE48F081A4B0C2D2B0E4F2.udd.
[2017.12.02-11.41.28:849][164]LogDerivedDataCache: FFileSystemDerivedDataBackend: Move collision, attempt at redundant update, OK C:/Users/JAVITO/AppData/Local/UnrealEngine/Common/DerivedDataCache/8/5/9/PHYSXPC_FULL_84A5A09B87CA4ED3B9B301DECE89D011_60A7D3EF37A9C55E67003A074A071F1E.udd.
[2017.12.02-11.41.28:849][164]LogDerivedDataCache: FFileSystemDerivedDataBackend: Move collision, attempt at redundant update, OK C:/Users/JAVITO/AppData/Local/UnrealEngine/Common/DerivedDataCache/0/6/4/PHYSXPC_FULL_84A5A09B87CA4ED3B9B301DECE89D011_EA4927A8A4DD4C264749526359FEAA97.udd.
[2017.12.02-11.41.28:849][164]LogDerivedDataCache: FFileSystemDerivedDataBackend: Move collision, attempt at redundant update, OK C:/Users/JAVITO/AppData/Local/UnrealEngine/Common/DerivedDataCache/3/7/8/PHYSXPC_VIS_84A5A09B87CA4ED3B9B301DECE89D011_51C0749449E09915936ECF9DA0124056.udd.
[2017.12.02-11.41.28:849][164]LogDerivedDataCache: FFileSystemDerivedDataBackend: Move collision, attempt at redundant update, OK C:/Users/JAVITO/AppData/Local/UnrealEngine/Common/DerivedDataCache/2/4/5/PHYSXPC_FULL_84A5A09B87CA4ED3B9B301DECE89D011_9C75A0FEE4F2F5C5A6A4386225C6B5F9.udd.
[2017.12.02-11.41.28:849][164]LogDerivedDataCache: FFileSystemDerivedDataBackend: Move collision, attempt at redundant update, OK C:/Users/JAVITO/AppData/Local/UnrealEngine/Common/DerivedDataCache/3/0/7/PHYSXPC_VIS_84A5A09B87CA4ED3B9B301DECE89D011_BA3154CC42899BD9759E5486685BBB55.udd.
[2017.12.02-11.41.28:849][164]LogDerivedDataCache: FFileSystemDerivedDataBackend: Move collision, attempt at redundant update, OK C:/Users/JAVITO/AppData/Local/UnrealEngine/Common/DerivedDataCache/9/9/0/PHYSXPC_VIS_84A5A09B87CA4ED3B9B301DECE89D011_3649A84A47594DACA1460B924117AE55.udd.
[2017.12.02-11.41.28:849][164]LogDerivedDataCache: FFileSystemDerivedDataBackend: Move collision, attempt at redundant update, OK C:/Users/JAVITO/AppData/Local/UnrealEngine/Common/DerivedDataCache/2/6/3/PHYSXPC_FULL_84A5A09B87CA4ED3B9B301DECE89D011_91549E8B2B3053898C9BD69415C3C4B8.udd.
[2017.12.02-11.41.28:849][164]LogDerivedDataCache: FFileSystemDerivedDataBackend: Move collision, attempt at redundant update, OK C:/Users/JAVITO/AppData/Local/UnrealEngine/Common/DerivedDataCache/8/3/3/PHYSXPC_FULL_84A5A09B87CA4ED3B9B301DECE89D011_E0CD995298369CDE576FB482D615E52F.udd.
[2017.12.02-11.41.28:849][164]LogDerivedDataCache: FFileSystemDerivedDataBackend: Move collision, attempt at redundant update, OK C:/Users/JAVITO/AppData/Local/UnrealEngine/Common/DerivedDataCache/8/6/7/PHYSXPC_VIS_84A5A09B87CA4ED3B9B301DECE89D011_E43D4A154F47841F365534BD4DC6F4E1.udd.
[2017.12.02-11.41.28:849][164]LogDerivedDataCache: FFileSystemDerivedDataBackend: Move collision, attempt at redundant update, OK C:/Users/JAVITO/AppData/Local/UnrealEngine/Common/DerivedDataCache/4/4/1/PHYSXPC_FULL_84A5A09B87CA4ED3B9B301DECE89D011_730C4D7D8B972A61BB96F0D36CD5A4D5.udd.
[2017.12.02-11.41.28:849][164]LogDerivedDataCache: FFileSystemDerivedDataBackend: Move collision, attempt at redundant update, OK C:/Users/JAVITO/AppData/Local/UnrealEngine/Common/DerivedDataCache/3/7/8/PHYSXPC_VIS_84A5A09B87CA4ED3B9B301DECE89D011_BC13315A4F8367AA9A7FD18C4B9E1445.udd.
[2017.12.02-11.41.28:849][164]LogDerivedDataCache: FFileSystemDerivedDataBackend: Move collision, attempt at redundant update, OK C:/Users/JAVITO/AppData/Local/UnrealEngine/Common/DerivedDataCache/2/7/4/PHYSXPC_FULL_84A5A09B87CA4ED3B9B301DECE89D011_F17022DEC34F96E3E8012722A3ABFBB2.udd.
[2017.12.02-11.41.28:849][164]LogDerivedDataCache: FFileSystemDerivedDataBackend: Move collision, attempt at redundant update, OK C:/Users/JAVITO/AppData/Local/UnrealEngine/Common/DerivedDataCache/2/4/3/PHYSXPC_VIS_84A5A09B87CA4ED3B9B301DECE89D011_712BBC424EB94AD704F3679CBC217EEE.udd.
[2017.12.02-11.41.28:849][164]LogDerivedDataCache: FFileSystemDerivedDataBackend: Move collision, attempt at redundant update, OK C:/Users/JAVITO/AppData/Local/UnrealEngine/Common/DerivedDataCache/2/1/7/PHYSXPC_FULL_84A5A09B87CA4ED3B9B301DECE89D011_6B3949399EB5641FAF619B75A25B1DF1.udd.
[2017.12.02-11.41.28:849][164]LogDerivedDataCache: FFileSystemDerivedDataBackend: Move collision, attempt at redundant update, OK C:/Users/JAVITO/AppData/Local/UnrealEngine/Common/DerivedDataCache/5/2/8/PHYSXPC_VIS_84A5A09B87CA4ED3B9B301DECE89D011_F18FD25B4427191B03219AA7E839770A.udd.
[2017.12.02-11.41.28:849][164]LogDerivedDataCache: FFileSystemDerivedDataBackend: Move collision, attempt at redundant update, OK C:/Users/JAVITO/AppData/Local/UnrealEngine/Common/DerivedDataCache/4/8/0/PHYSXPC_VIS_84A5A09B87CA4ED3B9B301DECE89D011_8016CEA54A8AA437111BADA7F4B070D3.udd.
[2017.12.02-11.41.28:849][164]LogDerivedDataCache: FFileSystemDerivedDataBackend: Move collision, attempt at redundant update, OK C:/Users/JAVITO/AppData/Local/UnrealEngine/Common/DerivedDataCache/8/2/7/PHYSXPC_VIS_84A5A09B87CA4ED3B9B301DECE89D011_FE6AD8FF43386B4F8B2D8EAB450FE13C.udd.
[2017.12.02-11.41.28:849][164]LogDerivedDataCache: FFileSystemDerivedDataBackend: Move collision, attempt at redundant update, OK C:/Users/JAVITO/AppData/Local/UnrealEngine/Common/DerivedDataCache/4/6/0/PHYSXPC_FULL_84A5A09B87CA4ED3B9B301DECE89D011_BCBDC47D465CF283EBB646B81C0E6E42.udd.
[2017.12.02-11.41.28:849][164]LogDerivedDataCache: FFileSystemDerivedDataBackend: Move collision, attempt at redundant update, OK C:/Users/JAVITO/AppData/Local/UnrealEngine/Common/DerivedDataCache/9/9/8/PHYSXPC_VIS_84A5A09B87CA4ED3B9B301DECE89D011_6801C78D4393CF9766D10E9473D607AF.udd.
[2017.12.02-11.41.28:849][164]LogDerivedDataCache: FFileSystemDerivedDataBackend: Move collision, attempt at redundant update, OK C:/Users/JAVITO/AppData/Local/UnrealEngine/Common/DerivedDataCache/0/2/6/PHYSXPC_VIS_84A5A09B87CA4ED3B9B301DECE89D011_7C16ADCA42247F8F761958B8BFE1FC37.udd.
[2017.12.02-11.41.28:849][164]LogDerivedDataCache: FFileSystemDerivedDataBackend: Move collision, attempt at redundant update, OK C:/Users/JAVITO/AppData/Local/UnrealEngine/Common/DerivedDataCache/9/1/6/PHYSXPC_FULL_84A5A09B87CA4ED3B9B301DECE89D011_3366FBB8402C48FEA841CC15429A97CF.udd.
[2017.12.02-11.41.28:849][164]LogDerivedDataCache: FFileSystemDerivedDataBackend: Move collision, attempt at redundant update, OK C:/Users/JAVITO/AppData/Local/UnrealEngine/Common/DerivedDataCache/2/3/6/PHYSXPC_FULL_84A5A09B87CA4ED3B9B301DECE89D011_3F5A2272C56A5C68C3D9BD5718B98202.udd.
[2017.12.02-11.41.28:849][164]LogDerivedDataCache: FFileSystemDerivedDataBackend: Move collision, attempt at redundant update, OK C:/Users/JAVITO/AppData/Local/UnrealEngine/Common/DerivedDataCache/4/9/4/PHYSXPC_VIS_84A5A09B87CA4ED3B9B301DECE89D011_8935DEA845E38AA9432255AD51166DEA.udd.
[2017.12.02-11.41.28:941][164]LogEditorServer: Finished looking for orphan Actors (0.000 secs)
[2017.12.02-11.41.28:984][164]Cmd: MAP CHECKDEP NOCLEARLOG
[2017.12.02-11.41.29:046][164]MapCheck: Info Map check complete: 0 Error(s), 0 Warning(s), took 62.405ms to complete.
[2017.12.02-11.41.29:046][164]LogFileHelpers: Loading map 'Distrito1' took 4.693
[2017.12.02-11.57.34:283][251]LogWindowsTextInputMethodSystem:Display: IME system now deactivated.
[2017.12.02-11.57.34:464][252]Cmd: QUIT_EDITOR
[2017.12.02-11.57.34:492][252]LogExit: Preparing to exit.
[2017.12.02-11.57.35:180][252]LogDirectoryWatcher: A directory notification for 'C:/Users/JAVITO/Documents/GitHub/Anarquia/Proyecto2/Content/' was aborted.
[2017.12.02-11.57.35:212][252]LogExit: Editor shut down
[2017.12.02-11.57.35:215][252]LogExit: Transaction tracking system shut down
[2017.12.02-11.57.35:295][252]LogObj: Freed 0b from 0 cluster array pools.
[2017.12.02-11.57.35:295][252]LogExit: Object subsystem successfully closed.
[2017.12.02-11.57.35:313][252]LogD3D11RHI: Shutdown
[2017.12.02-11.57.35:313][252]LogD3D11RHI: CleanupD3DDevice
[2017.12.02-11.57.35:455][252]LogD3D11RHI: ~FD3D11DynamicRHI
[2017.12.02-11.57.35:474][252]LogModuleManager: Shutting down and abandoning module HierarchicalLODOutliner (524)
[2017.12.02-11.57.35:474][252]LogModuleManager: Shutting down and abandoning module CrashTracker (522)
[2017.12.02-11.57.35:474][252]LogModuleManager: Shutting down and abandoning module SceneOutliner (520)
[2017.12.02-11.57.35:474][252]LogModuleManager: Shutting down and abandoning module AddContentDialog (518)
[2017.12.02-11.57.35:474][252]LogDirectoryWatcher: A directory notification for 'C:/Program Files/Epic Games/UE_4.16/FeaturePacks/' was aborted.
[2017.12.02-11.57.35:475][252]LogModuleManager: Shutting down and abandoning module WidgetCarousel (517)
[2017.12.02-11.57.35:475][252]LogModuleManager: Shutting down and abandoning module EditorWidgets (514)
[2017.12.02-11.57.35:475][252]LogModuleManager: Shutting down and abandoning module CollectionManager (512)
[2017.12.02-11.57.35:475][252]LogDirectoryWatcher: A directory notification for 'C:/Users/JAVITO/Documents/GitHub/Anarquia/Proyecto2/Content/Collections/' was aborted.
[2017.12.02-11.57.35:475][252]LogDirectoryWatcher: A directory notification for 'C:/Users/JAVITO/Documents/GitHub/Anarquia/Proyecto2/Content/Developers/JAVITO/Collections/' was aborted.
[2017.12.02-11.57.35:475][252]LogDirectoryWatcher: A directory notification for 'C:/Users/JAVITO/Documents/GitHub/Anarquia/Proyecto2/Saved/Collections/' was aborted.
[2017.12.02-11.57.35:475][252]LogModuleManager: Shutting down and abandoning module StatsViewer (510)
[2017.12.02-11.57.35:475][252]LogModuleManager: Shutting down and abandoning module FoliageEdit (508)
[2017.12.02-11.57.35:475][252]LogModuleManager: Shutting down and abandoning module LandscapeEditor (506)
[2017.12.02-11.57.35:475][252]LogModuleManager: Shutting down and abandoning module MeshPaintMode (504)
[2017.12.02-11.57.35:475][252]LogModuleManager: Shutting down and abandoning module SceneDepthPickerMode (502)
[2017.12.02-11.57.35:475][252]LogModuleManager: Shutting down and abandoning module ActorPickerMode (500)
[2017.12.02-11.57.35:475][252]LogModuleManager: Shutting down and abandoning module GeometryMode (498)
[2017.12.02-11.57.35:475][252]LogModuleManager: Shutting down and abandoning module TextureAlignMode (496)
[2017.12.02-11.57.35:475][252]LogModuleManager: Shutting down and abandoning module BspMode (494)
[2017.12.02-11.57.35:475][252]LogModuleManager: Shutting down and abandoning module HardwareSurvey (492)
[2017.12.02-11.57.35:475][252]LogModuleManager: Shutting down and abandoning module SequenceRecorderSections (490)
[2017.12.02-11.57.35:475][252]LogModuleManager: Shutting down and abandoning module AutomationWorker (488)
[2017.12.02-11.57.35:475][252]LogModuleManager: Shutting down and abandoning module MatineeToLevelSequence (486)
[2017.12.02-11.57.35:475][252]LogModuleManager: Shutting down and abandoning module LevelSequenceEditor (484)
[2017.12.02-11.57.35:475][252]LogModuleManager: Shutting down and abandoning module PlacementMode (483)
[2017.12.02-11.57.35:475][252]LogModuleManager: Shutting down and abandoning module WmfMediaFactory (480)
[2017.12.02-11.57.35:475][252]LogModuleManager: Shutting down and abandoning module WmfMediaEditor (478)
[2017.12.02-11.57.35:475][252]LogModuleManager: Shutting down and abandoning module AvfMediaFactory (476)
[2017.12.02-11.57.35:475][252]LogModuleManager: Shutting down and abandoning module AvfMediaEditor (474)
[2017.12.02-11.57.35:475][252]LogModuleManager: Shutting down and abandoning module AndroidMediaFactory (472)
[2017.12.02-11.57.35:475][252]LogModuleManager: Shutting down and abandoning module Media (471)
[2017.12.02-11.57.35:475][252]LogModuleManager: Shutting down and abandoning module AndroidMediaEditor (468)
[2017.12.02-11.57.35:475][252]LogModuleManager: Shutting down and abandoning module CharacterAI (466)
[2017.12.02-11.57.35:475][252]LogModuleManager: Shutting down and abandoning module AudioCapture (464)
[2017.12.02-11.57.35:476][252]LogModuleManager: Shutting down and abandoning module SequenceRecorder (463)
[2017.12.02-11.57.35:476][252]LogModuleManager: Shutting down and abandoning module SmartSnapping (460)
[2017.12.02-11.57.35:476][252]LogModuleManager: Shutting down and abandoning module SessionServices (458)
[2017.12.02-11.57.35:476][252]LogModuleManager: Shutting down and abandoning module ViewportSnapping (456)
[2017.12.02-11.57.35:476][252]LogModuleManager: Shutting down and abandoning module ViewportInteraction (454)
[2017.12.02-11.57.35:476][252]LogModuleManager: Shutting down and abandoning module ClothPainter (452)
[2017.12.02-11.57.35:476][252]LogModuleManager: Shutting down and abandoning module LogVisualizer (450)
[2017.12.02-11.57.35:476][252]LogModuleManager: Shutting down and abandoning module IntroTutorials (448)
[2017.12.02-11.57.35:476][252]LogModuleManager: Shutting down and abandoning module GameProjectGeneration (447)
[2017.12.02-11.57.35:476][252]LogModuleManager: Shutting down and abandoning module EditorLiveStreaming (444)
[2017.12.02-11.57.35:476][252]LogModuleManager: Shutting down and abandoning module IOSPlatformEditor (442)
[2017.12.02-11.57.35:476][252]LogModuleManager: Shutting down and abandoning module HTML5PlatformEditor (440)
[2017.12.02-11.57.35:476][252]LogModuleManager: Shutting down and abandoning module AndroidPlatformEditor (438)
[2017.12.02-11.57.35:476][252]LogModuleManager: Shutting down and abandoning module AndroidDeviceDetection (437)
[2017.12.02-11.57.36:388][252]LogModuleManager: Shutting down and abandoning module IOSRuntimeSettings (434)
[2017.12.02-11.57.36:388][252]LogModuleManager: Shutting down and abandoning module AndroidRuntimeSettings (432)
[2017.12.02-11.57.36:388][252]LogModuleManager: Shutting down and abandoning module InputBindingEditor (430)
[2017.12.02-11.57.36:388][252]LogModuleManager: Shutting down and abandoning module MergeActors (428)
[2017.12.02-11.57.36:388][252]LogModuleManager: Shutting down and abandoning module SizeMap (426)
[2017.12.02-11.57.36:388][252]LogModuleManager: Shutting down and abandoning module TreeMap (424)
[2017.12.02-11.57.36:388][252]LogModuleManager: Shutting down and abandoning module ReferenceViewer (422)
[2017.12.02-11.57.36:388][252]LogModuleManager: Shutting down and abandoning module LocalizationDashboard (420)
[2017.12.02-11.57.36:388][252]LogModuleManager: Shutting down and abandoning module LocalizationService (419)
[2017.12.02-11.57.36:388][252]LogModuleManager: Shutting down and abandoning module HardwareTargeting (416)
[2017.12.02-11.57.36:388][252]LogModuleManager: Shutting down and abandoning module DeviceProfileEditor (414)
[2017.12.02-11.57.36:388][252]LogModuleManager: Shutting down and abandoning module UndoHistory (412)
[2017.12.02-11.57.36:388][252]LogModuleManager: Shutting down and abandoning module UserFeedback (410)
[2017.12.02-11.57.36:388][252]LogModuleManager: Shutting down and abandoning module XmlParser (408)
[2017.12.02-11.57.36:388][252]LogModuleManager: Shutting down and abandoning module Blutility (406)
[2017.12.02-11.57.36:388][252]LogModuleManager: Shutting down and abandoning module ProjectSettingsViewer (404)
[2017.12.02-11.57.36:388][252]LogModuleManager: Shutting down and abandoning module ProjectTargetPlatformEditor (403)
[2017.12.02-11.57.36:388][252]LogModuleManager: Shutting down and abandoning module EditorSettingsViewer (400)
[2017.12.02-11.57.36:388][252]LogModuleManager: Shutting down and abandoning module SettingsEditor (398)
[2017.12.02-11.57.36:388][252]LogModuleManager: Shutting down and abandoning module ProjectLauncher (396)
[2017.12.02-11.57.36:388][252]LogModuleManager: Shutting down and abandoning module SessionFrontend (394)
[2017.12.02-11.57.36:388][252]LogModuleManager: Shutting down and abandoning module ProfilerClient (392)
[2017.12.02-11.57.36:388][252]LogModuleManager: Shutting down and abandoning module DeviceManager (390)
[2017.12.02-11.57.36:388][252]LogModuleManager: Shutting down and abandoning module TargetDeviceServices (389)
[2017.12.02-11.57.36:452][252]LogModuleManager: Shutting down and abandoning module AutomationController (386)
[2017.12.02-11.57.36:452][252]LogModuleManager: Shutting down and abandoning module AutomationWindow (384)
[2017.12.02-11.57.36:452][252]LogModuleManager: Shutting down and abandoning module Layers (382)
[2017.12.02-11.57.36:452][252]LogModuleManager: Shutting down and abandoning module ComponentVisualizers (380)
[2017.12.02-11.57.36:452][252]LogModuleManager: Shutting down and abandoning module DetailCustomizations (378)
[2017.12.02-11.57.36:452][252]LogModuleManager: Shutting down and abandoning module PackagesDialog (376)
[2017.12.02-11.57.36:452][252]LogModuleManager: Shutting down and abandoning module Persona (374)
[2017.12.02-11.57.36:452][252]LogModuleManager: Shutting down and abandoning module AdvancedPreviewScene (373)
[2017.12.02-11.57.36:452][252]LogModuleManager: Shutting down and abandoning module AnimGraph (371)
[2017.12.02-11.57.36:452][252]LogModuleManager: Shutting down and abandoning module Kismet (368)
[2017.12.02-11.57.36:453][252]LogModuleManager: Shutting down and abandoning module ClassViewer (366)
[2017.12.02-11.57.36:454][252]LogModuleManager: Shutting down and abandoning module Toolbox (364)
[2017.12.02-11.57.36:454][252]LogModuleManager: Shutting down and abandoning module ModuleUI (362)
[2017.12.02-11.57.36:454][252]LogModuleManager: Shutting down and abandoning module MovieSceneTools (360)
[2017.12.02-11.57.36:454][252]LogModuleManager: Shutting down and abandoning module OutputLog (358)
[2017.12.02-11.57.36:454][252]LogModuleManager: Shutting down and abandoning module GammaUI (356)
[2017.12.02-11.57.36:454][252]LogModuleManager: Shutting down and abandoning module Documentation (354)
[2017.12.02-11.57.36:454][252]LogModuleManager: Shutting down and abandoning module MovieSceneTracks (352)
[2017.12.02-11.57.36:454][252]LogModuleManager: Shutting down and abandoning module MovieScene (350)
[2017.12.02-11.57.36:454][252]LogModuleManager: Shutting down and abandoning module Niagara (348)
[2017.12.02-11.57.36:454][252]LogModuleManager: Shutting down and abandoning module NiagaraEditor (347)
[2017.12.02-11.57.36:454][252]LogModuleManager: Shutting down and abandoning module StreamingPauseRendering (344)
[2017.12.02-11.57.36:454][252]LogModuleManager: Shutting down and abandoning module AnalyticsET (342)
[2017.12.02-11.57.36:454][252]LogModuleManager: Shutting down and abandoning module PortalServices (340)
[2017.12.02-11.57.36:454][252]LogModuleManager: Shutting down and abandoning module PortalRpc (338)
[2017.12.02-11.57.36:454][252]LogModuleManager: Shutting down and abandoning module MessagingRpc (336)
[2017.12.02-11.57.36:454][252]LogModuleManager: Shutting down and abandoning module AIModule (334)
[2017.12.02-11.57.36:454][252]LogModuleManager: Shutting down and abandoning module GameplayDebugger (333)
[2017.12.02-11.57.36:454][252]LogModuleManager: Shutting down and abandoning module AITestSuite (331)
[2017.12.02-11.57.36:454][252]LogModuleManager: Shutting down and abandoning module ProfilerService (328)
[2017.12.02-11.57.36:583][252]LogModuleManager: Shutting down and abandoning module TaskGraph (326)
[2017.12.02-11.57.36:583][252]LogModuleManager: Shutting down and abandoning module SteamVRController (324)
[2017.12.02-11.57.36:583][252]LogModuleManager: Shutting down and abandoning module SteamVR (322)
[2017.12.02-11.57.36:583][252]LogModuleManager: Shutting down and abandoning module ProceduralMeshComponentEditor (320)
[2017.12.02-11.57.36:583][252]LogModuleManager: Shutting down and abandoning module ProceduralMeshComponent (318)
[2017.12.02-11.57.36:583][252]LogModuleManager: Shutting down and abandoning module OculusLibrary (316)
[2017.12.02-11.57.36:583][252]LogModuleManager: Shutting down and abandoning module OculusInput (314)
[2017.12.02-11.57.36:583][252]LogModuleManager: Shutting down and abandoning module MobilePatchingUtils (312)
[2017.12.02-11.57.36:583][252]LogModuleManager: Shutting down and abandoning module CustomMeshComponent (310)
[2017.12.02-11.57.36:583][252]LogModuleManager: Shutting down and abandoning module CableComponent (308)
[2017.12.02-11.57.36:583][252]LogModuleManager: Shutting down and abandoning module ArchVisCharacter (306)
[2017.12.02-11.57.36:583][252]LogModuleManager: Shutting down and abandoning module AndroidPermission (304)
[2017.12.02-11.57.36:583][252]LogModuleManager: Shutting down and abandoning module MediaPlayerEditor (300)
[2017.12.02-11.57.36:583][252]LogModuleManager: Shutting down and abandoning module HTML5Networking (298)
[2017.12.02-11.57.36:583][252]LogModuleManager: Shutting down and abandoning module AlembicImporter (296)
[2017.12.02-11.57.36:583][252]LogModuleManager: Shutting down and abandoning module AlembicLibrary (295)
[2017.12.02-11.57.36:583][252]LogModuleManager: Shutting down and abandoning module GeometryCache (294)
[2017.12.02-11.57.36:583][252]LogModuleManager: Shutting down and abandoning module GeometryCacheEd (293)
[2017.12.02-11.57.36:583][252]LogModuleManager: Shutting down and abandoning module SuperSearchEditor (288)
[2017.12.02-11.57.36:583][252]LogModuleManager: Shutting down and abandoning module SuperSearch (287)
[2017.12.02-11.57.36:583][252]LogModuleManager: Shutting down and abandoning module SpeedTreeImporter (284)
[2017.12.02-11.57.36:583][252]LogModuleManager: Shutting down and abandoning module PluginBrowser (282)
[2017.12.02-11.57.36:583][252]LogModuleManager: Shutting down and abandoning module MobileLauncherProfileWizard (280)
[2017.12.02-11.57.36:583][252]LogModuleManager: Shutting down and abandoning module VisualStudioSourceCodeAccess (278)
[2017.12.02-11.57.36:584][252]LogModuleManager: Shutting down and abandoning module DesktopPlatform (277)
[2017.12.02-11.57.36:584][252]LogModuleManager: Shutting down and abandoning module UObjectPlugin (274)
[2017.12.02-11.57.36:584][252]LogModuleManager: Shutting down and abandoning module SubversionSourceControl (272)
[2017.12.02-11.57.36:584][252]LogModuleManager: Shutting down and abandoning module PerforceSourceControl (270)
[2017.12.02-11.57.36:584][252]LogModuleManager: Shutting down and abandoning module GitSourceControl (268)
[2017.12.02-11.57.36:584][252]LogModuleManager: Shutting down and abandoning module SourceControl (267)
[2017.12.02-11.57.36:584][252]LogModuleManager: Shutting down and abandoning module LightPropagationVolumeEditor (264)
[2017.12.02-11.57.36:584][252]LogModuleManager: Shutting down and abandoning module PaperTiledImporter (262)
[2017.12.02-11.57.36:584][252]LogModuleManager: Shutting down and abandoning module PaperSpriteSheetImporter (260)
[2017.12.02-11.57.36:584][252]LogModuleManager: Shutting down and abandoning module Paper2DEditor (258)
[2017.12.02-11.57.36:584][252]LogModuleManager: Shutting down and abandoning module MeshPaint (257)
[2017.12.02-11.57.36:584][252]LogModuleManager: Shutting down and abandoning module LevelEditor (255)
[2017.12.02-11.57.36:584][252]LogModuleManager: Shutting down and abandoning module PixelInspectorModule (254)
[2017.12.02-11.57.36:584][252]LogModuleManager: Shutting down and abandoning module MainFrame (252)
[2017.12.02-11.57.36:584][252]LogModuleManager: Shutting down and abandoning module HotReload (251)
[2017.12.02-11.57.36:585][252]LogModuleManager: Shutting down and abandoning module PhysXVehiclesEditor (246)
[2017.12.02-11.57.36:585][252]LogModuleManager: Shutting down and abandoning module PhysXVehicles (244)
[2017.12.02-11.57.36:585][252]LogModuleManager: Shutting down and abandoning module LocationServicesBPLibrary (242)
[2017.12.02-11.57.36:585][252]LogModuleManager: Shutting down and abandoning module ImmediatePhysicsEditor (240)
[2017.12.02-11.57.36:585][252]LogModuleManager: Shutting down and abandoning module ImmediatePhysics (238)
[2017.12.02-11.57.36:585][252]LogModuleManager: Shutting down and abandoning module UdpMessaging (236)
[2017.12.02-11.57.36:685][252]LogModuleManager: Shutting down and abandoning module TcpMessaging (234)
[2017.12.02-11.57.36:785][252]LogModuleManager: Shutting down and abandoning module GameplayTagsEditor (232)
[2017.12.02-11.57.36:785][252]LogModuleManager: Shutting down and abandoning module FacialAnimationEditor (230)
[2017.12.02-11.57.36:785][252]LogModuleManager: Shutting down and abandoning module FacialAnimation (228)
[2017.12.02-11.57.36:785][252]LogModuleManager: Shutting down and abandoning module AssetManagerEditor (226)
[2017.12.02-11.57.36:785][252]LogModuleManager: Shutting down and abandoning module GraphEditor (225)
[2017.12.02-11.57.36:785][252]LogModuleManager: Shutting down and abandoning module ContentBrowser (223)
[2017.12.02-11.57.36:786][252]LogModuleManager: Shutting down and abandoning module LightPropagationVolumeRuntime (220)
[2017.12.02-11.57.36:786][252]LogModuleManager: Shutting down and abandoning module Paper2D (218)
[2017.12.02-11.57.36:786][252]LogModuleManager: Shutting down and abandoning module WindowsMoviePlayer (216)
[2017.12.02-11.57.36:786][252]LogModuleManager: Shutting down and abandoning module WmfMedia (214)
[2017.12.02-11.57.36:786][252]LogModuleManager: Shutting down and abandoning module ClothingSystemEditor (212)
[2017.12.02-11.57.36:786][252]LogModuleManager: Shutting down and abandoning module ClothingSystemRuntime (210)
[2017.12.02-11.57.36:786][252]LogModuleManager: Shutting down and abandoning module MediaAssets (208)
[2017.12.02-11.57.36:786][252]LogModuleManager: Shutting down and abandoning module GameLiveStreaming (206)
[2017.12.02-11.57.36:786][252]LogModuleManager: Shutting down and abandoning module VREditor (204)
[2017.12.02-11.57.36:786][252]LogModuleManager: Shutting down and abandoning module StringTableEditor (202)
[2017.12.02-11.57.36:786][252]LogModuleManager: Shutting down and abandoning module GameplayTasksEditor (200)
[2017.12.02-11.57.36:786][252]LogModuleManager: Shutting down and abandoning module BehaviorTreeEditor (198)
[2017.12.02-11.57.36:786][252]LogModuleManager: Shutting down and abandoning module FunctionalTesting (196)
[2017.12.02-11.57.36:786][252]LogModuleManager: Shutting down and abandoning module CollisionAnalyzer (194)
[2017.12.02-11.57.36:787][252]LogModuleManager: Shutting down and abandoning module UMG (192)
[2017.12.02-11.57.36:787][252]LogModuleManager: Shutting down and abandoning module UMGEditor (191)
[2017.12.02-11.57.36:787][252]LogModuleManager: Shutting down and abandoning module Sequencer (190)
[2017.12.02-11.57.36:787][252]LogModuleManager: Shutting down and abandoning module AssetTools (188)
[2017.12.02-11.57.36:787][252]LogModuleManager: Shutting down and abandoning module MessageLog (187)
[2017.12.02-11.57.36:787][252]LogModuleManager: Shutting down and abandoning module WorkspaceMenuStructure (186)
[2017.12.02-11.57.36:787][252]LogModuleManager: Shutting down and abandoning module SlateReflector (180)
[2017.12.02-11.57.36:787][252]LogModuleManager: Shutting down and abandoning module Slate (178)
[2017.12.02-11.57.36:787][252]LogModuleManager: Shutting down and abandoning module EditorStyle (176)
[2017.12.02-11.57.36:789][252]LogModuleManager: Shutting down and abandoning module SourceCodeAccess (174)
[2017.12.02-11.57.36:789][252]LogModuleManager: Shutting down and abandoning module HeadMountedDisplay (172)
[2017.12.02-11.57.36:789][252]LogModuleManager: Shutting down and abandoning module XAudio2 (170)
[2017.12.02-11.57.36:789][252]LogModuleManager: Shutting down and abandoning module Networking (168)
[2017.12.02-11.57.36:789][252]LogModuleManager: Shutting down and abandoning module Core (164)
[2017.12.02-11.57.36:789][252]LogModuleManager: Shutting down and abandoning module AssetRegistry (162)
[2017.12.02-11.57.36:920][252]LogDirectoryWatcher: A directory notification for '../../../Engine/Content/' was aborted.
[2017.12.02-11.57.36:920][252]LogDirectoryWatcher: A directory notification for '../../../../../../Users/JAVITO/Documents/GitHub/Anarquia/Proyecto2/Content/' was aborted.
[2017.12.02-11.57.36:920][252]LogDirectoryWatcher: A directory notification for '../../../Engine/Plugins/2D/Paper2D/Content/' was aborted.
[2017.12.02-11.57.36:920][252]LogDirectoryWatcher: A directory notification for '../../../Engine/Plugins/Runtime/GearVR/Content/' was aborted.
[2017.12.02-11.57.36:923][252]LogModuleManager: Shutting down and abandoning module DirectoryWatcher (161)
[2017.12.02-11.57.36:923][252]LogModuleManager: Shutting down and abandoning module KismetCompiler (158)
[2017.12.02-11.57.36:923][252]LogModuleManager: Shutting down and abandoning module LevelSequence (156)
[2017.12.02-11.57.36:923][252]LogModuleManager: Shutting down and abandoning module PhysXFormats (154)
[2017.12.02-11.57.36:923][252]LogModuleManager: Shutting down and abandoning module MeshUtilities (152)
[2017.12.02-11.57.36:923][252]LogModuleManager: Shutting down and abandoning module SimplygonSwarm (151)
[2017.12.02-11.57.36:923][252]LogModuleManager: Shutting down and abandoning module SimplygonMeshReduction (149)
[2017.12.02-11.57.36:923][252]LogModuleManager: Shutting down and abandoning module QuadricMeshReduction (147)
[2017.12.02-11.57.36:923][252]LogModuleManager: Shutting down and abandoning module DerivedDataCache (144)
[2017.12.02-11.57.36:959][252]LogDerivedDataCache: Shutdown
[2017.12.02-11.57.36:959][252]LogModuleManager: Shutting down and abandoning module TargetPlatform (142)
[2017.12.02-11.57.36:959][252]LogModuleManager: Shutting down and abandoning module VulkanShaderFormat (141)
[2017.12.02-11.57.36:959][252]LogModuleManager: Shutting down and abandoning module ShaderFormatVectorVM (139)
[2017.12.02-11.57.36:959][252]LogModuleManager: Shutting down and abandoning module ShaderFormatOpenGL (137)
[2017.12.02-11.57.36:959][252]LogModuleManager: Shutting down and abandoning module ShaderFormatD3D (135)
[2017.12.02-11.57.36:959][252]LogModuleManager: Shutting down and abandoning module MetalShaderFormat (133)
[2017.12.02-11.57.36:959][252]LogModuleManager: Shutting down and abandoning module TextureFormatUncompressed (131)
[2017.12.02-11.57.36:959][252]LogModuleManager: Shutting down and abandoning module TextureFormatPVR (129)
[2017.12.02-11.57.36:959][252]LogModuleManager: Shutting down and abandoning module TextureFormatDXT (127)
[2017.12.02-11.57.36:959][252]LogModuleManager: Shutting down and abandoning module TextureFormatIntelISPCTexComp (125)
[2017.12.02-11.57.36:959][252]LogModuleManager: Shutting down and abandoning module TextureFormatASTC (123)
[2017.12.02-11.57.36:959][252]LogModuleManager: Shutting down and abandoning module ImageWrapper (122)
[2017.12.02-11.57.36:960][252]LogModuleManager: Shutting down and abandoning module TextureFormatAndroid (119)
[2017.12.02-11.57.36:960][252]LogModuleManager: Shutting down and abandoning module AudioFormatOpus (117)
[2017.12.02-11.57.36:960][252]LogModuleManager: Shutting down and abandoning module AudioFormatOgg (115)
[2017.12.02-11.57.36:960][252]LogModuleManager: Shutting down and abandoning module AudioFormatADPCM (113)
[2017.12.02-11.57.36:960][252]LogModuleManager: Shutting down and abandoning module LinuxTargetPlatform (111)
[2017.12.02-11.57.36:960][252]LogModuleManager: Shutting down and abandoning module LinuxServerTargetPlatform (109)
[2017.12.02-11.57.36:960][252]LogModuleManager: Shutting down and abandoning module LinuxNoEditorTargetPlatform (107)
[2017.12.02-11.57.36:960][252]LogModuleManager: Shutting down and abandoning module LinuxClientTargetPlatform (105)
[2017.12.02-11.57.36:960][252]LogModuleManager: Shutting down and abandoning module TVOSTargetPlatform (103)
[2017.12.02-11.57.36:960][252]LogModuleManager: Shutting down and abandoning module Messaging (101)
[2017.12.02-11.57.36:960][252]LogModuleManager: Shutting down and abandoning module IOSTargetPlatform (99)
[2017.12.02-11.57.36:960][252]LogModuleManager: Shutting down and abandoning module HTML5TargetPlatform (97)
[2017.12.02-11.57.36:960][252]LogModuleManager: Shutting down and abandoning module Android_PVRTCTargetPlatform (95)
[2017.12.02-11.57.36:960][252]LogModuleManager: Shutting down and abandoning module Android_MultiTargetPlatform (93)
[2017.12.02-11.57.36:960][252]LogModuleManager: Shutting down and abandoning module Android_ETC2TargetPlatform (91)
[2017.12.02-11.57.36:960][252]LogModuleManager: Shutting down and abandoning module Android_ETC1TargetPlatform (89)
[2017.12.02-11.57.36:960][252]LogModuleManager: Shutting down and abandoning module Android_DXTTargetPlatform (87)
[2017.12.02-11.57.36:960][252]LogModuleManager: Shutting down and abandoning module Android_ATCTargetPlatform (85)
[2017.12.02-11.57.36:960][252]LogModuleManager: Shutting down and abandoning module Android_ASTCTargetPlatform (83)
[2017.12.02-11.57.36:960][252]LogModuleManager: Shutting down and abandoning module AndroidTargetPlatform (81)
[2017.12.02-11.57.36:960][252]LogModuleManager: Shutting down and abandoning module WindowsTargetPlatform (79)
[2017.12.02-11.57.36:960][252]LogModuleManager: Shutting down and abandoning module WindowsServerTargetPlatform (77)
[2017.12.02-11.57.36:960][252]LogModuleManager: Shutting down and abandoning module WindowsNoEditorTargetPlatform (75)
[2017.12.02-11.57.36:960][252]LogModuleManager: Shutting down and abandoning module WindowsClientTargetPlatform (73)
[2017.12.02-11.57.36:960][252]LogModuleManager: Shutting down and abandoning module MacTargetPlatform (71)
[2017.12.02-11.57.36:960][252]LogModuleManager: Shutting down and abandoning module MacServerTargetPlatform (69)
[2017.12.02-11.57.36:960][252]LogModuleManager: Shutting down and abandoning module MacNoEditorTargetPlatform (67)
[2017.12.02-11.57.36:960][252]LogModuleManager: Shutting down and abandoning module MacClientTargetPlatform (65)
[2017.12.02-11.57.36:960][252]LogModuleManager: Shutting down and abandoning module AllDesktopTargetPlatform (63)
[2017.12.02-11.57.36:960][252]LogModuleManager: Shutting down and abandoning module InputCore (60)
[2017.12.02-11.57.36:960][252]LogModuleManager: Shutting down and abandoning module Settings (58)
[2017.12.02-11.57.36:960][252]LogModuleManager: Shutting down and abandoning module OculusRift (56)
[2017.12.02-11.57.36:960][252]LogModuleManager: Shutting down and abandoning module GearVRController (54)
[2017.12.02-11.57.36:960][252]LogModuleManager: Shutting down and abandoning module GearVR (52)
[2017.12.02-11.57.36:960][252]LogModuleManager: Shutting down and abandoning module ExampleDeviceProfileSelector (50)
[2017.12.02-11.57.36:960][252]LogModuleManager: Shutting down and abandoning module OnlineBlueprintSupport (48)
[2017.12.02-11.57.36:960][252]LogModuleManager: Shutting down and abandoning module OnlineSubsystem (44)
[2017.12.02-11.57.36:960][252]LogOnline:Display: Unloading online subsystem: NULL
[2017.12.02-11.57.36:960][252]LogModuleManager: Shutting down and abandoning module XMPP (43)
[2017.12.02-11.57.36:960][252]LogModuleManager: Shutting down and abandoning module HTTP (41)
[2017.12.02-11.57.36:960][252]LogHttp:Display: Http module shutting down, but needs to wait on 1 outstanding Http requests:
[2017.12.02-11.57.36:960][252]LogHttp:Display: 	verb=[POST] url=[https://datarouter.ol.epicgames.com/datarouter/api/v1/public/data?SessionID=%7BC33EEE9F-40F5-C1D4-9D19-05ABC9508BB0%7D&AppID=UEEditor.Rocket.Release&AppVersion=4.16.3-3561208%2B%2B%2BUE4%2BRelease-4.16&UserID=35b1c70744b4fb2b9b36cd82c73afb2d%7C429d52eb30ed4995a179251f3e5c9523%7C4df19abe-310a-492d-afeb-8a554a180440&AppEnvironment=datacollector-binary&UploadType=eteventstream] status=Processing
[2017.12.02-11.57.36:965][252]LogModuleManager: Shutting down and abandoning module SSL (40)
[2017.12.02-11.57.36:966][252]LogModuleManager: Shutting down and abandoning module HTTPChunkInstaller (36)
[2017.12.02-11.57.36:966][252]LogModuleManager: Shutting down and abandoning module AnimationModifiers (34)
[2017.12.02-11.57.36:966][252]LogModuleManager: Shutting down and abandoning module PropertyEditor (33)
[2017.12.02-11.57.36:967][252]LogModuleManager: Shutting down and abandoning module AudioEditor (30)
[2017.12.02-11.57.36:967][252]LogModuleManager: Shutting down and abandoning module TextureCompressor (28)
[2017.12.02-11.57.36:967][252]LogModuleManager: Shutting down and abandoning module ShaderCore (26)
[2017.12.02-11.57.36:967][252]LogModuleManager: Shutting down and abandoning module Landscape (24)
[2017.12.02-11.57.36:967][252]LogModuleManager: Shutting down and abandoning module SlateRHIRenderer (22)
[2017.12.02-11.57.36:967][252]LogModuleManager: Shutting down and abandoning module OpenGLDrv (20)
[2017.12.02-11.57.36:967][252]LogModuleManager: Shutting down and abandoning module D3D11RHI (18)
[2017.12.02-11.57.36:967][252]LogModuleManager: Shutting down and abandoning module AnimGraphRuntime (16)
[2017.12.02-11.57.36:967][252]LogModuleManager: Shutting down and abandoning module Renderer (14)
[2017.12.02-11.57.36:967][252]LogModuleManager: Shutting down and abandoning module Engine (12)
[2017.12.02-11.57.36:967][252]LogModuleManager: Shutting down and abandoning module CoreUObject (10)
[2017.12.02-11.57.36:967][252]LogModuleManager: Shutting down and abandoning module NetworkFile (8)
[2017.12.02-11.57.36:967][252]LogModuleManager: Shutting down and abandoning module StreamingFile (6)
[2017.12.02-11.57.36:967][252]LogModuleManager: Shutting down and abandoning module SandboxFile (4)
[2017.12.02-11.57.36:967][252]LogModuleManager: Shutting down and abandoning module PakFile (2)
[2017.12.02-11.57.36:969][252]LogExit: Exiting.
[2017.12.02-11.57.36:990][252]Log file closed, 12/02/17 12:57:36
