Log file open, 02/09/18 11:45:36
LogInit:Display: Running engine for game: Proyecto2
LogPlatformFile: Not using cached read wrapper
LogInit:Display: RandInit(1680445547) SRandInit(1680445547).
LogTaskGraph: Started task graph with 5 named threads and 8 total threads with 1 sets of task threads.
LogStats: Stats thread started at 0.121482
LogInit: Using libcurl 7.47.1
LogInit:  - built for x86_64-pc-win32
LogInit:  - supports SSL with OpenSSL/1.0.2g
LogInit:  - supports HTTP deflate (compression) using libz 1.2.8
LogInit:  - other features:
LogInit:      CURL_VERSION_SSL
LogInit:      CURL_VERSION_LIBZ
LogInit:      CURL_VERSION_IPV6
LogInit:      CURL_VERSION_ASYNCHDNS
LogInit:      CURL_VERSION_LARGEFILE
LogInit:      CURL_VERSION_IDN
LogInit:  CurlRequestOptions (configurable via config and command line):
LogInit:  - bVerifyPeer = false  - Libcurl will NOT verify peer certificate
LogInit:  - bUseHttpProxy = false  - Libcurl will NOT use HTTP proxy
LogInit:  - bDontReuseConnections = false  - Libcurl will reuse connections
LogInit:  - CertBundlePath = nullptr  - Libcurl will use whatever was configured at build time.
LogHMD: Can't find Oculus library dev build: is proper Runtime installed? Version: 1.12.0
LogHMD: GearVR: Emulating GearVR using Oculus Rift!
LogInit: Build: ++UE4+Release-4.16-CL-3561208
LogInit: Engine Version: 4.16.3-3561208+++UE4+Release-4.16
LogInit: Compatible Engine Version: 4.16.0-3452394+++UE4+Release-4.16
LogInit: Net CL: 3452394
LogDevObjectVersion: Number of dev versions registered: 16
LogDevObjectVersion:   Dev-Blueprints (B0D832E4-1F89-4F0D-ACCF-7EB736FD4AA2): 9
LogDevObjectVersion:   Dev-Build (E1C64328-A22C-4D53-A36C-8E866417BD8C): 0
LogDevObjectVersion:   Dev-Core (375EC13C-06E4-48FB-B500-84F0262A717E): 2
LogDevObjectVersion:   Dev-Editor (E4B068ED-F494-42E9-A231-DA0B2E46BB41): 17
LogDevObjectVersion:   Dev-Framework (CFFC743F-43B0-4480-9391-14DF171D2073): 23
LogDevObjectVersion:   Dev-Mobile (B02B49B5-BB20-44E9-A304-32B752E40360): 0
LogDevObjectVersion:   Dev-Networking (A4E4105C-59A1-49B5-A7C5-40C4547EDFEE): 0
LogDevObjectVersion:   Dev-Online (39C831C9-5AE6-47DC-9A44-9C173E1C8E7C): 0
LogDevObjectVersion:   Dev-Physics (78F01B33-EBEA-4F98-B9B4-84EACCB95AA2): 0
LogDevObjectVersion:   Dev-Platform (6631380F-2D4D-43E0-8009-CF276956A95A): 0
LogDevObjectVersion:   Dev-Rendering (12F88B9F-8875-4AFC-A67C-D90C383ABD29): 15
LogDevObjectVersion:   Dev-Sequencer (7B5AE74C-D270-4C10-A958-57980B212A5A): 4
LogDevObjectVersion:   Dev-VR (D7296918-1DD6-4BDD-9DE2-64A83CC13884): 0
LogDevObjectVersion:   Dev-LoadTimes (C2A15278-BFE7-4AFE-6C17-90FF531DF755): 1
LogDevObjectVersion:   Private-Geometry (6EACA3D4-40EC-4CC1-B786-8BED09428FC5): 1
LogDevObjectVersion:   Dev-AnimPhys (29E575DD-E0A3-4627-9D10-D276232CDCEA): 3
LogInit: Compiled (64-bit): Jul 28 2017 11:49:47
LogInit: Compiled with Visual C++: 19.00.24215.01
LogInit: Build Configuration: Development
LogInit: Branch Name: ++UE4+Release-4.16
LogInit: Command line:  
LogInit: Base directory: C:/Program Files/Epic Games/UE_4.16/Engine/Binaries/Win64/
LogInit: Installed Engine Build: 1
LogInit: Presizing for max 8388607 objects, including 0 objects not considered by GC, pre-allocating 0 bytes for permanent pool.
LogInit: Object subsystem initialized
[2018.02.09-10.45.38:049][  0]LogInit: Selected Device Profile: [Windows]
[2018.02.09-10.45.38:049][  0]LogInit: Applying CVar settings loaded from the selected device profile: [Windows]
[2018.02.09-10.45.38:084][  0]LogInit: Computer: g4-009
[2018.02.09-10.45.38:084][  0]LogInit: User: javiergarciagomez
[2018.02.09-10.45.38:084][  0]LogInit: CPU Page size=4096, Cores=4
[2018.02.09-10.45.38:084][  0]LogInit: High frequency timer resolution =3.117191 MHz
[2018.02.09-10.45.38:085][  0]LogMemory: Memory total: Physical=16.0GB (16GB approx)
[2018.02.09-10.45.38:085][  0]LogMemory: Platform Memory Stats for Windows
[2018.02.09-10.45.38:085][  0]LogMemory: Process Physical Memory: 274.66 MB used, 274.66 MB peak
[2018.02.09-10.45.38:085][  0]LogMemory: Process Virtual Memory: 262.62 MB used, 262.62 MB peak
[2018.02.09-10.45.38:085][  0]LogMemory: Physical Memory: 3244.28 MB used,  13102.60 MB free, 16346.88 MB total
[2018.02.09-10.45.38:085][  0]LogMemory: Virtual Memory: 672.65 MB used,  13102.60 MB free, 134217728.00 MB total
[2018.02.09-10.45.38:619][  0]LogInit: Using OS detected language (en-US).
[2018.02.09-10.45.38:619][  0]LogInit: Using OS detected locale (en-US).
[2018.02.09-10.45.38:669][  0]LogTextLocalizationManager: No specific localization for 'en-US' exists, so the 'en' localization will be used.
[2018.02.09-10.45.41:707][  0]LogD3D11RHI: D3D11 adapters:
[2018.02.09-10.45.41:756][  0]LogD3D11RHI:    0. 'NVIDIA GeForce GTX 960' (Feature Level 11_0)
[2018.02.09-10.45.41:756][  0]LogD3D11RHI:       4062/0/8173 MB DedicatedVideo/DedicatedSystem/SharedSystem, Outputs:1, VendorId:0x10de
[2018.02.09-10.45.41:762][  0]LogD3D11RHI:    1. 'Microsoft Basic Render Driver' (Feature Level 11_0)
[2018.02.09-10.45.41:762][  0]LogD3D11RHI:       0/0/8173 MB DedicatedVideo/DedicatedSystem/SharedSystem, Outputs:0, VendorId:0x1414
[2018.02.09-10.45.41:762][  0]LogD3D11RHI: Chosen D3D11 Adapter: 0
[2018.02.09-10.45.41:766][  0]LogD3D11RHI: Creating new Direct3DDevice
[2018.02.09-10.45.41:767][  0]LogD3D11RHI:     GPU DeviceId: 0x1401 (for the marketing name, search the web for "GPU Device Id")
[2018.02.09-10.45.41:767][  0]LogWindows: EnumDisplayDevices:
[2018.02.09-10.45.41:767][  0]LogWindows:    0. 'NVIDIA GeForce GTX 960' (P:1 D:1)
[2018.02.09-10.45.41:767][  0]LogWindows:    1. 'NVIDIA GeForce GTX 960' (P:0 D:0)
[2018.02.09-10.45.41:767][  0]LogWindows:    2. 'NVIDIA GeForce GTX 960' (P:0 D:0)
[2018.02.09-10.45.41:767][  0]LogWindows:    3. 'NVIDIA GeForce GTX 960' (P:0 D:0)
[2018.02.09-10.45.41:767][  0]LogWindows: DebugString: GetVideoDriverDetailsInvalid PrimaryIsNotTheChoosenAdapter GetVideoDriverDetailsInvalid PrimaryIsNotTheChoosenAdapter GetVideoDriverDetailsInvalid PrimaryIsNotTheChoosenAdapter GetVideoDriverDetailsInvalid PrimaryIsNotTheChoosenAdapter FoundDriverCount:0 
[2018.02.09-10.45.41:767][  0]LogD3D11RHI:     Adapter Name: NVIDIA GeForce GTX 960
[2018.02.09-10.45.41:767][  0]LogD3D11RHI:   Driver Version: Unknown (internal:Unknown, unified:Unknown)
[2018.02.09-10.45.41:767][  0]LogD3D11RHI:      Driver Date: Unknown
[2018.02.09-10.45.41:767][  0]LogRHI: Texture pool is 1361 MB (70% of 1945 MB)
[2018.02.09-10.45.41:792][  0]LogD3D11RHI: Async texture creation enabled
[2018.02.09-10.45.41:807][  0]LogD3D11RHI: GPU Timing Frequency: 1000.000000 (Debug: 2 1)
[2018.02.09-10.45.41:856][  0]LogShaderCompilers: Guid format shader working directory is 36 characters bigger than the processId version (U:/Anarquia/Proyecto2/Intermediate/Shaders/WorkingDirectory/11004/).
[2018.02.09-10.45.41:856][  0]LogShaderCompilers: Cleaned the shader compiler working directory 'C:/Users/javiergarciagomez/AppData/Local/Temp/UnrealShaderWorkingDir/830BAC0C462D12DE5C50D5A19A384B0A/'.
[2018.02.09-10.45.41:856][  0]LogShaderCompilers:Display: Using Local Shader Compiler.
[2018.02.09-10.45.43:997][  0]LogTemp:Display: Loaded TP AllDesktopTargetPlatform
[2018.02.09-10.45.44:223][  0]LogTemp:Display: Loaded TP MacClientTargetPlatform
[2018.02.09-10.45.44:450][  0]LogTemp:Display: Loaded TP MacNoEditorTargetPlatform
[2018.02.09-10.45.44:682][  0]LogTemp:Display: Loaded TP MacServerTargetPlatform
[2018.02.09-10.45.44:911][  0]LogTemp:Display: Loaded TP MacTargetPlatform
[2018.02.09-10.45.45:141][  0]LogTemp:Display: Loaded TP WindowsClientTargetPlatform
[2018.02.09-10.45.45:367][  0]LogTemp:Display: Loaded TP WindowsNoEditorTargetPlatform
[2018.02.09-10.45.45:597][  0]LogTemp:Display: Loaded TP WindowsServerTargetPlatform
[2018.02.09-10.45.45:813][  0]LogTemp:Display: Loaded TP WindowsTargetPlatform
[2018.02.09-10.45.46:040][  0]LogTemp:Display: Loaded TP AndroidTargetPlatform
[2018.02.09-10.45.46:264][  0]LogTemp:Display: Loaded TP Android_ASTCTargetPlatform
[2018.02.09-10.45.46:487][  0]LogTemp:Display: Loaded TP Android_ATCTargetPlatform
[2018.02.09-10.45.46:711][  0]LogTemp:Display: Loaded TP Android_DXTTargetPlatform
[2018.02.09-10.45.46:936][  0]LogTemp:Display: Loaded TP Android_ETC1TargetPlatform
[2018.02.09-10.45.47:165][  0]LogTemp:Display: Loaded TP Android_ETC2TargetPlatform
[2018.02.09-10.45.47:611][  0]LogTemp:Display: Loaded TP Android_MultiTargetPlatform
[2018.02.09-10.45.47:611][  0]LogTemp:Display: Loaded TP Android_PVRTCTargetPlatform
[2018.02.09-10.45.47:822][  0]LogTemp:Display: Loaded TP HTML5TargetPlatform
[2018.02.09-10.45.48:198][  0]LogTemp:Display: Loaded TP IOSTargetPlatform
[2018.02.09-10.45.48:341][  0]LogTemp:Display: Loaded TP TVOSTargetPlatform
[2018.02.09-10.45.48:574][  0]LogTemp:Display: Loaded TP LinuxClientTargetPlatform
[2018.02.09-10.45.48:822][  0]LogTemp:Display: Loaded TP LinuxNoEditorTargetPlatform
[2018.02.09-10.45.49:064][  0]LogTemp:Display: Loaded TP LinuxServerTargetPlatform
[2018.02.09-10.45.49:293][  0]LogTemp:Display: Loaded TP LinuxTargetPlatform
[2018.02.09-10.45.49:293][  0]LogTargetPlatformManager:Display: Building Assets For Windows
[2018.02.09-10.45.51:917][  0]LogDerivedDataCache:Display: Max Cache Size: 512 MB
[2018.02.09-10.45.51:988][  0]LogDerivedDataCache: Loaded boot cache 0.07s 90MB C:/Users/javiergarciagomez/AppData/Local/UnrealEngine/4.16/DerivedDataCache/Boot.ddc.
[2018.02.09-10.45.51:988][  0]LogDerivedDataCache:Display: Loaded Boot cache: C:/Users/javiergarciagomez/AppData/Local/UnrealEngine/4.16/DerivedDataCache/Boot.ddc
[2018.02.09-10.45.51:989][  0]LogDerivedDataCache: FDerivedDataBackendGraph:  Pak pak cache file U:/Anarquia/Proyecto2/DerivedDataCache/DDC.ddp not found, will not use a pak cache.
[2018.02.09-10.45.51:989][  0]LogDerivedDataCache: Unable to find inner node Pak for hierarchical cache Hierarchy.
[2018.02.09-10.45.51:990][  0]LogDerivedDataCache: FDerivedDataBackendGraph:  CompressedPak pak cache file U:/Anarquia/Proyecto2/DerivedDataCache/Compressed.ddp not found, will not use a pak cache.
[2018.02.09-10.45.51:990][  0]LogDerivedDataCache: Unable to find inner node CompressedPak for hierarchical cache Hierarchy.
[2018.02.09-10.45.52:008][  0]LogDerivedDataCache:Display: Pak cache opened for reading ../../../Engine/DerivedDataCache/Compressed.ddp.
[2018.02.09-10.45.52:021][  0]LogDerivedDataCache: Using Local data cache path C:/Users/javiergarciagomez/AppData/Local/UnrealEngine/Common/DerivedDataCache: Writable
[2018.02.09-10.45.52:030][  0]LogMaterial: Verifying Global Shaders for PCD3D_SM5
[2018.02.09-10.45.52:030][  0]LogSlate: Using Freetype 2.6.0
[2018.02.09-10.45.52:041][  0]LogSlate: SlateFontCache - WITH_FREETYPE: 1, WITH_HARFBUZZ: 1
[2018.02.09-10.45.52:041][  0]LogSlate: SlateFontCache - WITH_FREETYPE: 1, WITH_HARFBUZZ: 1
[2018.02.09-10.45.52:661][  0]LogInit: Selected Device Profile: [Windows]
[2018.02.09-10.45.52:758][  0]LogContentStreaming: Texture pool size is 0.00 MB
[2018.02.09-10.45.53:293][  0]LogMeshUtilities: Using QuadricMeshReduction for automatic static mesh reduction
[2018.02.09-10.45.53:569][  0]LogSimplygon: Simplygon DLL not present - disabling.
[2018.02.09-10.45.53:868][  0]LogMeshUtilities: Using SimplygonSwarm for distributed automatic mesh merging
[2018.02.09-10.45.53:868][  0]LogMeshUtilities: No automatic skeletal mesh reduction module available
[2018.02.09-10.45.53:868][  0]LogMeshUtilities: No automatic mesh merging module available
[2018.02.09-10.45.55:488][  0]LogMeshUtilities: Finished distance field build in 0.0s - 8x8x8 distance field, 88 triangles, Range [-0.5, 0.5], UniformScaleHandle
[2018.02.09-10.45.55:488][  0]LogMeshUtilities: Finished distance field build in 0.0s - 8x8x8 distance field, 172 triangles, Range [0.0, 0.4], TranslateArrowHandle
[2018.02.09-10.45.55:488][  0]LogMeshUtilities: Finished distance field build in 0.5s - 31x27x20 distance field, 1068 triangles, Range [-0.1, 1.0], SM_CraneRig_Base
[2018.02.09-10.45.55:488][  0]LogNetVersion: Proyecto2 , NetCL: 3452394, EngineNetVer: 2, GameNetVer: 0 (Checksum: 2528454084)
[2018.02.09-10.45.55:669][  0]LogAssetRegistry: FAssetRegistry took 0.0305 seconds to start up
[2018.02.09-10.45.56:445][  0]LogPackageLocalizationCache: Processed 4 localized package path(s) for 2 prioritized culture(s) in 0.642453 seconds
[2018.02.09-10.45.56:449][  0]LogUObjectArray: 34194 objects as part of root set at end of initial load.
[2018.02.09-10.45.56:450][  0]LogUObjectAllocator: 7260416 out of 0 bytes used by permanent object pool.
[2018.02.09-10.45.56:450][  0]LogUObjectArray: CloseDisregardForGC: 0/0 objects in disregard for GC pool
[2018.02.09-10.45.56:859][  0]LogInit: WinSock: version 1.1 (2.2), MaxSocks=32767, MaxUdp=65467
[2018.02.09-10.46.04:313][  0]LogMeshUtilities: Finished distance field build in 4.3s - 48x48x48 distance field, 528 triangles, Range [-0.6, 1.0], Sphere
[2018.02.09-10.46.04:313][  0]LogMeshUtilities: Finished distance field build in 0.1s - 25x15x8 distance field, 196 triangles, Range [0.0, 0.7], TeleportDirectionMesh
[2018.02.09-10.46.06:434][  0]LogTcpMessaging: Initializing TcpMessaging bridge
[2018.02.09-10.46.06:591][  0]LogUdpMessaging: Initializing bridge on interface 0.0.0.0:0 to multicast group 230.0.0.1:6666.
[2018.02.09-10.46.06:592][  0]LogDirectoryWatcher: A directory notification failed for 'U:/Anarquia/Proyecto2/Content/' because it was empty or there was a buffer overflow. Attemping another request...
[2018.02.09-10.46.07:855][  0]LogMeshUtilities: Finished distance field build in 0.0s - 9x8x9 distance field, 192 triangles, Range [-0.2, 0.6], Cylinder
[2018.02.09-10.46.08:888][  0]LogMaterial: Uniform references updated for custom material expression Custom.
[2018.02.09-10.46.10:773][  0]SourceControl: Info Source control is disabled
[2018.02.09-10.46.10:844][  0]SourceControl: Info Source control is disabled
[2018.02.09-10.46.11:115][  0]SourceControl: Info Source control is disabled
[2018.02.09-10.46.11:390][  0]SourceControl: Info Source control is disabled
[2018.02.09-10.46.14:769][  0]LogAndroidPermission: UAndroidPermissionCallbackProxy::GetInstance
[2018.02.09-10.46.17:510][  0]LogEngine: Initializing Engine...
[2018.02.09-10.46.17:511][  0]LogHMD: Failed to initialize OpenVR with code 110
[2018.02.09-10.46.17:511][  0]LogHMD: GearVR starting with CPU: 2 GPU: 3 MinimumVsyncs: 1
[2018.02.09-10.46.21:364][  0]LogWindowsTextInputMethodSystem:Display: IME system now deactivated.
[2018.02.09-10.46.21:365][  0]LogWindowsTextInputMethodSystem:Display: IME system now deactivated.
[2018.02.09-10.46.21:555][  0]LogStats: UGameplayTagsManager::ConstructGameplayTagTree: Construct from data asset -  0.000 s
[2018.02.09-10.46.21:555][  0]LogStats: UGameplayTagsManager::ConstructGameplayTagTree: GameplayTagTreeChangedEvent.Broadcast -  0.000 s
[2018.02.09-10.46.22:244][  0]LogAIModule: Creating AISystem for world Untitled
[2018.02.09-10.46.22:255][  0]LogInit: XAudio2 using 'Speakers (High Definition Audio Device)' : 2 channels at 48 kHz using 16 bits per sample (channel mask 0x3)
[2018.02.09-10.46.22:282][  0]LogInit: FAudioDevice initialized.
[2018.02.09-10.46.22:325][  0]LogDerivedDataCache: Saved boot cache 0.04s 90MB C:/Users/javiergarciagomez/AppData/Local/UnrealEngine/4.16/DerivedDataCache/Boot.ddc.
[2018.02.09-10.46.22:334][  0]LogInit: Texture streaming: Enabled
[2018.02.09-10.46.22:899][  0]LogEngineSessionManager: EngineSessionManager initialized
[2018.02.09-10.46.24:036][  0]LogInit: Transaction tracking system initialized
[2018.02.09-10.46.25:710][  0]BlueprintLog: New page: Editor Load
[2018.02.09-10.46.30:835][  0]LocalizationService: Info Localization service is disabled
[2018.02.09-10.46.34:596][  0]LogConsoleResponse:Display: 
[2018.02.09-10.46.34:908][  0]LogCook:Display: Max memory allowance for cook 16384mb min free memory 0mb
[2018.02.09-10.46.34:908][  0]LogCook:Display: Mobile HDR setting 1
[2018.02.09-10.46.35:063][  0]LogFileCache: Scanning file cache for directory 'U:/Anarquia/Proyecto2/Content/' took 0.03s
[2018.02.09-10.46.40:026][  0]LogMeshUtilities: Finished distance field build in 1.0s - 30x30x30 distance field, 48 triangles, Range [-0.6, 0.6], Cube
[2018.02.09-10.46.40:251][  0]SourceControl: Info Source control is disabled
[2018.02.09-10.46.40:251][  0]Cmd: MAP LOAD FILE="U:/Anarquia/Proyecto2/Content/ThirdPersonBP/Maps/Distrito1.umap" TEMPLATE=0 SHOWPROGRESS=1 FEATURELEVEL=3
[2018.02.09-10.46.40:267][  0]LightingResults: New page: Lighting Build
[2018.02.09-10.46.40:487][  0]MapCheck: New page: Map Check
[2018.02.09-10.46.40:487][  0]LightingResults: New page: Lighting Build
[2018.02.09-10.46.46:120][  0]LogAIModule: Creating AISystem for world Distrito1
[2018.02.09-10.46.46:387][  0]LogEditorServer: Finished looking for orphan Actors (0.000 secs)
[2018.02.09-10.46.46:438][  0]Cmd: MAP CHECKDEP NOCLEARLOG
[2018.02.09-10.46.46:627][  0]MapCheck: Info Map check complete: 0 Error(s), 0 Warning(s), took 189.616ms to complete.
[2018.02.09-10.46.46:627][  0]LogFileHelpers: Loading map 'Distrito1' took 6.376
[2018.02.09-10.46.46:891][  0]LogCollectionManager: Loaded 0 collections in 0.006184 seconds
[2018.02.09-10.46.47:169][  0]LogFileCache: Scanning file cache for directory 'U:/Anarquia/Proyecto2/Saved/Collections/' took 0.01s
[2018.02.09-10.46.47:169][  0]LogFileCache: Scanning file cache for directory 'U:/Anarquia/Proyecto2/Content/Developers/javiergarciagomez/Collections/' took 0.01s
[2018.02.09-10.46.47:169][  0]LogFileCache: Scanning file cache for directory 'U:/Anarquia/Proyecto2/Content/Collections/' took 0.01s
[2018.02.09-10.46.47:169][  0]LogCollectionManager: Rebuilt the GUID cache for 0 collections in 0.000002 seconds
[2018.02.09-10.46.47:178][  0]LogContentBrowser: Native class hierarchy populated in 0.0085 seconds. Added 2329 classes and 491 folders.
[2018.02.09-10.46.47:542][  0]LogContentBrowser: Native class hierarchy updated for 'WidgetCarousel' in 0.0011 seconds. Added 0 classes and 0 folders.
[2018.02.09-10.46.47:623][  0]LogContentBrowser: Native class hierarchy updated for 'AddContentDialog' in 0.0011 seconds. Added 0 classes and 0 folders.
[2018.02.09-10.46.47:852][  0]LogContentBrowser: Native class hierarchy updated for 'SceneOutliner' in 0.0011 seconds. Added 1 classes and 2 folders.
[2018.02.09-10.46.48:014][  0]LogCrashTracker: Crashtracker disabled due to settings.
[2018.02.09-10.46.49:120][  0]LogSlate: Only BGRA pngs, bmps or icos are supported in by External Image Picker
[2018.02.09-10.46.49:138][  0]LogSlate: Took 0.000251 seconds to synchronously load lazily loaded font '../../../Engine/Content/Slate/Fonts/Roboto-Regular.ttf' (155K)
[2018.02.09-10.46.49:140][  0]LogSlate: Took 0.000415 seconds to synchronously load lazily loaded font '../../../Engine/Content/Slate/Fonts/Roboto-Bold.ttf' (160K)
[2018.02.09-10.46.49:145][  0]LogSlate: Took 0.000233 seconds to synchronously load lazily loaded font '../../../Engine/Content/Editor/Slate/Fonts/FontAwesome.ttf' (139K)
[2018.02.09-10.46.49:258][  0]LogTemp: Executing iPhonePackager certificates Engine -bundlename com.YourCompany.Proyecto2
[2018.02.09-10.46.49:258][  0]LogTemp: CWD: C:\Program Files\Epic Games\UE_4.16\Engine\Binaries\DotNET\IOS
[2018.02.09-10.46.49:258][  0]LogTemp: Initial Dir: C:\Program Files\Epic Games\UE_4.16
[2018.02.09-10.46.49:258][  0]LogTemp: Env CWD: C:\Program Files\Epic Games\UE_4.16\Engine\Binaries\DotNET\IOS
[2018.02.09-10.46.49:258][  0]LogTemp: BranchPath = g4-009/C/Program Files/Epic Games/UE_4.16/Engine/Binaries --- GameBranchPath = g4-009/C/Program Files/Epic Games/UE_4.16/Engine/Binaries
[2018.02.09-10.46.49:258][  0]LogTemp: IPP ERROR: Could not find provision directory 'C:\Users\javiergarciagomez\AppData\Local/Apple Computer/MobileDevice/Provisioning Profiles/'.
[2018.02.09-10.46.49:258][  0]LogRenderer: Reallocating scene render targets to support 256x256 NumSamples 1 (Frame:1).
[2018.02.09-10.46.49:306][  0]LogRenderer: Reallocating scene render targets to support 1208x676 NumSamples 1 (Frame:1).
[2018.02.09-10.46.49:804][  0]LogContentBrowser: Native class hierarchy updated for 'HierarchicalLODOutliner' in 0.0012 seconds. Added 1 classes and 2 folders.
[2018.02.09-10.46.49:804][  0]LogLoad: (Engine Initialization) Total time: 78.07 seconds
[2018.02.09-10.46.49:804][  0]LogLoad: (Engine Initialization) Total Blueprint compile time: 0.89 seconds
[2018.02.09-10.46.49:804][  0]LogExternalProfiler: No external profilers were discovered.  External profiling features will not be available.
[2018.02.09-10.46.49:820][  0]LogOcInput: OculusInput pre-init called
[2018.02.09-10.46.49:824][  0]LogOcInput: Can't find Oculus library dev build: is proper Runtime installed? Version: 1.12.0
[2018.02.09-10.46.49:824][  0]LogHMD: Starting GearVRController plugin
[2018.02.09-10.46.49:847][  0]LogAssetRegistry: Asset discovery search completed in 54.2003 seconds
[2018.02.09-10.46.49:849][  0]LogCollectionManager: Rebuilt the object cache for 0 collections in 0.000001 seconds (found 0 objects)
[2018.02.09-10.46.49:849][  0]LogCollectionManager: Fixed up redirectors for 0 collections in 0.000024 seconds (updated 0 objects)
[2018.02.09-10.46.49:849][  0]LogContentStreaming: Texture pool size now 1000 MB
[2018.02.09-10.46.49:928][  0]LogSlate: Took 0.000232 seconds to synchronously load lazily loaded font '../../../Engine/Content/Slate/Fonts/Roboto-Light.ttf' (159K)
[2018.02.09-10.46.50:054][  1]LogDirectoryWatcher: A directory notification failed for 'U:/Anarquia/Proyecto2/Content/' because it was empty or there was a buffer overflow. Attemping another request...
[2018.02.09-10.46.50:054][  1]LogDirectoryWatcher: A directory notification failed for 'U:/Anarquia/Proyecto2/Content/', and we were unable to create a new request.
[2018.02.09-10.46.50:054][  1]LogDirectoryWatcher: A directory notification failed for 'U:/Anarquia/Proyecto2/Saved/Collections/' because it was empty or there was a buffer overflow. Attemping another request...
[2018.02.09-10.46.50:054][  1]LogDirectoryWatcher: A directory notification failed for 'U:/Anarquia/Proyecto2/Content/Developers/javiergarciagomez/Collections/' because it was empty or there was a buffer overflow. Attemping another request...
[2018.02.09-10.46.50:054][  1]LogDirectoryWatcher: A directory notification failed for 'U:/Anarquia/Proyecto2/Content/Collections/' because it was empty or there was a buffer overflow. Attemping another request...
[2018.02.09-10.46.50:366][  1]LogTexture:Display: Building textures: Texture2D_0_BaseColor (BGRA8, 32X32)
[2018.02.09-10.46.50:494][  3]LogDirectoryWatcher: A directory notification failed for 'U:/Anarquia/Proyecto2/Saved/Collections/' because it was empty or there was a buffer overflow. Attemping another request...
[2018.02.09-10.46.50:495][  3]LogDirectoryWatcher: A directory notification failed for 'U:/Anarquia/Proyecto2/Saved/Collections/', and we were unable to create a new request.
[2018.02.09-10.46.50:495][  3]LogDirectoryWatcher: A directory notification failed for 'U:/Anarquia/Proyecto2/Content/Developers/javiergarciagomez/Collections/' because it was empty or there was a buffer overflow. Attemping another request...
[2018.02.09-10.46.50:496][  3]LogDirectoryWatcher: A directory notification failed for 'U:/Anarquia/Proyecto2/Content/Developers/javiergarciagomez/Collections/', and we were unable to create a new request.
[2018.02.09-10.46.50:496][  3]LogDirectoryWatcher: A directory notification failed for 'U:/Anarquia/Proyecto2/Content/Collections/' because it was empty or there was a buffer overflow. Attemping another request...
[2018.02.09-10.46.50:497][  3]LogDirectoryWatcher: A directory notification failed for 'U:/Anarquia/Proyecto2/Content/Collections/', and we were unable to create a new request.
[2018.02.09-10.46.50:908][ 11]LogSlate: Took 0.000291 seconds to synchronously load lazily loaded font '../../../Engine/Content/Slate/Fonts/Roboto-Light.ttf' (159K)
[2018.02.09-10.47.00:855][403]LogMeshUtilities: Finished distance field build in 15.3s - 64x64x64 distance field, 3968 triangles, Range [-0.1, 1.0], SM_SkySphere
[2018.02.09-10.47.01:160][412]LogMeshUtilities: Finished distance field build in 0.2s - 15x15x15 distance field, 12 triangles, Range [-0.7, 1.0], 1M_Cube
[2018.02.09-10.47.01:265][415]LogMeshUtilities: Finished distance field build in 0.0s - 8x8x9 distance field, 1988 triangles, Range [-0.0, 0.3], door
[2018.02.09-10.47.01:369][418]LogMeshUtilities: Finished distance field build in 0.0s - 8x8x8 distance field, 96 triangles, Range [-0.0, 0.3], window
[2018.02.09-10.47.01:487][421]LogMeshUtilities: Finished distance field build in 0.0s - 8x8x8 distance field, 36 triangles, Range [-0.1, 0.4], gate_Box003
[2018.02.09-10.47.01:594][424]LogMeshUtilities: Finished distance field build in 0.0s - 8x8x8 distance field, 36 triangles, Range [-0.1, 0.3], gate_Box002
[2018.02.09-10.47.01:703][427]LogMeshUtilities: Finished distance field build in 0.0s - 8x8x9 distance field, 104 triangles, Range [-0.0, 0.4], gate_Box005
[2018.02.09-10.47.01:830][431]LogMeshUtilities: Finished distance field build in 0.1s - 8x18x8 distance field, 2526 triangles, Range [-0.0, 0.7], SWORD-RYTHM_Box001
[2018.02.09-10.47.02:063][438]LogMeshUtilities: Finished distance field build in 0.1s - 13x24x8 distance field, 16 triangles, Range [-0.0, 0.5], formaDetección
[2018.02.09-10.47.02:238][443]LogMeshUtilities: Discarded distance field for Plane as mesh was not closed!  Assign a two-sided material to fix.
[2018.02.09-10.47.02:238][443]LogMeshUtilities: Finished distance field build in 0.1s - 15x15x8 distance field, 2 triangles, Range [-0.2, 1.0], Plane
[2018.02.09-10.47.03:837][545]LogMeshUtilities: Finished distance field build in 1.5s - 30x30x29 distance field, 284 triangles, Range [-0.4, 1.0], Cone
[2018.02.09-10.47.05:683][612]LogMeshUtilities: Finished distance field build in 1.8s - 30x30x30 distance field, 512 triangles, Range [-0.6, 0.8], Cylinder
[2018.02.09-10.47.07:584][711]LogMeshUtilities: Finished distance field build in 1.8s - 30x30x30 distance field, 960 triangles, Range [-0.6, 1.0], Sphere
[2018.02.09-10.47.07:673][714]LogMeshUtilities: Finished distance field build in 0.0s - 8x8x8 distance field, 352 triangles, Range [-0.0, 1.0], RotationHandle
[2018.02.09-10.47.07:739][718]LogMeshUtilities: Finished distance field build in 0.0s - 8x8x8 distance field, 92 triangles, Range [-0.0, 1.0], TranslationHandle
[2018.02.09-10.47.07:818][723]LogMeshUtilities: Finished distance field build in 0.0s - 8x8x8 distance field, 180 triangles, Range [-0.4, 0.8], JointSphere
[2018.02.09-10.47.07:916][726]LogMeshUtilities: Finished distance field build in 0.0s - 8x8x8 distance field, 40 triangles, Range [-0.5, 0.6], LineSegmentCylinder
[2018.02.09-10.47.07:986][731]LogMeshUtilities: Finished distance field build in 0.0s - 8x8x8 distance field, 5818 triangles, Range [-0.0, 0.7], GenericHMD
[2018.02.09-10.47.08:067][734]LogMeshUtilities: Finished distance field build in 0.0s - 15x15x8 distance field, 32 triangles, Range [1.0, 1.0], PlaneMesh
[2018.02.09-10.47.08:154][739]LogMeshUtilities: Finished distance field build in 0.0s - 8x8x8 distance field, 12554 triangles, Range [-0.1, 1.0], OculusControllerMesh
[2018.02.09-10.47.08:253][744]LogMeshUtilities: Finished distance field build in 0.0s - 8x8x8 distance field, 17326 triangles, Range [-0.1, 0.6], VivePreControllerMesh
[2018.02.09-10.47.08:343][748]LogMeshUtilities: Finished distance field build in 0.0s - 8x8x8 distance field, 528 triangles, Range [-0.4, 0.9], HoverMesh
[2018.02.09-10.47.08:419][752]LogMeshUtilities: Finished distance field build in 0.0s - 8x8x8 distance field, 440 triangles, Range [-0.0, 0.4], SM_Dialog_Close
[2018.02.09-10.47.08:494][756]LogMeshUtilities: Finished distance field build in 0.0s - 8x8x8 distance field, 240 triangles, Range [-0.0, 0.4], SM_Dialog_Move
[2018.02.09-10.47.08:641][764]LogMeshUtilities: Discarded distance field for SM_ContentWindow_01 as mesh was not closed!  Assign a two-sided material to fix.
[2018.02.09-10.47.08:641][764]LogMeshUtilities: Finished distance field build in 0.1s - 8x15x15 distance field, 670 triangles, Range [-0.1, 1.0], SM_ContentWindow_01
[2018.02.09-10.47.08:713][766]LogMeshUtilities: Finished distance field build in 0.0s - 8x8x8 distance field, 1728 triangles, Range [1.0, 1.0], SM_Radial_Disk
[2018.02.09-10.47.08:758][768]LogMeshUtilities: Finished distance field build in 0.0s - 8x8x8 distance field, 744 triangles, Range [1.0, 1.0], SM_Radial_Pointer
[2018.02.09-10.47.08:833][772]LogMeshUtilities: Discarded distance field for LaserPointerMesh as mesh was not closed!  Assign a two-sided material to fix.
[2018.02.09-10.47.08:833][772]LogMeshUtilities: Finished distance field build in 0.0s - 8x8x8 distance field, 1024 triangles, Range [-0.5, 0.6], LaserPointerMesh
[2018.02.09-10.47.08:912][776]LogMeshUtilities: Discarded distance field for LaserPointerMesh_End as mesh was not closed!  Assign a two-sided material to fix.
[2018.02.09-10.47.08:913][776]LogMeshUtilities: Finished distance field build in 0.0s - 8x8x8 distance field, 1084 triangles, Range [-0.5, 0.6], LaserPointerMesh_End
[2018.02.09-10.47.08:997][781]LogMeshUtilities: Discarded distance field for LaserPointerMesh_Start as mesh was not closed!  Assign a two-sided material to fix.
[2018.02.09-10.47.08:997][781]LogMeshUtilities: Finished distance field build in 0.0s - 8x8x8 distance field, 1084 triangles, Range [-0.5, 0.6], LaserPointerMesh_Start
[2018.02.09-10.47.09:090][785]LogMeshUtilities: Finished distance field build in 0.0s - 8x8x8 distance field, 835 triangles, Range [-0.1, 0.8], GearVRController
[2018.02.09-10.47.09:217][792]LogMeshUtilities: Discarded distance field for SplineEditorMesh as mesh was not closed!  Assign a two-sided material to fix.
[2018.02.09-10.47.09:217][792]LogMeshUtilities: Finished distance field build in 0.1s - 15x15x8 distance field, 60 triangles, Range [-0.2, 1.0], SplineEditorMesh
[2018.02.09-10.47.24:580][514]LogSlate: Took 0.000213 seconds to synchronously load lazily loaded font '../../../Engine/Content/Slate/Fonts/Roboto-Light.ttf' (159K)
[2018.02.09-10.47.24:697][514]LogLinker:Warning: Can't find file '/Game/ThirdPersonBP/Maps/PruebaExploración_BuiltData'
[2018.02.09-10.47.24:697][514]LogLinker:Warning: Can't find file for asset '/Game/ThirdPersonBP/Maps/PruebaExploración_BuiltData' while loading U:/Anarquia/Proyecto2/Content/ThirdPersonBP/Maps/PruebaExploración.umap.
[2018.02.09-10.47.24:697][514]LoadErrors:Error: Error /Game/ThirdPersonBP/Maps/PruebaExploración : Can't find file for asset. /Game/ThirdPersonBP/Maps/PruebaExploración_BuiltData
[2018.02.09-10.47.24:706][514]LogLinker:Warning: Can't find file '/Game/ThirdPersonBP/Maps/PruebaExploración_BuiltData'
[2018.02.09-10.47.24:706][514]LogLinker:Warning: Can't find file for asset '/Game/ThirdPersonBP/Maps/PruebaExploración_BuiltData' while loading U:/Anarquia/Proyecto2/Content/ThirdPersonBP/Maps/PruebaExploración.umap.
[2018.02.09-10.47.24:721][514]LogLinker:Warning: Can't find file '/Game/ThirdPersonBP/Maps/PruebaExploración_BuiltData'
[2018.02.09-10.47.24:721][514]LogLinker:Warning: Can't find file for asset '/Game/ThirdPersonBP/Maps/PruebaExploración_BuiltData' while loading NULL.
[2018.02.09-10.47.24:722][514]LogLinker:Warning: Can't find file '/Game/ThirdPersonBP/Maps/PruebaExploración_BuiltData'
[2018.02.09-10.47.24:722][514]LogLinker:Warning: Can't find file for asset '/Game/ThirdPersonBP/Maps/PruebaExploración_BuiltData' while loading NULL.
[2018.02.09-10.47.24:742][514]LogLinker:Warning: Can't find file '/Game/ThirdPersonBP/Maps/PruebaExploración_BuiltData'
[2018.02.09-10.47.24:742][514]LoadErrors: Info Failed to load /Game/ThirdPersonBP/Maps/PruebaExploración_BuiltData.PruebaExploración_BuiltData Referenced by PersistentLevel
[2018.02.09-10.47.24:743][514]LogLinker:Warning: Can't find file for asset '/Game/ThirdPersonBP/Maps/PruebaExploración_BuiltData' while loading NULL.
[2018.02.09-10.47.24:772][514]LogAIModule: Creating AISystem for world PruebaExploración
[2018.02.09-10.47.26:478][514]Cmd: OBJ SAVEPACKAGE PACKAGE="/Game/ThirdPersonBP/Maps/Distrito1" FILE="U:/Anarquia/Proyecto2/Content/ThirdPersonBP/Maps/Distrito1.umap" SILENT=true AUTOSAVING=false KEEPDIRTY=false
[2018.02.09-10.47.26:687][514]LogSlate: Took 0.000224 seconds to synchronously load lazily loaded font '../../../Engine/Content/Slate/Fonts/Roboto-Regular.ttf' (155K)
[2018.02.09-10.47.27:880][514]LogTexture:Display: Building textures: Texture2D_0_BaseColor (DXT1, 32X32)
[2018.02.09-10.47.28:373][514]LogMeshUtilities: Finished distance field build in 18.7s - 64x64x64 distance field, 3968 triangles, Range [-0.1, 1.0], EditorSkySphere
[2018.02.09-10.48.12:550][514]LogSavePackage: Save=45233.00ms
[2018.02.09-10.48.12:550][514]LogSavePackage: Moving 'U:/Anarquia/Proyecto2/Saved/Distrito1EE2B2FEA4EF7E717800465825CF6C0B7.tmp' to 'U:/Anarquia/Proyecto2/Content/ThirdPersonBP/Maps/Distrito1.umap'
[2018.02.09-10.48.12:591][514]LogSavePackage:Display: Finished SavePackage U:/Anarquia/Proyecto2/Content/ThirdPersonBP/Maps/Distrito1.umap
[2018.02.09-10.48.12:670][514]LogFileHelpers: Saving map 'Distrito1' took 46.572
[2018.02.09-10.48.12:671][514]Cmd: MAP LOAD FILE="U:/Anarquia/Proyecto2/Content/ThirdPersonBP/Maps/PruebaExploración.umap" TEMPLATE=0 SHOWPROGRESS=1 FEATURELEVEL=3
[2018.02.09-10.48.12:671][514]LightingResults: New page: Lighting Build
[2018.02.09-10.48.12:672][514]LoadErrors: New page: Loading map: PruebaExploración.umap
[2018.02.09-10.48.12:684][514]MapCheck: New page: Map Check
[2018.02.09-10.48.12:684][514]LightingResults: New page: Lighting Build
[2018.02.09-10.48.12:721][514]LogEditorServer: Finished looking for orphan Actors (0.000 secs)
[2018.02.09-10.48.12:805][514]Cmd: MAP CHECKDEP NOCLEARLOG
[2018.02.09-10.48.13:254][514]MapCheck: Info Map check complete: 0 Error(s), 0 Warning(s), took 448.911ms to complete.
[2018.02.09-10.48.13:257][514]LogFileHelpers: Loading map 'PruebaExploración' took 0.587
[2018.02.09-10.48.19:062][140]LogMeshUtilities: Finished distance field build in 5.8s - 64x64x25 distance field, 96 triangles, Range [-0.0, 0.5], SM_Template_Map_Floor
[2018.02.09-10.48.21:027][374]LogMeshUtilities: Finished distance field build in 1.9s - 28x28x38 distance field, 448 triangles, Range [-0.5, 0.6], EditorCylinder
[2018.02.09-10.48.21:621][444]LogMeshUtilities: Finished distance field build in 0.6s - 8x38x38 distance field, 32 triangles, Range [-0.1, 1.0], EditorPlane
[2018.02.09-10.48.29:313][364]LogMeshUtilities: Finished distance field build in 7.7s - 48x48x48 distance field, 3968 triangles, Range [-0.6, 1.0], EditorSphere
[2018.02.09-10.48.33:077][812]LogMeshUtilities: Finished distance field build in 3.7s - 38x38x38 distance field, 12 triangles, Range [-0.6, 0.6], EditorCube
[2018.02.09-10.48.33:131][817]LogMeshUtilities: Discarded distance field for S_1_Unit_Plane as mesh was not closed!  Assign a two-sided material to fix.
[2018.02.09-10.48.33:131][817]LogMeshUtilities: Finished distance field build in 0.0s - 8x8x8 distance field, 32 triangles, Range [-0.4, 0.7], S_1_Unit_Plane
[2018.02.09-10.48.33:215][826]LogMeshUtilities: Finished distance field build in 0.1s - 8x14x8 distance field, 6252 triangles, Range [-0.1, 0.6], SM_CineCam
[2018.02.09-10.48.33:299][835]LogMeshUtilities: Finished distance field build in 0.1s - 14x8x8 distance field, 4528 triangles, Range [-0.1, 0.6], MatineeCam_SM
[2018.02.09-10.48.33:359][841]LogMeshUtilities: Finished distance field build in 0.0s - 8x8x8 distance field, 1672 triangles, Range [-0.1, 0.4], SM_RailRig_Mount
[2018.02.09-10.48.33:427][848]LogMeshUtilities: Finished distance field build in 0.0s - 8x8x11 distance field, 1488 triangles, Range [-0.0, 0.4], SM_RailRig_Track
[2018.02.09-10.48.34:697][999]LogMeshUtilities: Finished distance field build in 1.2s - 21x50x21 distance field, 916 triangles, Range [-0.1, 0.6], SM_CraneRig_Body
[2018.02.09-10.48.34:786][  6]LogMeshUtilities: Finished distance field build in 0.1s - 9x8x13 distance field, 200 triangles, Range [-0.3, 0.7], SM_CraneRig_Mount
[2018.02.09-10.48.34:852][ 12]LogMeshUtilities: Finished distance field build in 0.0s - 8x8x8 distance field, 12 triangles, Range [-0.3, 0.3], SM_CraneRig_Arm
[2018.02.09-10.48.34:911][ 18]LogMeshUtilities: Finished distance field build in 0.0s - 8x9x8 distance field, 664 triangles, Range [-0.2, 0.7], SM_Sequencer_Key
[2018.02.09-10.48.34:971][ 24]LogMeshUtilities: Finished distance field build in 0.0s - 8x8x8 distance field, 56 triangles, Range [-0.0, 0.3], BoundingBoxEdge
[2018.02.09-10.48.35:023][ 28]LogMeshUtilities: Finished distance field build in 0.0s - 8x8x8 distance field, 172 triangles, Range [-0.0, 1.0], BoundingBoxCorner
[2018.02.09-10.48.35:059][ 31]LogMeshUtilities: Finished distance field build in 0.0s - 15x15x8 distance field, 32 triangles, Range [1.0, 1.0], SnapGridPlaneMesh
[2018.02.09-10.48.35:115][ 36]LogMeshUtilities: Finished distance field build in 0.0s - 8x8x8 distance field, 120 triangles, Range [-0.0, 0.4], PlaneTranslationHandle
[2018.02.09-10.48.35:509][ 80]LogMeshUtilities: Finished distance field build in 0.4s - 8x29x29 distance field, 4096 triangles, Range [-0.0, 0.8], RotationHandleFull
[2018.02.09-10.48.35:562][ 84]LogMeshUtilities: Finished distance field build in 0.0s - 8x8x8 distance field, 272 triangles, Range [-0.0, 0.6], RotationHandleIndicator
[2018.02.09-10.48.36:127][ 84]LogAIModule: Creating AISystem for world newDistrito1
[2018.02.09-10.48.36:185][ 84]Cmd: MAP LOAD FILE="U:/Anarquia/Proyecto2/Content/ThirdPersonBP/Maps/NewDistrito1.umap" TEMPLATE=0 SHOWPROGRESS=1 FEATURELEVEL=3
[2018.02.09-10.48.36:185][ 84]LightingResults: New page: Lighting Build
[2018.02.09-10.48.36:186][ 84]LoadErrors: New page: Loading map: NewDistrito1.umap
[2018.02.09-10.48.36:188][ 84]MapCheck: New page: Map Check
[2018.02.09-10.48.36:188][ 84]LightingResults: New page: Lighting Build
[2018.02.09-10.48.36:281][ 84]LogEditorServer: Finished looking for orphan Actors (0.000 secs)
[2018.02.09-10.48.36:510][ 84]Cmd: MAP CHECKDEP NOCLEARLOG
[2018.02.09-10.48.37:356][ 84]MapCheck: Info Map check complete: 0 Error(s), 0 Warning(s), took 846.008ms to complete.
[2018.02.09-10.48.37:357][ 84]LogFileHelpers: Loading map 'NewDistrito1' took 1.173
[2018.02.09-10.48.37:368][ 84]LogStaticMesh: Allocated 398x64x64 distance field atlas = 3.1Mb, with 52 objects containing 2.2Mb backing data
[2018.02.09-10.48.37:960][ 84]LogTexture:Display: Building textures: Texture2D_63_BaseColor (BGRA8, 32X32)
[2018.02.09-10.48.46:105][989]LogTemp: Repeting last play command: Selected Viewport
[2018.02.09-10.48.47:707][989]LogBlueprintUserMessages: Early PlayInEditor Detection: Level '/Game/ThirdPersonBP/Maps/NewDistrito1.newDistrito1:PersistentLevel' has LevelScriptBlueprint '/Game/ThirdPersonBP/Maps/NewDistrito1.newDistrito1:PersistentLevel.newDistrito1' with GeneratedClass '/Game/ThirdPersonBP/Maps/NewDistrito1.newDistrito1_C' with ClassGeneratedBy '/Game/ThirdPersonBP/Maps/NewDistrito1.newDistrito1:PersistentLevel.newDistrito1'
[2018.02.09-10.48.47:708][989]LogPlayLevel: PlayLevel: No blueprints needed recompiling
[2018.02.09-10.48.47:708][989]PIE: New page: PIE session: NewDistrito1 (Feb 9, 2018, 12:48:47 PM)
[2018.02.09-10.48.47:708][989]LogPlayLevel: Creating play world package: /Game/ThirdPersonBP/Maps/UEDPIE_0_NewDistrito1
[2018.02.09-10.48.47:743][989]LogPlayLevel: PIE: StaticDuplicateObject took: (0.035150s)
[2018.02.09-10.48.47:744][989]LogAIModule: Creating AISystem for world newDistrito1
[2018.02.09-10.48.47:744][989]LogPlayLevel: PIE: World Init took: (0.000600s)
[2018.02.09-10.48.47:744][989]LogPlayLevel: PIE: Created PIE world by copying editor world from /Game/ThirdPersonBP/Maps/NewDistrito1.newDistrito1 to /Game/ThirdPersonBP/Maps/UEDPIE_0_NewDistrito1.newDistrito1 (0.036027s)
[2018.02.09-10.48.47:758][989]LogInit: XAudio2 using 'Speakers (High Definition Audio Device)' : 2 channels at 48 kHz using 16 bits per sample (channel mask 0x3)
[2018.02.09-10.48.47:766][989]LogInit: FAudioDevice initialized.
[2018.02.09-10.48.47:819][989]LogLoad: Game class is 'ThirdPersonGameMode_C'
[2018.02.09-10.48.47:828][989]LogWorld: Bringing World /Game/ThirdPersonBP/Maps/UEDPIE_0_NewDistrito1.newDistrito1 up for play (max tick rate 0) at 2018.02.09-11.48.47
[2018.02.09-10.48.47:829][989]LogWorld: Bringing up level for play took: 0.008975
[2018.02.09-10.48.48:114][989]LogContentBrowser: Native class hierarchy updated for 'MovieSceneCapture' in 0.0019 seconds. Added 11 classes and 0 folders.
[2018.02.09-10.48.48:118][989]PIE: Info Play in editor start time for /Game/ThirdPersonBP/Maps/UEDPIE_0_NewDistrito1 0.213
[2018.02.09-10.48.48:119][989]LogBlueprintUserMessages: Late PlayInEditor Detection: Level '/Game/ThirdPersonBP/Maps/NewDistrito1.newDistrito1:PersistentLevel' has LevelScriptBlueprint '/Game/ThirdPersonBP/Maps/NewDistrito1.newDistrito1:PersistentLevel.newDistrito1' with GeneratedClass '/Game/ThirdPersonBP/Maps/NewDistrito1.newDistrito1_C' with ClassGeneratedBy '/Game/ThirdPersonBP/Maps/NewDistrito1.newDistrito1:PersistentLevel.newDistrito1'
[2018.02.09-10.48.53:418][583]LogMeshUtilities: Finished distance field build in 17.4s - 64x64x64 distance field, 252 triangles, Range [-0.2, 0.5], edificio_rico_alto_estantería_doble
[2018.02.09-10.48.53:447][585]LogStaticMesh: Allocated 462x64x64 distance field atlas = 3.6Mb, with 54 objects containing 2.7Mb backing data
[2018.02.09-10.48.53:481][588]LogMeshUtilities: Finished distance field build in 0.0s - 8x8x8 distance field, 320 triangles, Range [-0.2, 0.5], Botella
[2018.02.09-10.48.55:927][863]LogBlueprintUserMessages: Early EndPlayMap Detection: Level '/Game/ThirdPersonBP/Maps/NewDistrito1.newDistrito1:PersistentLevel' has LevelScriptBlueprint '/Game/ThirdPersonBP/Maps/NewDistrito1.newDistrito1:PersistentLevel.newDistrito1' with GeneratedClass '/Game/ThirdPersonBP/Maps/NewDistrito1.newDistrito1_C' with ClassGeneratedBy '/Game/ThirdPersonBP/Maps/NewDistrito1.newDistrito1:PersistentLevel.newDistrito1'
[2018.02.09-10.48.55:962][863]LogBlueprintUserMessages: Late EndPlayMap Detection: Level '/Game/ThirdPersonBP/Maps/NewDistrito1.newDistrito1:PersistentLevel' has LevelScriptBlueprint '/Game/ThirdPersonBP/Maps/NewDistrito1.newDistrito1:PersistentLevel.newDistrito1' with GeneratedClass '/Game/ThirdPersonBP/Maps/NewDistrito1.newDistrito1_C' with ClassGeneratedBy '/Game/ThirdPersonBP/Maps/NewDistrito1.newDistrito1:PersistentLevel.newDistrito1'
[2018.02.09-10.49.04:343][702]LogContentBrowser: Native class hierarchy updated for 'Cascade' in 0.0025 seconds. Added 2 classes and 2 folders.
[2018.02.09-10.49.08:659][153]LogMeshUtilities: Finished distance field build in 15.1s - 64x64x64 distance field, 412 triangles, Range [-0.2, 1.0], Arbol
[2018.02.09-10.49.08:678][155]LogStaticMesh: Allocated 505x64x64 distance field atlas = 3.9Mb, with 56 objects containing 3.2Mb backing data
[2018.02.09-10.49.23:764][956]LogMeshUtilities: Finished distance field build in 15.1s - 64x64x64 distance field, 2408 triangles, Range [-0.1, 0.8], AnimTreeEd_PreviewFloor
[2018.02.09-10.49.23:782][958]LogStaticMesh: Allocated 501x132x64 distance field atlas = 8.1Mb, with 57 objects containing 3.7Mb backing data
[2018.02.09-10.49.24:421][ 34]LogMeshUtilities: Finished distance field build in 0.6s - 46x15x18 distance field, 80 triangles, Range [-0.0, 0.6], Banco
[2018.02.09-10.49.24:523][ 46]LogMeshUtilities: Finished distance field build in 0.1s - 10x10x12 distance field, 356 triangles, Range [-0.1, 0.7], Basura
[2018.02.09-10.49.25:468][156]LogParticles:Warning: MaxCount = 150961 for Emitter ParticleSpriteEmitter_0 (/Game/ThirdPersonBP/Blueprints/Materials/ChorroAgua_PART.ChorroAgua_PART)
[2018.02.09-10.49.38:459][635]LogTemp: Repeting last play command: Selected Viewport
[2018.02.09-10.49.38:511][635]LogBlueprintUserMessages: Early PlayInEditor Detection: Level '/Game/ThirdPersonBP/Maps/NewDistrito1.newDistrito1:PersistentLevel' has LevelScriptBlueprint '/Game/ThirdPersonBP/Maps/NewDistrito1.newDistrito1:PersistentLevel.newDistrito1' with GeneratedClass '/Game/ThirdPersonBP/Maps/NewDistrito1.newDistrito1_C' with ClassGeneratedBy '/Game/ThirdPersonBP/Maps/NewDistrito1.newDistrito1:PersistentLevel.newDistrito1'
[2018.02.09-10.49.38:511][635]LogPlayLevel: PlayLevel: No blueprints needed recompiling
[2018.02.09-10.49.38:511][635]PIE: New page: PIE session: NewDistrito1 (Feb 9, 2018, 12:49:38 PM)
[2018.02.09-10.49.38:511][635]LogPlayLevel: Creating play world package: /Game/ThirdPersonBP/Maps/UEDPIE_0_NewDistrito1
[2018.02.09-10.49.38:546][635]LogPlayLevel: PIE: StaticDuplicateObject took: (0.034630s)
[2018.02.09-10.49.38:546][635]LogAIModule: Creating AISystem for world newDistrito1
[2018.02.09-10.49.38:546][635]LogPlayLevel: PIE: World Init took: (0.000513s)
[2018.02.09-10.49.38:547][635]LogPlayLevel: PIE: Created PIE world by copying editor world from /Game/ThirdPersonBP/Maps/NewDistrito1.newDistrito1 to /Game/ThirdPersonBP/Maps/UEDPIE_0_NewDistrito1.newDistrito1 (0.035387s)
[2018.02.09-10.49.38:561][635]LogInit: XAudio2 using 'Speakers (High Definition Audio Device)' : 2 channels at 48 kHz using 16 bits per sample (channel mask 0x3)
[2018.02.09-10.49.38:567][635]LogInit: FAudioDevice initialized.
[2018.02.09-10.49.38:599][635]LogLoad: Game class is 'ThirdPersonGameMode_C'
[2018.02.09-10.49.38:607][635]LogWorld: Bringing World /Game/ThirdPersonBP/Maps/UEDPIE_0_NewDistrito1.newDistrito1 up for play (max tick rate 0) at 2018.02.09-11.49.38
[2018.02.09-10.49.38:608][635]LogWorld: Bringing up level for play took: 0.008504
[2018.02.09-10.49.38:615][635]PIE: Info Play in editor start time for /Game/ThirdPersonBP/Maps/UEDPIE_0_NewDistrito1 0.714
[2018.02.09-10.49.38:615][635]LogBlueprintUserMessages: Late PlayInEditor Detection: Level '/Game/ThirdPersonBP/Maps/NewDistrito1.newDistrito1:PersistentLevel' has LevelScriptBlueprint '/Game/ThirdPersonBP/Maps/NewDistrito1.newDistrito1:PersistentLevel.newDistrito1' with GeneratedClass '/Game/ThirdPersonBP/Maps/NewDistrito1.newDistrito1_C' with ClassGeneratedBy '/Game/ThirdPersonBP/Maps/NewDistrito1.newDistrito1:PersistentLevel.newDistrito1'
[2018.02.09-10.49.41:361][949]LogMeshUtilities: Finished distance field build in 16.8s - 64x64x64 distance field, 92 triangles, Range [-0.2, 0.4], Edificio4
[2018.02.09-10.49.41:389][951]LogStaticMesh: Allocated 501x128x64 distance field atlas = 7.8Mb, with 60 objects containing 4.2Mb backing data
[2018.02.09-10.49.58:347][936]LogMeshUtilities: Finished distance field build in 17.0s - 64x64x64 distance field, 92 triangles, Range [-0.2, 0.4], Edificio5
[2018.02.09-10.49.58:377][938]LogStaticMesh: Allocated 496x162x64 distance field atlas = 9.8Mb, with 61 objects containing 4.7Mb backing data
[2018.02.09-10.50.16:309][ 25]LogMeshUtilities: Finished distance field build in 17.9s - 64x64x64 distance field, 172 triangles, Range [-0.2, 0.4], edificio_rico_alto_estantería_rara
[2018.02.09-10.50.16:335][ 27]LogStaticMesh: Allocated 512x128x64 distance field atlas = 8.0Mb, with 62 objects containing 5.2Mb backing data
[2018.02.09-10.50.33:982][ 63]LogMeshUtilities: Finished distance field build in 17.6s - 64x64x64 distance field, 232 triangles, Range [-0.2, 0.4], edificio_rico_con_pantallas
[2018.02.09-10.50.40:334][801]LogBlueprintUserMessages: Early EndPlayMap Detection: Level '/Game/ThirdPersonBP/Maps/NewDistrito1.newDistrito1:PersistentLevel' has LevelScriptBlueprint '/Game/ThirdPersonBP/Maps/NewDistrito1.newDistrito1:PersistentLevel.newDistrito1' with GeneratedClass '/Game/ThirdPersonBP/Maps/NewDistrito1.newDistrito1_C' with ClassGeneratedBy '/Game/ThirdPersonBP/Maps/NewDistrito1.newDistrito1:PersistentLevel.newDistrito1'
[2018.02.09-10.50.40:368][801]LogBlueprintUserMessages: Late EndPlayMap Detection: Level '/Game/ThirdPersonBP/Maps/NewDistrito1.newDistrito1:PersistentLevel' has LevelScriptBlueprint '/Game/ThirdPersonBP/Maps/NewDistrito1.newDistrito1:PersistentLevel.newDistrito1' with GeneratedClass '/Game/ThirdPersonBP/Maps/NewDistrito1.newDistrito1_C' with ClassGeneratedBy '/Game/ThirdPersonBP/Maps/NewDistrito1.newDistrito1:PersistentLevel.newDistrito1'
[2018.02.09-10.50.41:644][942]LogEditorViewport: Clicking on Actor (LMB): Emitter (ChorroAgua_PART2)
[2018.02.09-10.50.42:465][ 26]Cmd: DELETE
[2018.02.09-10.50.42:466][ 26]Cmd: ACTOR DELETE
[2018.02.09-10.50.42:468][ 26]LogEditorActor: Deleted Actor: Emitter
[2018.02.09-10.50.42:477][ 26]LogEditorActor: Deleted 1 Actors (0.010 secs)
[2018.02.09-10.50.46:874][541]LogMeshUtilities: Finished distance field build in 12.9s - 64x64x47 distance field, 608 triangles, Range [-0.1, 0.9], fuente_Cylinder001
[2018.02.09-10.50.48:968][783]LogMeshUtilities: Finished distance field build in 2.1s - 32x28x39 distance field, 2874 triangles, Range [-0.1, 1.0], fuente_Box001
[2018.02.09-10.50.50:482][960]LogMeshUtilities: Finished distance field build in 1.5s - 41x41x13 distance field, 346 triangles, Range [-0.1, 0.8], MAceta
[2018.02.09-10.50.50:547][966]LogMeshUtilities: Finished distance field build in 0.0s - 8x8x8 distance field, 212 triangles, Range [-0.4, 0.5], Lata
[2018.02.09-10.50.50:647][976]LogMeshUtilities: Finished distance field build in 0.1s - 8x13x14 distance field, 952 triangles, Range [-0.0, 1.0], RotationHandleQuarter
[2018.02.09-10.50.50:702][981]LogMeshUtilities: Finished distance field build in 0.0s - 8x8x8 distance field, 544 triangles, Range [-0.0, 0.6], StartRotationHandleIndicator
[2018.02.09-10.50.52:078][ 84]LogEditorViewport: Clicking on Actor (LMB): Emitter (ChorroAgua_PART)
[2018.02.09-10.50.52:935][180]Cmd: DELETE
[2018.02.09-10.50.52:935][180]Cmd: ACTOR DELETE
[2018.02.09-10.50.52:936][180]LogEditorActor: Deleted Actor: Emitter
[2018.02.09-10.50.52:945][180]LogEditorActor: Deleted 1 Actors (0.010 secs)
[2018.02.09-10.51.46:084][316]LogParticles:Warning: MaxCount = 150961 for Emitter ParticleSpriteEmitter_0 (/Game/ThirdPersonBP/Blueprints/Materials/ChorroAgua_PART.ChorroAgua_PART)
[2018.02.09-10.51.47:982][543]LogParticles:Warning: MaxCount = 150961 for Emitter ParticleSpriteEmitter_0 (/Game/ThirdPersonBP/Blueprints/Materials/ChorroAgua_PART.ChorroAgua_PART)
[2018.02.09-10.51.50:320][823]LogParticles:Warning: MaxCount = 150961 for Emitter ParticleSpriteEmitter_0 (/Game/ThirdPersonBP/Blueprints/Materials/ChorroAgua_PART.ChorroAgua_PART)
[2018.02.09-10.51.52:542][ 89]LogParticles:Warning: MaxCount = 150961 for Emitter ParticleSpriteEmitter_0 (/Game/ThirdPersonBP/Blueprints/Materials/ChorroAgua_PART.ChorroAgua_PART)
[2018.02.09-10.51.54:639][340]LogParticles:Warning: MaxCount = 150961 for Emitter ParticleSpriteEmitter_0 (/Game/ThirdPersonBP/Blueprints/Materials/ChorroAgua_PART.ChorroAgua_PART)
[2018.02.09-10.51.56:274][534]Cmd: OBJ SAVEPACKAGE PACKAGE="/Game/ThirdPersonBP/Blueprints/Materials/ChorroAgua_PART" FILE="U:/Anarquia/Proyecto2/Content/ThirdPersonBP/Blueprints/Materials/ChorroAgua_PART.uasset" SILENT=true
[2018.02.09-10.51.56:970][534]LogSavePackage: Save=372.31ms
[2018.02.09-10.51.56:971][534]LogSavePackage: Moving 'U:/Anarquia/Proyecto2/Saved/ChorroAgua_PARTB141646B4D0666B8D7C0659E56784CDA.tmp' to 'U:/Anarquia/Proyecto2/Content/ThirdPersonBP/Blueprints/Materials/ChorroAgua_PART.uasset'
[2018.02.09-10.51.57:002][534]LogSavePackage:Display: Finished SavePackage U:/Anarquia/Proyecto2/Content/ThirdPersonBP/Blueprints/Materials/ChorroAgua_PART.uasset
[2018.02.09-10.52.03:088][242]LogParticles:Warning: MaxCount = 150961 for Emitter ParticleSpriteEmitter_0 (/Game/ThirdPersonBP/Blueprints/Materials/ChorroAgua_PART.ChorroAgua_PART)
[2018.02.09-10.52.05:328][509]Cmd: OBJ SAVEPACKAGE PACKAGE="/Game/ThirdPersonBP/Blueprints/Materials/ChorroAgua_PART" FILE="U:/Anarquia/Proyecto2/Content/ThirdPersonBP/Blueprints/Materials/ChorroAgua_PART.uasset" SILENT=true
[2018.02.09-10.52.05:775][509]LogSavePackage: Save=253.84ms
[2018.02.09-10.52.05:776][509]LogSavePackage: Moving 'U:/Anarquia/Proyecto2/Saved/ChorroAgua_PARTBA20266844B8A8AA13B25D93BCED8AF3.tmp' to 'U:/Anarquia/Proyecto2/Content/ThirdPersonBP/Blueprints/Materials/ChorroAgua_PART.uasset'
[2018.02.09-10.52.05:804][509]LogSavePackage:Display: Finished SavePackage U:/Anarquia/Proyecto2/Content/ThirdPersonBP/Blueprints/Materials/ChorroAgua_PART.uasset
[2018.02.09-10.52.06:346][565]Cmd: OBJ SAVEPACKAGE PACKAGE="/Game/ThirdPersonBP/Blueprints/Materials/ChorroAgua_PART" FILE="U:/Anarquia/Proyecto2/Content/ThirdPersonBP/Blueprints/Materials/ChorroAgua_PART.uasset" SILENT=true
[2018.02.09-10.52.06:905][565]LogSavePackage: Save=229.54ms
[2018.02.09-10.52.06:905][565]LogSavePackage: Moving 'U:/Anarquia/Proyecto2/Saved/ChorroAgua_PARTE49547594362962B07AFE8AC99811965.tmp' to 'U:/Anarquia/Proyecto2/Content/ThirdPersonBP/Blueprints/Materials/ChorroAgua_PART.uasset'
[2018.02.09-10.52.06:935][565]LogSavePackage:Display: Finished SavePackage U:/Anarquia/Proyecto2/Content/ThirdPersonBP/Blueprints/Materials/ChorroAgua_PART.uasset
[2018.02.09-10.52.08:678][763]LogParticles:Warning: MaxCount = 150961 for Emitter ParticleSpriteEmitter_0 (/Game/ThirdPersonBP/Blueprints/Materials/ChorroAgua_PART.ChorroAgua_PART)
[2018.02.09-10.52.10:083][931]LogParticles:Warning: MaxCount = 150961 for Emitter ParticleSpriteEmitter_0 (/Game/ThirdPersonBP/Blueprints/Materials/ChorroAgua_PART.ChorroAgua_PART)
[2018.02.09-10.52.10:957][ 34]Cmd: OBJ SAVEPACKAGE PACKAGE="/Game/ThirdPersonBP/Blueprints/Materials/ChorroAgua_PART" FILE="U:/Anarquia/Proyecto2/Content/ThirdPersonBP/Blueprints/Materials/ChorroAgua_PART.uasset" SILENT=true
[2018.02.09-10.52.11:327][ 34]LogSavePackage: Save=180.24ms
[2018.02.09-10.52.11:327][ 34]LogSavePackage: Moving 'U:/Anarquia/Proyecto2/Saved/ChorroAgua_PART7114C2FE4E229B9020A4FD8BCC429252.tmp' to 'U:/Anarquia/Proyecto2/Content/ThirdPersonBP/Blueprints/Materials/ChorroAgua_PART.uasset'
[2018.02.09-10.52.11:355][ 34]LogSavePackage:Display: Finished SavePackage U:/Anarquia/Proyecto2/Content/ThirdPersonBP/Blueprints/Materials/ChorroAgua_PART.uasset
[2018.02.09-10.52.12:626][184]LogParticles:Warning: MaxCount = 150961 for Emitter ParticleSpriteEmitter_0 (/Game/ThirdPersonBP/Blueprints/Materials/ChorroAgua_PART.ChorroAgua_PART)
[2018.02.09-10.52.12:934][221]LogParticles:Warning: MaxCount = 150961 for Emitter ParticleSpriteEmitter_0 (/Game/ThirdPersonBP/Blueprints/Materials/ChorroAgua_PART.ChorroAgua_PART)
[2018.02.09-10.52.13:364][271]Cmd: OBJ SAVEPACKAGE PACKAGE="/Game/ThirdPersonBP/Blueprints/Materials/ChorroAgua_PART" FILE="U:/Anarquia/Proyecto2/Content/ThirdPersonBP/Blueprints/Materials/ChorroAgua_PART.uasset" SILENT=true
[2018.02.09-10.52.13:817][271]LogSavePackage: Save=267.78ms
[2018.02.09-10.52.13:817][271]LogSavePackage: Moving 'U:/Anarquia/Proyecto2/Saved/ChorroAgua_PARTACA0B39443F1E95C3CB423BF7335F07A.tmp' to 'U:/Anarquia/Proyecto2/Content/ThirdPersonBP/Blueprints/Materials/ChorroAgua_PART.uasset'
[2018.02.09-10.52.13:842][271]LogSavePackage:Display: Finished SavePackage U:/Anarquia/Proyecto2/Content/ThirdPersonBP/Blueprints/Materials/ChorroAgua_PART.uasset
[2018.02.09-10.52.25:668][664]LogEditorViewport: Clicking on Actor (context menu): Landscape (Landscape)
[2018.02.09-10.52.26:478][739]LogEditorViewport: Clicking on Actor (LMB): Landscape (Landscape)
[2018.02.09-10.52.26:981][796]LogEditorViewport: Clicking on Actor (LMB): Emitter (ChorroAgua_PART)
[2018.02.09-10.53.02:711][825]LogEditorViewport: Clicking on Actor (LMB): Maceta_Final_C (Maceta_Final3)
[2018.02.09-10.53.11:785][889]LogTemp: Repeting last play command: Selected Viewport
[2018.02.09-10.53.11:829][889]LogBlueprintUserMessages: Early PlayInEditor Detection: Level '/Game/ThirdPersonBP/Maps/NewDistrito1.newDistrito1:PersistentLevel' has LevelScriptBlueprint '/Game/ThirdPersonBP/Maps/NewDistrito1.newDistrito1:PersistentLevel.newDistrito1' with GeneratedClass '/Game/ThirdPersonBP/Maps/NewDistrito1.newDistrito1_C' with ClassGeneratedBy '/Game/ThirdPersonBP/Maps/NewDistrito1.newDistrito1:PersistentLevel.newDistrito1'
[2018.02.09-10.53.11:829][889]LogPlayLevel: PlayLevel: No blueprints needed recompiling
[2018.02.09-10.53.11:829][889]PIE: New page: PIE session: NewDistrito1 (Feb 9, 2018, 12:53:11 PM)
[2018.02.09-10.53.11:829][889]LogPlayLevel: Creating play world package: /Game/ThirdPersonBP/Maps/UEDPIE_0_NewDistrito1
[2018.02.09-10.53.11:865][889]LogPlayLevel: PIE: StaticDuplicateObject took: (0.035911s)
[2018.02.09-10.53.11:866][889]LogAIModule: Creating AISystem for world newDistrito1
[2018.02.09-10.53.11:866][889]LogPlayLevel: PIE: World Init took: (0.000536s)
[2018.02.09-10.53.11:866][889]LogPlayLevel: PIE: Created PIE world by copying editor world from /Game/ThirdPersonBP/Maps/NewDistrito1.newDistrito1 to /Game/ThirdPersonBP/Maps/UEDPIE_0_NewDistrito1.newDistrito1 (0.036754s)
[2018.02.09-10.53.11:881][889]LogInit: XAudio2 using 'Speakers (High Definition Audio Device)' : 2 channels at 48 kHz using 16 bits per sample (channel mask 0x3)
[2018.02.09-10.53.11:889][889]LogInit: FAudioDevice initialized.
[2018.02.09-10.53.11:923][889]LogLoad: Game class is 'ThirdPersonGameMode_C'
[2018.02.09-10.53.11:932][889]LogWorld: Bringing World /Game/ThirdPersonBP/Maps/UEDPIE_0_NewDistrito1.newDistrito1 up for play (max tick rate 0) at 2018.02.09-11.53.11
[2018.02.09-10.53.11:933][889]LogWorld: Bringing up level for play took: 0.008411
[2018.02.09-10.53.11:939][889]PIE: Info Play in editor start time for /Game/ThirdPersonBP/Maps/UEDPIE_0_NewDistrito1 0.053
[2018.02.09-10.53.11:939][889]LogBlueprintUserMessages: Late PlayInEditor Detection: Level '/Game/ThirdPersonBP/Maps/NewDistrito1.newDistrito1:PersistentLevel' has LevelScriptBlueprint '/Game/ThirdPersonBP/Maps/NewDistrito1.newDistrito1:PersistentLevel.newDistrito1' with GeneratedClass '/Game/ThirdPersonBP/Maps/NewDistrito1.newDistrito1_C' with ClassGeneratedBy '/Game/ThirdPersonBP/Maps/NewDistrito1.newDistrito1:PersistentLevel.newDistrito1'
[2018.02.09-10.53.23:334][254]LogBlueprintUserMessages: Early EndPlayMap Detection: Level '/Game/ThirdPersonBP/Maps/NewDistrito1.newDistrito1:PersistentLevel' has LevelScriptBlueprint '/Game/ThirdPersonBP/Maps/NewDistrito1.newDistrito1:PersistentLevel.newDistrito1' with GeneratedClass '/Game/ThirdPersonBP/Maps/NewDistrito1.newDistrito1_C' with ClassGeneratedBy '/Game/ThirdPersonBP/Maps/NewDistrito1.newDistrito1:PersistentLevel.newDistrito1'
[2018.02.09-10.53.23:372][254]LogBlueprintUserMessages: Late EndPlayMap Detection: Level '/Game/ThirdPersonBP/Maps/NewDistrito1.newDistrito1:PersistentLevel' has LevelScriptBlueprint '/Game/ThirdPersonBP/Maps/NewDistrito1.newDistrito1:PersistentLevel.newDistrito1' with GeneratedClass '/Game/ThirdPersonBP/Maps/NewDistrito1.newDistrito1_C' with ClassGeneratedBy '/Game/ThirdPersonBP/Maps/NewDistrito1.newDistrito1:PersistentLevel.newDistrito1'
[2018.02.09-10.54.14:634][647]LogEditorViewport: Clicking on Actor (LMB): Farola_C (Farola)
[2018.02.09-10.54.15:196][695]Cmd: DELETE
[2018.02.09-10.54.15:196][695]Cmd: ACTOR DELETE
[2018.02.09-10.54.15:198][695]LogEditorActor: Deleted Actor: Farola_C
[2018.02.09-10.54.15:220][695]LogEditorActor: Deleted 1 Actors (0.023 secs)
[2018.02.09-10.54.55:824][372]LogEditorViewport: Clicking on Actor (LMB): Emitter (ChorroAgua_PART)
[2018.02.09-10.55.16:358][688]LogSlate: Only BGRA pngs, bmps or icos are supported in by External Image Picker
[2018.02.09-10.55.16:411][690]LogTemp: Executing iPhonePackager certificates Engine -bundlename com.YourCompany.Proyecto2
[2018.02.09-10.55.16:411][690]LogTemp: CWD: C:\Program Files\Epic Games\UE_4.16\Engine\Binaries\DotNET\IOS
[2018.02.09-10.55.16:411][690]LogTemp: Initial Dir: C:\Program Files\Epic Games\UE_4.16
[2018.02.09-10.55.16:411][690]LogTemp: Env CWD: C:\Program Files\Epic Games\UE_4.16\Engine\Binaries\DotNET\IOS
[2018.02.09-10.55.16:411][690]LogTemp: BranchPath = g4-009/C/Program Files/Epic Games/UE_4.16/Engine/Binaries --- GameBranchPath = g4-009/C/Program Files/Epic Games/UE_4.16/Engine/Binaries
[2018.02.09-10.55.16:427][691]LogTemp: IPP ERROR: Could not find provision directory 'C:\Users\javiergarciagomez\AppData\Local/Apple Computer/MobileDevice/Provisioning Profiles/'.
[2018.02.09-10.55.24:758][543]LogInit:Warning: CVar named 'r.DistanceFieldBuild.Compress' marked up in RendererSettings was not found or is set to read-only
[2018.02.09-10.55.26:023][643]LogInit:Warning: CVar named 'r.DistanceFieldBuild.Compress' marked up in RendererSettings was not found or is set to read-only
[2018.02.09-10.55.26:893][684]LogInit:Warning: CVar named 'r.GenerateMeshDistanceFields' marked up in RendererSettings was not found or is set to read-only
[2018.02.09-10.55.27:672][735]LogInit:Warning: CVar named 'r.GenerateMeshDistanceFields' marked up in RendererSettings was not found or is set to read-only
[2018.02.09-10.55.29:150][866]LogInit:Warning: CVar named 'r.DistanceFieldBuild.Compress' marked up in RendererSettings was not found or is set to read-only
[2018.02.09-10.55.29:537][886]LogInit:Warning: CVar named 'r.DistanceFieldBuild.EightBit' marked up in RendererSettings was not found or is set to read-only
[2018.02.09-10.55.31:051][992]Cmd: CLOSE_SLATE_MAINFRAME
[2018.02.09-10.55.32:568][992]Cmd: OBJ SAVEPACKAGE PACKAGE="/Game/ThirdPersonBP/Maps/NewDistrito1" FILE="U:/Anarquia/Proyecto2/Content/ThirdPersonBP/Maps/NewDistrito1.umap" SILENT=true AUTOSAVING=false KEEPDIRTY=false
[2018.02.09-10.55.34:266][992]LogTexture:Display: Building textures: Texture2D_63_BaseColor (DXT1, 32X32)
[2018.02.09-10.55.46:456][992]LogSavePackage: Save=12364.17ms
[2018.02.09-10.55.46:456][992]LogSavePackage: Moving 'U:/Anarquia/Proyecto2/Saved/NewDistrito19156224D4F993CFBA6339C861CCB91E4.tmp' to 'U:/Anarquia/Proyecto2/Content/ThirdPersonBP/Maps/NewDistrito1.umap'
[2018.02.09-10.55.46:493][992]LogSavePackage:Display: Finished SavePackage U:/Anarquia/Proyecto2/Content/ThirdPersonBP/Maps/NewDistrito1.umap
[2018.02.09-10.55.46:578][992]LogFileHelpers: Saving map 'NewDistrito1' took 14.546
[2018.02.09-10.55.46:771][992]LogCascade: Quitting Cascade. FXSystem=0x00000216E717E340
[2018.02.09-10.55.47:154][993]Cmd: QUIT_EDITOR
[2018.02.09-10.55.47:918][993]LogWindowsTextInputMethodSystem:Display: IME system now deactivated.
[2018.02.09-10.55.47:932][993]LogExit: Preparing to exit.
[2018.02.09-10.55.48:933][993]LogExit: Editor shut down
[2018.02.09-10.55.48:937][993]LogExit: Transaction tracking system shut down
[2018.02.09-10.55.48:995][993]LogObj: Freed 0b from 0 cluster array pools.
[2018.02.09-10.55.48:995][993]LogExit: Object subsystem successfully closed.
[2018.02.09-10.55.49:020][993]LogD3D11RHI: Shutdown
[2018.02.09-10.55.49:020][993]LogD3D11RHI: CleanupD3DDevice
[2018.02.09-10.55.49:021][993]LogD3D11RHI: ~FD3D11DynamicRHI
[2018.02.09-10.55.49:080][993]LogModuleManager: Shutting down and abandoning module DistCurveEditor (532)
[2018.02.09-10.55.49:080][993]LogModuleManager: Shutting down and abandoning module Cascade (530)
[2018.02.09-10.55.49:080][993]LogModuleManager: Shutting down and abandoning module MovieSceneCapture (528)
[2018.02.09-10.55.49:080][993]LogModuleManager: Shutting down and abandoning module HierarchicalLODOutliner (526)
[2018.02.09-10.55.49:080][993]LogModuleManager: Shutting down and abandoning module ExternalImagePicker (524)
[2018.02.09-10.55.49:080][993]LogModuleManager: Shutting down and abandoning module CrashTracker (522)
[2018.02.09-10.55.49:080][993]LogModuleManager: Shutting down and abandoning module SceneOutliner (520)
[2018.02.09-10.55.49:080][993]LogModuleManager: Shutting down and abandoning module AddContentDialog (518)
[2018.02.09-10.55.49:080][993]LogDirectoryWatcher: A directory notification for 'C:/Program Files/Epic Games/UE_4.16/FeaturePacks/' was aborted.
[2018.02.09-10.55.49:081][993]LogModuleManager: Shutting down and abandoning module WidgetCarousel (517)
[2018.02.09-10.55.49:081][993]LogModuleManager: Shutting down and abandoning module EditorWidgets (514)
[2018.02.09-10.55.49:081][993]LogModuleManager: Shutting down and abandoning module CollectionManager (512)
[2018.02.09-10.55.49:081][993]LogModuleManager: Shutting down and abandoning module StatsViewer (510)
[2018.02.09-10.55.49:081][993]LogModuleManager: Shutting down and abandoning module FoliageEdit (508)
[2018.02.09-10.55.49:081][993]LogModuleManager: Shutting down and abandoning module LandscapeEditor (506)
[2018.02.09-10.55.49:081][993]LogModuleManager: Shutting down and abandoning module MeshPaintMode (504)
[2018.02.09-10.55.49:081][993]LogModuleManager: Shutting down and abandoning module SceneDepthPickerMode (502)
[2018.02.09-10.55.49:081][993]LogModuleManager: Shutting down and abandoning module ActorPickerMode (500)
[2018.02.09-10.55.49:081][993]LogModuleManager: Shutting down and abandoning module GeometryMode (498)
[2018.02.09-10.55.49:081][993]LogModuleManager: Shutting down and abandoning module TextureAlignMode (496)
[2018.02.09-10.55.49:081][993]LogModuleManager: Shutting down and abandoning module BspMode (494)
[2018.02.09-10.55.49:081][993]LogModuleManager: Shutting down and abandoning module HardwareSurvey (492)
[2018.02.09-10.55.49:081][993]LogModuleManager: Shutting down and abandoning module SequenceRecorderSections (490)
[2018.02.09-10.55.49:081][993]LogModuleManager: Shutting down and abandoning module AutomationWorker (488)
[2018.02.09-10.55.49:081][993]LogModuleManager: Shutting down and abandoning module MatineeToLevelSequence (486)
[2018.02.09-10.55.49:081][993]LogModuleManager: Shutting down and abandoning module LevelSequenceEditor (484)
[2018.02.09-10.55.49:081][993]LogModuleManager: Shutting down and abandoning module PlacementMode (483)
[2018.02.09-10.55.49:081][993]LogModuleManager: Shutting down and abandoning module WmfMediaFactory (480)
[2018.02.09-10.55.49:081][993]LogModuleManager: Shutting down and abandoning module WmfMediaEditor (478)
[2018.02.09-10.55.49:081][993]LogModuleManager: Shutting down and abandoning module AvfMediaFactory (476)
[2018.02.09-10.55.49:081][993]LogModuleManager: Shutting down and abandoning module AvfMediaEditor (474)
[2018.02.09-10.55.49:081][993]LogModuleManager: Shutting down and abandoning module AndroidMediaFactory (472)
[2018.02.09-10.55.49:081][993]LogModuleManager: Shutting down and abandoning module Media (471)
[2018.02.09-10.55.49:081][993]LogModuleManager: Shutting down and abandoning module AndroidMediaEditor (468)
[2018.02.09-10.55.49:081][993]LogModuleManager: Shutting down and abandoning module CharacterAI (466)
[2018.02.09-10.55.49:081][993]LogModuleManager: Shutting down and abandoning module AudioCapture (464)
[2018.02.09-10.55.49:081][993]LogModuleManager: Shutting down and abandoning module SequenceRecorder (463)
[2018.02.09-10.55.49:081][993]LogModuleManager: Shutting down and abandoning module SmartSnapping (460)
[2018.02.09-10.55.49:081][993]LogModuleManager: Shutting down and abandoning module SessionServices (458)
[2018.02.09-10.55.49:081][993]LogModuleManager: Shutting down and abandoning module ViewportSnapping (456)
[2018.02.09-10.55.49:081][993]LogModuleManager: Shutting down and abandoning module ViewportInteraction (454)
[2018.02.09-10.55.49:081][993]LogModuleManager: Shutting down and abandoning module ClothPainter (452)
[2018.02.09-10.55.49:081][993]LogModuleManager: Shutting down and abandoning module LogVisualizer (450)
[2018.02.09-10.55.49:081][993]LogModuleManager: Shutting down and abandoning module IntroTutorials (448)
[2018.02.09-10.55.49:081][993]LogModuleManager: Shutting down and abandoning module GameProjectGeneration (447)
[2018.02.09-10.55.49:081][993]LogModuleManager: Shutting down and abandoning module EditorLiveStreaming (444)
[2018.02.09-10.55.49:081][993]LogModuleManager: Shutting down and abandoning module IOSPlatformEditor (442)
[2018.02.09-10.55.49:081][993]LogModuleManager: Shutting down and abandoning module HTML5PlatformEditor (440)
[2018.02.09-10.55.49:081][993]LogModuleManager: Shutting down and abandoning module AndroidPlatformEditor (438)
[2018.02.09-10.55.49:081][993]LogModuleManager: Shutting down and abandoning module AndroidDeviceDetection (437)
[2018.02.09-10.55.49:907][993]LogModuleManager: Shutting down and abandoning module IOSRuntimeSettings (434)
[2018.02.09-10.55.49:907][993]LogModuleManager: Shutting down and abandoning module AndroidRuntimeSettings (432)
[2018.02.09-10.55.49:907][993]LogModuleManager: Shutting down and abandoning module InputBindingEditor (430)
[2018.02.09-10.55.49:907][993]LogModuleManager: Shutting down and abandoning module MergeActors (428)
[2018.02.09-10.55.49:907][993]LogModuleManager: Shutting down and abandoning module SizeMap (426)
[2018.02.09-10.55.49:907][993]LogModuleManager: Shutting down and abandoning module TreeMap (424)
[2018.02.09-10.55.49:907][993]LogModuleManager: Shutting down and abandoning module ReferenceViewer (422)
[2018.02.09-10.55.49:907][993]LogModuleManager: Shutting down and abandoning module LocalizationDashboard (420)
[2018.02.09-10.55.49:907][993]LogModuleManager: Shutting down and abandoning module LocalizationService (419)
[2018.02.09-10.55.49:907][993]LogModuleManager: Shutting down and abandoning module HardwareTargeting (416)
[2018.02.09-10.55.49:907][993]LogModuleManager: Shutting down and abandoning module DeviceProfileEditor (414)
[2018.02.09-10.55.49:907][993]LogModuleManager: Shutting down and abandoning module UndoHistory (412)
[2018.02.09-10.55.49:907][993]LogModuleManager: Shutting down and abandoning module UserFeedback (410)
[2018.02.09-10.55.49:907][993]LogModuleManager: Shutting down and abandoning module XmlParser (408)
[2018.02.09-10.55.49:907][993]LogModuleManager: Shutting down and abandoning module Blutility (406)
[2018.02.09-10.55.49:907][993]LogModuleManager: Shutting down and abandoning module ProjectSettingsViewer (404)
[2018.02.09-10.55.49:907][993]LogModuleManager: Shutting down and abandoning module ProjectTargetPlatformEditor (403)
[2018.02.09-10.55.49:907][993]LogModuleManager: Shutting down and abandoning module EditorSettingsViewer (400)
[2018.02.09-10.55.49:907][993]LogModuleManager: Shutting down and abandoning module SettingsEditor (398)
[2018.02.09-10.55.49:907][993]LogModuleManager: Shutting down and abandoning module ProjectLauncher (396)
[2018.02.09-10.55.49:907][993]LogModuleManager: Shutting down and abandoning module SessionFrontend (394)
[2018.02.09-10.55.49:907][993]LogModuleManager: Shutting down and abandoning module ProfilerClient (392)
[2018.02.09-10.55.49:907][993]LogModuleManager: Shutting down and abandoning module DeviceManager (390)
[2018.02.09-10.55.49:907][993]LogModuleManager: Shutting down and abandoning module TargetDeviceServices (389)
[2018.02.09-10.55.49:970][993]LogModuleManager: Shutting down and abandoning module AutomationController (386)
[2018.02.09-10.55.49:970][993]LogModuleManager: Shutting down and abandoning module AutomationWindow (384)
[2018.02.09-10.55.49:970][993]LogModuleManager: Shutting down and abandoning module Layers (382)
[2018.02.09-10.55.49:970][993]LogModuleManager: Shutting down and abandoning module ComponentVisualizers (380)
[2018.02.09-10.55.49:970][993]LogModuleManager: Shutting down and abandoning module DetailCustomizations (378)
[2018.02.09-10.55.49:970][993]LogModuleManager: Shutting down and abandoning module PackagesDialog (376)
[2018.02.09-10.55.49:970][993]LogModuleManager: Shutting down and abandoning module Persona (374)
[2018.02.09-10.55.49:970][993]LogModuleManager: Shutting down and abandoning module AdvancedPreviewScene (373)
[2018.02.09-10.55.49:970][993]LogModuleManager: Shutting down and abandoning module AnimGraph (371)
[2018.02.09-10.55.49:970][993]LogModuleManager: Shutting down and abandoning module Kismet (368)
[2018.02.09-10.55.49:972][993]LogModuleManager: Shutting down and abandoning module ClassViewer (366)
[2018.02.09-10.55.49:972][993]LogModuleManager: Shutting down and abandoning module Toolbox (364)
[2018.02.09-10.55.49:972][993]LogModuleManager: Shutting down and abandoning module ModuleUI (362)
[2018.02.09-10.55.49:972][993]LogModuleManager: Shutting down and abandoning module MovieSceneTools (360)
[2018.02.09-10.55.49:972][993]LogModuleManager: Shutting down and abandoning module OutputLog (358)
[2018.02.09-10.55.49:972][993]LogModuleManager: Shutting down and abandoning module GammaUI (356)
[2018.02.09-10.55.49:972][993]LogModuleManager: Shutting down and abandoning module Documentation (354)
[2018.02.09-10.55.49:972][993]LogModuleManager: Shutting down and abandoning module MovieSceneTracks (352)
[2018.02.09-10.55.49:972][993]LogModuleManager: Shutting down and abandoning module MovieScene (350)
[2018.02.09-10.55.49:972][993]LogModuleManager: Shutting down and abandoning module Niagara (348)
[2018.02.09-10.55.49:972][993]LogModuleManager: Shutting down and abandoning module NiagaraEditor (347)
[2018.02.09-10.55.49:972][993]LogModuleManager: Shutting down and abandoning module StreamingPauseRendering (344)
[2018.02.09-10.55.49:972][993]LogModuleManager: Shutting down and abandoning module AnalyticsET (342)
[2018.02.09-10.55.49:972][993]LogModuleManager: Shutting down and abandoning module PortalServices (340)
[2018.02.09-10.55.49:972][993]LogModuleManager: Shutting down and abandoning module PortalRpc (338)
[2018.02.09-10.55.49:972][993]LogModuleManager: Shutting down and abandoning module MessagingRpc (336)
[2018.02.09-10.55.49:972][993]LogModuleManager: Shutting down and abandoning module AIModule (334)
[2018.02.09-10.55.49:972][993]LogModuleManager: Shutting down and abandoning module GameplayDebugger (333)
[2018.02.09-10.55.49:972][993]LogModuleManager: Shutting down and abandoning module AITestSuite (331)
[2018.02.09-10.55.49:972][993]LogModuleManager: Shutting down and abandoning module ProfilerService (328)
[2018.02.09-10.55.50:086][993]LogModuleManager: Shutting down and abandoning module TaskGraph (326)
[2018.02.09-10.55.50:086][993]LogModuleManager: Shutting down and abandoning module SteamVRController (324)
[2018.02.09-10.55.50:086][993]LogModuleManager: Shutting down and abandoning module SteamVR (322)
[2018.02.09-10.55.50:086][993]LogModuleManager: Shutting down and abandoning module ProceduralMeshComponentEditor (320)
[2018.02.09-10.55.50:086][993]LogModuleManager: Shutting down and abandoning module ProceduralMeshComponent (318)
[2018.02.09-10.55.50:086][993]LogModuleManager: Shutting down and abandoning module OculusLibrary (316)
[2018.02.09-10.55.50:086][993]LogModuleManager: Shutting down and abandoning module OculusInput (314)
[2018.02.09-10.55.50:086][993]LogModuleManager: Shutting down and abandoning module MobilePatchingUtils (312)
[2018.02.09-10.55.50:086][993]LogModuleManager: Shutting down and abandoning module CustomMeshComponent (310)
[2018.02.09-10.55.50:086][993]LogModuleManager: Shutting down and abandoning module CableComponent (308)
[2018.02.09-10.55.50:086][993]LogModuleManager: Shutting down and abandoning module ArchVisCharacter (306)
[2018.02.09-10.55.50:086][993]LogModuleManager: Shutting down and abandoning module AndroidPermission (304)
[2018.02.09-10.55.50:086][993]LogModuleManager: Shutting down and abandoning module MediaPlayerEditor (300)
[2018.02.09-10.55.50:086][993]LogModuleManager: Shutting down and abandoning module HTML5Networking (298)
[2018.02.09-10.55.50:086][993]LogModuleManager: Shutting down and abandoning module AlembicImporter (296)
[2018.02.09-10.55.50:086][993]LogModuleManager: Shutting down and abandoning module AlembicLibrary (295)
[2018.02.09-10.55.50:086][993]LogModuleManager: Shutting down and abandoning module GeometryCache (294)
[2018.02.09-10.55.50:086][993]LogModuleManager: Shutting down and abandoning module GeometryCacheEd (293)
[2018.02.09-10.55.50:086][993]LogModuleManager: Shutting down and abandoning module SuperSearchEditor (288)
[2018.02.09-10.55.50:086][993]LogModuleManager: Shutting down and abandoning module SuperSearch (287)
[2018.02.09-10.55.50:086][993]LogModuleManager: Shutting down and abandoning module SpeedTreeImporter (284)
[2018.02.09-10.55.50:086][993]LogModuleManager: Shutting down and abandoning module PluginBrowser (282)
[2018.02.09-10.55.50:086][993]LogModuleManager: Shutting down and abandoning module MobileLauncherProfileWizard (280)
[2018.02.09-10.55.50:086][993]LogModuleManager: Shutting down and abandoning module VisualStudioSourceCodeAccess (278)
[2018.02.09-10.55.50:086][993]LogModuleManager: Shutting down and abandoning module DesktopPlatform (277)
[2018.02.09-10.55.50:086][993]LogModuleManager: Shutting down and abandoning module UObjectPlugin (274)
[2018.02.09-10.55.50:087][993]LogModuleManager: Shutting down and abandoning module SubversionSourceControl (272)
[2018.02.09-10.55.50:088][993]LogModuleManager: Shutting down and abandoning module PerforceSourceControl (270)
[2018.02.09-10.55.50:088][993]LogModuleManager: Shutting down and abandoning module GitSourceControl (268)
[2018.02.09-10.55.50:088][993]LogModuleManager: Shutting down and abandoning module SourceControl (267)
[2018.02.09-10.55.50:088][993]LogModuleManager: Shutting down and abandoning module LightPropagationVolumeEditor (264)
[2018.02.09-10.55.50:088][993]LogModuleManager: Shutting down and abandoning module PaperTiledImporter (262)
[2018.02.09-10.55.50:088][993]LogModuleManager: Shutting down and abandoning module PaperSpriteSheetImporter (260)
[2018.02.09-10.55.50:088][993]LogModuleManager: Shutting down and abandoning module Paper2DEditor (258)
[2018.02.09-10.55.50:088][993]LogModuleManager: Shutting down and abandoning module MeshPaint (257)
[2018.02.09-10.55.50:088][993]LogModuleManager: Shutting down and abandoning module LevelEditor (255)
[2018.02.09-10.55.50:088][993]LogModuleManager: Shutting down and abandoning module PixelInspectorModule (254)
[2018.02.09-10.55.50:088][993]LogModuleManager: Shutting down and abandoning module MainFrame (252)
[2018.02.09-10.55.50:088][993]LogModuleManager: Shutting down and abandoning module HotReload (251)
[2018.02.09-10.55.50:089][993]LogModuleManager: Shutting down and abandoning module PhysXVehiclesEditor (246)
[2018.02.09-10.55.50:089][993]LogModuleManager: Shutting down and abandoning module PhysXVehicles (244)
[2018.02.09-10.55.50:089][993]LogModuleManager: Shutting down and abandoning module LocationServicesBPLibrary (242)
[2018.02.09-10.55.50:089][993]LogModuleManager: Shutting down and abandoning module ImmediatePhysicsEditor (240)
[2018.02.09-10.55.50:089][993]LogModuleManager: Shutting down and abandoning module ImmediatePhysics (238)
[2018.02.09-10.55.50:089][993]LogModuleManager: Shutting down and abandoning module UdpMessaging (236)
[2018.02.09-10.55.50:190][993]LogModuleManager: Shutting down and abandoning module TcpMessaging (234)
[2018.02.09-10.55.50:291][993]LogModuleManager: Shutting down and abandoning module GameplayTagsEditor (232)
[2018.02.09-10.55.50:291][993]LogModuleManager: Shutting down and abandoning module FacialAnimationEditor (230)
[2018.02.09-10.55.50:291][993]LogModuleManager: Shutting down and abandoning module FacialAnimation (228)
[2018.02.09-10.55.50:291][993]LogModuleManager: Shutting down and abandoning module AssetManagerEditor (226)
[2018.02.09-10.55.50:291][993]LogModuleManager: Shutting down and abandoning module GraphEditor (225)
[2018.02.09-10.55.50:291][993]LogModuleManager: Shutting down and abandoning module ContentBrowser (223)
[2018.02.09-10.55.50:292][993]LogModuleManager: Shutting down and abandoning module LightPropagationVolumeRuntime (220)
[2018.02.09-10.55.50:292][993]LogModuleManager: Shutting down and abandoning module Paper2D (218)
[2018.02.09-10.55.50:292][993]LogModuleManager: Shutting down and abandoning module WindowsMoviePlayer (216)
[2018.02.09-10.55.50:292][993]LogModuleManager: Shutting down and abandoning module WmfMedia (214)
[2018.02.09-10.55.50:293][993]LogModuleManager: Shutting down and abandoning module ClothingSystemEditor (212)
[2018.02.09-10.55.50:293][993]LogModuleManager: Shutting down and abandoning module ClothingSystemRuntime (210)
[2018.02.09-10.55.50:293][993]LogModuleManager: Shutting down and abandoning module MediaAssets (208)
[2018.02.09-10.55.50:293][993]LogModuleManager: Shutting down and abandoning module GameLiveStreaming (206)
[2018.02.09-10.55.50:293][993]LogModuleManager: Shutting down and abandoning module VREditor (204)
[2018.02.09-10.55.50:293][993]LogModuleManager: Shutting down and abandoning module StringTableEditor (202)
[2018.02.09-10.55.50:293][993]LogModuleManager: Shutting down and abandoning module GameplayTasksEditor (200)
[2018.02.09-10.55.50:293][993]LogModuleManager: Shutting down and abandoning module BehaviorTreeEditor (198)
[2018.02.09-10.55.50:294][993]LogModuleManager: Shutting down and abandoning module FunctionalTesting (196)
[2018.02.09-10.55.50:294][993]LogModuleManager: Shutting down and abandoning module CollisionAnalyzer (194)
[2018.02.09-10.55.50:294][993]LogModuleManager: Shutting down and abandoning module UMG (192)
[2018.02.09-10.55.50:294][993]LogModuleManager: Shutting down and abandoning module UMGEditor (191)
[2018.02.09-10.55.50:294][993]LogModuleManager: Shutting down and abandoning module Sequencer (190)
[2018.02.09-10.55.50:294][993]LogModuleManager: Shutting down and abandoning module AssetTools (188)
[2018.02.09-10.55.50:294][993]LogModuleManager: Shutting down and abandoning module MessageLog (187)
[2018.02.09-10.55.50:294][993]LogModuleManager: Shutting down and abandoning module WorkspaceMenuStructure (186)
[2018.02.09-10.55.50:294][993]LogModuleManager: Shutting down and abandoning module SlateReflector (180)
[2018.02.09-10.55.50:294][993]LogModuleManager: Shutting down and abandoning module Slate (178)
[2018.02.09-10.55.50:294][993]LogModuleManager: Shutting down and abandoning module EditorStyle (176)
[2018.02.09-10.55.50:298][993]LogModuleManager: Shutting down and abandoning module SourceCodeAccess (174)
[2018.02.09-10.55.50:298][993]LogModuleManager: Shutting down and abandoning module HeadMountedDisplay (172)
[2018.02.09-10.55.50:298][993]LogModuleManager: Shutting down and abandoning module XAudio2 (170)
[2018.02.09-10.55.50:298][993]LogModuleManager: Shutting down and abandoning module Networking (168)
[2018.02.09-10.55.50:298][993]LogModuleManager: Shutting down and abandoning module Core (164)
[2018.02.09-10.55.50:298][993]LogModuleManager: Shutting down and abandoning module AssetRegistry (162)
[2018.02.09-10.55.51:704][993]LogDirectoryWatcher: A directory notification for '../../../Engine/Content/' was aborted.
[2018.02.09-10.55.51:704][993]LogDirectoryWatcher: A directory notification for '../../../Engine/Plugins/2D/Paper2D/Content/' was aborted.
[2018.02.09-10.55.51:704][993]LogDirectoryWatcher: A directory notification for '../../../Engine/Plugins/Runtime/GearVR/Content/' was aborted.
[2018.02.09-10.55.51:706][993]LogModuleManager: Shutting down and abandoning module DirectoryWatcher (161)
[2018.02.09-10.55.51:707][993]LogModuleManager: Shutting down and abandoning module KismetCompiler (158)
[2018.02.09-10.55.51:707][993]LogModuleManager: Shutting down and abandoning module LevelSequence (156)
[2018.02.09-10.55.51:707][993]LogModuleManager: Shutting down and abandoning module PhysXFormats (154)
[2018.02.09-10.55.51:707][993]LogModuleManager: Shutting down and abandoning module MeshUtilities (152)
[2018.02.09-10.55.51:707][993]LogModuleManager: Shutting down and abandoning module SimplygonSwarm (151)
[2018.02.09-10.55.51:707][993]LogModuleManager: Shutting down and abandoning module SimplygonMeshReduction (149)
[2018.02.09-10.55.51:707][993]LogModuleManager: Shutting down and abandoning module QuadricMeshReduction (147)
[2018.02.09-10.55.51:707][993]LogModuleManager: Shutting down and abandoning module DerivedDataCache (144)
[2018.02.09-10.55.51:731][993]LogDerivedDataCache: Shutdown
[2018.02.09-10.55.51:731][993]LogModuleManager: Shutting down and abandoning module TargetPlatform (142)
[2018.02.09-10.55.51:731][993]LogModuleManager: Shutting down and abandoning module VulkanShaderFormat (141)
[2018.02.09-10.55.51:731][993]LogModuleManager: Shutting down and abandoning module ShaderFormatVectorVM (139)
[2018.02.09-10.55.51:731][993]LogModuleManager: Shutting down and abandoning module ShaderFormatOpenGL (137)
[2018.02.09-10.55.51:731][993]LogModuleManager: Shutting down and abandoning module ShaderFormatD3D (135)
[2018.02.09-10.55.51:731][993]LogModuleManager: Shutting down and abandoning module MetalShaderFormat (133)
[2018.02.09-10.55.51:731][993]LogModuleManager: Shutting down and abandoning module TextureFormatUncompressed (131)
[2018.02.09-10.55.51:731][993]LogModuleManager: Shutting down and abandoning module TextureFormatPVR (129)
[2018.02.09-10.55.51:731][993]LogModuleManager: Shutting down and abandoning module TextureFormatDXT (127)
[2018.02.09-10.55.51:731][993]LogModuleManager: Shutting down and abandoning module TextureFormatIntelISPCTexComp (125)
[2018.02.09-10.55.51:731][993]LogModuleManager: Shutting down and abandoning module TextureFormatASTC (123)
[2018.02.09-10.55.51:731][993]LogModuleManager: Shutting down and abandoning module ImageWrapper (122)
[2018.02.09-10.55.51:731][993]LogModuleManager: Shutting down and abandoning module TextureFormatAndroid (119)
[2018.02.09-10.55.51:731][993]LogModuleManager: Shutting down and abandoning module AudioFormatOpus (117)
[2018.02.09-10.55.51:731][993]LogModuleManager: Shutting down and abandoning module AudioFormatOgg (115)
[2018.02.09-10.55.51:731][993]LogModuleManager: Shutting down and abandoning module AudioFormatADPCM (113)
[2018.02.09-10.55.51:731][993]LogModuleManager: Shutting down and abandoning module LinuxTargetPlatform (111)
[2018.02.09-10.55.51:731][993]LogModuleManager: Shutting down and abandoning module LinuxServerTargetPlatform (109)
[2018.02.09-10.55.51:731][993]LogModuleManager: Shutting down and abandoning module LinuxNoEditorTargetPlatform (107)
[2018.02.09-10.55.51:731][993]LogModuleManager: Shutting down and abandoning module LinuxClientTargetPlatform (105)
[2018.02.09-10.55.51:731][993]LogModuleManager: Shutting down and abandoning module TVOSTargetPlatform (103)
[2018.02.09-10.55.51:731][993]LogModuleManager: Shutting down and abandoning module Messaging (101)
[2018.02.09-10.55.51:731][993]LogModuleManager: Shutting down and abandoning module IOSTargetPlatform (99)
[2018.02.09-10.55.51:731][993]LogModuleManager: Shutting down and abandoning module HTML5TargetPlatform (97)
[2018.02.09-10.55.51:731][993]LogModuleManager: Shutting down and abandoning module Android_PVRTCTargetPlatform (95)
[2018.02.09-10.55.51:731][993]LogModuleManager: Shutting down and abandoning module Android_MultiTargetPlatform (93)
[2018.02.09-10.55.51:731][993]LogModuleManager: Shutting down and abandoning module Android_ETC2TargetPlatform (91)
[2018.02.09-10.55.51:731][993]LogModuleManager: Shutting down and abandoning module Android_ETC1TargetPlatform (89)
[2018.02.09-10.55.51:731][993]LogModuleManager: Shutting down and abandoning module Android_DXTTargetPlatform (87)
[2018.02.09-10.55.51:731][993]LogModuleManager: Shutting down and abandoning module Android_ATCTargetPlatform (85)
[2018.02.09-10.55.51:731][993]LogModuleManager: Shutting down and abandoning module Android_ASTCTargetPlatform (83)
[2018.02.09-10.55.51:731][993]LogModuleManager: Shutting down and abandoning module AndroidTargetPlatform (81)
[2018.02.09-10.55.51:731][993]LogModuleManager: Shutting down and abandoning module WindowsTargetPlatform (79)
[2018.02.09-10.55.51:731][993]LogModuleManager: Shutting down and abandoning module WindowsServerTargetPlatform (77)
[2018.02.09-10.55.51:731][993]LogModuleManager: Shutting down and abandoning module WindowsNoEditorTargetPlatform (75)
[2018.02.09-10.55.51:731][993]LogModuleManager: Shutting down and abandoning module WindowsClientTargetPlatform (73)
[2018.02.09-10.55.51:731][993]LogModuleManager: Shutting down and abandoning module MacTargetPlatform (71)
[2018.02.09-10.55.51:732][993]LogModuleManager: Shutting down and abandoning module MacServerTargetPlatform (69)
[2018.02.09-10.55.51:732][993]LogModuleManager: Shutting down and abandoning module MacNoEditorTargetPlatform (67)
[2018.02.09-10.55.51:732][993]LogModuleManager: Shutting down and abandoning module MacClientTargetPlatform (65)
[2018.02.09-10.55.51:732][993]LogModuleManager: Shutting down and abandoning module AllDesktopTargetPlatform (63)
[2018.02.09-10.55.51:732][993]LogModuleManager: Shutting down and abandoning module InputCore (60)
[2018.02.09-10.55.51:732][993]LogModuleManager: Shutting down and abandoning module Settings (58)
[2018.02.09-10.55.51:732][993]LogModuleManager: Shutting down and abandoning module OculusRift (56)
[2018.02.09-10.55.51:732][993]LogModuleManager: Shutting down and abandoning module GearVRController (54)
[2018.02.09-10.55.51:732][993]LogModuleManager: Shutting down and abandoning module GearVR (52)
[2018.02.09-10.55.51:732][993]LogModuleManager: Shutting down and abandoning module ExampleDeviceProfileSelector (50)
[2018.02.09-10.55.51:732][993]LogModuleManager: Shutting down and abandoning module OnlineBlueprintSupport (48)
[2018.02.09-10.55.51:732][993]LogModuleManager: Shutting down and abandoning module OnlineSubsystem (44)
[2018.02.09-10.55.51:732][993]LogOnline:Display: Unloading online subsystem: NULL
[2018.02.09-10.55.51:732][993]LogModuleManager: Shutting down and abandoning module XMPP (43)
[2018.02.09-10.55.51:732][993]LogModuleManager: Shutting down and abandoning module HTTP (41)
[2018.02.09-10.55.51:732][993]LogHttp:Display: Http module shutting down, but needs to wait on 1 outstanding Http requests:
[2018.02.09-10.55.51:732][993]LogHttp:Display: 	verb=[POST] url=[https://datarouter.ol.epicgames.com/datarouter/api/v1/public/data?SessionID=%7BC3E278F6-4306-B9F1-BFB8-C2853D85D2A6%7D&AppID=UEEditor.Rocket.Release&AppVersion=4.16.3-3561208%2B%2B%2BUE4%2BRelease-4.16&UserID=0e69d85741d696303a8d9dafd7e741bd%7C%7C4de4ee59-3de1-47a6-9e8c-38cda48c02c7&AppEnvironment=datacollector-binary&UploadType=eteventstream] status=Processing
[2018.02.09-10.55.51:743][993]LogModuleManager: Shutting down and abandoning module SSL (40)
[2018.02.09-10.55.51:744][993]LogModuleManager: Shutting down and abandoning module HTTPChunkInstaller (36)
[2018.02.09-10.55.51:744][993]LogModuleManager: Shutting down and abandoning module AnimationModifiers (34)
[2018.02.09-10.55.51:744][993]LogModuleManager: Shutting down and abandoning module PropertyEditor (33)
[2018.02.09-10.55.51:744][993]LogModuleManager: Shutting down and abandoning module AudioEditor (30)
[2018.02.09-10.55.51:744][993]LogModuleManager: Shutting down and abandoning module TextureCompressor (28)
[2018.02.09-10.55.51:744][993]LogModuleManager: Shutting down and abandoning module ShaderCore (26)
[2018.02.09-10.55.51:744][993]LogModuleManager: Shutting down and abandoning module Landscape (24)
[2018.02.09-10.55.51:744][993]LogModuleManager: Shutting down and abandoning module SlateRHIRenderer (22)
[2018.02.09-10.55.51:745][993]LogModuleManager: Shutting down and abandoning module OpenGLDrv (20)
[2018.02.09-10.55.51:745][993]LogModuleManager: Shutting down and abandoning module D3D11RHI (18)
[2018.02.09-10.55.51:745][993]LogModuleManager: Shutting down and abandoning module AnimGraphRuntime (16)
[2018.02.09-10.55.51:745][993]LogModuleManager: Shutting down and abandoning module Renderer (14)
[2018.02.09-10.55.51:745][993]LogModuleManager: Shutting down and abandoning module Engine (12)
[2018.02.09-10.55.51:745][993]LogModuleManager: Shutting down and abandoning module CoreUObject (10)
[2018.02.09-10.55.51:745][993]LogModuleManager: Shutting down and abandoning module NetworkFile (8)
[2018.02.09-10.55.51:745][993]LogModuleManager: Shutting down and abandoning module StreamingFile (6)
[2018.02.09-10.55.51:745][993]LogModuleManager: Shutting down and abandoning module SandboxFile (4)
[2018.02.09-10.55.51:745][993]LogModuleManager: Shutting down and abandoning module PakFile (2)
[2018.02.09-10.55.51:747][993]LogExit: Exiting.
[2018.02.09-10.55.51:838][993]Log file closed, 02/09/18 11:55:51
