Log file open, 03/03/18 00:53:10
LogInit:Display: Running engine for game: Proyecto2
LogPlatformFile: Not using cached read wrapper
LogInit:Display: RandInit(-1175078615) SRandInit(-1175078615).
LogTaskGraph: Started task graph with 5 named threads and 8 total threads with 1 sets of task threads.
LogStats: Stats thread started at 0.099309
LogInit: Using libcurl 7.47.1
LogInit:  - built for x86_64-pc-win32
LogInit:  - supports SSL with OpenSSL/1.0.2g
LogInit:  - supports HTTP deflate (compression) using libz 1.2.8
LogInit:  - other features:
LogInit:      CURL_VERSION_SSL
LogInit:      CURL_VERSION_LIBZ
LogInit:      CURL_VERSION_IPV6
LogInit:      CURL_VERSION_ASYNCHDNS
LogInit:      CURL_VERSION_LARGEFILE
LogInit:      CURL_VERSION_IDN
LogInit:  CurlRequestOptions (configurable via config and command line):
LogInit:  - bVerifyPeer = false  - Libcurl will NOT verify peer certificate
LogInit:  - bUseHttpProxy = false  - Libcurl will NOT use HTTP proxy
LogInit:  - bDontReuseConnections = false  - Libcurl will reuse connections
LogInit:  - CertBundlePath = nullptr  - Libcurl will use whatever was configured at build time.
LogInit: Build: ++UE4+Release-4.16-CL-3561208
LogInit: Engine Version: 4.16.3-3561208+++UE4+Release-4.16
LogInit: Compatible Engine Version: 4.16.0-3452394+++UE4+Release-4.16
LogInit: Net CL: 3452394
LogDevObjectVersion: Number of dev versions registered: 16
LogDevObjectVersion:   Dev-Blueprints (B0D832E4-1F89-4F0D-ACCF-7EB736FD4AA2): 9
LogDevObjectVersion:   Dev-Build (E1C64328-A22C-4D53-A36C-8E866417BD8C): 0
LogDevObjectVersion:   Dev-Core (375EC13C-06E4-48FB-B500-84F0262A717E): 2
LogDevObjectVersion:   Dev-Editor (E4B068ED-F494-42E9-A231-DA0B2E46BB41): 17
LogDevObjectVersion:   Dev-Framework (CFFC743F-43B0-4480-9391-14DF171D2073): 23
LogDevObjectVersion:   Dev-Mobile (B02B49B5-BB20-44E9-A304-32B752E40360): 0
LogDevObjectVersion:   Dev-Networking (A4E4105C-59A1-49B5-A7C5-40C4547EDFEE): 0
LogDevObjectVersion:   Dev-Online (39C831C9-5AE6-47DC-9A44-9C173E1C8E7C): 0
LogDevObjectVersion:   Dev-Physics (78F01B33-EBEA-4F98-B9B4-84EACCB95AA2): 0
LogDevObjectVersion:   Dev-Platform (6631380F-2D4D-43E0-8009-CF276956A95A): 0
LogDevObjectVersion:   Dev-Rendering (12F88B9F-8875-4AFC-A67C-D90C383ABD29): 15
LogDevObjectVersion:   Dev-Sequencer (7B5AE74C-D270-4C10-A958-57980B212A5A): 4
LogDevObjectVersion:   Dev-VR (D7296918-1DD6-4BDD-9DE2-64A83CC13884): 0
LogDevObjectVersion:   Dev-LoadTimes (C2A15278-BFE7-4AFE-6C17-90FF531DF755): 1
LogDevObjectVersion:   Private-Geometry (6EACA3D4-40EC-4CC1-B786-8BED09428FC5): 1
LogDevObjectVersion:   Dev-AnimPhys (29E575DD-E0A3-4627-9D10-D276232CDCEA): 3
LogInit: Compiled (64-bit): Jul 28 2017 11:49:47
LogInit: Compiled with Visual C++: 19.00.24215.01
LogInit: Build Configuration: Development
LogInit: Branch Name: ++UE4+Release-4.16
LogInit: Command line: -EpicPortal
LogInit: Base directory: D:/Program Files (x86)/Epic Games/UE_4.16/Engine/Binaries/Win64/
LogInit: Installed Engine Build: 1
LogInit: Presizing for max 8388607 objects, including 0 objects not considered by GC, pre-allocating 0 bytes for permanent pool.
LogInit: Object subsystem initialized
[2018.03.02-23.53.10:771][  0]LogInit: Selected Device Profile: [Windows]
[2018.03.02-23.53.10:771][  0]LogInit: Applying CVar settings loaded from the selected device profile: [Windows]
[2018.03.02-23.53.10:780][  0]LogInit: Computer: DESKTOP-FT9D45J
[2018.03.02-23.53.10:780][  0]LogInit: User: abala
[2018.03.02-23.53.10:780][  0]LogInit: CPU Page size=4096, Cores=4
[2018.03.02-23.53.10:780][  0]LogInit: High frequency timer resolution =3.328119 MHz
[2018.03.02-23.53.10:780][  0]LogMemory: Memory total: Physical=12.0GB (12GB approx)
[2018.03.02-23.53.10:780][  0]LogMemory: Platform Memory Stats for Windows
[2018.03.02-23.53.10:780][  0]LogMemory: Process Physical Memory: 274.73 MB used, 274.73 MB peak
[2018.03.02-23.53.10:780][  0]LogMemory: Process Virtual Memory: 258.72 MB used, 258.72 MB peak
[2018.03.02-23.53.10:780][  0]LogMemory: Physical Memory: 5130.79 MB used,  7116.11 MB free, 12246.90 MB total
[2018.03.02-23.53.10:780][  0]LogMemory: Virtual Memory: 659.94 MB used,  7116.11 MB free, 134217728.00 MB total
[2018.03.02-23.53.10:853][  0]LogInit: Overriding language with editor language configuration option (en).
[2018.03.02-23.53.10:853][  0]LogInit: Overriding locale with editor locale configuration option (en).
[2018.03.02-23.53.11:890][  0]LogD3D11RHI: D3D11 adapters:
[2018.03.02-23.53.11:953][  0]LogD3D11RHI:    0. 'NVIDIA GeForce GTX 1050 Ti' (Feature Level 11_0)
[2018.03.02-23.53.11:953][  0]LogD3D11RHI:       4029/0/6123 MB DedicatedVideo/DedicatedSystem/SharedSystem, Outputs:1, VendorId:0x10de
[2018.03.02-23.53.11:955][  0]LogD3D11RHI:    1. 'Microsoft Basic Render Driver' (Feature Level 11_0)
[2018.03.02-23.53.11:955][  0]LogD3D11RHI:       0/0/6123 MB DedicatedVideo/DedicatedSystem/SharedSystem, Outputs:0, VendorId:0x1414
[2018.03.02-23.53.11:955][  0]LogD3D11RHI: Chosen D3D11 Adapter: 0
[2018.03.02-23.53.11:961][  0]LogD3D11RHI: Creating new Direct3DDevice
[2018.03.02-23.53.11:961][  0]LogD3D11RHI:     GPU DeviceId: 0x1c82 (for the marketing name, search the web for "GPU Device Id")
[2018.03.02-23.53.11:961][  0]LogWindows: EnumDisplayDevices:
[2018.03.02-23.53.11:961][  0]LogWindows:    0. 'NVIDIA GeForce GTX 1050 Ti' (P:1 D:1)
[2018.03.02-23.53.11:961][  0]LogWindows:    1. 'NVIDIA GeForce GTX 1050 Ti' (P:0 D:0)
[2018.03.02-23.53.11:961][  0]LogWindows:    2. 'NVIDIA GeForce GTX 1050 Ti' (P:0 D:0)
[2018.03.02-23.53.11:961][  0]LogWindows:    3. 'NVIDIA GeForce GTX 1050 Ti' (P:0 D:0)
[2018.03.02-23.53.11:962][  0]LogWindows: DebugString: GetVideoDriverDetailsInvalid PrimaryIsNotTheChoosenAdapter GetVideoDriverDetailsInvalid PrimaryIsNotTheChoosenAdapter GetVideoDriverDetailsInvalid PrimaryIsNotTheChoosenAdapter GetVideoDriverDetailsInvalid PrimaryIsNotTheChoosenAdapter FoundDriverCount:0 
[2018.03.02-23.53.11:962][  0]LogD3D11RHI:     Adapter Name: NVIDIA GeForce GTX 1050 Ti
[2018.03.02-23.53.11:962][  0]LogD3D11RHI:   Driver Version: Unknown (internal:Unknown, unified:Unknown)
[2018.03.02-23.53.11:962][  0]LogD3D11RHI:      Driver Date: Unknown
[2018.03.02-23.53.11:962][  0]LogRHI: Texture pool is 1361 MB (70% of 1945 MB)
[2018.03.02-23.53.11:987][  0]LogD3D11RHI: Async texture creation enabled
[2018.03.02-23.53.12:005][  0]LogD3D11RHI: GPU Timing Frequency: 1000.000000 (Debug: 2 1)
[2018.03.02-23.53.12:054][  0]LogShaderCompilers: Guid format shader working directory is -23 characters bigger than the processId version (../../../../../../Users/abala/Documents/SourceTree/Anarquia/Proyecto2/Intermediate/Shaders/WorkingDirectory/5180/).
[2018.03.02-23.53.12:054][  0]LogShaderCompilers: Cleaned the shader compiler working directory 'C:/Users/abala/AppData/Local/Temp/UnrealShaderWorkingDir/2B2A867A46AC37C9677F47A6CA9D4A86/'.
[2018.03.02-23.53.12:054][  0]LogShaderCompilers:Display: Using Local Shader Compiler.
[2018.03.02-23.53.13:219][  0]LogTemp:Display: Loaded TP AllDesktopTargetPlatform
[2018.03.02-23.53.13:264][  0]LogTemp:Display: Loaded TP MacClientTargetPlatform
[2018.03.02-23.53.13:311][  0]LogTemp:Display: Loaded TP MacNoEditorTargetPlatform
[2018.03.02-23.53.13:358][  0]LogTemp:Display: Loaded TP MacServerTargetPlatform
[2018.03.02-23.53.13:406][  0]LogTemp:Display: Loaded TP MacTargetPlatform
[2018.03.02-23.53.13:452][  0]LogTemp:Display: Loaded TP WindowsClientTargetPlatform
[2018.03.02-23.53.13:499][  0]LogTemp:Display: Loaded TP WindowsNoEditorTargetPlatform
[2018.03.02-23.53.13:547][  0]LogTemp:Display: Loaded TP WindowsServerTargetPlatform
[2018.03.02-23.53.13:588][  0]LogTemp:Display: Loaded TP WindowsTargetPlatform
[2018.03.02-23.53.13:632][  0]LogTemp:Display: Loaded TP AndroidTargetPlatform
[2018.03.02-23.53.13:680][  0]LogTemp:Display: Loaded TP Android_ASTCTargetPlatform
[2018.03.02-23.53.13:725][  0]LogTemp:Display: Loaded TP Android_ATCTargetPlatform
[2018.03.02-23.53.13:771][  0]LogTemp:Display: Loaded TP Android_DXTTargetPlatform
[2018.03.02-23.53.13:815][  0]LogTemp:Display: Loaded TP Android_ETC1TargetPlatform
[2018.03.02-23.53.13:859][  0]LogTemp:Display: Loaded TP Android_ETC2TargetPlatform
[2018.03.02-23.53.13:949][  0]LogTemp:Display: Loaded TP Android_MultiTargetPlatform
[2018.03.02-23.53.13:949][  0]LogTemp:Display: Loaded TP Android_PVRTCTargetPlatform
[2018.03.02-23.53.13:988][  0]LogTemp:Display: Loaded TP HTML5TargetPlatform
[2018.03.02-23.53.14:070][  0]LogTemp:Display: Loaded TP IOSTargetPlatform
[2018.03.02-23.53.14:094][  0]LogTemp:Display: Loaded TP TVOSTargetPlatform
[2018.03.02-23.53.14:139][  0]LogTemp:Display: Loaded TP LinuxClientTargetPlatform
[2018.03.02-23.53.14:186][  0]LogTemp:Display: Loaded TP LinuxNoEditorTargetPlatform
[2018.03.02-23.53.14:232][  0]LogTemp:Display: Loaded TP LinuxServerTargetPlatform
[2018.03.02-23.53.14:279][  0]LogTemp:Display: Loaded TP LinuxTargetPlatform
[2018.03.02-23.53.14:279][  0]LogTargetPlatformManager:Display: Building Assets For Windows
[2018.03.02-23.53.14:691][  0]LogDerivedDataCache:Display: Max Cache Size: 512 MB
[2018.03.02-23.53.14:773][  0]LogDerivedDataCache: Loaded boot cache 0.08s 90MB C:/Users/abala/AppData/Local/UnrealEngine/4.16/DerivedDataCache/Boot.ddc.
[2018.03.02-23.53.14:773][  0]LogDerivedDataCache:Display: Loaded Boot cache: C:/Users/abala/AppData/Local/UnrealEngine/4.16/DerivedDataCache/Boot.ddc
[2018.03.02-23.53.14:773][  0]LogDerivedDataCache: FDerivedDataBackendGraph:  Pak pak cache file ../../../../../../Users/abala/Documents/SourceTree/Anarquia/Proyecto2/DerivedDataCache/DDC.ddp not found, will not use a pak cache.
[2018.03.02-23.53.14:773][  0]LogDerivedDataCache: Unable to find inner node Pak for hierarchical cache Hierarchy.
[2018.03.02-23.53.14:773][  0]LogDerivedDataCache: FDerivedDataBackendGraph:  CompressedPak pak cache file ../../../../../../Users/abala/Documents/SourceTree/Anarquia/Proyecto2/DerivedDataCache/Compressed.ddp not found, will not use a pak cache.
[2018.03.02-23.53.14:773][  0]LogDerivedDataCache: Unable to find inner node CompressedPak for hierarchical cache Hierarchy.
[2018.03.02-23.53.14:787][  0]LogDerivedDataCache:Display: Pak cache opened for reading ../../../Engine/DerivedDataCache/Compressed.ddp.
[2018.03.02-23.53.14:799][  0]LogDerivedDataCache: Using Local data cache path C:/Users/abala/AppData/Local/UnrealEngine/Common/DerivedDataCache: Writable
[2018.03.02-23.53.14:808][  0]LogMaterial: Verifying Global Shaders for PCD3D_SM5
[2018.03.02-23.53.14:808][  0]LogSlate: Using Freetype 2.6.0
[2018.03.02-23.53.14:809][  0]LogSlate: SlateFontCache - WITH_FREETYPE: 1, WITH_HARFBUZZ: 1
[2018.03.02-23.53.14:809][  0]LogSlate: SlateFontCache - WITH_FREETYPE: 1, WITH_HARFBUZZ: 1
[2018.03.02-23.53.15:147][  0]LogInit: Selected Device Profile: [Windows]
[2018.03.02-23.53.15:212][  0]LogContentStreaming: Texture pool size is 0.00 MB
[2018.03.02-23.53.15:356][  0]LogMeshUtilities: Using QuadricMeshReduction for automatic static mesh reduction
[2018.03.02-23.53.15:397][  0]LogSimplygon: Simplygon DLL not present - disabling.
[2018.03.02-23.53.15:449][  0]LogMeshUtilities: Using SimplygonSwarm for distributed automatic mesh merging
[2018.03.02-23.53.15:449][  0]LogMeshUtilities: No automatic skeletal mesh reduction module available
[2018.03.02-23.53.15:449][  0]LogMeshUtilities: No automatic mesh merging module available
[2018.03.02-23.53.15:983][  0]LogNetVersion: Proyecto2 , NetCL: 3452394, EngineNetVer: 2, GameNetVer: 0 (Checksum: 2528454084)
[2018.03.02-23.53.16:036][  0]LogAssetRegistry: FAssetRegistry took 0.0250 seconds to start up
[2018.03.02-23.53.16:075][  0]LogPackageLocalizationCache: Processed 4 localized package path(s) for 1 prioritized culture(s) in 0.022984 seconds
[2018.03.02-23.53.16:081][  0]LogUObjectArray: 34194 objects as part of root set at end of initial load.
[2018.03.02-23.53.16:081][  0]LogUObjectAllocator: 7260416 out of 0 bytes used by permanent object pool.
[2018.03.02-23.53.16:081][  0]LogUObjectArray: CloseDisregardForGC: 0/0 objects in disregard for GC pool
[2018.03.02-23.53.16:125][  0]LogInit: WinSock: version 1.1 (2.2), MaxSocks=32767, MaxUdp=65467
[2018.03.02-23.53.18:556][  0]LogTcpMessaging: Initializing TcpMessaging bridge
[2018.03.02-23.53.18:597][  0]LogUdpMessaging: Initializing bridge on interface 0.0.0.0:0 to multicast group 230.0.0.1:6666.
[2018.03.02-23.53.19:130][  0]LogMaterial: Uniform references updated for custom material expression Custom.
[2018.03.02-23.53.19:531][  0]SourceControl: Info Source control is disabled
[2018.03.02-23.53.19:679][  0]SourceControl: Info Source control is disabled
[2018.03.02-23.53.19:732][  0]SourceControl: Info Source control is disabled
[2018.03.02-23.53.19:783][  0]SourceControl: Info Source control is disabled
[2018.03.02-23.53.20:478][  0]LogAndroidPermission: UAndroidPermissionCallbackProxy::GetInstance
[2018.03.02-23.53.21:112][  0]LogEngine: Initializing Engine...
[2018.03.02-23.53.21:113][  0]LogHMD: Failed to initialize OpenVR with code 110
[2018.03.02-23.53.21:330][  0]LogStats: UGameplayTagsManager::ConstructGameplayTagTree: Construct from data asset -  0.000 s
[2018.03.02-23.53.21:330][  0]LogStats: UGameplayTagsManager::ConstructGameplayTagTree: GameplayTagTreeChangedEvent.Broadcast -  0.000 s
[2018.03.02-23.53.21:441][  0]LogAIModule: Creating AISystem for world Untitled
[2018.03.02-23.53.21:463][  0]LogInit: XAudio2 using 'Audífono de los auriculares con micrófono (Corsair VOID Wireless Gaming Dongle)' : 6 channels at 48 kHz using 16 bits per sample (channel mask 0x3f)
[2018.03.02-23.53.21:616][  0]LogInit: FAudioDevice initialized.
[2018.03.02-23.53.21:663][  0]LogDerivedDataCache: Saved boot cache 0.05s 90MB C:/Users/abala/AppData/Local/UnrealEngine/4.16/DerivedDataCache/Boot.ddc.
[2018.03.02-23.53.21:675][  0]LogInit: Texture streaming: Enabled
[2018.03.02-23.53.21:742][  0]LogEngineSessionManager: EngineSessionManager initialized
[2018.03.02-23.53.21:756][  0]LogEngineSessionManager: EngineSessionManager sent abnormal shutdown report. Type=Crashed, SessionId={F506D10F-430D-49B6-AE4C-70AF3F448565}
[2018.03.02-23.53.21:955][  0]LogInit: Transaction tracking system initialized
[2018.03.02-23.53.22:235][  0]BlueprintLog: New page: Editor Load
[2018.03.02-23.53.23:052][  0]LocalizationService: Info Localization service is disabled
[2018.03.02-23.53.23:662][  0]LogConsoleResponse:Display: 
[2018.03.02-23.53.23:816][  0]LogCook:Display: Max memory allowance for cook 16384mb min free memory 0mb
[2018.03.02-23.53.23:816][  0]LogCook:Display: Mobile HDR setting 1
[2018.03.02-23.53.24:753][  0]LogFileCache: Scanning file cache for directory 'D:/Users/abala/Documents/SourceTree/Anarquia/Proyecto2/Content/' took 0.03s
[2018.03.02-23.53.24:795][  0]SourceControl: Info Source control is disabled
[2018.03.02-23.53.24:945][  0]LogWindowsTextInputMethodSystem:Display: IME system now deactivated.
[2018.03.02-23.53.24:946][  0]LogSlate: Took 0.000318 seconds to synchronously load lazily loaded font '../../../Engine/Content/Slate/Fonts/Roboto-Regular.ttf' (155K)
[2018.03.02-23.53.27:919][  0]LogWindowsTextInputMethodSystem:Display: IME system now deactivated.
[2018.03.02-23.53.27:921][  0]LogWindowsTextInputMethodSystem:Display: IME system now deactivated.
[2018.03.02-23.53.29:466][  0]LogWindowsTextInputMethodSystem:Display: IME system now deactivated.
[2018.03.02-23.53.29:467][  0]LogWindowsTextInputMethodSystem:Display: IME system now deactivated.
[2018.03.02-23.53.29:496][  0]Cmd: MAP LOAD FILE="../../../../../../Users/abala/Documents/SourceTree/Anarquia/Proyecto2/Content/ThirdPersonBP/Maps/Menu/MainMenu/MainMenu.umap" TEMPLATE=0 SHOWPROGRESS=1 FEATURELEVEL=3
[2018.03.02-23.53.29:497][  0]LightingResults: New page: Lighting Build
[2018.03.02-23.53.29:537][  0]MapCheck: New page: Map Check
[2018.03.02-23.53.29:537][  0]LightingResults: New page: Lighting Build
[2018.03.02-23.53.30:292][  0]LogLinker:Warning: Can't find file '/Game/ThirdPersonBP/Blueprints/character/anims/montajes/greatSword/beat_combo1_2_GS'
[2018.03.02-23.53.30:292][  0]LogLinker:Warning: Can't find file for asset '/Game/ThirdPersonBP/Blueprints/character/anims/montajes/greatSword/beat_combo1_2_GS' while loading ../../../../../../Users/abala/Documents/SourceTree/Anarquia/Proyecto2/Content/ThirdPersonBP/Blueprints/character/anims/beatAnimBP.uasset.
[2018.03.02-23.53.30:292][  0]LoadErrors:Error: Error /Game/ThirdPersonBP/Blueprints/character/anims/beatAnimBP : Can't find file for asset. /Game/ThirdPersonBP/Blueprints/character/anims/montajes/greatSword/beat_combo1_2_GS
[2018.03.02-23.53.30:297][  0]LogLinker:Warning: Can't find file '/Game/ThirdPersonBP/Blueprints/character/anims/montajes/greatSword/beat_combo1_2_GS'
[2018.03.02-23.53.30:297][  0]LogLinker:Warning: Can't find file for asset '/Game/ThirdPersonBP/Blueprints/character/anims/montajes/greatSword/beat_combo1_2_GS' while loading ../../../../../../Users/abala/Documents/SourceTree/Anarquia/Proyecto2/Content/ThirdPersonBP/Blueprints/character/anims/beatAnimBP.uasset.
[2018.03.02-23.53.30:297][  0]LoadErrors:Error: Error /Game/ThirdPersonBP/Blueprints/character/anims/beatAnimBP : Can't find file for asset. /Game/ThirdPersonBP/Blueprints/character/anims/montajes/greatSword/beat_combo1_2_GS
[2018.03.02-23.53.30:432][  0]LogLinker:Warning: Can't find file '/Game/ThirdPersonBP/Blueprints/character/anims/montajes/greatSword/beat_combo1_2_GS'
[2018.03.02-23.53.30:432][  0]LoadErrors: Info Failed to load /Game/ThirdPersonBP/Blueprints/character/anims/montajes/greatSword/beat_combo1_2_GS.beat_combo1_2_GS Referenced by K2Node_VariableSet_13656
[2018.03.02-23.53.30:432][  0]LogLinker:Warning: Can't find file for asset '/Game/ThirdPersonBP/Blueprints/character/anims/montajes/greatSword/beat_combo1_2_GS' while loading ../../../../../../Users/abala/Documents/SourceTree/Anarquia/Proyecto2/Content/ThirdPersonBP/Blueprints/character/anims/beatAnimBP.uasset.
[2018.03.02-23.53.30:432][  0]LoadErrors: Info Failed to load /Game/ThirdPersonBP/Blueprints/character/anims/montajes/greatSword/beat_combo1_2_GS.beat_combo1_2_GS Referenced by K2Node_VariableSet_13656
[2018.03.02-23.53.30:432][  0]LoadErrors:Error: Error /Game/ThirdPersonBP/Blueprints/character/anims/beatAnimBP : Can't find file for asset. /Game/ThirdPersonBP/Blueprints/character/anims/montajes/greatSword/beat_combo1_2_GS
[2018.03.02-23.53.30:675][  0]LogLinker:Warning: Can't find file '/Game/ThirdPersonBP/Blueprints/character/anims/montajes/greatSword/beat_combo1_2_GS'
[2018.03.02-23.53.30:675][  0]LogLinker:Warning: Can't find file for asset '/Game/ThirdPersonBP/Blueprints/character/anims/montajes/greatSword/beat_combo1_2_GS' while loading ../../../../../../Users/abala/Documents/SourceTree/Anarquia/Proyecto2/Content/ThirdPersonBP/Blueprints/character/beat.uasset.
[2018.03.02-23.53.30:675][  0]LoadErrors:Error: Error /Game/ThirdPersonBP/Blueprints/character/beat : Can't find file for asset. /Game/ThirdPersonBP/Blueprints/character/anims/montajes/greatSword/beat_combo1_2_GS
[2018.03.02-23.53.30:681][  0]LogLinker:Warning: Can't find file '/Game/ThirdPersonBP/Blueprints/character/anims/montajes/greatSword/beat_combo1_2_GS'
[2018.03.02-23.53.30:681][  0]LogLinker:Warning: Can't find file for asset '/Game/ThirdPersonBP/Blueprints/character/anims/montajes/greatSword/beat_combo1_2_GS' while loading ../../../../../../Users/abala/Documents/SourceTree/Anarquia/Proyecto2/Content/ThirdPersonBP/Blueprints/character/beat.uasset.
[2018.03.02-23.53.30:681][  0]LoadErrors:Error: Error /Game/ThirdPersonBP/Blueprints/character/beat : Can't find file for asset. /Game/ThirdPersonBP/Blueprints/character/anims/montajes/greatSword/beat_combo1_2_GS
[2018.03.02-23.53.32:159][  0]LogAIModule: Creating AISystem for world MainMenu
[2018.03.02-23.53.32:255][  0]LogEditorServer: Finished looking for orphan Actors (0.000 secs)
[2018.03.02-23.53.32:284][  0]Cmd: MAP CHECKDEP NOCLEARLOG
[2018.03.02-23.53.32:393][  0]MapCheck: Info Map check complete: 0 Error(s), 0 Warning(s), took 109.22ms to complete.
[2018.03.02-23.53.32:393][  0]LogFileHelpers: Loading map 'MainMenu' took 2.897
[2018.03.02-23.53.32:464][  0]LogStats:Warning: MetaData mismatch. Did you assign a stat to two groups? New //STATGROUP_Threads//SplashScreenThread///Thread_67c_0///####STATCAT_Advanced#### old //STATGROUP_Threads//SplashScreenThread///Thread_3f2c_0///####STATCAT_Advanced####
[2018.03.02-23.53.32:464][  0]LogCollectionManager: Loaded 0 collections in 0.001536 seconds
[2018.03.02-23.53.32:540][  0]LogFileCache: Scanning file cache for directory 'D:/Users/abala/Documents/SourceTree/Anarquia/Proyecto2/Saved/Collections/' took 0.01s
[2018.03.02-23.53.32:540][  0]LogFileCache: Scanning file cache for directory 'D:/Users/abala/Documents/SourceTree/Anarquia/Proyecto2/Content/Developers/abala/Collections/' took 0.01s
[2018.03.02-23.53.32:540][  0]LogFileCache: Scanning file cache for directory 'D:/Users/abala/Documents/SourceTree/Anarquia/Proyecto2/Content/Collections/' took 0.01s
[2018.03.02-23.53.32:540][  0]LogCollectionManager: Rebuilt the GUID cache for 0 collections in 0.000002 seconds
[2018.03.02-23.53.32:548][  0]LogContentBrowser: Native class hierarchy populated in 0.0081 seconds. Added 2329 classes and 491 folders.
[2018.03.02-23.53.32:602][  0]LogContentBrowser: Native class hierarchy updated for 'WidgetCarousel' in 0.0007 seconds. Added 0 classes and 0 folders.
[2018.03.02-23.53.32:677][  0]LogContentBrowser: Native class hierarchy updated for 'AddContentDialog' in 0.0007 seconds. Added 0 classes and 0 folders.
[2018.03.02-23.53.32:716][  0]LogContentBrowser: Native class hierarchy updated for 'SceneOutliner' in 0.0007 seconds. Added 1 classes and 2 folders.
[2018.03.02-23.53.32:805][  0]LogCrashTracker: Crashtracker disabled due to settings.
[2018.03.02-23.53.32:808][  0]LogSlate: Took 0.000295 seconds to synchronously load lazily loaded font '../../../Engine/Content/Slate/Fonts/Roboto-Bold.ttf' (160K)
[2018.03.02-23.53.32:812][  0]LogSlate: Took 0.000302 seconds to synchronously load lazily loaded font '../../../Engine/Content/Editor/Slate/Fonts/FontAwesome.ttf' (139K)
[2018.03.02-23.53.32:908][  0]LogRenderer: Reallocating scene render targets to support 1040x564 NumSamples 1 (Frame:1).
[2018.03.02-23.53.32:975][  0]LogUObjectGlobals:Warning: Failed to find object 'Class None.'
[2018.03.02-23.53.33:039][  0]LogContentBrowser: Native class hierarchy updated for 'HierarchicalLODOutliner' in 0.0007 seconds. Added 1 classes and 2 folders.
[2018.03.02-23.53.33:039][  0]LogLoad: (Engine Initialization) Total time: 24.36 seconds
[2018.03.02-23.53.33:039][  0]LogLoad: (Engine Initialization) Total Blueprint compile time: 0.76 seconds
[2018.03.02-23.53.33:039][  0]LogExternalProfiler: No external profilers were discovered.  External profiling features will not be available.
[2018.03.02-23.53.33:048][  0]LogOcInput: OculusInput pre-init called
[2018.03.02-23.53.33:048][  0]LogHMD: Starting GearVRController plugin
[2018.03.02-23.53.33:078][  0]LogContentStreaming: Texture pool size now 1000 MB
[2018.03.02-23.53.33:129][  0]LogSlate: Took 0.000401 seconds to synchronously load lazily loaded font '../../../Engine/Content/Slate/Fonts/Roboto-Light.ttf' (159K)
[2018.03.02-23.53.33:172][  2]LogAssetRegistry: Asset discovery search completed in 17.1580 seconds
[2018.03.02-23.53.33:174][  2]LogCollectionManager: Rebuilt the object cache for 0 collections in 0.000001 seconds (found 0 objects)
[2018.03.02-23.53.33:174][  2]LogCollectionManager: Fixed up redirectors for 0 collections in 0.000038 seconds (updated 0 objects)
[2018.03.02-23.53.34:072][ 93]LogSlate: Took 0.000328 seconds to synchronously load lazily loaded font '../../../Engine/Content/Slate/Fonts/Roboto-Light.ttf' (159K)
[2018.03.02-23.53.36:892][415]LogSlate: Took 0.000293 seconds to synchronously load lazily loaded font '../../../Engine/Content/Slate/Fonts/Roboto-Light.ttf' (159K)
[2018.03.02-23.53.36:978][415]LogContentBrowser: Native class hierarchy updated for 'SkeletonEditor' in 0.0008 seconds. Added 1 classes and 2 folders.
[2018.03.02-23.53.37:093][415]LogActorComponent: RegisterComponentWithWorld: (/Engine/Transient.World_3:PersistentLevel.Actor_0.DebugSkelMeshComponent_0) Already registered. Aborting.
[2018.03.02-23.53.37:128][415]LogSkeletalMesh: USkeletalMeshComponent::InitArticulated : Bodies already created (/Engine/Transient.World_3:PersistentLevel.Actor_0.DebugSkelMeshComponent_0) - call TermArticulated first.
[2018.03.02-23.53.37:682][415]LogContentBrowser: Native class hierarchy updated for 'BlueprintGraph' in 0.0010 seconds. Added 112 classes and 0 folders.
[2018.03.02-23.53.38:283][415]LogSlate: Took 0.000364 seconds to synchronously load lazily loaded font '../../../Engine/Content/Editor/Slate/Fonts/Roboto-BoldCondensed.ttf' (158K)
[2018.03.02-23.53.39:918][416]LogSlate: Took 0.000289 seconds to synchronously load lazily loaded font '../../../Engine/Content/Editor/Slate/Fonts/Roboto-Italic.ttf' (157K)
[2018.03.02-23.53.49:520][930]BlueprintLog: New page: Compile beat
[2018.03.02-23.53.55:780][330]LogLinker:Warning: Can't find file '/Game/ThirdPersonBP/Blueprints/character/anims/montajes/greatSword/beat_combo1_2_GS'
[2018.03.02-23.53.55:780][330]LogLinker:Warning: Can't find file for asset '/Game/ThirdPersonBP/Blueprints/character/anims/montajes/greatSword/beat_combo1_2_GS' while loading ../../../../../../Users/abala/Documents/SourceTree/Anarquia/Proyecto2/Content/ThirdPersonBP/Blueprints/character/beat.uasset.
[2018.03.02-23.53.55:798][330]LogLinker:Warning: Can't find file '/Game/ThirdPersonBP/Blueprints/character/anims/montajes/greatSword/beat_combo1_2_GS'
[2018.03.02-23.53.55:798][330]LogLinker:Warning: Can't find file for asset '/Game/ThirdPersonBP/Blueprints/character/anims/montajes/greatSword/beat_combo1_2_GS' while loading ../../../../../../Users/abala/Documents/SourceTree/Anarquia/Proyecto2/Content/ThirdPersonBP/Blueprints/character/beat.uasset.
[2018.03.02-23.53.56:613][330]LogSlate: Took 0.000283 seconds to synchronously load lazily loaded font '../../../Engine/Content/Slate/Fonts/Roboto-Regular.ttf' (155K)
[2018.03.02-23.53.57:106][330]LogAIModule: Creating AISystem for world Distrito1
[2018.03.02-23.54.00:038][330]LogSavePackage: Save=1207.54ms
[2018.03.02-23.54.00:038][330]LogSavePackage: Moving '../../../../../../Users/abala/Documents/SourceTree/Anarquia/Proyecto2/Saved/beatA2F4560145033CE9028C0CB7DC7B4876.tmp' to '../../../../../../Users/abala/Documents/SourceTree/Anarquia/Proyecto2/Content/ThirdPersonBP/Blueprints/character/beat.uasset'
[2018.03.02-23.54.00:043][330]LogSavePackage:Display: Finished SavePackage ../../../../../../Users/abala/Documents/SourceTree/Anarquia/Proyecto2/Content/ThirdPersonBP/Blueprints/character/beat.uasset
[2018.03.02-23.54.00:044][330]Cmd: MAP LOAD FILE="../../../../../../Users/abala/Documents/SourceTree/Anarquia/Proyecto2/Content/ThirdPersonBP/Maps/Distrito1.umap" TEMPLATE=0 SHOWPROGRESS=1 FEATURELEVEL=3
[2018.03.02-23.54.00:044][330]LightingResults: New page: Lighting Build
[2018.03.02-23.54.00:045][330]LoadErrors: New page: Loading map: Distrito1.umap
[2018.03.02-23.54.00:047][330]MapCheck: New page: Map Check
[2018.03.02-23.54.00:047][330]LightingResults: New page: Lighting Build
[2018.03.02-23.54.00:405][330]LogEditorServer: Finished looking for orphan Actors (0.000 secs)
[2018.03.02-23.54.00:461][330]Cmd: MAP CHECKDEP NOCLEARLOG
[2018.03.02-23.54.00:593][330]MapCheck: Info Map check complete: 0 Error(s), 0 Warning(s), took 132.009ms to complete.
[2018.03.02-23.54.00:595][330]LogFileHelpers: Loading map 'Distrito1' took 0.552
[2018.03.02-23.54.12:610][128]LogContentBrowser: Native class hierarchy updated for 'ClothingSystemEditorInterface' in 0.0007 seconds. Added 1 classes and 0 folders.
[2018.03.02-23.54.12:618][128]LogRenderer: Reallocating scene render targets to support 1100x564 NumSamples 1 (Frame:1).
[2018.03.02-23.54.12:618][128]LogContentBrowser:Verbose: The majority of assets in the view are of type: AnimSequence
[2018.03.02-23.54.29:189][327]LogSavePackage: Save=11.45ms
[2018.03.02-23.54.29:189][327]LogSavePackage: Moving '../../../../../../Users/abala/Documents/SourceTree/Anarquia/Proyecto2/Saved/beat_combo1_GS2DEF9CFB434003252E8960B2E538C516.tmp' to '../../../../../../Users/abala/Documents/SourceTree/Anarquia/Proyecto2/Content/ThirdPersonBP/Blueprints/character/anims/montajes/greatSword/beat_combo1_GS.uasset'
[2018.03.02-23.54.29:195][327]LogSavePackage:Display: Finished SavePackage ../../../../../../Users/abala/Documents/SourceTree/Anarquia/Proyecto2/Content/ThirdPersonBP/Blueprints/character/anims/montajes/greatSword/beat_combo1_GS.uasset
[2018.03.02-23.54.32:686][557]LogTemp: Repeting last play command: Selected Viewport
[2018.03.02-23.54.32:857][557]LogBlueprintUserMessages: Early PlayInEditor Detection: Level '/Game/ThirdPersonBP/Maps/Distrito1.Distrito1:PersistentLevel' has LevelScriptBlueprint '/Game/ThirdPersonBP/Maps/Distrito1.Distrito1:PersistentLevel.Distrito1' with GeneratedClass '/Game/ThirdPersonBP/Maps/Distrito1.Distrito1_C' with ClassGeneratedBy '/Game/ThirdPersonBP/Maps/Distrito1.Distrito1:PersistentLevel.Distrito1'
[2018.03.02-23.54.32:857][557]LogPlayLevel: PlayLevel: No blueprints needed recompiling
[2018.03.02-23.54.32:857][557]PIE: New page: PIE session: Distrito1 (Mar 3, 2018, 1:54:32 AM)
[2018.03.02-23.54.32:858][557]LogPlayLevel: Creating play world package: /Game/ThirdPersonBP/Maps/UEDPIE_0_Distrito1
[2018.03.02-23.54.32:990][557]LogPlayLevel: PIE: StaticDuplicateObject took: (0.132311s)
[2018.03.02-23.54.32:991][557]LogAIModule: Creating AISystem for world Distrito1
[2018.03.02-23.54.32:991][557]LogPlayLevel: PIE: World Init took: (0.000883s)
[2018.03.02-23.54.32:991][557]LogPlayLevel: PIE: Created PIE world by copying editor world from /Game/ThirdPersonBP/Maps/Distrito1.Distrito1 to /Game/ThirdPersonBP/Maps/UEDPIE_0_Distrito1.Distrito1 (0.133953s)
[2018.03.02-23.54.33:021][557]LogInit: XAudio2 using 'Audífono de los auriculares con micrófono (Corsair VOID Wireless Gaming Dongle)' : 6 channels at 48 kHz using 16 bits per sample (channel mask 0x3f)
[2018.03.02-23.54.33:167][557]LogInit: FAudioDevice initialized.
[2018.03.02-23.54.33:236][557]LogLoad: Game class is 'ThirdPersonGameMode_C'
[2018.03.02-23.54.33:278][557]LogWorld: Bringing World /Game/ThirdPersonBP/Maps/UEDPIE_0_Distrito1.Distrito1 up for play (max tick rate 0) at 2018.03.03-00.54.33
[2018.03.02-23.54.33:287][557]LogWorld: Bringing up level for play took: 0.049427
[2018.03.02-23.54.33:337][557]LogContentBrowser: Native class hierarchy updated for 'MovieSceneCapture' in 0.0007 seconds. Added 11 classes and 0 folders.
[2018.03.02-23.54.33:342][557]PIE: Info Play in editor start time for /Game/ThirdPersonBP/Maps/UEDPIE_0_Distrito1 0.044
[2018.03.02-23.54.33:342][557]LogBlueprintUserMessages: Late PlayInEditor Detection: Level '/Game/ThirdPersonBP/Maps/Distrito1.Distrito1:PersistentLevel' has LevelScriptBlueprint '/Game/ThirdPersonBP/Maps/Distrito1.Distrito1:PersistentLevel.Distrito1' with GeneratedClass '/Game/ThirdPersonBP/Maps/Distrito1.Distrito1_C' with ClassGeneratedBy '/Game/ThirdPersonBP/Maps/Distrito1.Distrito1:PersistentLevel.Distrito1'
[2018.03.02-23.54.33:352][557]LogAudio:Warning: Detected orphaned looping sound 'Rich_district_alpha'.
[2018.03.02-23.54.35:518][689]LogAnimMontage:Warning: JumpToSectionName def bEndOfSection: 0 failed for Montage beat_combo1_GS
[2018.03.02-23.54.38:038][880]LogBlueprintUserMessages: [beatAnimBP_C_0] Hello
[2018.03.02-23.54.38:643][927]LogAnimMontage:Warning: JumpToSectionName def bEndOfSection: 0 failed for Montage beat_combo1_GS
[2018.03.02-23.54.42:642][238]LogBlueprintUserMessages: [beatAnimBP_C_0] Hello
[2018.03.02-23.54.43:737][324]LogAnimMontage:Warning: JumpToSectionName def bEndOfSection: 0 failed for Montage beat_combo1_GS
[2018.03.02-23.54.48:801][710]LogAnimMontage:Warning: JumpToSectionName def bEndOfSection: 0 failed for Montage beat_combo1_GS
[2018.03.02-23.54.52:801][994]LogBlueprintUserMessages: [beatAnimBP_C_0] Hello
[2018.03.02-23.54.56:206][226]LogBlueprintUserMessages: [baseEnemy_128] kaka
[2018.03.02-23.54.57:030][276]LogBlueprintUserMessages: [baseEnemy_128] kaka
[2018.03.02-23.54.57:475][308]LogAnimMontage:Warning: JumpToSectionName def bEndOfSection: 0 failed for Montage beat_combo1_GS
[2018.03.02-23.54.57:847][334]LogBlueprintUserMessages: [baseEnemy_128] kaka
[2018.03.02-23.54.58:666][389]LogBlueprintUserMessages: [baseEnemy_128] kaka
[2018.03.02-23.54.59:486][443]LogBlueprintUserMessages: [baseEnemy_128] kaka
[2018.03.02-23.55.00:317][497]LogBlueprintUserMessages: [baseEnemy_128] kaka
[2018.03.02-23.55.01:139][551]LogBlueprintUserMessages: [baseEnemy_128] kaka
[2018.03.02-23.55.01:489][574]LogBlueprintUserMessages: [beatAnimBP_C_0] Hello
[2018.03.02-23.55.01:964][604]LogBlueprintUserMessages: [baseEnemy_128] kaka
[2018.03.02-23.55.02:804][658]LogBlueprintUserMessages: [baseEnemy_128] kaka
[2018.03.02-23.55.03:631][714]LogBlueprintUserMessages: [baseEnemy_128] kaka
[2018.03.02-23.55.03:902][734]LogAnimMontage:Warning: JumpToSectionName def bEndOfSection: 0 failed for Montage beat_combo1_GS
[2018.03.02-23.55.04:456][774]LogBlueprintUserMessages: [baseEnemy_128] kaka
[2018.03.02-23.55.05:272][826]LogBlueprintUserMessages: [baseEnemy_128] kaka
[2018.03.02-23.55.06:092][879]LogBlueprintUserMessages: [baseEnemy_128] kaka
[2018.03.02-23.55.06:921][931]LogBlueprintUserMessages: [baseEnemy_128] kaka
[2018.03.02-23.55.07:751][986]LogBlueprintUserMessages: [baseEnemy_128] kaka
[2018.03.02-23.55.07:899][996]LogBlueprintUserMessages: [beatAnimBP_C_0] Hello
[2018.03.02-23.55.08:563][ 39]LogBlueprintUserMessages: [baseEnemy_128] kaka
[2018.03.02-23.55.09:385][ 94]LogBlueprintUserMessages: [baseEnemy_128] kaka
[2018.03.02-23.55.09:441][ 98]LogBlueprintUserMessages: Early EndPlayMap Detection: Level '/Game/ThirdPersonBP/Maps/Distrito1.Distrito1:PersistentLevel' has LevelScriptBlueprint '/Game/ThirdPersonBP/Maps/Distrito1.Distrito1:PersistentLevel.Distrito1' with GeneratedClass '/Game/ThirdPersonBP/Maps/Distrito1.Distrito1_C' with ClassGeneratedBy '/Game/ThirdPersonBP/Maps/Distrito1.Distrito1:PersistentLevel.Distrito1'
[2018.03.02-23.55.09:503][ 98]LogBlueprintUserMessages: Late EndPlayMap Detection: Level '/Game/ThirdPersonBP/Maps/Distrito1.Distrito1:PersistentLevel' has LevelScriptBlueprint '/Game/ThirdPersonBP/Maps/Distrito1.Distrito1:PersistentLevel.Distrito1' with GeneratedClass '/Game/ThirdPersonBP/Maps/Distrito1.Distrito1_C' with ClassGeneratedBy '/Game/ThirdPersonBP/Maps/Distrito1.Distrito1:PersistentLevel.Distrito1'
[2018.03.02-23.56.15:490][443]BlueprintLog: New page: Compile beat
[2018.03.02-23.57.08:562][ 45]BlueprintLog: New page: Compile beat
[2018.03.02-23.57.13:602][149]LogTemp: Repeting last play command: Selected Viewport
[2018.03.02-23.57.13:617][149]LogBlueprintUserMessages: Early PlayInEditor Detection: Level '/Game/ThirdPersonBP/Maps/Distrito1.Distrito1:PersistentLevel' has LevelScriptBlueprint '/Game/ThirdPersonBP/Maps/Distrito1.Distrito1:PersistentLevel.Distrito1' with GeneratedClass '/Game/ThirdPersonBP/Maps/Distrito1.Distrito1_C' with ClassGeneratedBy '/Game/ThirdPersonBP/Maps/Distrito1.Distrito1:PersistentLevel.Distrito1'
[2018.03.02-23.57.13:617][149]LogPlayLevel: PlayLevel: No blueprints needed recompiling
[2018.03.02-23.57.13:617][149]PIE: New page: PIE session: Distrito1 (Mar 3, 2018, 1:57:13 AM)
[2018.03.02-23.57.13:617][149]LogPlayLevel: Creating play world package: /Game/ThirdPersonBP/Maps/UEDPIE_0_Distrito1
[2018.03.02-23.57.13:751][149]LogPlayLevel: PIE: StaticDuplicateObject took: (0.133795s)
[2018.03.02-23.57.13:752][149]LogAIModule: Creating AISystem for world Distrito1
[2018.03.02-23.57.13:752][149]LogPlayLevel: PIE: World Init took: (0.000775s)
[2018.03.02-23.57.13:753][149]LogPlayLevel: PIE: Created PIE world by copying editor world from /Game/ThirdPersonBP/Maps/Distrito1.Distrito1 to /Game/ThirdPersonBP/Maps/UEDPIE_0_Distrito1.Distrito1 (0.135297s)
[2018.03.02-23.57.13:781][149]LogInit: XAudio2 using 'Audífono de los auriculares con micrófono (Corsair VOID Wireless Gaming Dongle)' : 6 channels at 48 kHz using 16 bits per sample (channel mask 0x3f)
[2018.03.02-23.57.13:920][149]LogInit: FAudioDevice initialized.
[2018.03.02-23.57.13:956][149]LogLoad: Game class is 'ThirdPersonGameMode_C'
[2018.03.02-23.57.13:997][149]LogWorld: Bringing World /Game/ThirdPersonBP/Maps/UEDPIE_0_Distrito1.Distrito1 up for play (max tick rate 0) at 2018.03.03-00.57.13
[2018.03.02-23.57.14:005][149]LogWorld: Bringing up level for play took: 0.047981
[2018.03.02-23.57.14:018][149]PIE: Info Play in editor start time for /Game/ThirdPersonBP/Maps/UEDPIE_0_Distrito1 0.72
[2018.03.02-23.57.14:019][149]LogBlueprintUserMessages: Late PlayInEditor Detection: Level '/Game/ThirdPersonBP/Maps/Distrito1.Distrito1:PersistentLevel' has LevelScriptBlueprint '/Game/ThirdPersonBP/Maps/Distrito1.Distrito1:PersistentLevel.Distrito1' with GeneratedClass '/Game/ThirdPersonBP/Maps/Distrito1.Distrito1_C' with ClassGeneratedBy '/Game/ThirdPersonBP/Maps/Distrito1.Distrito1:PersistentLevel.Distrito1'
[2018.03.02-23.57.14:027][149]LogAudio:Warning: Detected orphaned looping sound 'Rich_district_alpha'.
[2018.03.02-23.57.18:318][490]LogBlueprintUserMessages: [beatAnimBP_C_0] Hello
[2018.03.02-23.57.19:285][577]LogBlueprintUserMessages: [beatAnimBP_C_0] Hello
[2018.03.02-23.57.20:494][693]LogBlueprintUserMessages: [beatAnimBP_C_0] Hello
[2018.03.02-23.57.24:804][ 50]LogBlueprintUserMessages: [beatAnimBP_C_0] Hello
[2018.03.02-23.57.25:197][ 80]LogBlueprintUserMessages: Early EndPlayMap Detection: Level '/Game/ThirdPersonBP/Maps/Distrito1.Distrito1:PersistentLevel' has LevelScriptBlueprint '/Game/ThirdPersonBP/Maps/Distrito1.Distrito1:PersistentLevel.Distrito1' with GeneratedClass '/Game/ThirdPersonBP/Maps/Distrito1.Distrito1_C' with ClassGeneratedBy '/Game/ThirdPersonBP/Maps/Distrito1.Distrito1:PersistentLevel.Distrito1'
[2018.03.02-23.57.25:364][ 80]LogBlueprintUserMessages: Late EndPlayMap Detection: Level '/Game/ThirdPersonBP/Maps/Distrito1.Distrito1:PersistentLevel' has LevelScriptBlueprint '/Game/ThirdPersonBP/Maps/Distrito1.Distrito1:PersistentLevel.Distrito1' with GeneratedClass '/Game/ThirdPersonBP/Maps/Distrito1.Distrito1_C' with ClassGeneratedBy '/Game/ThirdPersonBP/Maps/Distrito1.Distrito1:PersistentLevel.Distrito1'
[2018.03.02-23.57.55:729][642]BlueprintLog: New page: Compile beat
[2018.03.02-23.58.08:662][142]BlueprintLog: New page: Compile beat
[2018.03.02-23.58.12:594][227]LogTemp: Repeting last play command: Selected Viewport
[2018.03.02-23.58.12:609][227]LogBlueprintUserMessages: Early PlayInEditor Detection: Level '/Game/ThirdPersonBP/Maps/Distrito1.Distrito1:PersistentLevel' has LevelScriptBlueprint '/Game/ThirdPersonBP/Maps/Distrito1.Distrito1:PersistentLevel.Distrito1' with GeneratedClass '/Game/ThirdPersonBP/Maps/Distrito1.Distrito1_C' with ClassGeneratedBy '/Game/ThirdPersonBP/Maps/Distrito1.Distrito1:PersistentLevel.Distrito1'
[2018.03.02-23.58.12:609][227]LogPlayLevel: PlayLevel: No blueprints needed recompiling
[2018.03.02-23.58.12:609][227]PIE: New page: PIE session: Distrito1 (Mar 3, 2018, 1:58:12 AM)
[2018.03.02-23.58.12:610][227]LogPlayLevel: Creating play world package: /Game/ThirdPersonBP/Maps/UEDPIE_0_Distrito1
[2018.03.02-23.58.12:742][227]LogPlayLevel: PIE: StaticDuplicateObject took: (0.132036s)
[2018.03.02-23.58.12:743][227]LogAIModule: Creating AISystem for world Distrito1
[2018.03.02-23.58.12:743][227]LogPlayLevel: PIE: World Init took: (0.000860s)
[2018.03.02-23.58.12:743][227]LogPlayLevel: PIE: Created PIE world by copying editor world from /Game/ThirdPersonBP/Maps/Distrito1.Distrito1 to /Game/ThirdPersonBP/Maps/UEDPIE_0_Distrito1.Distrito1 (0.133532s)
[2018.03.02-23.58.12:770][227]LogInit: XAudio2 using 'Audífono de los auriculares con micrófono (Corsair VOID Wireless Gaming Dongle)' : 6 channels at 48 kHz using 16 bits per sample (channel mask 0x3f)
[2018.03.02-23.58.12:909][227]LogInit: FAudioDevice initialized.
[2018.03.02-23.58.12:941][227]LogLoad: Game class is 'ThirdPersonGameMode_C'
[2018.03.02-23.58.12:982][227]LogWorld: Bringing World /Game/ThirdPersonBP/Maps/UEDPIE_0_Distrito1.Distrito1 up for play (max tick rate 0) at 2018.03.03-00.58.12
[2018.03.02-23.58.12:990][227]LogWorld: Bringing up level for play took: 0.047420
[2018.03.02-23.58.13:002][227]PIE: Info Play in editor start time for /Game/ThirdPersonBP/Maps/UEDPIE_0_Distrito1 -0.296
[2018.03.02-23.58.13:003][227]LogBlueprintUserMessages: Late PlayInEditor Detection: Level '/Game/ThirdPersonBP/Maps/Distrito1.Distrito1:PersistentLevel' has LevelScriptBlueprint '/Game/ThirdPersonBP/Maps/Distrito1.Distrito1:PersistentLevel.Distrito1' with GeneratedClass '/Game/ThirdPersonBP/Maps/Distrito1.Distrito1_C' with ClassGeneratedBy '/Game/ThirdPersonBP/Maps/Distrito1.Distrito1:PersistentLevel.Distrito1'
[2018.03.02-23.58.13:010][227]LogAudio:Warning: Detected orphaned looping sound 'Rich_district_alpha'.
[2018.03.02-23.58.15:116][379]LogBlueprintUserMessages: [beatAnimBP_C_0] Hello
[2018.03.02-23.58.17:639][567]LogBlueprintUserMessages: [beatAnimBP_C_0] Hello
[2018.03.02-23.58.20:483][787]LogBlueprintUserMessages: [beatAnimBP_C_0] Hello
[2018.03.02-23.58.21:745][879]LogBlueprintUserMessages: [beatAnimBP_C_0] Hello
[2018.03.02-23.58.24:063][ 50]LogBlueprintUserMessages: [beatAnimBP_C_0] Hello
[2018.03.02-23.58.24:353][ 70]LogBlueprintUserMessages: Early EndPlayMap Detection: Level '/Game/ThirdPersonBP/Maps/Distrito1.Distrito1:PersistentLevel' has LevelScriptBlueprint '/Game/ThirdPersonBP/Maps/Distrito1.Distrito1:PersistentLevel.Distrito1' with GeneratedClass '/Game/ThirdPersonBP/Maps/Distrito1.Distrito1_C' with ClassGeneratedBy '/Game/ThirdPersonBP/Maps/Distrito1.Distrito1:PersistentLevel.Distrito1'
[2018.03.02-23.58.24:509][ 70]LogBlueprintUserMessages: Late EndPlayMap Detection: Level '/Game/ThirdPersonBP/Maps/Distrito1.Distrito1:PersistentLevel' has LevelScriptBlueprint '/Game/ThirdPersonBP/Maps/Distrito1.Distrito1:PersistentLevel.Distrito1' with GeneratedClass '/Game/ThirdPersonBP/Maps/Distrito1.Distrito1_C' with ClassGeneratedBy '/Game/ThirdPersonBP/Maps/Distrito1.Distrito1:PersistentLevel.Distrito1'
[2018.03.02-23.58.44:205][216]LogSavePackage: Save=11.88ms
[2018.03.02-23.58.44:205][216]LogSavePackage: Moving '../../../../../../Users/abala/Documents/SourceTree/Anarquia/Proyecto2/Saved/beat_smash_1_M3A91CE5945C707948B56509DB42F6864.tmp' to '../../../../../../Users/abala/Documents/SourceTree/Anarquia/Proyecto2/Content/ThirdPersonBP/Blueprints/character/anims/montajes/smash1/beat_smash_1_M.uasset'
[2018.03.02-23.58.44:211][216]LogSavePackage:Display: Finished SavePackage ../../../../../../Users/abala/Documents/SourceTree/Anarquia/Proyecto2/Content/ThirdPersonBP/Blueprints/character/anims/montajes/smash1/beat_smash_1_M.uasset
[2018.03.02-23.58.46:031][313]LogTemp: Repeting last play command: Selected Viewport
[2018.03.02-23.58.46:045][313]LogBlueprintUserMessages: Early PlayInEditor Detection: Level '/Game/ThirdPersonBP/Maps/Distrito1.Distrito1:PersistentLevel' has LevelScriptBlueprint '/Game/ThirdPersonBP/Maps/Distrito1.Distrito1:PersistentLevel.Distrito1' with GeneratedClass '/Game/ThirdPersonBP/Maps/Distrito1.Distrito1_C' with ClassGeneratedBy '/Game/ThirdPersonBP/Maps/Distrito1.Distrito1:PersistentLevel.Distrito1'
[2018.03.02-23.58.46:045][313]LogPlayLevel: PlayLevel: No blueprints needed recompiling
[2018.03.02-23.58.46:045][313]PIE: New page: PIE session: Distrito1 (Mar 3, 2018, 1:58:46 AM)
[2018.03.02-23.58.46:047][313]LogPlayLevel: Creating play world package: /Game/ThirdPersonBP/Maps/UEDPIE_0_Distrito1
[2018.03.02-23.58.46:178][313]LogPlayLevel: PIE: StaticDuplicateObject took: (0.131169s)
[2018.03.02-23.58.46:179][313]LogAIModule: Creating AISystem for world Distrito1
[2018.03.02-23.58.46:179][313]LogPlayLevel: PIE: World Init took: (0.000823s)
[2018.03.02-23.58.46:179][313]LogPlayLevel: PIE: Created PIE world by copying editor world from /Game/ThirdPersonBP/Maps/Distrito1.Distrito1 to /Game/ThirdPersonBP/Maps/UEDPIE_0_Distrito1.Distrito1 (0.132660s)
[2018.03.02-23.58.46:204][313]LogInit: XAudio2 using 'Audífono de los auriculares con micrófono (Corsair VOID Wireless Gaming Dongle)' : 6 channels at 48 kHz using 16 bits per sample (channel mask 0x3f)
[2018.03.02-23.58.46:426][313]LogInit: FAudioDevice initialized.
[2018.03.02-23.58.46:460][313]LogLoad: Game class is 'ThirdPersonGameMode_C'
[2018.03.02-23.58.46:499][313]LogWorld: Bringing World /Game/ThirdPersonBP/Maps/UEDPIE_0_Distrito1.Distrito1 up for play (max tick rate 0) at 2018.03.03-00.58.46
[2018.03.02-23.58.46:509][313]LogWorld: Bringing up level for play took: 0.048534
[2018.03.02-23.58.46:521][313]PIE: Info Play in editor start time for /Game/ThirdPersonBP/Maps/UEDPIE_0_Distrito1 1.223
[2018.03.02-23.58.46:522][313]LogBlueprintUserMessages: Late PlayInEditor Detection: Level '/Game/ThirdPersonBP/Maps/Distrito1.Distrito1:PersistentLevel' has LevelScriptBlueprint '/Game/ThirdPersonBP/Maps/Distrito1.Distrito1:PersistentLevel.Distrito1' with GeneratedClass '/Game/ThirdPersonBP/Maps/Distrito1.Distrito1_C' with ClassGeneratedBy '/Game/ThirdPersonBP/Maps/Distrito1.Distrito1:PersistentLevel.Distrito1'
[2018.03.02-23.58.46:529][313]LogAudio:Warning: Detected orphaned looping sound 'Rich_district_alpha'.
[2018.03.02-23.58.48:677][467]LogBlueprintUserMessages: [beatAnimBP_C_0] Hello
[2018.03.02-23.58.49:135][500]LogBlueprintUserMessages: Early EndPlayMap Detection: Level '/Game/ThirdPersonBP/Maps/Distrito1.Distrito1:PersistentLevel' has LevelScriptBlueprint '/Game/ThirdPersonBP/Maps/Distrito1.Distrito1:PersistentLevel.Distrito1' with GeneratedClass '/Game/ThirdPersonBP/Maps/Distrito1.Distrito1_C' with ClassGeneratedBy '/Game/ThirdPersonBP/Maps/Distrito1.Distrito1:PersistentLevel.Distrito1'
[2018.03.02-23.58.49:198][500]LogBlueprintUserMessages: Late EndPlayMap Detection: Level '/Game/ThirdPersonBP/Maps/Distrito1.Distrito1:PersistentLevel' has LevelScriptBlueprint '/Game/ThirdPersonBP/Maps/Distrito1.Distrito1:PersistentLevel.Distrito1' with GeneratedClass '/Game/ThirdPersonBP/Maps/Distrito1.Distrito1_C' with ClassGeneratedBy '/Game/ThirdPersonBP/Maps/Distrito1.Distrito1:PersistentLevel.Distrito1'
[2018.03.02-23.59.00:175][964]BlueprintLog: New page: Compile beat
[2018.03.02-23.59.03:825][ 22]LogTemp: Repeting last play command: Selected Viewport
[2018.03.02-23.59.03:839][ 22]LogBlueprintUserMessages: Early PlayInEditor Detection: Level '/Game/ThirdPersonBP/Maps/Distrito1.Distrito1:PersistentLevel' has LevelScriptBlueprint '/Game/ThirdPersonBP/Maps/Distrito1.Distrito1:PersistentLevel.Distrito1' with GeneratedClass '/Game/ThirdPersonBP/Maps/Distrito1.Distrito1_C' with ClassGeneratedBy '/Game/ThirdPersonBP/Maps/Distrito1.Distrito1:PersistentLevel.Distrito1'
[2018.03.02-23.59.03:839][ 22]LogPlayLevel: PlayLevel: No blueprints needed recompiling
[2018.03.02-23.59.03:839][ 22]PIE: New page: PIE session: Distrito1 (Mar 3, 2018, 1:59:03 AM)
[2018.03.02-23.59.03:840][ 22]LogPlayLevel: Creating play world package: /Game/ThirdPersonBP/Maps/UEDPIE_0_Distrito1
[2018.03.02-23.59.03:970][ 22]LogPlayLevel: PIE: StaticDuplicateObject took: (0.130611s)
[2018.03.02-23.59.03:971][ 22]LogAIModule: Creating AISystem for world Distrito1
[2018.03.02-23.59.03:971][ 22]LogPlayLevel: PIE: World Init took: (0.001152s)
[2018.03.02-23.59.03:972][ 22]LogPlayLevel: PIE: Created PIE world by copying editor world from /Game/ThirdPersonBP/Maps/Distrito1.Distrito1 to /Game/ThirdPersonBP/Maps/UEDPIE_0_Distrito1.Distrito1 (0.132421s)
[2018.03.02-23.59.03:999][ 22]LogInit: XAudio2 using 'Audífono de los auriculares con micrófono (Corsair VOID Wireless Gaming Dongle)' : 6 channels at 48 kHz using 16 bits per sample (channel mask 0x3f)
[2018.03.02-23.59.04:141][ 22]LogInit: FAudioDevice initialized.
[2018.03.02-23.59.04:173][ 22]LogLoad: Game class is 'ThirdPersonGameMode_C'
[2018.03.02-23.59.04:212][ 22]LogWorld: Bringing World /Game/ThirdPersonBP/Maps/UEDPIE_0_Distrito1.Distrito1 up for play (max tick rate 0) at 2018.03.03-00.59.04
[2018.03.02-23.59.04:221][ 22]LogWorld: Bringing up level for play took: 0.046888
[2018.03.02-23.59.04:232][ 22]PIE: Info Play in editor start time for /Game/ThirdPersonBP/Maps/UEDPIE_0_Distrito1 0.934
[2018.03.02-23.59.04:232][ 22]LogBlueprintUserMessages: Late PlayInEditor Detection: Level '/Game/ThirdPersonBP/Maps/Distrito1.Distrito1:PersistentLevel' has LevelScriptBlueprint '/Game/ThirdPersonBP/Maps/Distrito1.Distrito1:PersistentLevel.Distrito1' with GeneratedClass '/Game/ThirdPersonBP/Maps/Distrito1.Distrito1_C' with ClassGeneratedBy '/Game/ThirdPersonBP/Maps/Distrito1.Distrito1:PersistentLevel.Distrito1'
[2018.03.02-23.59.04:240][ 22]LogAudio:Warning: Detected orphaned looping sound 'Rich_district_alpha'.
[2018.03.02-23.59.07:105][225]LogBlueprintUserMessages: [beatAnimBP_C_0] Hello
[2018.03.02-23.59.11:508][548]LogBlueprintUserMessages: Early EndPlayMap Detection: Level '/Game/ThirdPersonBP/Maps/Distrito1.Distrito1:PersistentLevel' has LevelScriptBlueprint '/Game/ThirdPersonBP/Maps/Distrito1.Distrito1:PersistentLevel.Distrito1' with GeneratedClass '/Game/ThirdPersonBP/Maps/Distrito1.Distrito1_C' with ClassGeneratedBy '/Game/ThirdPersonBP/Maps/Distrito1.Distrito1:PersistentLevel.Distrito1'
[2018.03.02-23.59.11:661][548]LogBlueprintUserMessages: Late EndPlayMap Detection: Level '/Game/ThirdPersonBP/Maps/Distrito1.Distrito1:PersistentLevel' has LevelScriptBlueprint '/Game/ThirdPersonBP/Maps/Distrito1.Distrito1:PersistentLevel.Distrito1' with GeneratedClass '/Game/ThirdPersonBP/Maps/Distrito1.Distrito1_C' with ClassGeneratedBy '/Game/ThirdPersonBP/Maps/Distrito1.Distrito1:PersistentLevel.Distrito1'
[2018.03.03-00.00.03:311][186]BlueprintLog: New page: Compile beat
[2018.03.03-00.00.27:767][315]LogContentBrowser:Verbose: The majority of assets in the view are of type: AnimMontage
[2018.03.03-00.00.32:107][577]LogTemp: Repeting last play command: Selected Viewport
[2018.03.03-00.00.32:123][577]LogBlueprintUserMessages: Early PlayInEditor Detection: Level '/Game/ThirdPersonBP/Maps/Distrito1.Distrito1:PersistentLevel' has LevelScriptBlueprint '/Game/ThirdPersonBP/Maps/Distrito1.Distrito1:PersistentLevel.Distrito1' with GeneratedClass '/Game/ThirdPersonBP/Maps/Distrito1.Distrito1_C' with ClassGeneratedBy '/Game/ThirdPersonBP/Maps/Distrito1.Distrito1:PersistentLevel.Distrito1'
[2018.03.03-00.00.32:123][577]LogPlayLevel: PlayLevel: No blueprints needed recompiling
[2018.03.03-00.00.32:123][577]PIE: New page: PIE session: Distrito1 (Mar 3, 2018, 2:00:32 AM)
[2018.03.03-00.00.32:123][577]LogPlayLevel: Creating play world package: /Game/ThirdPersonBP/Maps/UEDPIE_0_Distrito1
[2018.03.03-00.00.32:257][577]LogPlayLevel: PIE: StaticDuplicateObject took: (0.133723s)
[2018.03.03-00.00.32:258][577]LogAIModule: Creating AISystem for world Distrito1
[2018.03.03-00.00.32:258][577]LogPlayLevel: PIE: World Init took: (0.000804s)
[2018.03.03-00.00.32:259][577]LogPlayLevel: PIE: Created PIE world by copying editor world from /Game/ThirdPersonBP/Maps/Distrito1.Distrito1 to /Game/ThirdPersonBP/Maps/UEDPIE_0_Distrito1.Distrito1 (0.135234s)
[2018.03.03-00.00.32:286][577]LogInit: XAudio2 using 'Audífono de los auriculares con micrófono (Corsair VOID Wireless Gaming Dongle)' : 6 channels at 48 kHz using 16 bits per sample (channel mask 0x3f)
[2018.03.03-00.00.32:438][577]LogInit: FAudioDevice initialized.
[2018.03.03-00.00.32:469][577]LogLoad: Game class is 'ThirdPersonGameMode_C'
[2018.03.03-00.00.32:510][577]LogWorld: Bringing World /Game/ThirdPersonBP/Maps/UEDPIE_0_Distrito1.Distrito1 up for play (max tick rate 0) at 2018.03.03-01.00.32
[2018.03.03-00.00.32:518][577]LogWorld: Bringing up level for play took: 0.048367
[2018.03.03-00.00.32:531][577]PIE: Info Play in editor start time for /Game/ThirdPersonBP/Maps/UEDPIE_0_Distrito1 1.233
[2018.03.03-00.00.32:532][577]LogBlueprintUserMessages: Late PlayInEditor Detection: Level '/Game/ThirdPersonBP/Maps/Distrito1.Distrito1:PersistentLevel' has LevelScriptBlueprint '/Game/ThirdPersonBP/Maps/Distrito1.Distrito1:PersistentLevel.Distrito1' with GeneratedClass '/Game/ThirdPersonBP/Maps/Distrito1.Distrito1_C' with ClassGeneratedBy '/Game/ThirdPersonBP/Maps/Distrito1.Distrito1:PersistentLevel.Distrito1'
[2018.03.03-00.00.32:539][577]LogAudio:Warning: Detected orphaned looping sound 'Rich_district_alpha'.
[2018.03.03-00.00.35:704][800]LogBlueprintUserMessages: [beatAnimBP_C_0] Hello
[2018.03.03-00.00.40:401][149]LogBlueprintUserMessages: [beatAnimBP_C_0] Hello
[2018.03.03-00.00.42:612][322]LogBlueprintUserMessages: Early EndPlayMap Detection: Level '/Game/ThirdPersonBP/Maps/Distrito1.Distrito1:PersistentLevel' has LevelScriptBlueprint '/Game/ThirdPersonBP/Maps/Distrito1.Distrito1:PersistentLevel.Distrito1' with GeneratedClass '/Game/ThirdPersonBP/Maps/Distrito1.Distrito1_C' with ClassGeneratedBy '/Game/ThirdPersonBP/Maps/Distrito1.Distrito1:PersistentLevel.Distrito1'
[2018.03.03-00.00.42:766][322]LogBlueprintUserMessages: Late EndPlayMap Detection: Level '/Game/ThirdPersonBP/Maps/Distrito1.Distrito1:PersistentLevel' has LevelScriptBlueprint '/Game/ThirdPersonBP/Maps/Distrito1.Distrito1:PersistentLevel.Distrito1' with GeneratedClass '/Game/ThirdPersonBP/Maps/Distrito1.Distrito1_C' with ClassGeneratedBy '/Game/ThirdPersonBP/Maps/Distrito1.Distrito1:PersistentLevel.Distrito1'
[2018.03.03-00.00.56:661][ 53]LogSavePackage: Save=4.81ms
[2018.03.03-00.00.56:661][ 53]LogSavePackage: Moving '../../../../../../Users/abala/Documents/SourceTree/Anarquia/Proyecto2/Saved/beat_smash_1_M6F4052FF406C974DC74749815B2761D9.tmp' to '../../../../../../Users/abala/Documents/SourceTree/Anarquia/Proyecto2/Content/ThirdPersonBP/Blueprints/character/anims/montajes/smash1/beat_smash_1_M.uasset'
[2018.03.03-00.00.56:667][ 53]LogSavePackage:Display: Finished SavePackage ../../../../../../Users/abala/Documents/SourceTree/Anarquia/Proyecto2/Content/ThirdPersonBP/Blueprints/character/anims/montajes/smash1/beat_smash_1_M.uasset
[2018.03.03-00.01.01:983][368]LogContentBrowser:Verbose: The majority of assets in the view are of type: AnimSequence
[2018.03.03-00.01.02:812][419]LogContentBrowser:Verbose: The majority of assets in the view are of type: AnimMontage
[2018.03.03-00.01.11:990][924]LogSavePackage: Save=21.28ms
[2018.03.03-00.01.11:990][924]LogSavePackage: Moving '../../../../../../Users/abala/Documents/SourceTree/Anarquia/Proyecto2/Saved/beat_combo_1_3_M2DA9FF26485BF9C91C09958FFC63E015.tmp' to '../../../../../../Users/abala/Documents/SourceTree/Anarquia/Proyecto2/Content/ThirdPersonBP/Blueprints/character/anims/montajes/combo1Sword/beat_combo_1_3_M.uasset'
[2018.03.03-00.01.11:996][924]LogSavePackage:Display: Finished SavePackage ../../../../../../Users/abala/Documents/SourceTree/Anarquia/Proyecto2/Content/ThirdPersonBP/Blueprints/character/anims/montajes/combo1Sword/beat_combo_1_3_M.uasset
[2018.03.03-00.01.14:042][ 58]LogTemp: Repeting last play command: Selected Viewport
[2018.03.03-00.01.14:057][ 58]LogBlueprintUserMessages: Early PlayInEditor Detection: Level '/Game/ThirdPersonBP/Maps/Distrito1.Distrito1:PersistentLevel' has LevelScriptBlueprint '/Game/ThirdPersonBP/Maps/Distrito1.Distrito1:PersistentLevel.Distrito1' with GeneratedClass '/Game/ThirdPersonBP/Maps/Distrito1.Distrito1_C' with ClassGeneratedBy '/Game/ThirdPersonBP/Maps/Distrito1.Distrito1:PersistentLevel.Distrito1'
[2018.03.03-00.01.14:057][ 58]LogPlayLevel: PlayLevel: No blueprints needed recompiling
[2018.03.03-00.01.14:058][ 58]PIE: New page: PIE session: Distrito1 (Mar 3, 2018, 2:01:14 AM)
[2018.03.03-00.01.14:058][ 58]LogPlayLevel: Creating play world package: /Game/ThirdPersonBP/Maps/UEDPIE_0_Distrito1
[2018.03.03-00.01.14:191][ 58]LogPlayLevel: PIE: StaticDuplicateObject took: (0.132565s)
[2018.03.03-00.01.14:192][ 58]LogAIModule: Creating AISystem for world Distrito1
[2018.03.03-00.01.14:192][ 58]LogPlayLevel: PIE: World Init took: (0.000993s)
[2018.03.03-00.01.14:192][ 58]LogPlayLevel: PIE: Created PIE world by copying editor world from /Game/ThirdPersonBP/Maps/Distrito1.Distrito1 to /Game/ThirdPersonBP/Maps/UEDPIE_0_Distrito1.Distrito1 (0.134324s)
[2018.03.03-00.01.14:223][ 58]LogInit: XAudio2 using 'Audífono de los auriculares con micrófono (Corsair VOID Wireless Gaming Dongle)' : 6 channels at 48 kHz using 16 bits per sample (channel mask 0x3f)
[2018.03.03-00.01.14:352][ 58]LogInit: FAudioDevice initialized.
[2018.03.03-00.01.14:385][ 58]LogLoad: Game class is 'ThirdPersonGameMode_C'
[2018.03.03-00.01.14:425][ 58]LogWorld: Bringing World /Game/ThirdPersonBP/Maps/UEDPIE_0_Distrito1.Distrito1 up for play (max tick rate 0) at 2018.03.03-01.01.14
[2018.03.03-00.01.14:435][ 58]LogWorld: Bringing up level for play took: 0.048477
[2018.03.03-00.01.14:448][ 58]PIE: Info Play in editor start time for /Game/ThirdPersonBP/Maps/UEDPIE_0_Distrito1 1.149
[2018.03.03-00.01.14:448][ 58]LogBlueprintUserMessages: Late PlayInEditor Detection: Level '/Game/ThirdPersonBP/Maps/Distrito1.Distrito1:PersistentLevel' has LevelScriptBlueprint '/Game/ThirdPersonBP/Maps/Distrito1.Distrito1:PersistentLevel.Distrito1' with GeneratedClass '/Game/ThirdPersonBP/Maps/Distrito1.Distrito1_C' with ClassGeneratedBy '/Game/ThirdPersonBP/Maps/Distrito1.Distrito1:PersistentLevel.Distrito1'
[2018.03.03-00.01.14:456][ 58]LogAudio:Warning: Detected orphaned looping sound 'Rich_district_alpha'.
[2018.03.03-00.01.17:336][264]LogBlueprintUserMessages: [beatAnimBP_C_0] Hello
[2018.03.03-00.01.19:489][425]LogBlueprintUserMessages: [beatAnimBP_C_0] Hello
[2018.03.03-00.01.22:057][619]LogBlueprintUserMessages: [beatAnimBP_C_0] Hello
[2018.03.03-00.01.24:869][817]LogBlueprintUserMessages: [beatAnimBP_C_0] Hello
[2018.03.03-00.01.26:313][906]LogBlueprintUserMessages: [baseEnemy_128] kaka
[2018.03.03-00.01.27:156][955]LogBlueprintUserMessages: [baseEnemy_128] kaka
[2018.03.03-00.01.27:363][967]LogBlueprintUserMessages: [beatAnimBP_C_0] Hello
[2018.03.03-00.01.27:971][  2]LogBlueprintUserMessages: [baseEnemy_128] kaka
[2018.03.03-00.01.28:508][ 33]LogBlueprintUserMessages: Early EndPlayMap Detection: Level '/Game/ThirdPersonBP/Maps/Distrito1.Distrito1:PersistentLevel' has LevelScriptBlueprint '/Game/ThirdPersonBP/Maps/Distrito1.Distrito1:PersistentLevel.Distrito1' with GeneratedClass '/Game/ThirdPersonBP/Maps/Distrito1.Distrito1_C' with ClassGeneratedBy '/Game/ThirdPersonBP/Maps/Distrito1.Distrito1:PersistentLevel.Distrito1'
[2018.03.03-00.01.28:573][ 33]LogBlueprintUserMessages: Late EndPlayMap Detection: Level '/Game/ThirdPersonBP/Maps/Distrito1.Distrito1:PersistentLevel' has LevelScriptBlueprint '/Game/ThirdPersonBP/Maps/Distrito1.Distrito1:PersistentLevel.Distrito1' with GeneratedClass '/Game/ThirdPersonBP/Maps/Distrito1.Distrito1_C' with ClassGeneratedBy '/Game/ThirdPersonBP/Maps/Distrito1.Distrito1:PersistentLevel.Distrito1'
[2018.03.03-00.01.33:930][248]LogSavePackage: Save=4.97ms
[2018.03.03-00.01.33:930][248]LogSavePackage: Moving '../../../../../../Users/abala/Documents/SourceTree/Anarquia/Proyecto2/Saved/beat_combo_1_3_M3728AE7D48866B79A5EB5BB2014D3641.tmp' to '../../../../../../Users/abala/Documents/SourceTree/Anarquia/Proyecto2/Content/ThirdPersonBP/Blueprints/character/anims/montajes/combo1Sword/beat_combo_1_3_M.uasset'
[2018.03.03-00.01.33:936][248]LogSavePackage:Display: Finished SavePackage ../../../../../../Users/abala/Documents/SourceTree/Anarquia/Proyecto2/Content/ThirdPersonBP/Blueprints/character/anims/montajes/combo1Sword/beat_combo_1_3_M.uasset
[2018.03.03-00.01.36:167][365]LogTemp: Repeting last play command: Selected Viewport
[2018.03.03-00.01.36:181][365]LogBlueprintUserMessages: Early PlayInEditor Detection: Level '/Game/ThirdPersonBP/Maps/Distrito1.Distrito1:PersistentLevel' has LevelScriptBlueprint '/Game/ThirdPersonBP/Maps/Distrito1.Distrito1:PersistentLevel.Distrito1' with GeneratedClass '/Game/ThirdPersonBP/Maps/Distrito1.Distrito1_C' with ClassGeneratedBy '/Game/ThirdPersonBP/Maps/Distrito1.Distrito1:PersistentLevel.Distrito1'
[2018.03.03-00.01.36:181][365]LogPlayLevel: PlayLevel: No blueprints needed recompiling
[2018.03.03-00.01.36:181][365]PIE: New page: PIE session: Distrito1 (Mar 3, 2018, 2:01:36 AM)
[2018.03.03-00.01.36:183][365]LogPlayLevel: Creating play world package: /Game/ThirdPersonBP/Maps/UEDPIE_0_Distrito1
[2018.03.03-00.01.36:317][365]LogPlayLevel: PIE: StaticDuplicateObject took: (0.133024s)
[2018.03.03-00.01.36:317][365]LogAIModule: Creating AISystem for world Distrito1
[2018.03.03-00.01.36:317][365]LogPlayLevel: PIE: World Init took: (0.000786s)
[2018.03.03-00.01.36:318][365]LogPlayLevel: PIE: Created PIE world by copying editor world from /Game/ThirdPersonBP/Maps/Distrito1.Distrito1 to /Game/ThirdPersonBP/Maps/UEDPIE_0_Distrito1.Distrito1 (0.134431s)
[2018.03.03-00.01.36:395][365]LogInit: XAudio2 using 'Audífono de los auriculares con micrófono (Corsair VOID Wireless Gaming Dongle)' : 6 channels at 48 kHz using 16 bits per sample (channel mask 0x3f)
[2018.03.03-00.01.36:550][365]LogInit: FAudioDevice initialized.
[2018.03.03-00.01.36:585][365]LogLoad: Game class is 'ThirdPersonGameMode_C'
[2018.03.03-00.01.36:627][365]LogWorld: Bringing World /Game/ThirdPersonBP/Maps/UEDPIE_0_Distrito1.Distrito1 up for play (max tick rate 0) at 2018.03.03-01.01.36
[2018.03.03-00.01.36:635][365]LogWorld: Bringing up level for play took: 0.049615
[2018.03.03-00.01.36:648][365]PIE: Info Play in editor start time for /Game/ThirdPersonBP/Maps/UEDPIE_0_Distrito1 1.35
[2018.03.03-00.01.36:648][365]LogBlueprintUserMessages: Late PlayInEditor Detection: Level '/Game/ThirdPersonBP/Maps/Distrito1.Distrito1:PersistentLevel' has LevelScriptBlueprint '/Game/ThirdPersonBP/Maps/Distrito1.Distrito1:PersistentLevel.Distrito1' with GeneratedClass '/Game/ThirdPersonBP/Maps/Distrito1.Distrito1_C' with ClassGeneratedBy '/Game/ThirdPersonBP/Maps/Distrito1.Distrito1:PersistentLevel.Distrito1'
[2018.03.03-00.01.36:655][365]LogAudio:Warning: Detected orphaned looping sound 'Rich_district_alpha'.
[2018.03.03-00.01.39:450][576]LogBlueprintUserMessages: [beatAnimBP_C_0] Hello
[2018.03.03-00.01.42:695][854]LogBlueprintUserMessages: [beatAnimBP_C_0] Hello
[2018.03.03-00.01.46:180][201]LogBlueprintUserMessages: [beatAnimBP_C_0] Hello
[2018.03.03-00.01.53:326][747]LogBlueprintUserMessages: Early EndPlayMap Detection: Level '/Game/ThirdPersonBP/Maps/Distrito1.Distrito1:PersistentLevel' has LevelScriptBlueprint '/Game/ThirdPersonBP/Maps/Distrito1.Distrito1:PersistentLevel.Distrito1' with GeneratedClass '/Game/ThirdPersonBP/Maps/Distrito1.Distrito1_C' with ClassGeneratedBy '/Game/ThirdPersonBP/Maps/Distrito1.Distrito1:PersistentLevel.Distrito1'
[2018.03.03-00.01.53:394][747]LogBlueprintUserMessages: Late EndPlayMap Detection: Level '/Game/ThirdPersonBP/Maps/Distrito1.Distrito1:PersistentLevel' has LevelScriptBlueprint '/Game/ThirdPersonBP/Maps/Distrito1.Distrito1:PersistentLevel.Distrito1' with GeneratedClass '/Game/ThirdPersonBP/Maps/Distrito1.Distrito1_C' with ClassGeneratedBy '/Game/ThirdPersonBP/Maps/Distrito1.Distrito1:PersistentLevel.Distrito1'
[2018.03.03-00.01.57:392][816]LogSavePackage: Save=2733.27ms
[2018.03.03-00.01.57:392][816]LogSavePackage: Moving '../../../../../../Users/abala/Documents/SourceTree/Anarquia/Proyecto2/Saved/Distrito18890A02D4D507FD7B6C233925635E1E1.tmp' to '../../../../../../Users/abala/Documents/SourceTree/Anarquia/Proyecto2/Content/ThirdPersonBP/Maps/Distrito1.umap'
[2018.03.03-00.01.57:399][816]LogSavePackage:Display: Finished SavePackage ../../../../../../Users/abala/Documents/SourceTree/Anarquia/Proyecto2/Content/ThirdPersonBP/Maps/Distrito1.umap
[2018.03.03-00.03.16:017][214]LogSavePackage: Save=2757.06ms
[2018.03.03-00.03.16:017][214]LogSavePackage: Moving '../../../../../../Users/abala/Documents/SourceTree/Anarquia/Proyecto2/Saved/Distrito17B3F1D6A485DC840C31581AAE8DA655A.tmp' to '../../../../../../Users/abala/Documents/SourceTree/Anarquia/Proyecto2/Content/ThirdPersonBP/Maps/Distrito1.umap'
[2018.03.03-00.03.16:021][214]LogSavePackage:Display: Finished SavePackage ../../../../../../Users/abala/Documents/SourceTree/Anarquia/Proyecto2/Content/ThirdPersonBP/Maps/Distrito1.umap
[2018.03.03-00.03.20:282][338]LogSavePackage: Save=1116.64ms
[2018.03.03-00.03.20:282][338]LogSavePackage: Moving '../../../../../../Users/abala/Documents/SourceTree/Anarquia/Proyecto2/Saved/beat0F0354A745B8AA87FA5EB1B658DF725E.tmp' to '../../../../../../Users/abala/Documents/SourceTree/Anarquia/Proyecto2/Content/ThirdPersonBP/Blueprints/character/beat.uasset'
[2018.03.03-00.03.20:288][338]LogSavePackage:Display: Finished SavePackage ../../../../../../Users/abala/Documents/SourceTree/Anarquia/Proyecto2/Content/ThirdPersonBP/Blueprints/character/beat.uasset
[2018.03.03-00.03.20:721][338]LogWindowsTextInputMethodSystem:Display: IME system now deactivated.
[2018.03.03-00.03.20:933][339]Cmd: QUIT_EDITOR
[2018.03.03-00.03.21:081][339]LogExit: Preparing to exit.
[2018.03.03-00.03.21:816][339]LogDirectoryWatcher: A directory notification for 'D:/Users/abala/Documents/SourceTree/Anarquia/Proyecto2/Content/' was aborted.
[2018.03.03-00.03.21:899][339]LogExit: Editor shut down
[2018.03.03-00.03.21:906][339]LogExit: Transaction tracking system shut down
[2018.03.03-00.03.22:077][339]LogObj: Freed 0b from 0 cluster array pools.
[2018.03.03-00.03.22:077][339]LogExit: Object subsystem successfully closed.
[2018.03.03-00.03.22:096][339]LogD3D11RHI: Shutdown
[2018.03.03-00.03.22:096][339]LogD3D11RHI: CleanupD3DDevice
[2018.03.03-00.03.22:500][339]LogD3D11RHI: ~FD3D11DynamicRHI
[2018.03.03-00.03.22:522][339]LogModuleManager: Shutting down and abandoning module MovieSceneCapture (536)
[2018.03.03-00.03.22:522][339]LogModuleManager: Shutting down and abandoning module ClothingSystemEditorInterface (534)
[2018.03.03-00.03.22:522][339]LogModuleManager: Shutting down and abandoning module BlueprintGraph (532)
[2018.03.03-00.03.22:522][339]LogModuleManager: Shutting down and abandoning module BlueprintProfiler (530)
[2018.03.03-00.03.22:530][339]LogModuleManager: Shutting down and abandoning module SkeletonEditor (528)
[2018.03.03-00.03.22:530][339]LogModuleManager: Shutting down and abandoning module AnimationEditor (526)
[2018.03.03-00.03.22:530][339]LogModuleManager: Shutting down and abandoning module HierarchicalLODOutliner (524)
[2018.03.03-00.03.22:530][339]LogModuleManager: Shutting down and abandoning module CrashTracker (522)
[2018.03.03-00.03.22:530][339]LogModuleManager: Shutting down and abandoning module SceneOutliner (520)
[2018.03.03-00.03.22:534][339]LogModuleManager: Shutting down and abandoning module AddContentDialog (518)
[2018.03.03-00.03.22:544][339]LogDirectoryWatcher: A directory notification for 'D:/Program Files (x86)/Epic Games/UE_4.16/FeaturePacks/' was aborted.
[2018.03.03-00.03.22:552][339]LogModuleManager: Shutting down and abandoning module WidgetCarousel (517)
[2018.03.03-00.03.22:552][339]LogModuleManager: Shutting down and abandoning module EditorWidgets (514)
[2018.03.03-00.03.22:552][339]LogModuleManager: Shutting down and abandoning module CollectionManager (512)
[2018.03.03-00.03.22:552][339]LogDirectoryWatcher: A directory notification for 'D:/Users/abala/Documents/SourceTree/Anarquia/Proyecto2/Content/Collections/' was aborted.
[2018.03.03-00.03.22:552][339]LogDirectoryWatcher: A directory notification for 'D:/Users/abala/Documents/SourceTree/Anarquia/Proyecto2/Content/Developers/abala/Collections/' was aborted.
[2018.03.03-00.03.22:552][339]LogDirectoryWatcher: A directory notification for 'D:/Users/abala/Documents/SourceTree/Anarquia/Proyecto2/Saved/Collections/' was aborted.
[2018.03.03-00.03.22:552][339]LogModuleManager: Shutting down and abandoning module StatsViewer (510)
[2018.03.03-00.03.22:552][339]LogModuleManager: Shutting down and abandoning module FoliageEdit (508)
[2018.03.03-00.03.22:552][339]LogModuleManager: Shutting down and abandoning module LandscapeEditor (506)
[2018.03.03-00.03.22:552][339]LogModuleManager: Shutting down and abandoning module MeshPaintMode (504)
[2018.03.03-00.03.22:552][339]LogModuleManager: Shutting down and abandoning module SceneDepthPickerMode (502)
[2018.03.03-00.03.22:552][339]LogModuleManager: Shutting down and abandoning module ActorPickerMode (500)
[2018.03.03-00.03.22:552][339]LogModuleManager: Shutting down and abandoning module GeometryMode (498)
[2018.03.03-00.03.22:552][339]LogModuleManager: Shutting down and abandoning module TextureAlignMode (496)
[2018.03.03-00.03.22:552][339]LogModuleManager: Shutting down and abandoning module BspMode (494)
[2018.03.03-00.03.22:552][339]LogModuleManager: Shutting down and abandoning module HardwareSurvey (492)
[2018.03.03-00.03.22:552][339]LogModuleManager: Shutting down and abandoning module SequenceRecorderSections (490)
[2018.03.03-00.03.22:552][339]LogModuleManager: Shutting down and abandoning module AutomationWorker (488)
[2018.03.03-00.03.22:552][339]LogModuleManager: Shutting down and abandoning module MatineeToLevelSequence (486)
[2018.03.03-00.03.22:552][339]LogModuleManager: Shutting down and abandoning module LevelSequenceEditor (484)
[2018.03.03-00.03.22:552][339]LogModuleManager: Shutting down and abandoning module PlacementMode (483)
[2018.03.03-00.03.22:552][339]LogModuleManager: Shutting down and abandoning module WmfMediaFactory (480)
[2018.03.03-00.03.22:552][339]LogModuleManager: Shutting down and abandoning module WmfMediaEditor (478)
[2018.03.03-00.03.22:552][339]LogModuleManager: Shutting down and abandoning module AvfMediaFactory (476)
[2018.03.03-00.03.22:552][339]LogModuleManager: Shutting down and abandoning module AvfMediaEditor (474)
[2018.03.03-00.03.22:552][339]LogModuleManager: Shutting down and abandoning module AndroidMediaFactory (472)
[2018.03.03-00.03.22:552][339]LogModuleManager: Shutting down and abandoning module Media (471)
[2018.03.03-00.03.22:552][339]LogModuleManager: Shutting down and abandoning module AndroidMediaEditor (468)
[2018.03.03-00.03.22:552][339]LogModuleManager: Shutting down and abandoning module CharacterAI (466)
[2018.03.03-00.03.22:552][339]LogModuleManager: Shutting down and abandoning module AudioCapture (464)
[2018.03.03-00.03.22:552][339]LogModuleManager: Shutting down and abandoning module SequenceRecorder (463)
[2018.03.03-00.03.22:553][339]LogModuleManager: Shutting down and abandoning module SmartSnapping (460)
[2018.03.03-00.03.22:553][339]LogModuleManager: Shutting down and abandoning module SessionServices (458)
[2018.03.03-00.03.22:553][339]LogModuleManager: Shutting down and abandoning module ViewportSnapping (456)
[2018.03.03-00.03.22:553][339]LogModuleManager: Shutting down and abandoning module ViewportInteraction (454)
[2018.03.03-00.03.22:553][339]LogModuleManager: Shutting down and abandoning module ClothPainter (452)
[2018.03.03-00.03.22:553][339]LogModuleManager: Shutting down and abandoning module LogVisualizer (450)
[2018.03.03-00.03.22:553][339]LogModuleManager: Shutting down and abandoning module IntroTutorials (448)
[2018.03.03-00.03.22:558][339]LogModuleManager: Shutting down and abandoning module GameProjectGeneration (447)
[2018.03.03-00.03.22:558][339]LogModuleManager: Shutting down and abandoning module EditorLiveStreaming (444)
[2018.03.03-00.03.22:558][339]LogModuleManager: Shutting down and abandoning module IOSPlatformEditor (442)
[2018.03.03-00.03.22:558][339]LogModuleManager: Shutting down and abandoning module HTML5PlatformEditor (440)
[2018.03.03-00.03.22:558][339]LogModuleManager: Shutting down and abandoning module AndroidPlatformEditor (438)
[2018.03.03-00.03.22:558][339]LogModuleManager: Shutting down and abandoning module AndroidDeviceDetection (437)
[2018.03.03-00.03.22:582][339]LogModuleManager: Shutting down and abandoning module IOSRuntimeSettings (434)
[2018.03.03-00.03.22:582][339]LogModuleManager: Shutting down and abandoning module AndroidRuntimeSettings (432)
[2018.03.03-00.03.22:582][339]LogModuleManager: Shutting down and abandoning module InputBindingEditor (430)
[2018.03.03-00.03.22:582][339]LogModuleManager: Shutting down and abandoning module MergeActors (428)
[2018.03.03-00.03.22:582][339]LogModuleManager: Shutting down and abandoning module SizeMap (426)
[2018.03.03-00.03.22:582][339]LogModuleManager: Shutting down and abandoning module TreeMap (424)
[2018.03.03-00.03.22:582][339]LogModuleManager: Shutting down and abandoning module ReferenceViewer (422)
[2018.03.03-00.03.22:582][339]LogModuleManager: Shutting down and abandoning module LocalizationDashboard (420)
[2018.03.03-00.03.22:582][339]LogModuleManager: Shutting down and abandoning module LocalizationService (419)
[2018.03.03-00.03.22:582][339]LogModuleManager: Shutting down and abandoning module HardwareTargeting (416)
[2018.03.03-00.03.22:582][339]LogModuleManager: Shutting down and abandoning module DeviceProfileEditor (414)
[2018.03.03-00.03.22:582][339]LogModuleManager: Shutting down and abandoning module UndoHistory (412)
[2018.03.03-00.03.22:582][339]LogModuleManager: Shutting down and abandoning module UserFeedback (410)
[2018.03.03-00.03.22:582][339]LogModuleManager: Shutting down and abandoning module XmlParser (408)
[2018.03.03-00.03.22:582][339]LogModuleManager: Shutting down and abandoning module Blutility (406)
[2018.03.03-00.03.22:582][339]LogModuleManager: Shutting down and abandoning module ProjectSettingsViewer (404)
[2018.03.03-00.03.22:582][339]LogModuleManager: Shutting down and abandoning module ProjectTargetPlatformEditor (403)
[2018.03.03-00.03.22:582][339]LogModuleManager: Shutting down and abandoning module EditorSettingsViewer (400)
[2018.03.03-00.03.22:582][339]LogModuleManager: Shutting down and abandoning module SettingsEditor (398)
[2018.03.03-00.03.22:582][339]LogModuleManager: Shutting down and abandoning module ProjectLauncher (396)
[2018.03.03-00.03.22:582][339]LogModuleManager: Shutting down and abandoning module SessionFrontend (394)
[2018.03.03-00.03.22:582][339]LogModuleManager: Shutting down and abandoning module ProfilerClient (392)
[2018.03.03-00.03.22:582][339]LogModuleManager: Shutting down and abandoning module DeviceManager (390)
[2018.03.03-00.03.22:582][339]LogModuleManager: Shutting down and abandoning module TargetDeviceServices (389)
[2018.03.03-00.03.22:642][339]LogModuleManager: Shutting down and abandoning module AutomationController (386)
[2018.03.03-00.03.22:642][339]LogModuleManager: Shutting down and abandoning module AutomationWindow (384)
[2018.03.03-00.03.22:642][339]LogModuleManager: Shutting down and abandoning module Layers (382)
[2018.03.03-00.03.22:642][339]LogModuleManager: Shutting down and abandoning module ComponentVisualizers (380)
[2018.03.03-00.03.22:642][339]LogModuleManager: Shutting down and abandoning module DetailCustomizations (378)
[2018.03.03-00.03.22:642][339]LogModuleManager: Shutting down and abandoning module PackagesDialog (376)
[2018.03.03-00.03.22:642][339]LogModuleManager: Shutting down and abandoning module Persona (374)
[2018.03.03-00.03.22:642][339]LogModuleManager: Shutting down and abandoning module AdvancedPreviewScene (373)
[2018.03.03-00.03.22:642][339]LogModuleManager: Shutting down and abandoning module AnimGraph (371)
[2018.03.03-00.03.22:642][339]LogModuleManager: Shutting down and abandoning module Kismet (368)
[2018.03.03-00.03.22:651][339]LogModuleManager: Shutting down and abandoning module ClassViewer (366)
[2018.03.03-00.03.22:651][339]LogModuleManager: Shutting down and abandoning module Toolbox (364)
[2018.03.03-00.03.22:651][339]LogModuleManager: Shutting down and abandoning module ModuleUI (362)
[2018.03.03-00.03.22:651][339]LogModuleManager: Shutting down and abandoning module MovieSceneTools (360)
[2018.03.03-00.03.22:651][339]LogModuleManager: Shutting down and abandoning module OutputLog (358)
[2018.03.03-00.03.22:651][339]LogModuleManager: Shutting down and abandoning module GammaUI (356)
[2018.03.03-00.03.22:651][339]LogModuleManager: Shutting down and abandoning module Documentation (354)
[2018.03.03-00.03.22:651][339]LogModuleManager: Shutting down and abandoning module MovieSceneTracks (352)
[2018.03.03-00.03.22:651][339]LogModuleManager: Shutting down and abandoning module MovieScene (350)
[2018.03.03-00.03.22:651][339]LogModuleManager: Shutting down and abandoning module Niagara (348)
[2018.03.03-00.03.22:651][339]LogModuleManager: Shutting down and abandoning module NiagaraEditor (347)
[2018.03.03-00.03.22:651][339]LogModuleManager: Shutting down and abandoning module StreamingPauseRendering (344)
[2018.03.03-00.03.22:651][339]LogModuleManager: Shutting down and abandoning module AnalyticsET (342)
[2018.03.03-00.03.22:651][339]LogModuleManager: Shutting down and abandoning module PortalServices (340)
[2018.03.03-00.03.22:651][339]LogModuleManager: Shutting down and abandoning module PortalRpc (338)
[2018.03.03-00.03.22:651][339]LogModuleManager: Shutting down and abandoning module MessagingRpc (336)
[2018.03.03-00.03.22:651][339]LogModuleManager: Shutting down and abandoning module AIModule (334)
[2018.03.03-00.03.22:651][339]LogModuleManager: Shutting down and abandoning module GameplayDebugger (333)
[2018.03.03-00.03.22:651][339]LogModuleManager: Shutting down and abandoning module AITestSuite (331)
[2018.03.03-00.03.22:651][339]LogModuleManager: Shutting down and abandoning module ProfilerService (328)
[2018.03.03-00.03.22:708][339]LogModuleManager: Shutting down and abandoning module TaskGraph (326)
[2018.03.03-00.03.22:708][339]LogModuleManager: Shutting down and abandoning module SteamVRController (324)
[2018.03.03-00.03.22:708][339]LogModuleManager: Shutting down and abandoning module SteamVR (322)
[2018.03.03-00.03.22:708][339]LogModuleManager: Shutting down and abandoning module ProceduralMeshComponentEditor (320)
[2018.03.03-00.03.22:708][339]LogModuleManager: Shutting down and abandoning module ProceduralMeshComponent (318)
[2018.03.03-00.03.22:708][339]LogModuleManager: Shutting down and abandoning module OculusLibrary (316)
[2018.03.03-00.03.22:708][339]LogModuleManager: Shutting down and abandoning module OculusInput (314)
[2018.03.03-00.03.22:708][339]LogModuleManager: Shutting down and abandoning module MobilePatchingUtils (312)
[2018.03.03-00.03.22:708][339]LogModuleManager: Shutting down and abandoning module CustomMeshComponent (310)
[2018.03.03-00.03.22:708][339]LogModuleManager: Shutting down and abandoning module CableComponent (308)
[2018.03.03-00.03.22:708][339]LogModuleManager: Shutting down and abandoning module ArchVisCharacter (306)
[2018.03.03-00.03.22:708][339]LogModuleManager: Shutting down and abandoning module AndroidPermission (304)
[2018.03.03-00.03.22:708][339]LogModuleManager: Shutting down and abandoning module MediaPlayerEditor (300)
[2018.03.03-00.03.22:708][339]LogModuleManager: Shutting down and abandoning module HTML5Networking (298)
[2018.03.03-00.03.22:708][339]LogModuleManager: Shutting down and abandoning module AlembicImporter (296)
[2018.03.03-00.03.22:708][339]LogModuleManager: Shutting down and abandoning module AlembicLibrary (295)
[2018.03.03-00.03.22:708][339]LogModuleManager: Shutting down and abandoning module GeometryCache (294)
[2018.03.03-00.03.22:708][339]LogModuleManager: Shutting down and abandoning module GeometryCacheEd (293)
[2018.03.03-00.03.22:708][339]LogModuleManager: Shutting down and abandoning module SuperSearchEditor (288)
[2018.03.03-00.03.22:708][339]LogModuleManager: Shutting down and abandoning module SuperSearch (287)
[2018.03.03-00.03.22:708][339]LogModuleManager: Shutting down and abandoning module SpeedTreeImporter (284)
[2018.03.03-00.03.22:708][339]LogModuleManager: Shutting down and abandoning module PluginBrowser (282)
[2018.03.03-00.03.22:708][339]LogModuleManager: Shutting down and abandoning module MobileLauncherProfileWizard (280)
[2018.03.03-00.03.22:708][339]LogModuleManager: Shutting down and abandoning module VisualStudioSourceCodeAccess (278)
[2018.03.03-00.03.22:708][339]LogModuleManager: Shutting down and abandoning module DesktopPlatform (277)
[2018.03.03-00.03.22:708][339]LogModuleManager: Shutting down and abandoning module UObjectPlugin (274)
[2018.03.03-00.03.22:708][339]LogModuleManager: Shutting down and abandoning module SubversionSourceControl (272)
[2018.03.03-00.03.22:708][339]LogModuleManager: Shutting down and abandoning module PerforceSourceControl (270)
[2018.03.03-00.03.22:708][339]LogModuleManager: Shutting down and abandoning module GitSourceControl (268)
[2018.03.03-00.03.22:708][339]LogModuleManager: Shutting down and abandoning module SourceControl (267)
[2018.03.03-00.03.22:709][339]LogModuleManager: Shutting down and abandoning module LightPropagationVolumeEditor (264)
[2018.03.03-00.03.22:709][339]LogModuleManager: Shutting down and abandoning module PaperTiledImporter (262)
[2018.03.03-00.03.22:709][339]LogModuleManager: Shutting down and abandoning module PaperSpriteSheetImporter (260)
[2018.03.03-00.03.22:709][339]LogModuleManager: Shutting down and abandoning module Paper2DEditor (258)
[2018.03.03-00.03.22:709][339]LogModuleManager: Shutting down and abandoning module MeshPaint (257)
[2018.03.03-00.03.22:709][339]LogModuleManager: Shutting down and abandoning module LevelEditor (255)
[2018.03.03-00.03.22:709][339]LogModuleManager: Shutting down and abandoning module PixelInspectorModule (254)
[2018.03.03-00.03.22:710][339]LogModuleManager: Shutting down and abandoning module MainFrame (252)
[2018.03.03-00.03.22:710][339]LogModuleManager: Shutting down and abandoning module HotReload (251)
[2018.03.03-00.03.22:710][339]LogModuleManager: Shutting down and abandoning module PhysXVehiclesEditor (246)
[2018.03.03-00.03.22:710][339]LogModuleManager: Shutting down and abandoning module PhysXVehicles (244)
[2018.03.03-00.03.22:710][339]LogModuleManager: Shutting down and abandoning module LocationServicesBPLibrary (242)
[2018.03.03-00.03.22:710][339]LogModuleManager: Shutting down and abandoning module ImmediatePhysicsEditor (240)
[2018.03.03-00.03.22:710][339]LogModuleManager: Shutting down and abandoning module ImmediatePhysics (238)
[2018.03.03-00.03.22:710][339]LogModuleManager: Shutting down and abandoning module UdpMessaging (236)
[2018.03.03-00.03.22:811][339]LogModuleManager: Shutting down and abandoning module TcpMessaging (234)
[2018.03.03-00.03.22:912][339]LogModuleManager: Shutting down and abandoning module GameplayTagsEditor (232)
[2018.03.03-00.03.22:912][339]LogModuleManager: Shutting down and abandoning module FacialAnimationEditor (230)
[2018.03.03-00.03.22:912][339]LogModuleManager: Shutting down and abandoning module FacialAnimation (228)
[2018.03.03-00.03.22:912][339]LogModuleManager: Shutting down and abandoning module AssetManagerEditor (226)
[2018.03.03-00.03.22:912][339]LogModuleManager: Shutting down and abandoning module GraphEditor (225)
[2018.03.03-00.03.22:912][339]LogModuleManager: Shutting down and abandoning module ContentBrowser (223)
[2018.03.03-00.03.22:912][339]LogModuleManager: Shutting down and abandoning module LightPropagationVolumeRuntime (220)
[2018.03.03-00.03.22:913][339]LogModuleManager: Shutting down and abandoning module Paper2D (218)
[2018.03.03-00.03.22:913][339]LogModuleManager: Shutting down and abandoning module WindowsMoviePlayer (216)
[2018.03.03-00.03.22:913][339]LogModuleManager: Shutting down and abandoning module WmfMedia (214)
[2018.03.03-00.03.22:915][339]LogModuleManager: Shutting down and abandoning module ClothingSystemEditor (212)
[2018.03.03-00.03.22:915][339]LogModuleManager: Shutting down and abandoning module ClothingSystemRuntime (210)
[2018.03.03-00.03.22:915][339]LogModuleManager: Shutting down and abandoning module MediaAssets (208)
[2018.03.03-00.03.22:915][339]LogModuleManager: Shutting down and abandoning module GameLiveStreaming (206)
[2018.03.03-00.03.22:915][339]LogModuleManager: Shutting down and abandoning module VREditor (204)
[2018.03.03-00.03.22:915][339]LogModuleManager: Shutting down and abandoning module StringTableEditor (202)
[2018.03.03-00.03.22:915][339]LogModuleManager: Shutting down and abandoning module GameplayTasksEditor (200)
[2018.03.03-00.03.22:915][339]LogModuleManager: Shutting down and abandoning module BehaviorTreeEditor (198)
[2018.03.03-00.03.22:915][339]LogModuleManager: Shutting down and abandoning module FunctionalTesting (196)
[2018.03.03-00.03.22:915][339]LogModuleManager: Shutting down and abandoning module CollisionAnalyzer (194)
[2018.03.03-00.03.22:915][339]LogModuleManager: Shutting down and abandoning module UMG (192)
[2018.03.03-00.03.22:915][339]LogModuleManager: Shutting down and abandoning module UMGEditor (191)
[2018.03.03-00.03.22:915][339]LogModuleManager: Shutting down and abandoning module Sequencer (190)
[2018.03.03-00.03.22:915][339]LogModuleManager: Shutting down and abandoning module AssetTools (188)
[2018.03.03-00.03.22:915][339]LogModuleManager: Shutting down and abandoning module MessageLog (187)
[2018.03.03-00.03.22:915][339]LogModuleManager: Shutting down and abandoning module WorkspaceMenuStructure (186)
[2018.03.03-00.03.22:915][339]LogModuleManager: Shutting down and abandoning module SlateReflector (180)
[2018.03.03-00.03.22:915][339]LogModuleManager: Shutting down and abandoning module Slate (178)
[2018.03.03-00.03.22:915][339]LogModuleManager: Shutting down and abandoning module EditorStyle (176)
[2018.03.03-00.03.22:917][339]LogModuleManager: Shutting down and abandoning module SourceCodeAccess (174)
[2018.03.03-00.03.22:917][339]LogModuleManager: Shutting down and abandoning module HeadMountedDisplay (172)
[2018.03.03-00.03.22:917][339]LogModuleManager: Shutting down and abandoning module XAudio2 (170)
[2018.03.03-00.03.22:917][339]LogModuleManager: Shutting down and abandoning module Networking (168)
[2018.03.03-00.03.22:917][339]LogModuleManager: Shutting down and abandoning module Core (164)
[2018.03.03-00.03.22:917][339]LogModuleManager: Shutting down and abandoning module AssetRegistry (162)
[2018.03.03-00.03.23:111][339]LogDirectoryWatcher: A directory notification for '../../../Engine/Content/' was aborted.
[2018.03.03-00.03.23:111][339]LogDirectoryWatcher: A directory notification for '../../../../../../Users/abala/Documents/SourceTree/Anarquia/Proyecto2/Content/' was aborted.
[2018.03.03-00.03.23:111][339]LogDirectoryWatcher: A directory notification for '../../../Engine/Plugins/2D/Paper2D/Content/' was aborted.
[2018.03.03-00.03.23:111][339]LogDirectoryWatcher: A directory notification for '../../../Engine/Plugins/Runtime/GearVR/Content/' was aborted.
[2018.03.03-00.03.23:114][339]LogModuleManager: Shutting down and abandoning module DirectoryWatcher (161)
[2018.03.03-00.03.23:114][339]LogModuleManager: Shutting down and abandoning module KismetCompiler (158)
[2018.03.03-00.03.23:114][339]LogModuleManager: Shutting down and abandoning module LevelSequence (156)
[2018.03.03-00.03.23:114][339]LogModuleManager: Shutting down and abandoning module PhysXFormats (154)
[2018.03.03-00.03.23:114][339]LogModuleManager: Shutting down and abandoning module MeshUtilities (152)
[2018.03.03-00.03.23:114][339]LogModuleManager: Shutting down and abandoning module SimplygonSwarm (151)
[2018.03.03-00.03.23:114][339]LogModuleManager: Shutting down and abandoning module SimplygonMeshReduction (149)
[2018.03.03-00.03.23:114][339]LogModuleManager: Shutting down and abandoning module QuadricMeshReduction (147)
[2018.03.03-00.03.23:114][339]LogModuleManager: Shutting down and abandoning module DerivedDataCache (144)
[2018.03.03-00.03.23:161][339]LogDerivedDataCache: Shutdown
[2018.03.03-00.03.23:161][339]LogModuleManager: Shutting down and abandoning module TargetPlatform (142)
[2018.03.03-00.03.23:161][339]LogModuleManager: Shutting down and abandoning module VulkanShaderFormat (141)
[2018.03.03-00.03.23:161][339]LogModuleManager: Shutting down and abandoning module ShaderFormatVectorVM (139)
[2018.03.03-00.03.23:161][339]LogModuleManager: Shutting down and abandoning module ShaderFormatOpenGL (137)
[2018.03.03-00.03.23:161][339]LogModuleManager: Shutting down and abandoning module ShaderFormatD3D (135)
[2018.03.03-00.03.23:161][339]LogModuleManager: Shutting down and abandoning module MetalShaderFormat (133)
[2018.03.03-00.03.23:161][339]LogModuleManager: Shutting down and abandoning module TextureFormatUncompressed (131)
[2018.03.03-00.03.23:161][339]LogModuleManager: Shutting down and abandoning module TextureFormatPVR (129)
[2018.03.03-00.03.23:161][339]LogModuleManager: Shutting down and abandoning module TextureFormatDXT (127)
[2018.03.03-00.03.23:161][339]LogModuleManager: Shutting down and abandoning module TextureFormatIntelISPCTexComp (125)
[2018.03.03-00.03.23:161][339]LogModuleManager: Shutting down and abandoning module TextureFormatASTC (123)
[2018.03.03-00.03.23:161][339]LogModuleManager: Shutting down and abandoning module ImageWrapper (122)
[2018.03.03-00.03.23:161][339]LogModuleManager: Shutting down and abandoning module TextureFormatAndroid (119)
[2018.03.03-00.03.23:161][339]LogModuleManager: Shutting down and abandoning module AudioFormatOpus (117)
[2018.03.03-00.03.23:161][339]LogModuleManager: Shutting down and abandoning module AudioFormatOgg (115)
[2018.03.03-00.03.23:162][339]LogModuleManager: Shutting down and abandoning module AudioFormatADPCM (113)
[2018.03.03-00.03.23:162][339]LogModuleManager: Shutting down and abandoning module LinuxTargetPlatform (111)
[2018.03.03-00.03.23:162][339]LogModuleManager: Shutting down and abandoning module LinuxServerTargetPlatform (109)
[2018.03.03-00.03.23:162][339]LogModuleManager: Shutting down and abandoning module LinuxNoEditorTargetPlatform (107)
[2018.03.03-00.03.23:162][339]LogModuleManager: Shutting down and abandoning module LinuxClientTargetPlatform (105)
[2018.03.03-00.03.23:162][339]LogModuleManager: Shutting down and abandoning module TVOSTargetPlatform (103)
[2018.03.03-00.03.23:162][339]LogModuleManager: Shutting down and abandoning module Messaging (101)
[2018.03.03-00.03.23:162][339]LogModuleManager: Shutting down and abandoning module IOSTargetPlatform (99)
[2018.03.03-00.03.23:162][339]LogModuleManager: Shutting down and abandoning module HTML5TargetPlatform (97)
[2018.03.03-00.03.23:162][339]LogModuleManager: Shutting down and abandoning module Android_PVRTCTargetPlatform (95)
[2018.03.03-00.03.23:162][339]LogModuleManager: Shutting down and abandoning module Android_MultiTargetPlatform (93)
[2018.03.03-00.03.23:162][339]LogModuleManager: Shutting down and abandoning module Android_ETC2TargetPlatform (91)
[2018.03.03-00.03.23:162][339]LogModuleManager: Shutting down and abandoning module Android_ETC1TargetPlatform (89)
[2018.03.03-00.03.23:162][339]LogModuleManager: Shutting down and abandoning module Android_DXTTargetPlatform (87)
[2018.03.03-00.03.23:162][339]LogModuleManager: Shutting down and abandoning module Android_ATCTargetPlatform (85)
[2018.03.03-00.03.23:162][339]LogModuleManager: Shutting down and abandoning module Android_ASTCTargetPlatform (83)
[2018.03.03-00.03.23:162][339]LogModuleManager: Shutting down and abandoning module AndroidTargetPlatform (81)
[2018.03.03-00.03.23:162][339]LogModuleManager: Shutting down and abandoning module WindowsTargetPlatform (79)
[2018.03.03-00.03.23:162][339]LogModuleManager: Shutting down and abandoning module WindowsServerTargetPlatform (77)
[2018.03.03-00.03.23:162][339]LogModuleManager: Shutting down and abandoning module WindowsNoEditorTargetPlatform (75)
[2018.03.03-00.03.23:162][339]LogModuleManager: Shutting down and abandoning module WindowsClientTargetPlatform (73)
[2018.03.03-00.03.23:162][339]LogModuleManager: Shutting down and abandoning module MacTargetPlatform (71)
[2018.03.03-00.03.23:162][339]LogModuleManager: Shutting down and abandoning module MacServerTargetPlatform (69)
[2018.03.03-00.03.23:162][339]LogModuleManager: Shutting down and abandoning module MacNoEditorTargetPlatform (67)
[2018.03.03-00.03.23:162][339]LogModuleManager: Shutting down and abandoning module MacClientTargetPlatform (65)
[2018.03.03-00.03.23:162][339]LogModuleManager: Shutting down and abandoning module AllDesktopTargetPlatform (63)
[2018.03.03-00.03.23:162][339]LogModuleManager: Shutting down and abandoning module InputCore (60)
[2018.03.03-00.03.23:162][339]LogModuleManager: Shutting down and abandoning module Settings (58)
[2018.03.03-00.03.23:162][339]LogModuleManager: Shutting down and abandoning module OculusRift (56)
[2018.03.03-00.03.23:162][339]LogModuleManager: Shutting down and abandoning module GearVRController (54)
[2018.03.03-00.03.23:162][339]LogModuleManager: Shutting down and abandoning module GearVR (52)
[2018.03.03-00.03.23:162][339]LogModuleManager: Shutting down and abandoning module ExampleDeviceProfileSelector (50)
[2018.03.03-00.03.23:162][339]LogModuleManager: Shutting down and abandoning module OnlineBlueprintSupport (48)
[2018.03.03-00.03.23:162][339]LogModuleManager: Shutting down and abandoning module OnlineSubsystem (44)
[2018.03.03-00.03.23:162][339]LogOnline:Display: Unloading online subsystem: NULL
[2018.03.03-00.03.23:162][339]LogModuleManager: Shutting down and abandoning module XMPP (43)
[2018.03.03-00.03.23:162][339]LogModuleManager: Shutting down and abandoning module HTTP (41)
[2018.03.03-00.03.23:162][339]LogHttp:Display: Http module shutting down, but needs to wait on 1 outstanding Http requests:
[2018.03.03-00.03.23:162][339]LogHttp:Display: 	verb=[POST] url=[https://datarouter.ol.epicgames.com/datarouter/api/v1/public/data?SessionID=%7BE7715FEB-434D-0380-05AD-12A9AB07BB9D%7D&AppID=UEEditor.Rocket.Release&AppVersion=4.16.3-3561208%2B%2B%2BUE4%2BRelease-4.16&UserID=bcafd3214c68dcdbf7d965aa7c1e6842%7Ca36ae3ccbc7849d9a8dc3e72594eb8b2%7Cb76014c2-e3b8-4b76-a198-6b9c45a102a2&AppEnvironment=datacollector-binary&UploadType=eteventstream] status=Processing
[2018.03.03-00.03.23:181][339]LogModuleManager: Shutting down and abandoning module SSL (40)
[2018.03.03-00.03.23:182][339]LogModuleManager: Shutting down and abandoning module HTTPChunkInstaller (36)
[2018.03.03-00.03.23:182][339]LogModuleManager: Shutting down and abandoning module AnimationModifiers (34)
[2018.03.03-00.03.23:182][339]LogModuleManager: Shutting down and abandoning module PropertyEditor (33)
[2018.03.03-00.03.23:183][339]LogModuleManager: Shutting down and abandoning module AudioEditor (30)
[2018.03.03-00.03.23:183][339]LogModuleManager: Shutting down and abandoning module TextureCompressor (28)
[2018.03.03-00.03.23:183][339]LogModuleManager: Shutting down and abandoning module ShaderCore (26)
[2018.03.03-00.03.23:183][339]LogModuleManager: Shutting down and abandoning module Landscape (24)
[2018.03.03-00.03.23:183][339]LogModuleManager: Shutting down and abandoning module SlateRHIRenderer (22)
[2018.03.03-00.03.23:184][339]LogModuleManager: Shutting down and abandoning module OpenGLDrv (20)
[2018.03.03-00.03.23:184][339]LogModuleManager: Shutting down and abandoning module D3D11RHI (18)
[2018.03.03-00.03.23:184][339]LogModuleManager: Shutting down and abandoning module AnimGraphRuntime (16)
[2018.03.03-00.03.23:184][339]LogModuleManager: Shutting down and abandoning module Renderer (14)
[2018.03.03-00.03.23:184][339]LogModuleManager: Shutting down and abandoning module Engine (12)
[2018.03.03-00.03.23:184][339]LogModuleManager: Shutting down and abandoning module CoreUObject (10)
[2018.03.03-00.03.23:184][339]LogModuleManager: Shutting down and abandoning module NetworkFile (8)
[2018.03.03-00.03.23:184][339]LogModuleManager: Shutting down and abandoning module StreamingFile (6)
[2018.03.03-00.03.23:184][339]LogModuleManager: Shutting down and abandoning module SandboxFile (4)
[2018.03.03-00.03.23:184][339]LogModuleManager: Shutting down and abandoning module PakFile (2)
[2018.03.03-00.03.23:187][339]LogExit: Exiting.
[2018.03.03-00.03.23:203][339]Log file closed, 03/03/18 01:03:23
